2025-10-24 18:17:12.572 +02:00 [INF] Now listening on: https://localhost:7266
2025-10-24 18:17:12.576 +02:00 [INF] Now listening on: http://localhost:5043
2025-10-24 18:17:12.579 +02:00 [INF] Application started. Press Ctrl+C to shut down.
2025-10-24 18:17:12.579 +02:00 [INF] Hosting environment: Development
2025-10-24 18:17:12.580 +02:00 [INF] Content root path: /Users/arthurflotvik/Documents/QueREACT/api
2025-10-24 18:17:12.669 +02:00 [INF] Request starting HTTP/1.1 GET http://localhost:5043/swagger/index.html - null null
2025-10-24 18:17:12.669 +02:00 [INF] Request starting HTTP/1.1 GET http://localhost:5043/api/quizapi/quizList - null null
2025-10-24 18:17:12.695 +02:00 [INF] CORS policy execution successful.
2025-10-24 18:17:12.696 +02:00 [INF] Executing endpoint 'Que.Controllers.QuizAPIController.QuizList (api)'
2025-10-24 18:17:12.704 +02:00 [INF] Route matched with {action = "QuizList", controller = "QuizAPI"}. Executing controller action with signature System.Threading.Tasks.Task`1[Microsoft.AspNetCore.Mvc.IActionResult] QuizList() on controller Que.Controllers.QuizAPIController (api).
2025-10-24 18:17:12.726 +02:00 [INF] Request finished HTTP/1.1 GET http://localhost:5043/swagger/index.html - 200 null text/html;charset=utf-8 58.3161ms
2025-10-24 18:17:12.802 +02:00 [INF] Request starting HTTP/1.1 GET http://localhost:5043/swagger/v1/swagger.json - null null
2025-10-24 18:17:12.869 +02:00 [WRN] Compiling a query which loads related collections for more than one collection navigation, either via 'Include' or through projection, but no 'QuerySplittingBehavior' has been configured. By default, Entity Framework will use 'QuerySplittingBehavior.SingleQuery', which can potentially result in slow query performance. See https://go.microsoft.com/fwlink/?linkid=2134277 for more information. To identify the query that's triggering this warning call 'ConfigureWarnings(w => w.Throw(RelationalEventId.MultipleCollectionIncludeWarning))'.
2025-10-24 18:17:12.870 +02:00 [INF] Request finished HTTP/1.1 GET http://localhost:5043/swagger/v1/swagger.json - 200 null application/json;charset=utf-8 68.6882ms
2025-10-24 18:17:12.926 +02:00 [INF] Executing OkObjectResult, writing value of type 'System.Linq.Enumerable+SelectListIterator`2[[Que.Models.Quiz, api, Version=1.0.0.0, Culture=neutral, PublicKeyToken=null],[Que.DTOs.QuizDto, api, Version=1.0.0.0, Culture=neutral, PublicKeyToken=null]]'.
2025-10-24 18:17:12.974 +02:00 [INF] Executed action Que.Controllers.QuizAPIController.QuizList (api) in 267.5385ms
2025-10-24 18:17:12.974 +02:00 [INF] Executed endpoint 'Que.Controllers.QuizAPIController.QuizList (api)'
2025-10-24 18:17:12.976 +02:00 [INF] Request finished HTTP/1.1 GET http://localhost:5043/api/quizapi/quizList - 200 149 application/json; charset=utf-8 308.7756ms
2025-10-24 18:17:16.762 +02:00 [INF] Request starting HTTP/1.1 GET http://localhost:5043/api/QuizAPI/quizlist - null null
2025-10-24 18:17:16.764 +02:00 [INF] Executing endpoint 'Que.Controllers.QuizAPIController.QuizList (api)'
2025-10-24 18:17:16.764 +02:00 [INF] Route matched with {action = "QuizList", controller = "QuizAPI"}. Executing controller action with signature System.Threading.Tasks.Task`1[Microsoft.AspNetCore.Mvc.IActionResult] QuizList() on controller Que.Controllers.QuizAPIController (api).
2025-10-24 18:17:16.811 +02:00 [INF] Executing OkObjectResult, writing value of type 'System.Linq.Enumerable+SelectListIterator`2[[Que.Models.Quiz, api, Version=1.0.0.0, Culture=neutral, PublicKeyToken=null],[Que.DTOs.QuizDto, api, Version=1.0.0.0, Culture=neutral, PublicKeyToken=null]]'.
2025-10-24 18:17:16.811 +02:00 [INF] Executed action Que.Controllers.QuizAPIController.QuizList (api) in 46.9508ms
2025-10-24 18:17:16.811 +02:00 [INF] Executed endpoint 'Que.Controllers.QuizAPIController.QuizList (api)'
2025-10-24 18:17:16.811 +02:00 [INF] Request finished HTTP/1.1 GET http://localhost:5043/api/QuizAPI/quizlist - 200 149 application/json; charset=utf-8 48.9764ms
2025-10-24 18:17:24.132 +02:00 [INF] Request starting HTTP/1.1 GET http://localhost:5043/api/quizapi/quizList - null null
2025-10-24 18:17:24.134 +02:00 [INF] CORS policy execution successful.
2025-10-24 18:17:24.134 +02:00 [INF] Executing endpoint 'Que.Controllers.QuizAPIController.QuizList (api)'
2025-10-24 18:17:24.134 +02:00 [INF] Route matched with {action = "QuizList", controller = "QuizAPI"}. Executing controller action with signature System.Threading.Tasks.Task`1[Microsoft.AspNetCore.Mvc.IActionResult] QuizList() on controller Que.Controllers.QuizAPIController (api).
2025-10-24 18:17:24.141 +02:00 [INF] Executing OkObjectResult, writing value of type 'System.Linq.Enumerable+SelectListIterator`2[[Que.Models.Quiz, api, Version=1.0.0.0, Culture=neutral, PublicKeyToken=null],[Que.DTOs.QuizDto, api, Version=1.0.0.0, Culture=neutral, PublicKeyToken=null]]'.
2025-10-24 18:17:24.142 +02:00 [INF] Executed action Que.Controllers.QuizAPIController.QuizList (api) in 7.553ms
2025-10-24 18:17:24.142 +02:00 [INF] Executed endpoint 'Que.Controllers.QuizAPIController.QuizList (api)'
2025-10-24 18:17:24.142 +02:00 [INF] Request finished HTTP/1.1 GET http://localhost:5043/api/quizapi/quizList - 200 149 application/json; charset=utf-8 9.5341ms
