2025-10-30 17:02:33.585 +01:00 [INF] User profile is available. Using '/Users/arthurflotvik/.aspnet/DataProtection-Keys' as key repository; keys will not be encrypted at rest.
2025-10-30 17:02:33.613 +01:00 [INF] Now listening on: http://localhost:5043
2025-10-30 17:02:33.615 +01:00 [INF] Application started. Press Ctrl+C to shut down.
2025-10-30 17:02:33.615 +01:00 [INF] Hosting environment: Development
2025-10-30 17:02:33.615 +01:00 [INF] Content root path: /Users/arthurflotvik/Documents/QueREACT/api
2025-10-30 17:02:56.091 +01:00 [INF] Request starting HTTP/1.1 OPTIONS http://localhost:5043/api/Auth/register - null null
2025-10-30 17:02:56.110 +01:00 [INF] CORS policy execution successful.
2025-10-30 17:02:56.113 +01:00 [INF] Request finished HTTP/1.1 OPTIONS http://localhost:5043/api/Auth/register - 204 null null 23.1342ms
2025-10-30 17:02:56.116 +01:00 [INF] Request starting HTTP/1.1 POST http://localhost:5043/api/Auth/register - application/json 58
2025-10-30 17:02:56.118 +01:00 [INF] CORS policy execution successful.
2025-10-30 17:02:56.122 +01:00 [INF] Executing endpoint 'Que.Controllers.AuthController.Register (api)'
2025-10-30 17:02:56.130 +01:00 [INF] Route matched with {action = "Register", controller = "Auth"}. Executing controller action with signature System.Threading.Tasks.Task`1[Microsoft.AspNetCore.Mvc.IActionResult] Register(Que.DTOs.RegisterDto) on controller Que.Controllers.AuthController (api).
2025-10-30 17:02:56.181 +01:00 [WRN] [AuthAPIController] user registration failed for A
2025-10-30 17:02:56.183 +01:00 [INF] Executing BadRequestObjectResult, writing value of type 'System.Collections.Generic.List`1[[Microsoft.AspNetCore.Identity.IdentityError, Microsoft.Extensions.Identity.Core, Version=8.0.0.0, Culture=neutral, PublicKeyToken=adb9793829ddae60]]'.
2025-10-30 17:02:56.196 +01:00 [INF] Executed action Que.Controllers.AuthController.Register (api) in 64.929ms
2025-10-30 17:02:56.197 +01:00 [INF] Executed endpoint 'Que.Controllers.AuthController.Register (api)'
2025-10-30 17:02:56.197 +01:00 [INF] Request finished HTTP/1.1 POST http://localhost:5043/api/Auth/register - 400 224 application/json; charset=utf-8 80.8222ms
2025-10-30 17:03:02.702 +01:00 [INF] Request starting HTTP/1.1 OPTIONS http://localhost:5043/api/Auth/register - null null
2025-10-30 17:03:02.704 +01:00 [INF] CORS policy execution successful.
2025-10-30 17:03:02.705 +01:00 [INF] Request finished HTTP/1.1 OPTIONS http://localhost:5043/api/Auth/register - 204 null null 3.6382ms
2025-10-30 17:03:02.707 +01:00 [INF] Request starting HTTP/1.1 POST http://localhost:5043/api/Auth/register - application/json 60
2025-10-30 17:03:02.707 +01:00 [INF] CORS policy execution successful.
2025-10-30 17:03:02.708 +01:00 [INF] Executing endpoint 'Que.Controllers.AuthController.Register (api)'
2025-10-30 17:03:02.708 +01:00 [INF] Route matched with {action = "Register", controller = "Auth"}. Executing controller action with signature System.Threading.Tasks.Task`1[Microsoft.AspNetCore.Mvc.IActionResult] Register(Que.DTOs.RegisterDto) on controller Que.Controllers.AuthController (api).
2025-10-30 17:03:02.711 +01:00 [WRN] [AuthAPIController] user registration failed for A
2025-10-30 17:03:02.711 +01:00 [INF] Executing BadRequestObjectResult, writing value of type 'System.Collections.Generic.List`1[[Microsoft.AspNetCore.Identity.IdentityError, Microsoft.Extensions.Identity.Core, Version=8.0.0.0, Culture=neutral, PublicKeyToken=adb9793829ddae60]]'.
2025-10-30 17:03:02.712 +01:00 [INF] Executed action Que.Controllers.AuthController.Register (api) in 3.0347ms
2025-10-30 17:03:02.712 +01:00 [INF] Executed endpoint 'Que.Controllers.AuthController.Register (api)'
2025-10-30 17:03:02.712 +01:00 [INF] Request finished HTTP/1.1 POST http://localhost:5043/api/Auth/register - 400 121 application/json; charset=utf-8 4.9385ms
2025-10-30 17:03:08.510 +01:00 [INF] Request starting HTTP/1.1 OPTIONS http://localhost:5043/api/Auth/register - null null
2025-10-30 17:03:08.510 +01:00 [INF] CORS policy execution successful.
2025-10-30 17:03:08.510 +01:00 [INF] Request finished HTTP/1.1 OPTIONS http://localhost:5043/api/Auth/register - 204 null null 0.7778ms
2025-10-30 17:03:08.512 +01:00 [INF] Request starting HTTP/1.1 POST http://localhost:5043/api/Auth/register - application/json 61
2025-10-30 17:03:08.512 +01:00 [INF] CORS policy execution successful.
2025-10-30 17:03:08.513 +01:00 [INF] Executing endpoint 'Que.Controllers.AuthController.Register (api)'
2025-10-30 17:03:08.513 +01:00 [INF] Route matched with {action = "Register", controller = "Auth"}. Executing controller action with signature System.Threading.Tasks.Task`1[Microsoft.AspNetCore.Mvc.IActionResult] Register(Que.DTOs.RegisterDto) on controller Que.Controllers.AuthController (api).
2025-10-30 17:03:08.721 +01:00 [INF] [AuthAPIController] user registered for A
2025-10-30 17:03:08.721 +01:00 [INF] Executing OkObjectResult, writing value of type '<>f__AnonymousType0`1[[System.String, System.Private.CoreLib, Version=8.0.0.0, Culture=neutral, PublicKeyToken=7cec85d7bea7798e]]'.
2025-10-30 17:03:08.723 +01:00 [INF] Executed action Que.Controllers.AuthController.Register (api) in 209.6561ms
2025-10-30 17:03:08.723 +01:00 [INF] Executed endpoint 'Que.Controllers.AuthController.Register (api)'
2025-10-30 17:03:08.724 +01:00 [INF] Request finished HTTP/1.1 POST http://localhost:5043/api/Auth/register - 200 42 application/json; charset=utf-8 212.6215ms
2025-10-30 17:03:16.485 +01:00 [INF] Request starting HTTP/1.1 OPTIONS http://localhost:5043/api/Auth/login - null null
2025-10-30 17:03:16.486 +01:00 [INF] CORS policy execution successful.
2025-10-30 17:03:16.486 +01:00 [INF] Request finished HTTP/1.1 OPTIONS http://localhost:5043/api/Auth/login - 204 null null 1.0857ms
2025-10-30 17:03:16.487 +01:00 [INF] Request starting HTTP/1.1 POST http://localhost:5043/api/Auth/login - application/json 40
2025-10-30 17:03:16.487 +01:00 [INF] CORS policy execution successful.
2025-10-30 17:03:16.487 +01:00 [INF] Executing endpoint 'Que.Controllers.AuthController.Login (api)'
2025-10-30 17:03:16.491 +01:00 [INF] Route matched with {action = "Login", controller = "Auth"}. Executing controller action with signature System.Threading.Tasks.Task`1[Microsoft.AspNetCore.Mvc.IActionResult] Login(Que.DTOs.LoginDto) on controller Que.Controllers.AuthController (api).
2025-10-30 17:03:16.569 +01:00 [INF] [AuthAPIController] user authorized for A
2025-10-30 17:03:16.575 +01:00 [INF] [AuthAPIController] JWT token created for A
2025-10-30 17:03:16.583 +01:00 [INF] Executing OkObjectResult, writing value of type '<>f__AnonymousType1`1[[System.String, System.Private.CoreLib, Version=8.0.0.0, Culture=neutral, PublicKeyToken=7cec85d7bea7798e]]'.
2025-10-30 17:03:16.584 +01:00 [INF] Executed action Que.Controllers.AuthController.Login (api) in 92.591ms
2025-10-30 17:03:16.584 +01:00 [INF] Executed endpoint 'Que.Controllers.AuthController.Login (api)'
2025-10-30 17:03:16.584 +01:00 [INF] Request finished HTTP/1.1 POST http://localhost:5043/api/Auth/login - 200 569 application/json; charset=utf-8 97.079ms
2025-10-30 17:03:16.605 +01:00 [INF] Request starting HTTP/1.1 GET http://localhost:5043/api/quizapi/quizlist - null null
2025-10-30 17:03:16.608 +01:00 [INF] CORS policy execution successful.
2025-10-30 17:03:16.617 +01:00 [INF] Authorization failed. These requirements were not met:
DenyAnonymousAuthorizationRequirement: Requires an authenticated user.
2025-10-30 17:03:16.618 +01:00 [INF] AuthenticationScheme: Bearer was challenged.
2025-10-30 17:03:16.618 +01:00 [INF] Request finished HTTP/1.1 GET http://localhost:5043/api/quizapi/quizlist - 401 0 null 12.8097ms
2025-10-30 17:03:16.619 +01:00 [INF] Request starting HTTP/1.1 GET http://localhost:5043/api/quizapi/quizlist - null null
2025-10-30 17:03:16.620 +01:00 [INF] CORS policy execution successful.
2025-10-30 17:03:16.620 +01:00 [INF] Authorization failed. These requirements were not met:
DenyAnonymousAuthorizationRequirement: Requires an authenticated user.
2025-10-30 17:03:16.621 +01:00 [INF] AuthenticationScheme: Bearer was challenged.
2025-10-30 17:03:16.621 +01:00 [INF] Request finished HTTP/1.1 GET http://localhost:5043/api/quizapi/quizlist - 401 0 null 1.5325ms
2025-10-30 17:04:00.270 +01:00 [INF] Request starting HTTP/1.1 OPTIONS http://localhost:5043/api/quizapi/create - null null
2025-10-30 17:04:00.270 +01:00 [INF] CORS policy execution successful.
2025-10-30 17:04:00.272 +01:00 [INF] Request finished HTTP/1.1 OPTIONS http://localhost:5043/api/quizapi/create - 204 null null 2.3864ms
2025-10-30 17:04:00.276 +01:00 [INF] Request starting HTTP/1.1 POST http://localhost:5043/api/quizapi/create - application/json 503
2025-10-30 17:04:00.276 +01:00 [INF] CORS policy execution successful.
2025-10-30 17:04:00.309 +01:00 [INF] Executing endpoint 'Que.Controllers.QuizAPIController.Create (api)'
2025-10-30 17:04:00.311 +01:00 [INF] Route matched with {action = "Create", controller = "QuizAPI"}. Executing controller action with signature System.Threading.Tasks.Task`1[Microsoft.AspNetCore.Mvc.IActionResult] Create(Que.DTOs.QuizDto) on controller Que.Controllers.QuizAPIController (api).
2025-10-30 17:04:00.352 +01:00 [INF] Executing CreatedAtActionResult, writing value of type 'Que.Models.Quiz'.
2025-10-30 17:04:00.360 +01:00 [INF] Executed action Que.Controllers.QuizAPIController.Create (api) in 48.2263ms
2025-10-30 17:04:00.360 +01:00 [INF] Executed endpoint 'Que.Controllers.QuizAPIController.Create (api)'
2025-10-30 17:04:00.360 +01:00 [INF] Request finished HTTP/1.1 POST http://localhost:5043/api/quizapi/create - 201 137 application/json; charset=utf-8 84.0575ms
2025-10-30 17:04:00.374 +01:00 [INF] Request starting HTTP/1.1 GET http://localhost:5043/api/quizapi/quizlist - null null
2025-10-30 17:04:00.375 +01:00 [INF] CORS policy execution successful.
2025-10-30 17:04:00.375 +01:00 [INF] Authorization failed. These requirements were not met:
DenyAnonymousAuthorizationRequirement: Requires an authenticated user.
2025-10-30 17:04:00.375 +01:00 [INF] AuthenticationScheme: Bearer was challenged.
2025-10-30 17:04:00.375 +01:00 [INF] Request finished HTTP/1.1 GET http://localhost:5043/api/quizapi/quizlist - 401 0 null 0.8877ms
2025-10-30 17:04:00.376 +01:00 [INF] Request starting HTTP/1.1 GET http://localhost:5043/api/quizapi/quizlist - null null
2025-10-30 17:04:00.376 +01:00 [INF] CORS policy execution successful.
2025-10-30 17:04:00.376 +01:00 [INF] Authorization failed. These requirements were not met:
DenyAnonymousAuthorizationRequirement: Requires an authenticated user.
2025-10-30 17:04:00.376 +01:00 [INF] AuthenticationScheme: Bearer was challenged.
2025-10-30 17:04:00.376 +01:00 [INF] Request finished HTTP/1.1 GET http://localhost:5043/api/quizapi/quizlist - 401 0 null 0.2856ms
2025-10-30 17:04:04.356 +01:00 [INF] Request starting HTTP/1.1 GET http://localhost:5043/api/quizapi/quizlist - null null
2025-10-30 17:04:04.357 +01:00 [INF] CORS policy execution successful.
2025-10-30 17:04:04.358 +01:00 [INF] Authorization failed. These requirements were not met:
DenyAnonymousAuthorizationRequirement: Requires an authenticated user.
2025-10-30 17:04:04.358 +01:00 [INF] AuthenticationScheme: Bearer was challenged.
2025-10-30 17:04:04.358 +01:00 [INF] Request finished HTTP/1.1 GET http://localhost:5043/api/quizapi/quizlist - 401 0 null 1.4419ms
2025-10-30 17:04:04.359 +01:00 [INF] Request starting HTTP/1.1 GET http://localhost:5043/api/quizapi/quizlist - null null
2025-10-30 17:04:04.359 +01:00 [INF] CORS policy execution successful.
2025-10-30 17:04:04.359 +01:00 [INF] Authorization failed. These requirements were not met:
DenyAnonymousAuthorizationRequirement: Requires an authenticated user.
2025-10-30 17:04:04.359 +01:00 [INF] AuthenticationScheme: Bearer was challenged.
2025-10-30 17:04:04.359 +01:00 [INF] Request finished HTTP/1.1 GET http://localhost:5043/api/quizapi/quizlist - 401 0 null 0.4462ms
2025-10-30 17:04:09.828 +01:00 [INF] Request starting HTTP/1.1 GET http://localhost:5043/api/quizapi/quizlist - null null
2025-10-30 17:04:09.829 +01:00 [INF] CORS policy execution successful.
2025-10-30 17:04:09.830 +01:00 [INF] Authorization failed. These requirements were not met:
DenyAnonymousAuthorizationRequirement: Requires an authenticated user.
2025-10-30 17:04:09.830 +01:00 [INF] AuthenticationScheme: Bearer was challenged.
2025-10-30 17:04:09.830 +01:00 [INF] Request finished HTTP/1.1 GET http://localhost:5043/api/quizapi/quizlist - 401 0 null 1.9072ms
2025-10-30 17:04:09.831 +01:00 [INF] Request starting HTTP/1.1 GET http://localhost:5043/api/quizapi/quizlist - null null
2025-10-30 17:04:09.831 +01:00 [INF] CORS policy execution successful.
2025-10-30 17:04:09.831 +01:00 [INF] Authorization failed. These requirements were not met:
DenyAnonymousAuthorizationRequirement: Requires an authenticated user.
2025-10-30 17:04:09.831 +01:00 [INF] AuthenticationScheme: Bearer was challenged.
2025-10-30 17:04:09.832 +01:00 [INF] Request finished HTTP/1.1 GET http://localhost:5043/api/quizapi/quizlist - 401 0 null 1.3569ms
2025-10-30 17:04:49.363 +01:00 [INF] Request starting HTTP/1.1 OPTIONS http://localhost:5043/api/quizapi/create - null null
2025-10-30 17:04:49.365 +01:00 [INF] CORS policy execution successful.
2025-10-30 17:04:49.365 +01:00 [INF] Request finished HTTP/1.1 OPTIONS http://localhost:5043/api/quizapi/create - 204 null null 1.6137ms
2025-10-30 17:04:49.367 +01:00 [INF] Request starting HTTP/1.1 POST http://localhost:5043/api/quizapi/create - application/json 479
2025-10-30 17:04:49.367 +01:00 [INF] CORS policy execution successful.
2025-10-30 17:04:49.368 +01:00 [INF] Executing endpoint 'Que.Controllers.QuizAPIController.Create (api)'
2025-10-30 17:04:49.368 +01:00 [INF] Route matched with {action = "Create", controller = "QuizAPI"}. Executing controller action with signature System.Threading.Tasks.Task`1[Microsoft.AspNetCore.Mvc.IActionResult] Create(Que.DTOs.QuizDto) on controller Que.Controllers.QuizAPIController (api).
2025-10-30 17:04:49.370 +01:00 [INF] Executing BadRequestObjectResult, writing value of type 'Microsoft.AspNetCore.Mvc.ValidationProblemDetails'.
2025-10-30 17:04:49.382 +01:00 [INF] Executed action Que.Controllers.QuizAPIController.Create (api) in 13.7035ms
2025-10-30 17:04:49.382 +01:00 [INF] Executed endpoint 'Que.Controllers.QuizAPIController.Create (api)'
2025-10-30 17:04:49.382 +01:00 [INF] Request finished HTTP/1.1 POST http://localhost:5043/api/quizapi/create - 400 278 application/problem+json; charset=utf-8 14.9676ms
2025-10-30 17:05:47.501 +01:00 [INF] Request starting HTTP/1.1 OPTIONS http://localhost:5043/api/quizapi/create - null null
2025-10-30 17:05:47.503 +01:00 [INF] CORS policy execution successful.
2025-10-30 17:05:47.503 +01:00 [INF] Request finished HTTP/1.1 OPTIONS http://localhost:5043/api/quizapi/create - 204 null null 2.2883ms
2025-10-30 17:05:47.504 +01:00 [INF] Request starting HTTP/1.1 POST http://localhost:5043/api/quizapi/create - application/json 522
2025-10-30 17:05:47.505 +01:00 [INF] CORS policy execution successful.
2025-10-30 17:05:47.505 +01:00 [INF] Executing endpoint 'Que.Controllers.QuizAPIController.Create (api)'
2025-10-30 17:05:47.506 +01:00 [INF] Route matched with {action = "Create", controller = "QuizAPI"}. Executing controller action with signature System.Threading.Tasks.Task`1[Microsoft.AspNetCore.Mvc.IActionResult] Create(Que.DTOs.QuizDto) on controller Que.Controllers.QuizAPIController (api).
2025-10-30 17:05:47.541 +01:00 [INF] Executing CreatedAtActionResult, writing value of type 'Que.Models.Quiz'.
2025-10-30 17:05:47.542 +01:00 [INF] Executed action Que.Controllers.QuizAPIController.Create (api) in 36.2253ms
2025-10-30 17:05:47.542 +01:00 [INF] Executed endpoint 'Que.Controllers.QuizAPIController.Create (api)'
2025-10-30 17:05:47.542 +01:00 [INF] Request finished HTTP/1.1 POST http://localhost:5043/api/quizapi/create - 201 174 application/json; charset=utf-8 37.6545ms
2025-10-30 17:05:47.556 +01:00 [INF] Request starting HTTP/1.1 GET http://localhost:5043/api/quizapi/quizlist - null null
2025-10-30 17:05:47.557 +01:00 [INF] CORS policy execution successful.
2025-10-30 17:05:47.557 +01:00 [INF] Authorization failed. These requirements were not met:
DenyAnonymousAuthorizationRequirement: Requires an authenticated user.
2025-10-30 17:05:47.557 +01:00 [INF] AuthenticationScheme: Bearer was challenged.
2025-10-30 17:05:47.557 +01:00 [INF] Request finished HTTP/1.1 GET http://localhost:5043/api/quizapi/quizlist - 401 0 null 0.7317ms
2025-10-30 17:05:47.561 +01:00 [INF] Request starting HTTP/1.1 GET http://localhost:5043/api/quizapi/quizlist - null null
2025-10-30 17:05:47.562 +01:00 [INF] CORS policy execution successful.
2025-10-30 17:05:47.563 +01:00 [INF] Authorization failed. These requirements were not met:
DenyAnonymousAuthorizationRequirement: Requires an authenticated user.
2025-10-30 17:05:47.563 +01:00 [INF] AuthenticationScheme: Bearer was challenged.
2025-10-30 17:05:47.563 +01:00 [INF] Request finished HTTP/1.1 GET http://localhost:5043/api/quizapi/quizlist - 401 0 null 2.4796ms
2025-10-30 17:08:25.022 +01:00 [INF] Request starting HTTP/1.1 OPTIONS http://localhost:5043/api/quizapi/create - null null
2025-10-30 17:08:25.022 +01:00 [INF] CORS policy execution successful.
2025-10-30 17:08:25.022 +01:00 [INF] Request finished HTTP/1.1 OPTIONS http://localhost:5043/api/quizapi/create - 204 null null 0.9056ms
2025-10-30 17:08:25.023 +01:00 [INF] Request starting HTTP/1.1 POST http://localhost:5043/api/quizapi/create - application/json 506
2025-10-30 17:08:25.024 +01:00 [INF] CORS policy execution successful.
2025-10-30 17:08:25.024 +01:00 [INF] Executing endpoint 'Que.Controllers.QuizAPIController.Create (api)'
2025-10-30 17:08:25.024 +01:00 [INF] Route matched with {action = "Create", controller = "QuizAPI"}. Executing controller action with signature System.Threading.Tasks.Task`1[Microsoft.AspNetCore.Mvc.IActionResult] Create(Que.DTOs.QuizDto) on controller Que.Controllers.QuizAPIController (api).
2025-10-30 17:08:25.027 +01:00 [INF] Executing CreatedAtActionResult, writing value of type 'Que.Models.Quiz'.
2025-10-30 17:08:25.027 +01:00 [INF] Executed action Que.Controllers.QuizAPIController.Create (api) in 2.7417ms
2025-10-30 17:08:25.027 +01:00 [INF] Executed endpoint 'Que.Controllers.QuizAPIController.Create (api)'
2025-10-30 17:08:25.027 +01:00 [INF] Request finished HTTP/1.1 POST http://localhost:5043/api/quizapi/create - 201 158 application/json; charset=utf-8 3.8383ms
2025-10-30 17:08:25.046 +01:00 [INF] Request starting HTTP/1.1 OPTIONS http://localhost:5043/api/quizapi/quizlist - null null
2025-10-30 17:08:25.046 +01:00 [INF] Request starting HTTP/1.1 OPTIONS http://localhost:5043/api/quizapi/quizlist - null null
2025-10-30 17:08:25.046 +01:00 [INF] CORS policy execution successful.
2025-10-30 17:08:25.046 +01:00 [INF] CORS policy execution successful.
2025-10-30 17:08:25.046 +01:00 [INF] Request finished HTTP/1.1 OPTIONS http://localhost:5043/api/quizapi/quizlist - 204 null null 0.564ms
2025-10-30 17:08:25.046 +01:00 [INF] Request finished HTTP/1.1 OPTIONS http://localhost:5043/api/quizapi/quizlist - 204 null null 0.2592ms
2025-10-30 17:08:25.050 +01:00 [INF] Request starting HTTP/1.1 GET http://localhost:5043/api/quizapi/quizlist - application/json null
2025-10-30 17:08:25.051 +01:00 [INF] CORS policy execution successful.
2025-10-30 17:08:25.051 +01:00 [INF] Executing endpoint 'Que.Controllers.QuizAPIController.QuizList (api)'
2025-10-30 17:08:25.053 +01:00 [INF] Route matched with {action = "QuizList", controller = "QuizAPI"}. Executing controller action with signature System.Threading.Tasks.Task`1[Microsoft.AspNetCore.Mvc.IActionResult] QuizList() on controller Que.Controllers.QuizAPIController (api).
2025-10-30 17:08:25.116 +01:00 [WRN] Compiling a query which loads related collections for more than one collection navigation, either via 'Include' or through projection, but no 'QuerySplittingBehavior' has been configured. By default, Entity Framework will use 'QuerySplittingBehavior.SingleQuery', which can potentially result in slow query performance. See https://go.microsoft.com/fwlink/?linkid=2134277 for more information. To identify the query that's triggering this warning call 'ConfigureWarnings(w => w.Throw(RelationalEventId.MultipleCollectionIncludeWarning))'.
2025-10-30 17:08:25.134 +01:00 [INF] Executing OkObjectResult, writing value of type 'System.Linq.Enumerable+SelectListIterator`2[[Que.Models.Quiz, api, Version=1.0.0.0, Culture=neutral, PublicKeyToken=null],[Que.DTOs.QuizDto, api, Version=1.0.0.0, Culture=neutral, PublicKeyToken=null]]'.
2025-10-30 17:08:25.135 +01:00 [INF] Executed action Que.Controllers.QuizAPIController.QuizList (api) in 82.1191ms
2025-10-30 17:08:25.135 +01:00 [INF] Executed endpoint 'Que.Controllers.QuizAPIController.QuizList (api)'
2025-10-30 17:08:25.135 +01:00 [INF] Request finished HTTP/1.1 GET http://localhost:5043/api/quizapi/quizlist - 200 525 application/json; charset=utf-8 84.8505ms
2025-10-30 17:08:25.136 +01:00 [INF] Request starting HTTP/1.1 GET http://localhost:5043/api/quizapi/quizlist - application/json null
2025-10-30 17:08:25.136 +01:00 [INF] CORS policy execution successful.
2025-10-30 17:08:25.136 +01:00 [INF] Executing endpoint 'Que.Controllers.QuizAPIController.QuizList (api)'
2025-10-30 17:08:25.136 +01:00 [INF] Route matched with {action = "QuizList", controller = "QuizAPI"}. Executing controller action with signature System.Threading.Tasks.Task`1[Microsoft.AspNetCore.Mvc.IActionResult] QuizList() on controller Que.Controllers.QuizAPIController (api).
2025-10-30 17:08:25.138 +01:00 [INF] Executing OkObjectResult, writing value of type 'System.Linq.Enumerable+SelectListIterator`2[[Que.Models.Quiz, api, Version=1.0.0.0, Culture=neutral, PublicKeyToken=null],[Que.DTOs.QuizDto, api, Version=1.0.0.0, Culture=neutral, PublicKeyToken=null]]'.
2025-10-30 17:08:25.138 +01:00 [INF] Executed action Que.Controllers.QuizAPIController.QuizList (api) in 1.8008ms
2025-10-30 17:08:25.138 +01:00 [INF] Executed endpoint 'Que.Controllers.QuizAPIController.QuizList (api)'
2025-10-30 17:08:25.138 +01:00 [INF] Request finished HTTP/1.1 GET http://localhost:5043/api/quizapi/quizlist - 200 525 application/json; charset=utf-8 2.4854ms
2025-10-30 17:08:32.319 +01:00 [INF] Request starting HTTP/1.1 OPTIONS http://localhost:5043/api/quizapi/quizlist - null null
2025-10-30 17:08:32.319 +01:00 [INF] CORS policy execution successful.
2025-10-30 17:08:32.319 +01:00 [INF] Request starting HTTP/1.1 OPTIONS http://localhost:5043/api/quizapi/quizlist - null null
2025-10-30 17:08:32.319 +01:00 [INF] CORS policy execution successful.
2025-10-30 17:08:32.319 +01:00 [INF] Request finished HTTP/1.1 OPTIONS http://localhost:5043/api/quizapi/quizlist - 204 null null 0.1944ms
2025-10-30 17:08:32.319 +01:00 [INF] Request finished HTTP/1.1 OPTIONS http://localhost:5043/api/quizapi/quizlist - 204 null null 0.4879ms
2025-10-30 17:08:32.320 +01:00 [INF] Request starting HTTP/1.1 GET http://localhost:5043/api/quizapi/quizlist - application/json null
2025-10-30 17:08:32.320 +01:00 [INF] CORS policy execution successful.
2025-10-30 17:08:32.321 +01:00 [INF] Executing endpoint 'Que.Controllers.QuizAPIController.QuizList (api)'
2025-10-30 17:08:32.321 +01:00 [INF] Route matched with {action = "QuizList", controller = "QuizAPI"}. Executing controller action with signature System.Threading.Tasks.Task`1[Microsoft.AspNetCore.Mvc.IActionResult] QuizList() on controller Que.Controllers.QuizAPIController (api).
2025-10-30 17:08:32.324 +01:00 [INF] Executing OkObjectResult, writing value of type 'System.Linq.Enumerable+SelectListIterator`2[[Que.Models.Quiz, api, Version=1.0.0.0, Culture=neutral, PublicKeyToken=null],[Que.DTOs.QuizDto, api, Version=1.0.0.0, Culture=neutral, PublicKeyToken=null]]'.
2025-10-30 17:08:32.324 +01:00 [INF] Executed action Que.Controllers.QuizAPIController.QuizList (api) in 2.9702ms
2025-10-30 17:08:32.324 +01:00 [INF] Executed endpoint 'Que.Controllers.QuizAPIController.QuizList (api)'
2025-10-30 17:08:32.324 +01:00 [INF] Request finished HTTP/1.1 GET http://localhost:5043/api/quizapi/quizlist - 200 525 application/json; charset=utf-8 3.9391ms
2025-10-30 17:08:32.324 +01:00 [INF] Request starting HTTP/1.1 GET http://localhost:5043/api/quizapi/quizlist - application/json null
2025-10-30 17:08:32.325 +01:00 [INF] CORS policy execution successful.
2025-10-30 17:08:32.325 +01:00 [INF] Executing endpoint 'Que.Controllers.QuizAPIController.QuizList (api)'
2025-10-30 17:08:32.325 +01:00 [INF] Route matched with {action = "QuizList", controller = "QuizAPI"}. Executing controller action with signature System.Threading.Tasks.Task`1[Microsoft.AspNetCore.Mvc.IActionResult] QuizList() on controller Que.Controllers.QuizAPIController (api).
2025-10-30 17:08:32.327 +01:00 [INF] Executing OkObjectResult, writing value of type 'System.Linq.Enumerable+SelectListIterator`2[[Que.Models.Quiz, api, Version=1.0.0.0, Culture=neutral, PublicKeyToken=null],[Que.DTOs.QuizDto, api, Version=1.0.0.0, Culture=neutral, PublicKeyToken=null]]'.
2025-10-30 17:08:32.327 +01:00 [INF] Executed action Que.Controllers.QuizAPIController.QuizList (api) in 1.8132ms
2025-10-30 17:08:32.327 +01:00 [INF] Executed endpoint 'Que.Controllers.QuizAPIController.QuizList (api)'
2025-10-30 17:08:32.327 +01:00 [INF] Request finished HTTP/1.1 GET http://localhost:5043/api/quizapi/quizlist - 200 525 application/json; charset=utf-8 2.4157ms
2025-10-30 17:08:33.816 +01:00 [INF] Request starting HTTP/1.1 GET http://localhost:5043/api/quizapi/quizlist - application/json null
2025-10-30 17:08:33.816 +01:00 [INF] CORS policy execution successful.
2025-10-30 17:08:33.817 +01:00 [INF] Executing endpoint 'Que.Controllers.QuizAPIController.QuizList (api)'
2025-10-30 17:08:33.817 +01:00 [INF] Route matched with {action = "QuizList", controller = "QuizAPI"}. Executing controller action with signature System.Threading.Tasks.Task`1[Microsoft.AspNetCore.Mvc.IActionResult] QuizList() on controller Que.Controllers.QuizAPIController (api).
2025-10-30 17:08:33.820 +01:00 [INF] Executing OkObjectResult, writing value of type 'System.Linq.Enumerable+SelectListIterator`2[[Que.Models.Quiz, api, Version=1.0.0.0, Culture=neutral, PublicKeyToken=null],[Que.DTOs.QuizDto, api, Version=1.0.0.0, Culture=neutral, PublicKeyToken=null]]'.
2025-10-30 17:08:33.820 +01:00 [INF] Executed action Que.Controllers.QuizAPIController.QuizList (api) in 3.3165ms
2025-10-30 17:08:33.820 +01:00 [INF] Executed endpoint 'Que.Controllers.QuizAPIController.QuizList (api)'
2025-10-30 17:08:33.820 +01:00 [INF] Request finished HTTP/1.1 GET http://localhost:5043/api/quizapi/quizlist - 200 525 application/json; charset=utf-8 4.589ms
2025-10-30 17:08:33.820 +01:00 [INF] Request starting HTTP/1.1 GET http://localhost:5043/api/quizapi/quizlist - application/json null
2025-10-30 17:08:33.821 +01:00 [INF] CORS policy execution successful.
2025-10-30 17:08:33.821 +01:00 [INF] Executing endpoint 'Que.Controllers.QuizAPIController.QuizList (api)'
2025-10-30 17:08:33.821 +01:00 [INF] Route matched with {action = "QuizList", controller = "QuizAPI"}. Executing controller action with signature System.Threading.Tasks.Task`1[Microsoft.AspNetCore.Mvc.IActionResult] QuizList() on controller Que.Controllers.QuizAPIController (api).
2025-10-30 17:08:33.823 +01:00 [INF] Executing OkObjectResult, writing value of type 'System.Linq.Enumerable+SelectListIterator`2[[Que.Models.Quiz, api, Version=1.0.0.0, Culture=neutral, PublicKeyToken=null],[Que.DTOs.QuizDto, api, Version=1.0.0.0, Culture=neutral, PublicKeyToken=null]]'.
2025-10-30 17:08:33.823 +01:00 [INF] Executed action Que.Controllers.QuizAPIController.QuizList (api) in 1.7545ms
2025-10-30 17:08:33.823 +01:00 [INF] Executed endpoint 'Que.Controllers.QuizAPIController.QuizList (api)'
2025-10-30 17:08:33.823 +01:00 [INF] Request finished HTTP/1.1 GET http://localhost:5043/api/quizapi/quizlist - 200 525 application/json; charset=utf-8 2.6931ms
2025-10-30 17:19:17.006 +01:00 [INF] Application is shutting down...
