2025-11-02 17:14:49.458 +01:00 [INF] User profile is available. Using '/Users/arthurflotvik/.aspnet/DataProtection-Keys' as key repository; keys will not be encrypted at rest.
2025-11-02 17:14:49.486 +01:00 [INF] Now listening on: http://localhost:5043
2025-11-02 17:14:49.487 +01:00 [INF] Application started. Press Ctrl+C to shut down.
2025-11-02 17:14:49.487 +01:00 [INF] Hosting environment: Development
2025-11-02 17:14:49.487 +01:00 [INF] Content root path: /Users/arthurflotvik/Documents/QueREACT/api
2025-11-02 17:14:59.787 +01:00 [INF] Request starting HTTP/1.1 OPTIONS http://localhost:5043/api/Auth/login - null null
2025-11-02 17:14:59.806 +01:00 [INF] CORS policy execution successful.
2025-11-02 17:14:59.809 +01:00 [INF] Request finished HTTP/1.1 OPTIONS http://localhost:5043/api/Auth/login - 204 null null 23.2905ms
2025-11-02 17:14:59.811 +01:00 [INF] Request starting HTTP/1.1 POST http://localhost:5043/api/Auth/login - application/json 40
2025-11-02 17:14:59.813 +01:00 [INF] CORS policy execution successful.
2025-11-02 17:14:59.818 +01:00 [INF] Executing endpoint 'Que.Controllers.AuthController.Login (api)'
2025-11-02 17:14:59.826 +01:00 [INF] Route matched with {action = "Login", controller = "Auth"}. Executing controller action with signature System.Threading.Tasks.Task`1[Microsoft.AspNetCore.Mvc.IActionResult] Login(Que.DTOs.LoginDto) on controller Que.Controllers.AuthController (api).
2025-11-02 17:14:59.941 +01:00 [WRN] [AuthAPIContoller] user not authorized for A
2025-11-02 17:14:59.943 +01:00 [INF] Executing ObjectResult, writing value of type 'Microsoft.AspNetCore.Mvc.ProblemDetails'.
2025-11-02 17:14:59.960 +01:00 [INF] Executed action Que.Controllers.AuthController.Login (api) in 132.9525ms
2025-11-02 17:14:59.960 +01:00 [INF] Executed endpoint 'Que.Controllers.AuthController.Login (api)'
2025-11-02 17:14:59.962 +01:00 [INF] Request finished HTTP/1.1 POST http://localhost:5043/api/Auth/login - 401 165 application/problem+json; charset=utf-8 151.0941ms
2025-11-02 17:15:09.740 +01:00 [INF] Request starting HTTP/1.1 OPTIONS http://localhost:5043/api/Auth/register - null null
2025-11-02 17:15:09.743 +01:00 [INF] CORS policy execution successful.
2025-11-02 17:15:09.743 +01:00 [INF] Request finished HTTP/1.1 OPTIONS http://localhost:5043/api/Auth/register - 204 null null 3.4851ms
2025-11-02 17:15:09.745 +01:00 [INF] Request starting HTTP/1.1 POST http://localhost:5043/api/Auth/register - application/json 61
2025-11-02 17:15:09.745 +01:00 [INF] CORS policy execution successful.
2025-11-02 17:15:09.747 +01:00 [INF] Executing endpoint 'Que.Controllers.AuthController.Register (api)'
2025-11-02 17:15:09.752 +01:00 [INF] Route matched with {action = "Register", controller = "Auth"}. Executing controller action with signature System.Threading.Tasks.Task`1[Microsoft.AspNetCore.Mvc.IActionResult] Register(Que.DTOs.RegisterDto) on controller Que.Controllers.AuthController (api).
2025-11-02 17:15:09.904 +01:00 [INF] [AuthAPIController] user registered for A
2025-11-02 17:15:09.904 +01:00 [INF] Executing OkObjectResult, writing value of type '<>f__AnonymousType0`1[[System.String, System.Private.CoreLib, Version=8.0.0.0, Culture=neutral, PublicKeyToken=7cec85d7bea7798e]]'.
2025-11-02 17:15:09.905 +01:00 [INF] Executed action Que.Controllers.AuthController.Register (api) in 152.8872ms
2025-11-02 17:15:09.905 +01:00 [INF] Executed endpoint 'Que.Controllers.AuthController.Register (api)'
2025-11-02 17:15:09.906 +01:00 [INF] Request finished HTTP/1.1 POST http://localhost:5043/api/Auth/register - 200 42 application/json; charset=utf-8 160.3884ms
2025-11-02 17:15:13.796 +01:00 [INF] Request starting HTTP/1.1 OPTIONS http://localhost:5043/api/Auth/login - null null
2025-11-02 17:15:13.798 +01:00 [INF] CORS policy execution successful.
2025-11-02 17:15:13.798 +01:00 [INF] Request finished HTTP/1.1 OPTIONS http://localhost:5043/api/Auth/login - 204 null null 2.4265ms
2025-11-02 17:15:13.800 +01:00 [INF] Request starting HTTP/1.1 POST http://localhost:5043/api/Auth/login - application/json 40
2025-11-02 17:15:13.800 +01:00 [INF] CORS policy execution successful.
2025-11-02 17:15:13.802 +01:00 [INF] Executing endpoint 'Que.Controllers.AuthController.Login (api)'
2025-11-02 17:15:13.802 +01:00 [INF] Route matched with {action = "Login", controller = "Auth"}. Executing controller action with signature System.Threading.Tasks.Task`1[Microsoft.AspNetCore.Mvc.IActionResult] Login(Que.DTOs.LoginDto) on controller Que.Controllers.AuthController (api).
2025-11-02 17:15:13.873 +01:00 [INF] [AuthAPIController] user authorized for A
2025-11-02 17:15:13.880 +01:00 [INF] [AuthAPIController] JWT token created for A
2025-11-02 17:15:13.889 +01:00 [INF] Executing OkObjectResult, writing value of type '<>f__AnonymousType1`1[[System.String, System.Private.CoreLib, Version=8.0.0.0, Culture=neutral, PublicKeyToken=7cec85d7bea7798e]]'.
2025-11-02 17:15:13.889 +01:00 [INF] Executed action Que.Controllers.AuthController.Login (api) in 86.9957ms
2025-11-02 17:15:13.889 +01:00 [INF] Executed endpoint 'Que.Controllers.AuthController.Login (api)'
2025-11-02 17:15:13.889 +01:00 [INF] Request finished HTTP/1.1 POST http://localhost:5043/api/Auth/login - 200 569 application/json; charset=utf-8 89.8186ms
2025-11-02 17:15:13.913 +01:00 [INF] Request starting HTTP/1.1 OPTIONS http://localhost:5043/api/quizapi/quizlist - null null
2025-11-02 17:15:13.913 +01:00 [INF] CORS policy execution successful.
2025-11-02 17:15:13.913 +01:00 [INF] Request starting HTTP/1.1 OPTIONS http://localhost:5043/api/quizapi/quizlist - null null
2025-11-02 17:15:13.913 +01:00 [INF] Request finished HTTP/1.1 OPTIONS http://localhost:5043/api/quizapi/quizlist - 204 null null 0.3207ms
2025-11-02 17:15:13.913 +01:00 [INF] CORS policy execution successful.
2025-11-02 17:15:13.913 +01:00 [INF] Request finished HTTP/1.1 OPTIONS http://localhost:5043/api/quizapi/quizlist - 204 null null 0.2252ms
2025-11-02 17:15:13.919 +01:00 [INF] Request starting HTTP/1.1 GET http://localhost:5043/api/quizapi/quizlist - application/json null
2025-11-02 17:15:13.923 +01:00 [INF] CORS policy execution successful.
2025-11-02 17:15:13.949 +01:00 [INF] Executing endpoint 'Que.Controllers.QuizAPIController.GetAllQuizes (api)'
2025-11-02 17:15:13.951 +01:00 [INF] Route matched with {action = "GetAllQuizes", controller = "QuizAPI"}. Executing controller action with signature System.Threading.Tasks.Task`1[Microsoft.AspNetCore.Mvc.IActionResult] GetAllQuizes() on controller Que.Controllers.QuizAPIController (api).
2025-11-02 17:15:13.952 +01:00 [INF] [QuizAPIController] Fetching quiz list for user: A
2025-11-02 17:15:13.990 +01:00 [INF] [QuizAPIController] Returning 0 visible quizzes for user: A
2025-11-02 17:15:13.990 +01:00 [INF] Executing OkObjectResult, writing value of type 'System.Collections.Generic.List`1[[Que.DTOs.QuizDto, api, Version=1.0.0.0, Culture=neutral, PublicKeyToken=null]]'.
2025-11-02 17:15:13.993 +01:00 [INF] Executed action Que.Controllers.QuizAPIController.GetAllQuizes (api) in 41.781ms
2025-11-02 17:15:13.993 +01:00 [INF] Executed endpoint 'Que.Controllers.QuizAPIController.GetAllQuizes (api)'
2025-11-02 17:15:13.993 +01:00 [INF] Request starting HTTP/1.1 GET http://localhost:5043/api/quizapi/quizlist - application/json null
2025-11-02 17:15:13.994 +01:00 [INF] Request finished HTTP/1.1 GET http://localhost:5043/api/quizapi/quizlist - 200 2 application/json; charset=utf-8 74.6303ms
2025-11-02 17:15:13.994 +01:00 [INF] CORS policy execution successful.
2025-11-02 17:15:13.995 +01:00 [INF] Executing endpoint 'Que.Controllers.QuizAPIController.GetAllQuizes (api)'
2025-11-02 17:15:13.995 +01:00 [INF] Route matched with {action = "GetAllQuizes", controller = "QuizAPI"}. Executing controller action with signature System.Threading.Tasks.Task`1[Microsoft.AspNetCore.Mvc.IActionResult] GetAllQuizes() on controller Que.Controllers.QuizAPIController (api).
2025-11-02 17:15:13.995 +01:00 [INF] [QuizAPIController] Fetching quiz list for user: A
2025-11-02 17:15:14.018 +01:00 [INF] [QuizAPIController] Returning 0 visible quizzes for user: A
2025-11-02 17:15:14.018 +01:00 [INF] Executing OkObjectResult, writing value of type 'System.Collections.Generic.List`1[[Que.DTOs.QuizDto, api, Version=1.0.0.0, Culture=neutral, PublicKeyToken=null]]'.
2025-11-02 17:15:14.018 +01:00 [INF] Executed action Que.Controllers.QuizAPIController.GetAllQuizes (api) in 22.9612ms
2025-11-02 17:15:14.018 +01:00 [INF] Executed endpoint 'Que.Controllers.QuizAPIController.GetAllQuizes (api)'
2025-11-02 17:15:14.018 +01:00 [INF] Request finished HTTP/1.1 GET http://localhost:5043/api/quizapi/quizlist - 200 2 application/json; charset=utf-8 24.7777ms
2025-11-02 17:15:42.681 +01:00 [INF] Request starting HTTP/1.1 OPTIONS http://localhost:5043/api/quizapi/create - null null
2025-11-02 17:15:42.683 +01:00 [INF] CORS policy execution successful.
2025-11-02 17:15:42.684 +01:00 [INF] Request finished HTTP/1.1 OPTIONS http://localhost:5043/api/quizapi/create - 204 null null 2.851ms
2025-11-02 17:15:42.686 +01:00 [INF] Request starting HTTP/1.1 POST http://localhost:5043/api/quizapi/create - application/json 295
2025-11-02 17:15:42.686 +01:00 [INF] CORS policy execution successful.
2025-11-02 17:15:42.691 +01:00 [INF] Executing endpoint 'Que.Controllers.QuizAPIController.Create (api)'
2025-11-02 17:15:42.693 +01:00 [INF] Route matched with {action = "Create", controller = "QuizAPI"}. Executing controller action with signature System.Threading.Tasks.Task`1[Microsoft.AspNetCore.Mvc.IActionResult] Create(Que.DTOs.QuizDto) on controller Que.Controllers.QuizAPIController (api).
2025-11-02 17:15:42.713 +01:00 [INF] Create quiz called by UserId=A
2025-11-02 17:15:42.725 +01:00 [ERR] User not found in database for UserId=A
2025-11-02 17:15:42.725 +01:00 [INF] Executing UnauthorizedObjectResult, writing value of type 'System.String'.
2025-11-02 17:15:42.725 +01:00 [INF] Executed action Que.Controllers.QuizAPIController.Create (api) in 31.9011ms
2025-11-02 17:15:42.725 +01:00 [INF] Executed endpoint 'Que.Controllers.QuizAPIController.Create (api)'
2025-11-02 17:15:42.725 +01:00 [INF] Request finished HTTP/1.1 POST http://localhost:5043/api/quizapi/create - 401 null text/plain; charset=utf-8 39.4112ms
2025-11-02 17:21:25.995 +01:00 [INF] Application is shutting down...
