2025-10-29 15:33:20.711 +01:00 [INF] User profile is available. Using '/Users/arthurflotvik/.aspnet/DataProtection-Keys' as key repository; keys will not be encrypted at rest.
2025-10-29 15:33:20.741 +01:00 [INF] Now listening on: http://localhost:5043
2025-10-29 15:33:20.743 +01:00 [INF] Application started. Press Ctrl+C to shut down.
2025-10-29 15:33:20.743 +01:00 [INF] Hosting environment: Development
2025-10-29 15:33:20.743 +01:00 [INF] Content root path: /Users/arthurflotvik/Documents/QueREACT/api
2025-10-29 15:33:23.480 +01:00 [INF] Request starting HTTP/1.1 GET http://localhost:5043/api/quizapi/quizlist - null null
2025-10-29 15:33:23.496 +01:00 [INF] CORS policy execution successful.
2025-10-29 15:33:23.501 +01:00 [INF] Executing endpoint 'Que.Controllers.QuizAPIController.QuizList (api)'
2025-10-29 15:33:23.507 +01:00 [INF] Route matched with {action = "QuizList", controller = "QuizAPI"}. Executing controller action with signature System.Threading.Tasks.Task`1[Microsoft.AspNetCore.Mvc.IActionResult] QuizList() on controller Que.Controllers.QuizAPIController (api).
2025-10-29 15:33:23.607 +01:00 [WRN] Compiling a query which loads related collections for more than one collection navigation, either via 'Include' or through projection, but no 'QuerySplittingBehavior' has been configured. By default, Entity Framework will use 'QuerySplittingBehavior.SingleQuery', which can potentially result in slow query performance. See https://go.microsoft.com/fwlink/?linkid=2134277 for more information. To identify the query that's triggering this warning call 'ConfigureWarnings(w => w.Throw(RelationalEventId.MultipleCollectionIncludeWarning))'.
2025-10-29 15:33:23.655 +01:00 [INF] Executing OkObjectResult, writing value of type 'System.Linq.Enumerable+SelectListIterator`2[[Que.Models.Quiz, api, Version=1.0.0.0, Culture=neutral, PublicKeyToken=null],[Que.DTOs.QuizDto, api, Version=1.0.0.0, Culture=neutral, PublicKeyToken=null]]'.
2025-10-29 15:33:23.697 +01:00 [INF] Request starting HTTP/1.1 GET http://localhost:5043/api/quizapi/quizlist - null null
2025-10-29 15:33:23.697 +01:00 [INF] Executed action Que.Controllers.QuizAPIController.QuizList (api) in 188.689ms
2025-10-29 15:33:23.698 +01:00 [INF] Executed endpoint 'Que.Controllers.QuizAPIController.QuizList (api)'
2025-10-29 15:33:23.698 +01:00 [INF] CORS policy execution successful.
2025-10-29 15:33:23.699 +01:00 [INF] Executing endpoint 'Que.Controllers.QuizAPIController.QuizList (api)'
2025-10-29 15:33:23.699 +01:00 [INF] Route matched with {action = "QuizList", controller = "QuizAPI"}. Executing controller action with signature System.Threading.Tasks.Task`1[Microsoft.AspNetCore.Mvc.IActionResult] QuizList() on controller Que.Controllers.QuizAPIController (api).
2025-10-29 15:33:23.700 +01:00 [INF] Request finished HTTP/1.1 GET http://localhost:5043/api/quizapi/quizlist - 200 249 application/json; charset=utf-8 220.8259ms
2025-10-29 15:33:23.721 +01:00 [INF] Executing OkObjectResult, writing value of type 'System.Linq.Enumerable+SelectListIterator`2[[Que.Models.Quiz, api, Version=1.0.0.0, Culture=neutral, PublicKeyToken=null],[Que.DTOs.QuizDto, api, Version=1.0.0.0, Culture=neutral, PublicKeyToken=null]]'.
2025-10-29 15:33:23.722 +01:00 [INF] Executed action Que.Controllers.QuizAPIController.QuizList (api) in 22.5926ms
2025-10-29 15:33:23.722 +01:00 [INF] Executed endpoint 'Que.Controllers.QuizAPIController.QuizList (api)'
2025-10-29 15:33:23.722 +01:00 [INF] Request finished HTTP/1.1 GET http://localhost:5043/api/quizapi/quizlist - 200 249 application/json; charset=utf-8 24.5092ms
2025-10-29 15:33:32.865 +01:00 [INF] Application is shutting down...
