2025-10-30 16:22:56.225 +01:00 [INF] User profile is available. Using '/Users/arthurflotvik/.aspnet/DataProtection-Keys' as key repository; keys will not be encrypted at rest.
2025-10-30 16:22:56.252 +01:00 [INF] Now listening on: http://localhost:5043
2025-10-30 16:22:56.254 +01:00 [INF] Application started. Press Ctrl+C to shut down.
2025-10-30 16:22:56.254 +01:00 [INF] Hosting environment: Development
2025-10-30 16:22:56.254 +01:00 [INF] Content root path: /Users/arthurflotvik/Documents/QueREACT/api
2025-10-30 16:23:39.590 +01:00 [INF] Request starting HTTP/1.1 OPTIONS http://localhost:5043/api/quizapi/create - null null
2025-10-30 16:23:39.610 +01:00 [INF] CORS policy execution successful.
2025-10-30 16:23:39.612 +01:00 [INF] Request finished HTTP/1.1 OPTIONS http://localhost:5043/api/quizapi/create - 204 null null 23.0285ms
2025-10-30 16:23:39.615 +01:00 [INF] Request starting HTTP/1.1 POST http://localhost:5043/api/quizapi/create - application/json 482
2025-10-30 16:23:39.617 +01:00 [INF] CORS policy execution successful.
2025-10-30 16:23:39.622 +01:00 [INF] Authorization failed. These requirements were not met:
DenyAnonymousAuthorizationRequirement: Requires an authenticated user.
2025-10-30 16:23:39.623 +01:00 [INF] AuthenticationScheme: Identity.Application was challenged.
2025-10-30 16:23:39.623 +01:00 [INF] Request finished HTTP/1.1 POST http://localhost:5043/api/quizapi/create - 401 0 null 8.068ms
2025-10-30 16:24:12.621 +01:00 [INF] Request starting HTTP/1.1 OPTIONS http://localhost:5043/api/Auth/login - null null
2025-10-30 16:24:12.623 +01:00 [INF] CORS policy execution successful.
2025-10-30 16:24:12.623 +01:00 [INF] Request finished HTTP/1.1 OPTIONS http://localhost:5043/api/Auth/login - 204 null null 2.1566ms
2025-10-30 16:24:12.624 +01:00 [INF] Request starting HTTP/1.1 POST http://localhost:5043/api/Auth/login - application/json 47
2025-10-30 16:24:12.626 +01:00 [INF] CORS policy execution successful.
2025-10-30 16:24:12.630 +01:00 [INF] Executing endpoint 'Que.Controllers.AuthController.Login (api)'
2025-10-30 16:24:12.645 +01:00 [INF] Route matched with {action = "Login", controller = "Auth"}. Executing controller action with signature System.Threading.Tasks.Task`1[Microsoft.AspNetCore.Mvc.IActionResult] Login(Que.DTOs.LoginDto) on controller Que.Controllers.AuthController (api).
2025-10-30 16:24:12.846 +01:00 [INF] [AuthAPIController] user authorized for Testbruker
2025-10-30 16:24:12.852 +01:00 [INF] [AuthAPIController] JWT token created for Testbruker
2025-10-30 16:24:12.861 +01:00 [INF] Executing OkObjectResult, writing value of type '<>f__AnonymousType1`1[[System.String, System.Private.CoreLib, Version=8.0.0.0, Culture=neutral, PublicKeyToken=7cec85d7bea7798e]]'.
2025-10-30 16:24:12.874 +01:00 [INF] Executed action Que.Controllers.AuthController.Login (api) in 227.9115ms
2025-10-30 16:24:12.874 +01:00 [INF] Executed endpoint 'Que.Controllers.AuthController.Login (api)'
2025-10-30 16:24:12.876 +01:00 [INF] Request finished HTTP/1.1 POST http://localhost:5043/api/Auth/login - 200 487 application/json; charset=utf-8 251.3043ms
2025-10-30 16:24:12.899 +01:00 [INF] Request starting HTTP/1.1 GET http://localhost:5043/api/quizapi/quizlist - null null
2025-10-30 16:24:12.902 +01:00 [INF] CORS policy execution successful.
2025-10-30 16:24:12.902 +01:00 [INF] Executing endpoint 'Que.Controllers.QuizAPIController.QuizList (api)'
2025-10-30 16:24:12.904 +01:00 [INF] Route matched with {action = "QuizList", controller = "QuizAPI"}. Executing controller action with signature System.Threading.Tasks.Task`1[Microsoft.AspNetCore.Mvc.IActionResult] QuizList() on controller Que.Controllers.QuizAPIController (api).
2025-10-30 16:24:12.963 +01:00 [WRN] Compiling a query which loads related collections for more than one collection navigation, either via 'Include' or through projection, but no 'QuerySplittingBehavior' has been configured. By default, Entity Framework will use 'QuerySplittingBehavior.SingleQuery', which can potentially result in slow query performance. See https://go.microsoft.com/fwlink/?linkid=2134277 for more information. To identify the query that's triggering this warning call 'ConfigureWarnings(w => w.Throw(RelationalEventId.MultipleCollectionIncludeWarning))'.
2025-10-30 16:24:12.992 +01:00 [INF] Executing OkObjectResult, writing value of type 'System.Linq.Enumerable+SelectListIterator`2[[Que.Models.Quiz, api, Version=1.0.0.0, Culture=neutral, PublicKeyToken=null],[Que.DTOs.QuizDto, api, Version=1.0.0.0, Culture=neutral, PublicKeyToken=null]]'.
2025-10-30 16:24:12.996 +01:00 [INF] Executed action Que.Controllers.QuizAPIController.QuizList (api) in 91.9275ms
2025-10-30 16:24:12.996 +01:00 [INF] Executed endpoint 'Que.Controllers.QuizAPIController.QuizList (api)'
2025-10-30 16:24:12.996 +01:00 [INF] Request finished HTTP/1.1 GET http://localhost:5043/api/quizapi/quizlist - 200 149 application/json; charset=utf-8 97.2338ms
2025-10-30 16:24:12.997 +01:00 [INF] Request starting HTTP/1.1 GET http://localhost:5043/api/quizapi/quizlist - null null
2025-10-30 16:24:12.997 +01:00 [INF] CORS policy execution successful.
2025-10-30 16:24:12.997 +01:00 [INF] Executing endpoint 'Que.Controllers.QuizAPIController.QuizList (api)'
2025-10-30 16:24:12.997 +01:00 [INF] Route matched with {action = "QuizList", controller = "QuizAPI"}. Executing controller action with signature System.Threading.Tasks.Task`1[Microsoft.AspNetCore.Mvc.IActionResult] QuizList() on controller Que.Controllers.QuizAPIController (api).
2025-10-30 16:24:13.021 +01:00 [INF] Executing OkObjectResult, writing value of type 'System.Linq.Enumerable+SelectListIterator`2[[Que.Models.Quiz, api, Version=1.0.0.0, Culture=neutral, PublicKeyToken=null],[Que.DTOs.QuizDto, api, Version=1.0.0.0, Culture=neutral, PublicKeyToken=null]]'.
2025-10-30 16:24:13.021 +01:00 [INF] Executed action Que.Controllers.QuizAPIController.QuizList (api) in 23.8651ms
2025-10-30 16:24:13.021 +01:00 [INF] Executed endpoint 'Que.Controllers.QuizAPIController.QuizList (api)'
2025-10-30 16:24:13.021 +01:00 [INF] Request finished HTTP/1.1 GET http://localhost:5043/api/quizapi/quizlist - 200 149 application/json; charset=utf-8 24.5695ms
2025-10-30 16:25:05.476 +01:00 [INF] Request starting HTTP/1.1 OPTIONS http://localhost:5043/api/quizapi/create - null null
2025-10-30 16:25:05.477 +01:00 [INF] CORS policy execution successful.
2025-10-30 16:25:05.477 +01:00 [INF] Request finished HTTP/1.1 OPTIONS http://localhost:5043/api/quizapi/create - 204 null null 1.2255ms
2025-10-30 16:25:05.479 +01:00 [INF] Request starting HTTP/1.1 POST http://localhost:5043/api/quizapi/create - application/json 651
2025-10-30 16:25:05.480 +01:00 [INF] CORS policy execution successful.
2025-10-30 16:25:05.481 +01:00 [INF] Authorization failed. These requirements were not met:
DenyAnonymousAuthorizationRequirement: Requires an authenticated user.
2025-10-30 16:25:05.481 +01:00 [INF] AuthenticationScheme: Identity.Application was challenged.
2025-10-30 16:25:05.481 +01:00 [INF] Request finished HTTP/1.1 POST http://localhost:5043/api/quizapi/create - 401 0 null 1.6435ms
2025-10-30 16:31:19.409 +01:00 [INF] Application is shutting down...
