2025-11-03 11:43:58.894 +01:00 [INF] User profile is available. Using 'C:\Users\erikg\AppData\Local\ASP.NET\DataProtection-Keys' as key repository and Windows DPAPI to encrypt keys at rest.
2025-11-03 11:43:59.023 +01:00 [INF] Now listening on: http://localhost:5043
2025-11-03 11:43:59.025 +01:00 [INF] Application started. Press Ctrl+C to shut down.
2025-11-03 11:43:59.026 +01:00 [INF] Hosting environment: Development
2025-11-03 11:43:59.026 +01:00 [INF] Content root path: C:\Users\erikg\OneDrive\Student\Webapplikasjoner\QueEksamen\api
2025-11-03 11:44:24.855 +01:00 [INF] Request starting HTTP/1.1 OPTIONS http://localhost:5043/api/Auth/login - null null
2025-11-03 11:44:24.938 +01:00 [INF] CORS policy execution successful.
2025-11-03 11:44:24.948 +01:00 [INF] Request finished HTTP/1.1 OPTIONS http://localhost:5043/api/Auth/login - 204 null null 98.8472ms
2025-11-03 11:44:24.951 +01:00 [INF] Request starting HTTP/1.1 POST http://localhost:5043/api/Auth/login - application/json 38
2025-11-03 11:44:24.956 +01:00 [INF] CORS policy execution successful.
2025-11-03 11:44:24.977 +01:00 [INF] Executing endpoint 'Que.Controllers.AuthController.Login (api)'
2025-11-03 11:44:25.017 +01:00 [INF] Route matched with {action = "Login", controller = "Auth"}. Executing controller action with signature System.Threading.Tasks.Task`1[Microsoft.AspNetCore.Mvc.IActionResult] Login(Que.DTOs.LoginDto) on controller Que.Controllers.AuthController (api).
2025-11-03 11:44:25.980 +01:00 [WRN] [AuthAPIContoller] user not authorized for A
2025-11-03 11:44:25.994 +01:00 [INF] Executing ObjectResult, writing value of type 'Microsoft.AspNetCore.Mvc.ProblemDetails'.
2025-11-03 11:44:26.086 +01:00 [INF] Executed action Que.Controllers.AuthController.Login (api) in 1062.4619ms
2025-11-03 11:44:26.086 +01:00 [INF] Executed endpoint 'Que.Controllers.AuthController.Login (api)'
2025-11-03 11:44:26.093 +01:00 [INF] Request finished HTTP/1.1 POST http://localhost:5043/api/Auth/login - 401 165 application/problem+json; charset=utf-8 1141.3807ms
2025-11-03 11:44:33.304 +01:00 [INF] Request starting HTTP/1.1 OPTIONS http://localhost:5043/api/Auth/login - null null
2025-11-03 11:44:33.306 +01:00 [INF] CORS policy execution successful.
2025-11-03 11:44:33.307 +01:00 [INF] Request finished HTTP/1.1 OPTIONS http://localhost:5043/api/Auth/login - 204 null null 2.7654ms
2025-11-03 11:44:33.309 +01:00 [INF] Request starting HTTP/1.1 POST http://localhost:5043/api/Auth/login - application/json 38
2025-11-03 11:44:33.309 +01:00 [INF] CORS policy execution successful.
2025-11-03 11:44:33.312 +01:00 [INF] Executing endpoint 'Que.Controllers.AuthController.Login (api)'
2025-11-03 11:44:33.312 +01:00 [INF] Route matched with {action = "Login", controller = "Auth"}. Executing controller action with signature System.Threading.Tasks.Task`1[Microsoft.AspNetCore.Mvc.IActionResult] Login(Que.DTOs.LoginDto) on controller Que.Controllers.AuthController (api).
2025-11-03 11:44:33.606 +01:00 [WRN] [AuthAPIContoller] user not authorized for A
2025-11-03 11:44:33.606 +01:00 [INF] Executing ObjectResult, writing value of type 'Microsoft.AspNetCore.Mvc.ProblemDetails'.
2025-11-03 11:44:33.607 +01:00 [INF] Executed action Que.Controllers.AuthController.Login (api) in 294.5466ms
2025-11-03 11:44:33.607 +01:00 [INF] Executed endpoint 'Que.Controllers.AuthController.Login (api)'
2025-11-03 11:44:33.608 +01:00 [INF] Request finished HTTP/1.1 POST http://localhost:5043/api/Auth/login - 401 165 application/problem+json; charset=utf-8 298.6506ms
2025-11-03 11:45:00.993 +01:00 [INF] Request starting HTTP/1.1 OPTIONS http://localhost:5043/api/Auth/register - null null
2025-11-03 11:45:00.994 +01:00 [INF] CORS policy execution successful.
2025-11-03 11:45:00.994 +01:00 [INF] Request finished HTTP/1.1 OPTIONS http://localhost:5043/api/Auth/register - 204 null null 0.4601ms
2025-11-03 11:45:00.998 +01:00 [INF] Request starting HTTP/1.1 POST http://localhost:5043/api/Auth/register - application/json 78
2025-11-03 11:45:00.998 +01:00 [INF] CORS policy execution successful.
2025-11-03 11:45:01.003 +01:00 [INF] Executing endpoint 'Que.Controllers.AuthController.Register (api)'
2025-11-03 11:45:01.014 +01:00 [INF] Route matched with {action = "Register", controller = "Auth"}. Executing controller action with signature System.Threading.Tasks.Task`1[Microsoft.AspNetCore.Mvc.IActionResult] Register(Que.DTOs.RegisterDto) on controller Que.Controllers.AuthController (api).
2025-11-03 11:45:01.063 +01:00 [WRN] [AuthAPIController] user registration failed for Erik
2025-11-03 11:45:01.064 +01:00 [INF] Executing BadRequestObjectResult, writing value of type 'System.Collections.Generic.List`1[[Microsoft.AspNetCore.Identity.IdentityError, Microsoft.Extensions.Identity.Core, Version=8.0.0.0, Culture=neutral, PublicKeyToken=adb9793829ddae60]]'.
2025-11-03 11:45:01.076 +01:00 [INF] Executed action Que.Controllers.AuthController.Register (api) in 62.1582ms
2025-11-03 11:45:01.077 +01:00 [INF] Executed endpoint 'Que.Controllers.AuthController.Register (api)'
2025-11-03 11:45:01.077 +01:00 [INF] Request finished HTTP/1.1 POST http://localhost:5043/api/Auth/register - 400 121 application/json; charset=utf-8 78.7024ms
2025-11-03 11:45:14.404 +01:00 [INF] Request starting HTTP/1.1 OPTIONS http://localhost:5043/api/Auth/register - null null
2025-11-03 11:45:14.411 +01:00 [INF] CORS policy execution successful.
2025-11-03 11:45:14.411 +01:00 [INF] Request finished HTTP/1.1 OPTIONS http://localhost:5043/api/Auth/register - 204 null null 7.5954ms
2025-11-03 11:45:14.413 +01:00 [INF] Request starting HTTP/1.1 POST http://localhost:5043/api/Auth/register - application/json 79
2025-11-03 11:45:14.413 +01:00 [INF] CORS policy execution successful.
2025-11-03 11:45:14.414 +01:00 [INF] Executing endpoint 'Que.Controllers.AuthController.Register (api)'
2025-11-03 11:45:14.414 +01:00 [INF] Route matched with {action = "Register", controller = "Auth"}. Executing controller action with signature System.Threading.Tasks.Task`1[Microsoft.AspNetCore.Mvc.IActionResult] Register(Que.DTOs.RegisterDto) on controller Que.Controllers.AuthController (api).
2025-11-03 11:45:14.886 +01:00 [INF] [AuthAPIController] user registered for Erik
2025-11-03 11:45:14.886 +01:00 [INF] Executing OkObjectResult, writing value of type '<>f__AnonymousType0`1[[System.String, System.Private.CoreLib, Version=8.0.0.0, Culture=neutral, PublicKeyToken=7cec85d7bea7798e]]'.
2025-11-03 11:45:14.893 +01:00 [INF] Executed action Que.Controllers.AuthController.Register (api) in 479.0619ms
2025-11-03 11:45:14.893 +01:00 [INF] Executed endpoint 'Que.Controllers.AuthController.Register (api)'
2025-11-03 11:45:14.893 +01:00 [INF] Request finished HTTP/1.1 POST http://localhost:5043/api/Auth/register - 200 42 application/json; charset=utf-8 480.1816ms
2025-11-03 11:45:25.141 +01:00 [INF] Request starting HTTP/1.1 OPTIONS http://localhost:5043/api/Auth/login - null null
2025-11-03 11:45:25.142 +01:00 [INF] CORS policy execution successful.
2025-11-03 11:45:25.143 +01:00 [INF] Request finished HTTP/1.1 OPTIONS http://localhost:5043/api/Auth/login - 204 null null 0.3836ms
2025-11-03 11:45:25.144 +01:00 [INF] Request starting HTTP/1.1 POST http://localhost:5043/api/Auth/login - application/json 42
2025-11-03 11:45:25.144 +01:00 [INF] CORS policy execution successful.
2025-11-03 11:45:25.144 +01:00 [INF] Executing endpoint 'Que.Controllers.AuthController.Login (api)'
2025-11-03 11:45:25.144 +01:00 [INF] Route matched with {action = "Login", controller = "Auth"}. Executing controller action with signature System.Threading.Tasks.Task`1[Microsoft.AspNetCore.Mvc.IActionResult] Login(Que.DTOs.LoginDto) on controller Que.Controllers.AuthController (api).
2025-11-03 11:45:25.384 +01:00 [INF] [AuthAPIController] user authorized for Erik
2025-11-03 11:45:25.409 +01:00 [INF] JWT token generated for UserId=cec8b59c-1770-4377-b2f0-f553351eddcb
2025-11-03 11:45:25.460 +01:00 [INF] Executing OkObjectResult, writing value of type '<>f__AnonymousType1`1[[System.String, System.Private.CoreLib, Version=8.0.0.0, Culture=neutral, PublicKeyToken=7cec85d7bea7798e]]'.
2025-11-03 11:45:25.463 +01:00 [INF] Executed action Que.Controllers.AuthController.Login (api) in 318.2081ms
2025-11-03 11:45:25.463 +01:00 [INF] Executed endpoint 'Que.Controllers.AuthController.Login (api)'
2025-11-03 11:45:25.463 +01:00 [INF] Request finished HTTP/1.1 POST http://localhost:5043/api/Auth/login - 200 659 application/json; charset=utf-8 319.3512ms
2025-11-03 11:45:25.531 +01:00 [INF] Request starting HTTP/1.1 OPTIONS http://localhost:5043/api/quizapi/quizlist - null null
2025-11-03 11:45:25.531 +01:00 [INF] CORS policy execution successful.
2025-11-03 11:45:25.531 +01:00 [INF] Request finished HTTP/1.1 OPTIONS http://localhost:5043/api/quizapi/quizlist - 204 null null 0.6508ms
2025-11-03 11:45:25.532 +01:00 [INF] Request starting HTTP/1.1 OPTIONS http://localhost:5043/api/quizapi/quizlist - null null
2025-11-03 11:45:25.537 +01:00 [INF] CORS policy execution successful.
2025-11-03 11:45:25.537 +01:00 [INF] Request finished HTTP/1.1 OPTIONS http://localhost:5043/api/quizapi/quizlist - 204 null null 5.102ms
2025-11-03 11:45:25.541 +01:00 [INF] Request starting HTTP/1.1 GET http://localhost:5043/api/quizapi/quizlist - application/json null
2025-11-03 11:45:25.581 +01:00 [INF] CORS policy execution successful.
2025-11-03 11:45:25.695 +01:00 [INF] Executing endpoint 'Que.Controllers.QuizAPIController.GetAllQuizes (api)'
2025-11-03 11:45:25.703 +01:00 [INF] Route matched with {action = "GetAllQuizes", controller = "QuizAPI"}. Executing controller action with signature System.Threading.Tasks.Task`1[Microsoft.AspNetCore.Mvc.IActionResult] GetAllQuizes() on controller Que.Controllers.QuizAPIController (api).
2025-11-03 11:45:25.709 +01:00 [INF] [QuizAPIController] Fetching quiz list for user: cec8b59c-1770-4377-b2f0-f553351eddcb
2025-11-03 11:45:25.900 +01:00 [INF] [QuizAPIController] Returning 0 visible quizzes for user: cec8b59c-1770-4377-b2f0-f553351eddcb
2025-11-03 11:45:25.900 +01:00 [INF] Executing OkObjectResult, writing value of type 'System.Collections.Generic.List`1[[Que.DTOs.QuizDto, api, Version=1.0.0.0, Culture=neutral, PublicKeyToken=null]]'.
2025-11-03 11:45:25.903 +01:00 [INF] Executed action Que.Controllers.QuizAPIController.GetAllQuizes (api) in 199.8039ms
2025-11-03 11:45:25.903 +01:00 [INF] Executed endpoint 'Que.Controllers.QuizAPIController.GetAllQuizes (api)'
2025-11-03 11:45:25.906 +01:00 [INF] Request starting HTTP/1.1 GET http://localhost:5043/api/quizapi/quizlist - application/json null
2025-11-03 11:45:25.907 +01:00 [INF] CORS policy execution successful.
2025-11-03 11:45:25.910 +01:00 [INF] Request finished HTTP/1.1 GET http://localhost:5043/api/quizapi/quizlist - 200 2 application/json; charset=utf-8 368.8432ms
2025-11-03 11:45:25.911 +01:00 [INF] Executing endpoint 'Que.Controllers.QuizAPIController.GetAllQuizes (api)'
2025-11-03 11:45:25.911 +01:00 [INF] Route matched with {action = "GetAllQuizes", controller = "QuizAPI"}. Executing controller action with signature System.Threading.Tasks.Task`1[Microsoft.AspNetCore.Mvc.IActionResult] GetAllQuizes() on controller Que.Controllers.QuizAPIController (api).
2025-11-03 11:45:25.912 +01:00 [INF] [QuizAPIController] Fetching quiz list for user: cec8b59c-1770-4377-b2f0-f553351eddcb
2025-11-03 11:45:26.069 +01:00 [INF] [QuizAPIController] Returning 0 visible quizzes for user: cec8b59c-1770-4377-b2f0-f553351eddcb
2025-11-03 11:45:26.069 +01:00 [INF] Executing OkObjectResult, writing value of type 'System.Collections.Generic.List`1[[Que.DTOs.QuizDto, api, Version=1.0.0.0, Culture=neutral, PublicKeyToken=null]]'.
2025-11-03 11:45:26.070 +01:00 [INF] Executed action Que.Controllers.QuizAPIController.GetAllQuizes (api) in 158.2616ms
2025-11-03 11:45:26.070 +01:00 [INF] Executed endpoint 'Que.Controllers.QuizAPIController.GetAllQuizes (api)'
2025-11-03 11:45:26.070 +01:00 [INF] Request finished HTTP/1.1 GET http://localhost:5043/api/quizapi/quizlist - 200 2 application/json; charset=utf-8 164.4126ms
2025-11-03 11:46:13.641 +01:00 [INF] Request starting HTTP/1.1 OPTIONS http://localhost:5043/api/quizapi/create - null null
2025-11-03 11:46:13.641 +01:00 [INF] CORS policy execution successful.
2025-11-03 11:46:13.642 +01:00 [INF] Request finished HTTP/1.1 OPTIONS http://localhost:5043/api/quizapi/create - 204 null null 0.9997ms
2025-11-03 11:46:13.643 +01:00 [INF] Request starting HTTP/1.1 POST http://localhost:5043/api/quizapi/create - application/json 283
2025-11-03 11:46:13.643 +01:00 [INF] CORS policy execution successful.
2025-11-03 11:46:13.652 +01:00 [INF] Executing endpoint 'Que.Controllers.QuizAPIController.Create (api)'
2025-11-03 11:46:13.662 +01:00 [INF] Route matched with {action = "Create", controller = "QuizAPI"}. Executing controller action with signature System.Threading.Tasks.Task`1[Microsoft.AspNetCore.Mvc.IActionResult] Create(Que.DTOs.QuizDto) on controller Que.Controllers.QuizAPIController (api).
2025-11-03 11:46:13.715 +01:00 [INF] Claims for current user:
2025-11-03 11:46:13.715 +01:00 [INF] http://schemas.xmlsoap.org/ws/2005/05/identity/claims/nameidentifier = cec8b59c-1770-4377-b2f0-f553351eddcb
2025-11-03 11:46:13.715 +01:00 [INF] http://schemas.xmlsoap.org/ws/2005/05/identity/claims/name = erikgrimstveit@outlook.com
2025-11-03 11:46:13.715 +01:00 [INF] http://schemas.xmlsoap.org/ws/2005/05/identity/claims/emailaddress = erikgrimstveit@outlook.com
2025-11-03 11:46:13.716 +01:00 [INF] http://schemas.xmlsoap.org/ws/2005/05/identity/claims/nameidentifier = cec8b59c-1770-4377-b2f0-f553351eddcb
2025-11-03 11:46:13.716 +01:00 [INF] jti = 35f15642-b322-4a7f-94d0-f26cb962a4c3
2025-11-03 11:46:13.716 +01:00 [INF] iat = 1762166725
2025-11-03 11:46:13.716 +01:00 [INF] exp = 1762173925
2025-11-03 11:46:13.716 +01:00 [INF] iss = http://localhost:5043
2025-11-03 11:46:13.716 +01:00 [INF] aud = http://localhost:5043
2025-11-03 11:46:13.946 +01:00 [ERR] Failed executing DbCommand (4ms) [Parameters=[@p0='?' (Size = 9), @p1='?' (Size = 4), @p2='?' (Size = 4), @p3='?' (DbType = Boolean), @p4='?' (Size = 4), @p5='?' (Size = 36), @p6='?' (DbType = Int32)], CommandType='"Text"', CommandTimeout='30']
INSERT INTO "Quizes" ("Category", "Description", "Difficulty", "IsPublic", "Name", "OwnerId", "TimeLimit")
VALUES (@p0, @p1, @p2, @p3, @p4, @p5, @p6)
RETURNING "QuizId";
2025-11-03 11:46:14.015 +01:00 [ERR] An exception occurred in the database while saving changes for context type 'Que.DAL.QuizDbContext'.
Microsoft.EntityFrameworkCore.DbUpdateException: An error occurred while saving the entity changes. See the inner exception for details.
 ---> Microsoft.Data.Sqlite.SqliteException (0x80004005): SQLite Error 19: 'FOREIGN KEY constraint failed'.
   at Microsoft.Data.Sqlite.SqliteException.ThrowExceptionForRC(Int32 rc, sqlite3 db)
   at Microsoft.Data.Sqlite.SqliteDataReader.NextResult()
   at Microsoft.Data.Sqlite.SqliteCommand.ExecuteReader(CommandBehavior behavior)
   at Microsoft.Data.Sqlite.SqliteCommand.ExecuteReaderAsync(CommandBehavior behavior, CancellationToken cancellationToken)
   at Microsoft.Data.Sqlite.SqliteCommand.ExecuteDbDataReaderAsync(CommandBehavior behavior, CancellationToken cancellationToken)
   at Microsoft.EntityFrameworkCore.Storage.RelationalCommand.ExecuteReaderAsync(RelationalCommandParameterObject parameterObject, CancellationToken cancellationToken)
   at Microsoft.EntityFrameworkCore.Storage.RelationalCommand.ExecuteReaderAsync(RelationalCommandParameterObject parameterObject, CancellationToken cancellationToken)
   at Microsoft.EntityFrameworkCore.Update.ReaderModificationCommandBatch.ExecuteAsync(IRelationalConnection connection, CancellationToken cancellationToken)
   --- End of inner exception stack trace ---
   at Microsoft.EntityFrameworkCore.Update.ReaderModificationCommandBatch.ExecuteAsync(IRelationalConnection connection, CancellationToken cancellationToken)
   at Microsoft.EntityFrameworkCore.Update.Internal.BatchExecutor.ExecuteAsync(IEnumerable`1 commandBatches, IRelationalConnection connection, CancellationToken cancellationToken)
   at Microsoft.EntityFrameworkCore.Update.Internal.BatchExecutor.ExecuteAsync(IEnumerable`1 commandBatches, IRelationalConnection connection, CancellationToken cancellationToken)
   at Microsoft.EntityFrameworkCore.Update.Internal.BatchExecutor.ExecuteAsync(IEnumerable`1 commandBatches, IRelationalConnection connection, CancellationToken cancellationToken)
   at Microsoft.EntityFrameworkCore.ChangeTracking.Internal.StateManager.SaveChangesAsync(IList`1 entriesToSave, CancellationToken cancellationToken)
   at Microsoft.EntityFrameworkCore.ChangeTracking.Internal.StateManager.SaveChangesAsync(StateManager stateManager, Boolean acceptAllChangesOnSuccess, CancellationToken cancellationToken)
   at Microsoft.EntityFrameworkCore.DbContext.SaveChangesAsync(Boolean acceptAllChangesOnSuccess, CancellationToken cancellationToken)
Microsoft.EntityFrameworkCore.DbUpdateException: An error occurred while saving the entity changes. See the inner exception for details.
 ---> Microsoft.Data.Sqlite.SqliteException (0x80004005): SQLite Error 19: 'FOREIGN KEY constraint failed'.
   at Microsoft.Data.Sqlite.SqliteException.ThrowExceptionForRC(Int32 rc, sqlite3 db)
   at Microsoft.Data.Sqlite.SqliteDataReader.NextResult()
   at Microsoft.Data.Sqlite.SqliteCommand.ExecuteReader(CommandBehavior behavior)
   at Microsoft.Data.Sqlite.SqliteCommand.ExecuteReaderAsync(CommandBehavior behavior, CancellationToken cancellationToken)
   at Microsoft.Data.Sqlite.SqliteCommand.ExecuteDbDataReaderAsync(CommandBehavior behavior, CancellationToken cancellationToken)
   at Microsoft.EntityFrameworkCore.Storage.RelationalCommand.ExecuteReaderAsync(RelationalCommandParameterObject parameterObject, CancellationToken cancellationToken)
   at Microsoft.EntityFrameworkCore.Storage.RelationalCommand.ExecuteReaderAsync(RelationalCommandParameterObject parameterObject, CancellationToken cancellationToken)
   at Microsoft.EntityFrameworkCore.Update.ReaderModificationCommandBatch.ExecuteAsync(IRelationalConnection connection, CancellationToken cancellationToken)
   --- End of inner exception stack trace ---
   at Microsoft.EntityFrameworkCore.Update.ReaderModificationCommandBatch.ExecuteAsync(IRelationalConnection connection, CancellationToken cancellationToken)
   at Microsoft.EntityFrameworkCore.Update.Internal.BatchExecutor.ExecuteAsync(IEnumerable`1 commandBatches, IRelationalConnection connection, CancellationToken cancellationToken)
   at Microsoft.EntityFrameworkCore.Update.Internal.BatchExecutor.ExecuteAsync(IEnumerable`1 commandBatches, IRelationalConnection connection, CancellationToken cancellationToken)
   at Microsoft.EntityFrameworkCore.Update.Internal.BatchExecutor.ExecuteAsync(IEnumerable`1 commandBatches, IRelationalConnection connection, CancellationToken cancellationToken)
   at Microsoft.EntityFrameworkCore.ChangeTracking.Internal.StateManager.SaveChangesAsync(IList`1 entriesToSave, CancellationToken cancellationToken)
   at Microsoft.EntityFrameworkCore.ChangeTracking.Internal.StateManager.SaveChangesAsync(StateManager stateManager, Boolean acceptAllChangesOnSuccess, CancellationToken cancellationToken)
   at Microsoft.EntityFrameworkCore.DbContext.SaveChangesAsync(Boolean acceptAllChangesOnSuccess, CancellationToken cancellationToken)
2025-11-03 11:46:14.038 +01:00 [ERR] Unexpected error while creating quiz 'quiz'
Microsoft.EntityFrameworkCore.DbUpdateException: An error occurred while saving the entity changes. See the inner exception for details.
 ---> Microsoft.Data.Sqlite.SqliteException (0x80004005): SQLite Error 19: 'FOREIGN KEY constraint failed'.
   at Microsoft.Data.Sqlite.SqliteException.ThrowExceptionForRC(Int32 rc, sqlite3 db)
   at Microsoft.Data.Sqlite.SqliteDataReader.NextResult()
   at Microsoft.Data.Sqlite.SqliteCommand.ExecuteReader(CommandBehavior behavior)
   at Microsoft.Data.Sqlite.SqliteCommand.ExecuteReaderAsync(CommandBehavior behavior, CancellationToken cancellationToken)
   at Microsoft.Data.Sqlite.SqliteCommand.ExecuteDbDataReaderAsync(CommandBehavior behavior, CancellationToken cancellationToken)
   at Microsoft.EntityFrameworkCore.Storage.RelationalCommand.ExecuteReaderAsync(RelationalCommandParameterObject parameterObject, CancellationToken cancellationToken)
   at Microsoft.EntityFrameworkCore.Storage.RelationalCommand.ExecuteReaderAsync(RelationalCommandParameterObject parameterObject, CancellationToken cancellationToken)
   at Microsoft.EntityFrameworkCore.Update.ReaderModificationCommandBatch.ExecuteAsync(IRelationalConnection connection, CancellationToken cancellationToken)
   --- End of inner exception stack trace ---
   at Microsoft.EntityFrameworkCore.Update.ReaderModificationCommandBatch.ExecuteAsync(IRelationalConnection connection, CancellationToken cancellationToken)
   at Microsoft.EntityFrameworkCore.Update.Internal.BatchExecutor.ExecuteAsync(IEnumerable`1 commandBatches, IRelationalConnection connection, CancellationToken cancellationToken)
   at Microsoft.EntityFrameworkCore.Update.Internal.BatchExecutor.ExecuteAsync(IEnumerable`1 commandBatches, IRelationalConnection connection, CancellationToken cancellationToken)
   at Microsoft.EntityFrameworkCore.Update.Internal.BatchExecutor.ExecuteAsync(IEnumerable`1 commandBatches, IRelationalConnection connection, CancellationToken cancellationToken)
   at Microsoft.EntityFrameworkCore.ChangeTracking.Internal.StateManager.SaveChangesAsync(IList`1 entriesToSave, CancellationToken cancellationToken)
   at Microsoft.EntityFrameworkCore.ChangeTracking.Internal.StateManager.SaveChangesAsync(StateManager stateManager, Boolean acceptAllChangesOnSuccess, CancellationToken cancellationToken)
   at Microsoft.EntityFrameworkCore.DbContext.SaveChangesAsync(Boolean acceptAllChangesOnSuccess, CancellationToken cancellationToken)
   at Microsoft.EntityFrameworkCore.DbContext.SaveChangesAsync(Boolean acceptAllChangesOnSuccess, CancellationToken cancellationToken)
   at Que.DAL.QuizRepository.CreateQuiz(Quiz quiz) in C:\Users\erikg\OneDrive\Student\Webapplikasjoner\QueEksamen\api\DAL\QuizRepository.cs:line 35
2025-11-03 11:46:14.049 +01:00 [ERR] Failed to save quiz {"QuizId":0,"Name":"quiz","Description":"quiz","Category":"Geography","Difficulty":"Hard","TimeLimit":10,"Questions":[{"QuestionId":0,"Text":"?","QuizId":0,"Quiz":{"QuizId":0,"Name":"quiz","Description":"quiz","Category":"Geography","Difficulty":"Hard","TimeLimit":10,"Questions":[{"QuestionId":0,"Text":"?","QuizId":0,"Quiz":{"QuizId":0,"Name":"quiz","Description":"quiz","Category":"Geography","Difficulty":"Hard","TimeLimit":10,"Questions":[{"QuestionId":0,"Text":"?","QuizId":0,"Quiz":{"QuizId":null,"Name":null,"Description":null,"Category":null,"Difficulty":null,"TimeLimit":null,"Questions":null,"IsPublic":null,"OwnerId":null,"Owner":null,"$type":"Quiz"},"Options":[null,null,null,null],"AllowMultiple":false,"SelectedOption":null,"$type":"Question"}],"IsPublic":true,"OwnerId":"cec8b59c-1770-4377-b2f0-f553351eddcb","Owner":null,"$type":"Quiz"},"Options":[{"OptionId":0,"Text":"ja","IsCorrect":false,"QuestionId":0,"Question":{"QuestionId":0,"Text":"?","QuizId":0,"Quiz":{"QuizId":null,"Name":null,"Description":null,"Category":null,"Difficulty":null,"TimeLimit":null,"Questions":null,"IsPublic":null,"OwnerId":null,"Owner":null,"$type":"Quiz"},"Options":[null,null,null,null],"AllowMultiple":false,"SelectedOption":null,"$type":"Question"},"$type":"Option"},{"OptionId":0,"Text":"nei","IsCorrect":false,"QuestionId":0,"Question":{"QuestionId":0,"Text":"?","QuizId":0,"Quiz":{"QuizId":null,"Name":null,"Description":null,"Category":null,"Difficulty":null,"TimeLimit":null,"Questions":null,"IsPublic":null,"OwnerId":null,"Owner":null,"$type":"Quiz"},"Options":[null,null,null,null],"AllowMultiple":false,"SelectedOption":null,"$type":"Question"},"$type":"Option"},{"OptionId":0,"Text":"nei","IsCorrect":false,"QuestionId":0,"Question":{"QuestionId":0,"Text":"?","QuizId":0,"Quiz":{"QuizId":null,"Name":null,"Description":null,"Category":null,"Difficulty":null,"TimeLimit":null,"Questions":null,"IsPublic":null,"OwnerId":null,"Owner":null,"$type":"Quiz"},"Options":[null,null,null,null],"AllowMultiple":false,"SelectedOption":null,"$type":"Question"},"$type":"Option"},{"OptionId":0,"Text":"kanskje","IsCorrect":true,"QuestionId":0,"Question":{"QuestionId":0,"Text":"?","QuizId":0,"Quiz":{"QuizId":null,"Name":null,"Description":null,"Category":null,"Difficulty":null,"TimeLimit":null,"Questions":null,"IsPublic":null,"OwnerId":null,"Owner":null,"$type":"Quiz"},"Options":[null,null,null,null],"AllowMultiple":false,"SelectedOption":null,"$type":"Question"},"$type":"Option"}],"AllowMultiple":false,"SelectedOption":null,"$type":"Question"}],"IsPublic":true,"OwnerId":"cec8b59c-1770-4377-b2f0-f553351eddcb","Owner":null,"$type":"Quiz"},"Options":[{"OptionId":0,"Text":"ja","IsCorrect":false,"QuestionId":0,"Question":{"QuestionId":0,"Text":"?","QuizId":0,"Quiz":{"QuizId":0,"Name":"quiz","Description":"quiz","Category":"Geography","Difficulty":"Hard","TimeLimit":10,"Questions":[{"QuestionId":0,"Text":"?","QuizId":0,"Quiz":{"QuizId":null,"Name":null,"Description":null,"Category":null,"Difficulty":null,"TimeLimit":null,"Questions":null,"IsPublic":null,"OwnerId":null,"Owner":null,"$type":"Quiz"},"Options":[null,null,null,null],"AllowMultiple":false,"SelectedOption":null,"$type":"Question"}],"IsPublic":true,"OwnerId":"cec8b59c-1770-4377-b2f0-f553351eddcb","Owner":null,"$type":"Quiz"},"Options":[{"OptionId":0,"Text":"ja","IsCorrect":false,"QuestionId":0,"Question":{"QuestionId":0,"Text":"?","QuizId":0,"Quiz":{"QuizId":null,"Name":null,"Description":null,"Category":null,"Difficulty":null,"TimeLimit":null,"Questions":null,"IsPublic":null,"OwnerId":null,"Owner":null,"$type":"Quiz"},"Options":[null,null,null,null],"AllowMultiple":false,"SelectedOption":null,"$type":"Question"},"$type":"Option"},{"OptionId":0,"Text":"nei","IsCorrect":false,"QuestionId":0,"Question":{"QuestionId":0,"Text":"?","QuizId":0,"Quiz":{"QuizId":null,"Name":null,"Description":null,"Category":null,"Difficulty":null,"TimeLimit":null,"Questions":null,"IsPublic":null,"OwnerId":null,"Owner":null,"$type":"Quiz"},"Options":[null,null,null,null],"AllowMultiple":false,"SelectedOption":null,"$type":"Question"},"$type":"Option"},{"OptionId":0,"Text":"nei","IsCorrect":false,"QuestionId":0,"Question":{"QuestionId":0,"Text":"?","QuizId":0,"Quiz":{"QuizId":null,"Name":null,"Description":null,"Category":null,"Difficulty":null,"TimeLimit":null,"Questions":null,"IsPublic":null,"OwnerId":null,"Owner":null,"$type":"Quiz"},"Options":[null,null,null,null],"AllowMultiple":false,"SelectedOption":null,"$type":"Question"},"$type":"Option"},{"OptionId":0,"Text":"kanskje","IsCorrect":true,"QuestionId":0,"Question":{"QuestionId":0,"Text":"?","QuizId":0,"Quiz":{"QuizId":null,"Name":null,"Description":null,"Category":null,"Difficulty":null,"TimeLimit":null,"Questions":null,"IsPublic":null,"OwnerId":null,"Owner":null,"$type":"Quiz"},"Options":[null,null,null,null],"AllowMultiple":false,"SelectedOption":null,"$type":"Question"},"$type":"Option"}],"AllowMultiple":false,"SelectedOption":null,"$type":"Question"},"$type":"Option"},{"OptionId":0,"Text":"nei","IsCorrect":false,"QuestionId":0,"Question":{"QuestionId":0,"Text":"?","QuizId":0,"Quiz":{"QuizId":0,"Name":"quiz","Description":"quiz","Category":"Geography","Difficulty":"Hard","TimeLimit":10,"Questions":[{"QuestionId":0,"Text":"?","QuizId":0,"Quiz":{"QuizId":null,"Name":null,"Description":null,"Category":null,"Difficulty":null,"TimeLimit":null,"Questions":null,"IsPublic":null,"OwnerId":null,"Owner":null,"$type":"Quiz"},"Options":[null,null,null,null],"AllowMultiple":false,"SelectedOption":null,"$type":"Question"}],"IsPublic":true,"OwnerId":"cec8b59c-1770-4377-b2f0-f553351eddcb","Owner":null,"$type":"Quiz"},"Options":[{"OptionId":0,"Text":"ja","IsCorrect":false,"QuestionId":0,"Question":{"QuestionId":0,"Text":"?","QuizId":0,"Quiz":{"QuizId":null,"Name":null,"Description":null,"Category":null,"Difficulty":null,"TimeLimit":null,"Questions":null,"IsPublic":null,"OwnerId":null,"Owner":null,"$type":"Quiz"},"Options":[null,null,null,null],"AllowMultiple":false,"SelectedOption":null,"$type":"Question"},"$type":"Option"},{"OptionId":0,"Text":"nei","IsCorrect":false,"QuestionId":0,"Question":{"QuestionId":0,"Text":"?","QuizId":0,"Quiz":{"QuizId":null,"Name":null,"Description":null,"Category":null,"Difficulty":null,"TimeLimit":null,"Questions":null,"IsPublic":null,"OwnerId":null,"Owner":null,"$type":"Quiz"},"Options":[null,null,null,null],"AllowMultiple":false,"SelectedOption":null,"$type":"Question"},"$type":"Option"},{"OptionId":0,"Text":"nei","IsCorrect":false,"QuestionId":0,"Question":{"QuestionId":0,"Text":"?","QuizId":0,"Quiz":{"QuizId":null,"Name":null,"Description":null,"Category":null,"Difficulty":null,"TimeLimit":null,"Questions":null,"IsPublic":null,"OwnerId":null,"Owner":null,"$type":"Quiz"},"Options":[null,null,null,null],"AllowMultiple":false,"SelectedOption":null,"$type":"Question"},"$type":"Option"},{"OptionId":0,"Text":"kanskje","IsCorrect":true,"QuestionId":0,"Question":{"QuestionId":0,"Text":"?","QuizId":0,"Quiz":{"QuizId":null,"Name":null,"Description":null,"Category":null,"Difficulty":null,"TimeLimit":null,"Questions":null,"IsPublic":null,"OwnerId":null,"Owner":null,"$type":"Quiz"},"Options":[null,null,null,null],"AllowMultiple":false,"SelectedOption":null,"$type":"Question"},"$type":"Option"}],"AllowMultiple":false,"SelectedOption":null,"$type":"Question"},"$type":"Option"},{"OptionId":0,"Text":"nei","IsCorrect":false,"QuestionId":0,"Question":{"QuestionId":0,"Text":"?","QuizId":0,"Quiz":{"QuizId":0,"Name":"quiz","Description":"quiz","Category":"Geography","Difficulty":"Hard","TimeLimit":10,"Questions":[{"QuestionId":0,"Text":"?","QuizId":0,"Quiz":{"QuizId":null,"Name":null,"Description":null,"Category":null,"Difficulty":null,"TimeLimit":null,"Questions":null,"IsPublic":null,"OwnerId":null,"Owner":null,"$type":"Quiz"},"Options":[null,null,null,null],"AllowMultiple":false,"SelectedOption":null,"$type":"Question"}],"IsPublic":true,"OwnerId":"cec8b59c-1770-4377-b2f0-f553351eddcb","Owner":null,"$type":"Quiz"},"Options":[{"OptionId":0,"Text":"ja","IsCorrect":false,"QuestionId":0,"Question":{"QuestionId":0,"Text":"?","QuizId":0,"Quiz":{"QuizId":null,"Name":null,"Description":null,"Category":null,"Difficulty":null,"TimeLimit":null,"Questions":null,"IsPublic":null,"OwnerId":null,"Owner":null,"$type":"Quiz"},"Options":[null,null,null,null],"AllowMultiple":false,"SelectedOption":null,"$type":"Question"},"$type":"Option"},{"OptionId":0,"Text":"nei","IsCorrect":false,"QuestionId":0,"Question":{"QuestionId":0,"Text":"?","QuizId":0,"Quiz":{"QuizId":null,"Name":null,"Description":null,"Category":null,"Difficulty":null,"TimeLimit":null,"Questions":null,"IsPublic":null,"OwnerId":null,"Owner":null,"$type":"Quiz"},"Options":[null,null,null,null],"AllowMultiple":false,"SelectedOption":null,"$type":"Question"},"$type":"Option"},{"OptionId":0,"Text":"nei","IsCorrect":false,"QuestionId":0,"Question":{"QuestionId":0,"Text":"?","QuizId":0,"Quiz":{"QuizId":null,"Name":null,"Description":null,"Category":null,"Difficulty":null,"TimeLimit":null,"Questions":null,"IsPublic":null,"OwnerId":null,"Owner":null,"$type":"Quiz"},"Options":[null,null,null,null],"AllowMultiple":false,"SelectedOption":null,"$type":"Question"},"$type":"Option"},{"OptionId":0,"Text":"kanskje","IsCorrect":true,"QuestionId":0,"Question":{"QuestionId":0,"Text":"?","QuizId":0,"Quiz":{"QuizId":null,"Name":null,"Description":null,"Category":null,"Difficulty":null,"TimeLimit":null,"Questions":null,"IsPublic":null,"OwnerId":null,"Owner":null,"$type":"Quiz"},"Options":[null,null,null,null],"AllowMultiple":false,"SelectedOption":null,"$type":"Question"},"$type":"Option"}],"AllowMultiple":false,"SelectedOption":null,"$type":"Question"},"$type":"Option"},{"OptionId":0,"Text":"kanskje","IsCorrect":true,"QuestionId":0,"Question":{"QuestionId":0,"Text":"?","QuizId":0,"Quiz":{"QuizId":0,"Name":"quiz","Description":"quiz","Category":"Geography","Difficulty":"Hard","TimeLimit":10,"Questions":[{"QuestionId":0,"Text":"?","QuizId":0,"Quiz":{"QuizId":null,"Name":null,"Description":null,"Category":null,"Difficulty":null,"TimeLimit":null,"Questions":null,"IsPublic":null,"OwnerId":null,"Owner":null,"$type":"Quiz"},"Options":[null,null,null,null],"AllowMultiple":false,"SelectedOption":null,"$type":"Question"}],"IsPublic":true,"OwnerId":"cec8b59c-1770-4377-b2f0-f553351eddcb","Owner":null,"$type":"Quiz"},"Options":[{"OptionId":0,"Text":"ja","IsCorrect":false,"QuestionId":0,"Question":{"QuestionId":0,"Text":"?","QuizId":0,"Quiz":{"QuizId":null,"Name":null,"Description":null,"Category":null,"Difficulty":null,"TimeLimit":null,"Questions":null,"IsPublic":null,"OwnerId":null,"Owner":null,"$type":"Quiz"},"Options":[null,null,null,null],"AllowMultiple":false,"SelectedOption":null,"$type":"Question"},"$type":"Option"},{"OptionId":0,"Text":"nei","IsCorrect":false,"QuestionId":0,"Question":{"QuestionId":0,"Text":"?","QuizId":0,"Quiz":{"QuizId":null,"Name":null,"Description":null,"Category":null,"Difficulty":null,"TimeLimit":null,"Questions":null,"IsPublic":null,"OwnerId":null,"Owner":null,"$type":"Quiz"},"Options":[null,null,null,null],"AllowMultiple":false,"SelectedOption":null,"$type":"Question"},"$type":"Option"},{"OptionId":0,"Text":"nei","IsCorrect":false,"QuestionId":0,"Question":{"QuestionId":0,"Text":"?","QuizId":0,"Quiz":{"QuizId":null,"Name":null,"Description":null,"Category":null,"Difficulty":null,"TimeLimit":null,"Questions":null,"IsPublic":null,"OwnerId":null,"Owner":null,"$type":"Quiz"},"Options":[null,null,null,null],"AllowMultiple":false,"SelectedOption":null,"$type":"Question"},"$type":"Option"},{"OptionId":0,"Text":"kanskje","IsCorrect":true,"QuestionId":0,"Question":{"QuestionId":0,"Text":"?","QuizId":0,"Quiz":{"QuizId":null,"Name":null,"Description":null,"Category":null,"Difficulty":null,"TimeLimit":null,"Questions":null,"IsPublic":null,"OwnerId":null,"Owner":null,"$type":"Quiz"},"Options":[null,null,null,null],"AllowMultiple":false,"SelectedOption":null,"$type":"Question"},"$type":"Option"}],"AllowMultiple":false,"SelectedOption":null,"$type":"Question"},"$type":"Option"}],"AllowMultiple":false,"SelectedOption":null,"$type":"Question"}],"IsPublic":true,"OwnerId":"cec8b59c-1770-4377-b2f0-f553351eddcb","Owner":null,"$type":"Quiz"}
2025-11-03 11:46:14.055 +01:00 [INF] Executing ObjectResult, writing value of type 'System.String'.
2025-11-03 11:46:14.059 +01:00 [INF] Executed action Que.Controllers.QuizAPIController.Create (api) in 397.3976ms
2025-11-03 11:46:14.061 +01:00 [INF] Executed endpoint 'Que.Controllers.QuizAPIController.Create (api)'
2025-11-03 11:46:14.061 +01:00 [INF] Request finished HTTP/1.1 POST http://localhost:5043/api/quizapi/create - 500 null text/plain; charset=utf-8 417.7307ms
2025-11-03 11:48:25.880 +01:00 [INF] Application is shutting down...
