2025-11-03 12:24:50.597 +01:00 [INF] Found 2 users in AuthDbContext
2025-11-03 12:24:50.822 +01:00 [INF] Inserted 2 users into QuizDbContext AuthUser table
2025-11-03 12:24:50.914 +01:00 [INF] User profile is available. Using 'C:\Users\erikg\AppData\Local\ASP.NET\DataProtection-Keys' as key repository and Windows DPAPI to encrypt keys at rest.
2025-11-03 12:24:50.966 +01:00 [INF] Now listening on: http://localhost:5043
2025-11-03 12:24:50.967 +01:00 [INF] Application started. Press Ctrl+C to shut down.
2025-11-03 12:24:50.967 +01:00 [INF] Hosting environment: Development
2025-11-03 12:24:50.967 +01:00 [INF] Content root path: c:\Users\erikg\OneDrive\Student\Webapplikasjoner\QueEksamen\api
2025-11-03 12:25:02.823 +01:00 [INF] Request starting HTTP/1.1 GET http://localhost:5043/ - null null
2025-11-03 12:25:02.896 +01:00 [INF] Request finished HTTP/1.1 GET http://localhost:5043/ - 404 0 null 74.7049ms
2025-11-03 12:25:02.902 +01:00 [INF] Request reached the end of the middleware pipeline without being handled by application code. Request path: GET http://localhost:5043/, Response status code: 404
2025-11-03 12:25:16.313 +01:00 [INF] Request starting HTTP/1.1 GET http://localhost:5043/ - null null
2025-11-03 12:25:16.318 +01:00 [INF] Request finished HTTP/1.1 GET http://localhost:5043/ - 404 0 null 4.4803ms
2025-11-03 12:25:16.318 +01:00 [INF] Request reached the end of the middleware pipeline without being handled by application code. Request path: GET http://localhost:5043/, Response status code: 404
2025-11-03 12:25:26.544 +01:00 [INF] Request starting HTTP/1.1 GET http://localhost:5043/swagger/index.html - null null
2025-11-03 12:25:26.666 +01:00 [INF] Request finished HTTP/1.1 GET http://localhost:5043/swagger/index.html - 200 null text/html;charset=utf-8 121.7163ms
2025-11-03 12:25:26.729 +01:00 [INF] Request starting HTTP/1.1 GET http://localhost:5043/swagger/swagger-ui.css - null null
2025-11-03 12:25:26.731 +01:00 [INF] Request starting HTTP/1.1 GET http://localhost:5043/swagger/swagger-ui-bundle.js - null null
2025-11-03 12:25:26.731 +01:00 [INF] Request starting HTTP/1.1 GET http://localhost:5043/swagger/swagger-ui-standalone-preset.js - null null
2025-11-03 12:25:26.754 +01:00 [INF] Sending file. Request path: '/swagger-ui-standalone-preset.js'. Physical path: 'N/A'
2025-11-03 12:25:26.754 +01:00 [INF] Sending file. Request path: '/swagger-ui.css'. Physical path: 'N/A'
2025-11-03 12:25:26.754 +01:00 [INF] Sending file. Request path: '/swagger-ui-bundle.js'. Physical path: 'N/A'
2025-11-03 12:25:26.755 +01:00 [INF] Request finished HTTP/1.1 GET http://localhost:5043/swagger/swagger-ui-standalone-preset.js - 200 339486 text/javascript 24.3959ms
2025-11-03 12:25:26.755 +01:00 [INF] Request finished HTTP/1.1 GET http://localhost:5043/swagger/swagger-ui.css - 200 143943 text/css 26.2466ms
2025-11-03 12:25:26.755 +01:00 [INF] Request finished HTTP/1.1 GET http://localhost:5043/swagger/swagger-ui-bundle.js - 200 1096145 text/javascript 24.4255ms
2025-11-03 12:25:27.962 +01:00 [INF] Request starting HTTP/1.1 GET http://localhost:5043/swagger/v1/swagger.json - null null
2025-11-03 12:25:27.984 +01:00 [INF] Request starting HTTP/1.1 GET http://localhost:5043/swagger/favicon-32x32.png - null null
2025-11-03 12:25:27.985 +01:00 [INF] Sending file. Request path: '/favicon-32x32.png'. Physical path: 'N/A'
2025-11-03 12:25:27.985 +01:00 [INF] Request finished HTTP/1.1 GET http://localhost:5043/swagger/favicon-32x32.png - 200 628 image/png 0.5447ms
2025-11-03 12:25:28.168 +01:00 [INF] Request finished HTTP/1.1 GET http://localhost:5043/swagger/v1/swagger.json - 200 null application/json;charset=utf-8 205.3442ms
2025-11-03 12:25:45.060 +01:00 [INF] Application is shutting down...
