2025-11-02 17:03:57.489 +01:00 [INF] User profile is available. Using '/Users/arthurflotvik/.aspnet/DataProtection-Keys' as key repository; keys will not be encrypted at rest.
2025-11-02 17:03:57.514 +01:00 [INF] Now listening on: http://localhost:5043
2025-11-02 17:03:57.515 +01:00 [INF] Application started. Press Ctrl+C to shut down.
2025-11-02 17:03:57.515 +01:00 [INF] Hosting environment: Development
2025-11-02 17:03:57.515 +01:00 [INF] Content root path: /Users/arthurflotvik/Documents/QueREACT/api
2025-11-02 17:04:05.159 +01:00 [INF] Request starting HTTP/1.1 OPTIONS http://localhost:5043/api/Auth/login - null null
2025-11-02 17:04:05.181 +01:00 [INF] CORS policy execution successful.
2025-11-02 17:04:05.183 +01:00 [INF] Request finished HTTP/1.1 OPTIONS http://localhost:5043/api/Auth/login - 204 null null 25.7966ms
2025-11-02 17:04:05.186 +01:00 [INF] Request starting HTTP/1.1 POST http://localhost:5043/api/Auth/login - application/json 40
2025-11-02 17:04:05.188 +01:00 [INF] CORS policy execution successful.
2025-11-02 17:04:05.192 +01:00 [INF] Executing endpoint 'Que.Controllers.AuthController.Login (api)'
2025-11-02 17:04:05.200 +01:00 [INF] Route matched with {action = "Login", controller = "Auth"}. Executing controller action with signature System.Threading.Tasks.Task`1[Microsoft.AspNetCore.Mvc.IActionResult] Login(Que.DTOs.LoginDto) on controller Que.Controllers.AuthController (api).
2025-11-02 17:04:05.382 +01:00 [INF] [AuthAPIController] user authorized for A
2025-11-02 17:04:05.387 +01:00 [INF] [AuthAPIController] JWT token created for A
2025-11-02 17:04:05.397 +01:00 [INF] Executing OkObjectResult, writing value of type '<>f__AnonymousType1`1[[System.String, System.Private.CoreLib, Version=8.0.0.0, Culture=neutral, PublicKeyToken=7cec85d7bea7798e]]'.
2025-11-02 17:04:05.410 +01:00 [INF] Executed action Que.Controllers.AuthController.Login (api) in 207.9384ms
2025-11-02 17:04:05.410 +01:00 [INF] Executed endpoint 'Que.Controllers.AuthController.Login (api)'
2025-11-02 17:04:05.412 +01:00 [INF] Request finished HTTP/1.1 POST http://localhost:5043/api/Auth/login - 200 569 application/json; charset=utf-8 225.8966ms
2025-11-02 17:04:05.428 +01:00 [INF] Request starting HTTP/1.1 OPTIONS http://localhost:5043/api/quizapi/quizlist - null null
2025-11-02 17:04:05.429 +01:00 [INF] Request starting HTTP/1.1 OPTIONS http://localhost:5043/api/quizapi/quizlist - null null
2025-11-02 17:04:05.429 +01:00 [INF] CORS policy execution successful.
2025-11-02 17:04:05.429 +01:00 [INF] CORS policy execution successful.
2025-11-02 17:04:05.429 +01:00 [INF] Request finished HTTP/1.1 OPTIONS http://localhost:5043/api/quizapi/quizlist - 204 null null 0.6374ms
2025-11-02 17:04:05.429 +01:00 [INF] Request finished HTTP/1.1 OPTIONS http://localhost:5043/api/quizapi/quizlist - 204 null null 1.0429ms
2025-11-02 17:04:05.430 +01:00 [INF] Request starting HTTP/1.1 GET http://localhost:5043/api/quizapi/quizlist - application/json null
2025-11-02 17:04:05.434 +01:00 [INF] CORS policy execution successful.
2025-11-02 17:04:05.459 +01:00 [INF] Executing endpoint 'Que.Controllers.QuizAPIController.GetAllQuizes (api)'
2025-11-02 17:04:05.461 +01:00 [INF] Route matched with {action = "GetAllQuizes", controller = "QuizAPI"}. Executing controller action with signature System.Threading.Tasks.Task`1[Microsoft.AspNetCore.Mvc.IActionResult] GetAllQuizes() on controller Que.Controllers.QuizAPIController (api).
2025-11-02 17:04:05.463 +01:00 [INF] [QuizAPIController] Fetching quiz list for user: A
2025-11-02 17:04:05.500 +01:00 [INF] [QuizAPIController] Returning 1 visible quizzes for user: A
2025-11-02 17:04:05.500 +01:00 [INF] Executing OkObjectResult, writing value of type 'System.Collections.Generic.List`1[[Que.DTOs.QuizDto, api, Version=1.0.0.0, Culture=neutral, PublicKeyToken=null]]'.
2025-11-02 17:04:05.505 +01:00 [INF] Executed action Que.Controllers.QuizAPIController.GetAllQuizes (api) in 44.1457ms
2025-11-02 17:04:05.505 +01:00 [INF] Executed endpoint 'Que.Controllers.QuizAPIController.GetAllQuizes (api)'
2025-11-02 17:04:05.505 +01:00 [INF] Request starting HTTP/1.1 GET http://localhost:5043/api/quizapi/quizlist - application/json null
2025-11-02 17:04:05.506 +01:00 [INF] CORS policy execution successful.
2025-11-02 17:04:05.507 +01:00 [INF] Executing endpoint 'Que.Controllers.QuizAPIController.GetAllQuizes (api)'
2025-11-02 17:04:05.507 +01:00 [INF] Route matched with {action = "GetAllQuizes", controller = "QuizAPI"}. Executing controller action with signature System.Threading.Tasks.Task`1[Microsoft.AspNetCore.Mvc.IActionResult] GetAllQuizes() on controller Que.Controllers.QuizAPIController (api).
2025-11-02 17:04:05.507 +01:00 [INF] Request finished HTTP/1.1 GET http://localhost:5043/api/quizapi/quizlist - 200 143 application/json; charset=utf-8 77.238ms
2025-11-02 17:04:05.510 +01:00 [INF] [QuizAPIController] Fetching quiz list for user: A
2025-11-02 17:04:05.530 +01:00 [INF] [QuizAPIController] Returning 1 visible quizzes for user: A
2025-11-02 17:04:05.530 +01:00 [INF] Executing OkObjectResult, writing value of type 'System.Collections.Generic.List`1[[Que.DTOs.QuizDto, api, Version=1.0.0.0, Culture=neutral, PublicKeyToken=null]]'.
2025-11-02 17:04:05.531 +01:00 [INF] Executed action Que.Controllers.QuizAPIController.GetAllQuizes (api) in 23.7182ms
2025-11-02 17:04:05.531 +01:00 [INF] Executed endpoint 'Que.Controllers.QuizAPIController.GetAllQuizes (api)'
2025-11-02 17:04:05.531 +01:00 [INF] Request finished HTTP/1.1 GET http://localhost:5043/api/quizapi/quizlist - 200 143 application/json; charset=utf-8 25.3745ms
2025-11-02 17:05:02.333 +01:00 [INF] Request starting HTTP/1.1 OPTIONS http://localhost:5043/api/quizapi/create - null null
2025-11-02 17:05:02.335 +01:00 [INF] CORS policy execution successful.
2025-11-02 17:05:02.336 +01:00 [INF] Request finished HTTP/1.1 OPTIONS http://localhost:5043/api/quizapi/create - 204 null null 2.8045ms
2025-11-02 17:05:02.337 +01:00 [INF] Request starting HTTP/1.1 POST http://localhost:5043/api/quizapi/create - application/json 287
2025-11-02 17:05:02.337 +01:00 [INF] CORS policy execution successful.
2025-11-02 17:05:02.343 +01:00 [INF] Executing endpoint 'Que.Controllers.QuizAPIController.Create (api)'
2025-11-02 17:05:02.348 +01:00 [INF] Route matched with {action = "Create", controller = "QuizAPI"}. Executing controller action with signature System.Threading.Tasks.Task`1[Microsoft.AspNetCore.Mvc.IActionResult] Create(Que.DTOs.QuizDto) on controller Que.Controllers.QuizAPIController (api).
2025-11-02 17:05:02.367 +01:00 [INF] Create quiz called by UserId=A
2025-11-02 17:05:02.404 +01:00 [ERR] User not found in database for UserId=A
2025-11-02 17:05:02.404 +01:00 [INF] Executing UnauthorizedObjectResult, writing value of type 'System.String'.
2025-11-02 17:05:02.404 +01:00 [INF] Executed action Que.Controllers.QuizAPIController.Create (api) in 55.7969ms
2025-11-02 17:05:02.404 +01:00 [INF] Executed endpoint 'Que.Controllers.QuizAPIController.Create (api)'
2025-11-02 17:05:02.404 +01:00 [INF] Request finished HTTP/1.1 POST http://localhost:5043/api/quizapi/create - 401 null text/plain; charset=utf-8 67.4141ms
2025-11-02 17:12:33.321 +01:00 [INF] Application is shutting down...
