2025-10-30 16:08:04.921 +01:00 [INF] User profile is available. Using '/Users/arthurflotvik/.aspnet/DataProtection-Keys' as key repository; keys will not be encrypted at rest.
2025-10-30 16:08:04.949 +01:00 [INF] Now listening on: http://localhost:5043
2025-10-30 16:08:04.950 +01:00 [INF] Application started. Press Ctrl+C to shut down.
2025-10-30 16:08:04.951 +01:00 [INF] Hosting environment: Development
2025-10-30 16:08:04.951 +01:00 [INF] Content root path: /Users/arthurflotvik/Documents/QueREACT/api
2025-10-30 16:08:09.070 +01:00 [INF] Request starting HTTP/1.1 GET http://localhost:5043/api/quizapi/quizlist - null null
2025-10-30 16:08:09.086 +01:00 [INF] CORS policy execution successful.
2025-10-30 16:08:09.091 +01:00 [INF] Executing endpoint 'Que.Controllers.QuizAPIController.QuizList (api)'
2025-10-30 16:08:09.096 +01:00 [INF] Route matched with {action = "QuizList", controller = "QuizAPI"}. Executing controller action with signature System.Threading.Tasks.Task`1[Microsoft.AspNetCore.Mvc.IActionResult] QuizList() on controller Que.Controllers.QuizAPIController (api).
2025-10-30 16:08:09.185 +01:00 [WRN] Compiling a query which loads related collections for more than one collection navigation, either via 'Include' or through projection, but no 'QuerySplittingBehavior' has been configured. By default, Entity Framework will use 'QuerySplittingBehavior.SingleQuery', which can potentially result in slow query performance. See https://go.microsoft.com/fwlink/?linkid=2134277 for more information. To identify the query that's triggering this warning call 'ConfigureWarnings(w => w.Throw(RelationalEventId.MultipleCollectionIncludeWarning))'.
2025-10-30 16:08:09.233 +01:00 [INF] Executing OkObjectResult, writing value of type 'System.Linq.Enumerable+SelectListIterator`2[[Que.Models.Quiz, api, Version=1.0.0.0, Culture=neutral, PublicKeyToken=null],[Que.DTOs.QuizDto, api, Version=1.0.0.0, Culture=neutral, PublicKeyToken=null]]'.
2025-10-30 16:08:09.270 +01:00 [INF] Request starting HTTP/1.1 GET http://localhost:5043/api/quizapi/quizlist - null null
2025-10-30 16:08:09.271 +01:00 [INF] Executed action Que.Controllers.QuizAPIController.QuizList (api) in 173.4471ms
2025-10-30 16:08:09.271 +01:00 [INF] Executed endpoint 'Que.Controllers.QuizAPIController.QuizList (api)'
2025-10-30 16:08:09.271 +01:00 [INF] CORS policy execution successful.
2025-10-30 16:08:09.272 +01:00 [INF] Executing endpoint 'Que.Controllers.QuizAPIController.QuizList (api)'
2025-10-30 16:08:09.272 +01:00 [INF] Route matched with {action = "QuizList", controller = "QuizAPI"}. Executing controller action with signature System.Threading.Tasks.Task`1[Microsoft.AspNetCore.Mvc.IActionResult] QuizList() on controller Que.Controllers.QuizAPIController (api).
2025-10-30 16:08:09.273 +01:00 [INF] Request finished HTTP/1.1 GET http://localhost:5043/api/quizapi/quizlist - 200 149 application/json; charset=utf-8 204.0216ms
2025-10-30 16:08:09.294 +01:00 [INF] Executing OkObjectResult, writing value of type 'System.Linq.Enumerable+SelectListIterator`2[[Que.Models.Quiz, api, Version=1.0.0.0, Culture=neutral, PublicKeyToken=null],[Que.DTOs.QuizDto, api, Version=1.0.0.0, Culture=neutral, PublicKeyToken=null]]'.
2025-10-30 16:08:09.295 +01:00 [INF] Executed action Que.Controllers.QuizAPIController.QuizList (api) in 22.7283ms
2025-10-30 16:08:09.295 +01:00 [INF] Executed endpoint 'Que.Controllers.QuizAPIController.QuizList (api)'
2025-10-30 16:08:09.295 +01:00 [INF] Request finished HTTP/1.1 GET http://localhost:5043/api/quizapi/quizlist - 200 149 application/json; charset=utf-8 24.8297ms
2025-10-30 16:08:18.327 +01:00 [INF] Request starting HTTP/1.1 OPTIONS http://localhost:5043/api/Auth/login - null null
2025-10-30 16:08:18.329 +01:00 [INF] CORS policy execution successful.
2025-10-30 16:08:18.331 +01:00 [INF] Request finished HTTP/1.1 OPTIONS http://localhost:5043/api/Auth/login - 204 null null 4.6988ms
2025-10-30 16:08:18.334 +01:00 [INF] Request starting HTTP/1.1 POST http://localhost:5043/api/Auth/login - application/json 47
2025-10-30 16:08:18.335 +01:00 [INF] CORS policy execution successful.
2025-10-30 16:08:18.337 +01:00 [INF] Executing endpoint 'Que.Controllers.AuthController.Login (api)'
2025-10-30 16:08:18.348 +01:00 [INF] Route matched with {action = "Login", controller = "Auth"}. Executing controller action with signature System.Threading.Tasks.Task`1[Microsoft.AspNetCore.Mvc.IActionResult] Login(Que.DTOs.LoginDto) on controller Que.Controllers.AuthController (api).
2025-10-30 16:08:18.480 +01:00 [INF] [AuthAPIController] user authorized for Testbruker
2025-10-30 16:08:18.487 +01:00 [INF] [AuthAPIController] JWT token created for Testbruker
2025-10-30 16:08:18.497 +01:00 [INF] Executing OkObjectResult, writing value of type '<>f__AnonymousType1`1[[System.String, System.Private.CoreLib, Version=8.0.0.0, Culture=neutral, PublicKeyToken=7cec85d7bea7798e]]'.
2025-10-30 16:08:18.499 +01:00 [INF] Executed action Que.Controllers.AuthController.Login (api) in 150.6815ms
2025-10-30 16:08:18.499 +01:00 [INF] Executed endpoint 'Que.Controllers.AuthController.Login (api)'
2025-10-30 16:08:18.499 +01:00 [INF] Request finished HTTP/1.1 POST http://localhost:5043/api/Auth/login - 200 487 application/json; charset=utf-8 165.8761ms
2025-10-30 16:08:18.514 +01:00 [INF] Request starting HTTP/1.1 GET http://localhost:5043/api/quizapi/quizlist - null null
2025-10-30 16:08:18.515 +01:00 [INF] CORS policy execution successful.
2025-10-30 16:08:18.515 +01:00 [INF] Executing endpoint 'Que.Controllers.QuizAPIController.QuizList (api)'
2025-10-30 16:08:18.515 +01:00 [INF] Route matched with {action = "QuizList", controller = "QuizAPI"}. Executing controller action with signature System.Threading.Tasks.Task`1[Microsoft.AspNetCore.Mvc.IActionResult] QuizList() on controller Que.Controllers.QuizAPIController (api).
2025-10-30 16:08:18.518 +01:00 [INF] Executing OkObjectResult, writing value of type 'System.Linq.Enumerable+SelectListIterator`2[[Que.Models.Quiz, api, Version=1.0.0.0, Culture=neutral, PublicKeyToken=null],[Que.DTOs.QuizDto, api, Version=1.0.0.0, Culture=neutral, PublicKeyToken=null]]'.
2025-10-30 16:08:18.518 +01:00 [INF] Executed action Que.Controllers.QuizAPIController.QuizList (api) in 3.3571ms
2025-10-30 16:08:18.518 +01:00 [INF] Executed endpoint 'Que.Controllers.QuizAPIController.QuizList (api)'
2025-10-30 16:08:18.518 +01:00 [INF] Request finished HTTP/1.1 GET http://localhost:5043/api/quizapi/quizlist - 200 149 application/json; charset=utf-8 3.9117ms
2025-10-30 16:08:18.519 +01:00 [INF] Request starting HTTP/1.1 GET http://localhost:5043/api/quizapi/quizlist - null null
2025-10-30 16:08:18.519 +01:00 [INF] CORS policy execution successful.
2025-10-30 16:08:18.519 +01:00 [INF] Executing endpoint 'Que.Controllers.QuizAPIController.QuizList (api)'
2025-10-30 16:08:18.519 +01:00 [INF] Route matched with {action = "QuizList", controller = "QuizAPI"}. Executing controller action with signature System.Threading.Tasks.Task`1[Microsoft.AspNetCore.Mvc.IActionResult] QuizList() on controller Que.Controllers.QuizAPIController (api).
2025-10-30 16:08:18.521 +01:00 [INF] Executing OkObjectResult, writing value of type 'System.Linq.Enumerable+SelectListIterator`2[[Que.Models.Quiz, api, Version=1.0.0.0, Culture=neutral, PublicKeyToken=null],[Que.DTOs.QuizDto, api, Version=1.0.0.0, Culture=neutral, PublicKeyToken=null]]'.
2025-10-30 16:08:18.521 +01:00 [INF] Executed action Que.Controllers.QuizAPIController.QuizList (api) in 1.7817ms
2025-10-30 16:08:18.521 +01:00 [INF] Executed endpoint 'Que.Controllers.QuizAPIController.QuizList (api)'
2025-10-30 16:08:18.521 +01:00 [INF] Request finished HTTP/1.1 GET http://localhost:5043/api/quizapi/quizlist - 200 149 application/json; charset=utf-8 2.2612ms
2025-10-30 16:09:26.609 +01:00 [INF] Request starting HTTP/1.1 OPTIONS http://localhost:5043/create - null null
2025-10-30 16:09:26.612 +01:00 [INF] CORS policy execution successful.
2025-10-30 16:09:26.612 +01:00 [INF] Request finished HTTP/1.1 OPTIONS http://localhost:5043/create - 204 null null 2.7907ms
2025-10-30 16:09:26.614 +01:00 [INF] Request starting HTTP/1.1 POST http://localhost:5043/create - application/json 508
2025-10-30 16:09:26.614 +01:00 [INF] CORS policy execution successful.
2025-10-30 16:09:26.614 +01:00 [INF] Request finished HTTP/1.1 POST http://localhost:5043/create - 404 0 null 0.6065ms
2025-10-30 16:09:26.615 +01:00 [INF] Request reached the end of the middleware pipeline without being handled by application code. Request path: POST http://localhost:5043/create, Response status code: 404
2025-10-30 16:12:57.921 +01:00 [INF] Request starting HTTP/1.1 OPTIONS http://localhost:5043/api/quizapi/create - null null
2025-10-30 16:12:57.923 +01:00 [INF] CORS policy execution successful.
2025-10-30 16:12:57.923 +01:00 [INF] Request finished HTTP/1.1 OPTIONS http://localhost:5043/api/quizapi/create - 204 null null 1.9101ms
2025-10-30 16:12:57.925 +01:00 [INF] Request starting HTTP/1.1 POST http://localhost:5043/api/quizapi/create - application/json 508
2025-10-30 16:12:57.925 +01:00 [INF] CORS policy execution successful.
2025-10-30 16:12:57.928 +01:00 [INF] Authorization failed. These requirements were not met:
DenyAnonymousAuthorizationRequirement: Requires an authenticated user.
2025-10-30 16:12:57.929 +01:00 [INF] AuthenticationScheme: Identity.Application was challenged.
2025-10-30 16:12:57.929 +01:00 [INF] Request finished HTTP/1.1 POST http://localhost:5043/api/quizapi/create - 302 0 null 4.3805ms
2025-10-30 16:12:57.930 +01:00 [INF] Request starting HTTP/1.1 OPTIONS http://localhost:5043/Account/Login?ReturnUrl=%2Fapi%2Fquizapi%2Fcreate - null null
2025-10-30 16:12:57.931 +01:00 [INF] CORS policy execution successful.
2025-10-30 16:12:57.931 +01:00 [INF] Request finished HTTP/1.1 OPTIONS http://localhost:5043/Account/Login?ReturnUrl=%2Fapi%2Fquizapi%2Fcreate - 204 null null 0.2069ms
2025-10-30 16:12:57.932 +01:00 [INF] Request starting HTTP/1.1 GET http://localhost:5043/Account/Login?ReturnUrl=%2Fapi%2Fquizapi%2Fcreate - null null
2025-10-30 16:12:57.932 +01:00 [INF] CORS policy execution successful.
2025-10-30 16:12:57.932 +01:00 [INF] Request finished HTTP/1.1 GET http://localhost:5043/Account/Login?ReturnUrl=%2Fapi%2Fquizapi%2Fcreate - 404 0 null 0.5266ms
2025-10-30 16:12:57.932 +01:00 [INF] Request reached the end of the middleware pipeline without being handled by application code. Request path: GET http://localhost:5043/Account/Login, Response status code: 404
2025-10-30 16:16:08.071 +01:00 [INF] Application is shutting down...
