2025-10-30 10:31:04.447 +01:00 [INF] User profile is available. Using '/Users/arthurflotvik/.aspnet/DataProtection-Keys' as key repository; keys will not be encrypted at rest.
2025-10-30 10:31:04.474 +01:00 [INF] Now listening on: http://localhost:5043
2025-10-30 10:31:04.475 +01:00 [INF] Application started. Press Ctrl+C to shut down.
2025-10-30 10:31:04.476 +01:00 [INF] Hosting environment: Development
2025-10-30 10:31:04.476 +01:00 [INF] Content root path: /Users/arthurflotvik/Documents/QueREACT/api
2025-10-30 10:31:11.142 +01:00 [INF] Request starting HTTP/1.1 GET http://localhost:5043/api/quizapi/quizlist - null null
2025-10-30 10:31:11.164 +01:00 [INF] CORS policy execution successful.
2025-10-30 10:31:11.170 +01:00 [INF] Executing endpoint 'Que.Controllers.QuizAPIController.QuizList (api)'
2025-10-30 10:31:11.175 +01:00 [INF] Route matched with {action = "QuizList", controller = "QuizAPI"}. Executing controller action with signature System.Threading.Tasks.Task`1[Microsoft.AspNetCore.Mvc.IActionResult] QuizList() on controller Que.Controllers.QuizAPIController (api).
2025-10-30 10:31:11.268 +01:00 [WRN] Compiling a query which loads related collections for more than one collection navigation, either via 'Include' or through projection, but no 'QuerySplittingBehavior' has been configured. By default, Entity Framework will use 'QuerySplittingBehavior.SingleQuery', which can potentially result in slow query performance. See https://go.microsoft.com/fwlink/?linkid=2134277 for more information. To identify the query that's triggering this warning call 'ConfigureWarnings(w => w.Throw(RelationalEventId.MultipleCollectionIncludeWarning))'.
2025-10-30 10:31:11.305 +01:00 [INF] Executing OkObjectResult, writing value of type 'System.Linq.Enumerable+SelectListIterator`2[[Que.Models.Quiz, api, Version=1.0.0.0, Culture=neutral, PublicKeyToken=null],[Que.DTOs.QuizDto, api, Version=1.0.0.0, Culture=neutral, PublicKeyToken=null]]'.
2025-10-30 10:31:11.348 +01:00 [INF] Request starting HTTP/1.1 GET http://localhost:5043/api/quizapi/quizlist - null null
2025-10-30 10:31:11.348 +01:00 [INF] Executed action Que.Controllers.QuizAPIController.QuizList (api) in 171.0049ms
2025-10-30 10:31:11.348 +01:00 [INF] Executed endpoint 'Que.Controllers.QuizAPIController.QuizList (api)'
2025-10-30 10:31:11.349 +01:00 [INF] CORS policy execution successful.
2025-10-30 10:31:11.350 +01:00 [INF] Executing endpoint 'Que.Controllers.QuizAPIController.QuizList (api)'
2025-10-30 10:31:11.350 +01:00 [INF] Route matched with {action = "QuizList", controller = "QuizAPI"}. Executing controller action with signature System.Threading.Tasks.Task`1[Microsoft.AspNetCore.Mvc.IActionResult] QuizList() on controller Que.Controllers.QuizAPIController (api).
2025-10-30 10:31:11.350 +01:00 [INF] Request finished HTTP/1.1 GET http://localhost:5043/api/quizapi/quizlist - 200 149 application/json; charset=utf-8 208.599ms
2025-10-30 10:31:11.373 +01:00 [INF] Executing OkObjectResult, writing value of type 'System.Linq.Enumerable+SelectListIterator`2[[Que.Models.Quiz, api, Version=1.0.0.0, Culture=neutral, PublicKeyToken=null],[Que.DTOs.QuizDto, api, Version=1.0.0.0, Culture=neutral, PublicKeyToken=null]]'.
2025-10-30 10:31:11.374 +01:00 [INF] Executed action Que.Controllers.QuizAPIController.QuizList (api) in 23.9762ms
2025-10-30 10:31:11.374 +01:00 [INF] Executed endpoint 'Que.Controllers.QuizAPIController.QuizList (api)'
2025-10-30 10:31:11.374 +01:00 [INF] Request finished HTTP/1.1 GET http://localhost:5043/api/quizapi/quizlist - 200 149 application/json; charset=utf-8 26.3066ms
2025-10-30 10:42:21.837 +01:00 [INF] Request starting HTTP/1.1 OPTIONS http://localhost:5043/quiz/create - null null
2025-10-30 10:42:21.840 +01:00 [INF] CORS policy execution successful.
2025-10-30 10:42:21.841 +01:00 [INF] Request finished HTTP/1.1 OPTIONS http://localhost:5043/quiz/create - 204 null null 4.0381ms
2025-10-30 10:42:21.843 +01:00 [INF] Request starting HTTP/1.1 POST http://localhost:5043/quiz/create - application/json 635
2025-10-30 10:42:21.843 +01:00 [INF] CORS policy execution successful.
2025-10-30 10:42:21.845 +01:00 [INF] Request finished HTTP/1.1 POST http://localhost:5043/quiz/create - 404 0 null 2.0391ms
2025-10-30 10:42:21.845 +01:00 [INF] Request reached the end of the middleware pipeline without being handled by application code. Request path: POST http://localhost:5043/quiz/create, Response status code: 404
2025-10-30 10:42:23.741 +01:00 [INF] Request starting HTTP/1.1 POST http://localhost:5043/quiz/create - application/json 635
2025-10-30 10:42:23.742 +01:00 [INF] CORS policy execution successful.
2025-10-30 10:42:23.743 +01:00 [INF] Request finished HTTP/1.1 POST http://localhost:5043/quiz/create - 404 0 null 2.151ms
2025-10-30 10:42:23.744 +01:00 [INF] Request reached the end of the middleware pipeline without being handled by application code. Request path: POST http://localhost:5043/quiz/create, Response status code: 404
2025-10-30 10:42:29.835 +01:00 [INF] Request starting HTTP/1.1 OPTIONS http://localhost:5043/quiz/create - null null
2025-10-30 10:42:29.836 +01:00 [INF] CORS policy execution successful.
2025-10-30 10:42:29.837 +01:00 [INF] Request finished HTTP/1.1 OPTIONS http://localhost:5043/quiz/create - 204 null null 1.262ms
2025-10-30 10:42:29.838 +01:00 [INF] Request starting HTTP/1.1 POST http://localhost:5043/quiz/create - application/json 635
2025-10-30 10:42:29.838 +01:00 [INF] CORS policy execution successful.
2025-10-30 10:42:29.838 +01:00 [INF] Request finished HTTP/1.1 POST http://localhost:5043/quiz/create - 404 0 null 0.5069ms
2025-10-30 10:42:29.839 +01:00 [INF] Request reached the end of the middleware pipeline without being handled by application code. Request path: POST http://localhost:5043/quiz/create, Response status code: 404
2025-10-30 10:46:48.908 +01:00 [INF] Request starting HTTP/1.1 OPTIONS http://localhost:5043/api/quizapi/create - null null
2025-10-30 10:46:48.909 +01:00 [INF] CORS policy execution successful.
2025-10-30 10:46:48.909 +01:00 [INF] Request finished HTTP/1.1 OPTIONS http://localhost:5043/api/quizapi/create - 204 null null 0.9586ms
2025-10-30 10:46:48.910 +01:00 [INF] Request starting HTTP/1.1 POST http://localhost:5043/api/quizapi/create - application/json 635
2025-10-30 10:46:48.910 +01:00 [INF] CORS policy execution successful.
2025-10-30 10:46:48.916 +01:00 [INF] Authorization failed. These requirements were not met:
DenyAnonymousAuthorizationRequirement: Requires an authenticated user.
2025-10-30 10:46:48.918 +01:00 [INF] AuthenticationScheme: Identity.Application was challenged.
2025-10-30 10:46:48.918 +01:00 [INF] Request finished HTTP/1.1 POST http://localhost:5043/api/quizapi/create - 302 0 null 8.0645ms
2025-10-30 10:46:48.920 +01:00 [INF] Request starting HTTP/1.1 GET http://localhost:5043/Account/Login?ReturnUrl=%2Fapi%2Fquizapi%2Fcreate - null null
2025-10-30 10:46:48.920 +01:00 [INF] CORS policy execution successful.
2025-10-30 10:46:48.920 +01:00 [INF] Request finished HTTP/1.1 GET http://localhost:5043/Account/Login?ReturnUrl=%2Fapi%2Fquizapi%2Fcreate - 404 0 null 0.3915ms
2025-10-30 10:46:48.920 +01:00 [INF] Request reached the end of the middleware pipeline without being handled by application code. Request path: GET http://localhost:5043/Account/Login, Response status code: 404
2025-10-30 10:47:32.172 +01:00 [INF] Request starting HTTP/1.1 OPTIONS http://localhost:5043/api/quizapi/create - null null
2025-10-30 10:47:32.173 +01:00 [INF] CORS policy execution successful.
2025-10-30 10:47:32.173 +01:00 [INF] Request finished HTTP/1.1 OPTIONS http://localhost:5043/api/quizapi/create - 204 null null 0.6131ms
2025-10-30 10:47:32.174 +01:00 [INF] Request starting HTTP/1.1 POST http://localhost:5043/api/quizapi/create - application/json 505
2025-10-30 10:47:32.175 +01:00 [INF] CORS policy execution successful.
2025-10-30 10:47:32.176 +01:00 [INF] Authorization failed. These requirements were not met:
DenyAnonymousAuthorizationRequirement: Requires an authenticated user.
2025-10-30 10:47:32.177 +01:00 [INF] AuthenticationScheme: Identity.Application was challenged.
2025-10-30 10:47:32.177 +01:00 [INF] Request finished HTTP/1.1 POST http://localhost:5043/api/quizapi/create - 302 0 null 2.7366ms
2025-10-30 10:47:32.179 +01:00 [INF] Request starting HTTP/1.1 GET http://localhost:5043/Account/Login?ReturnUrl=%2Fapi%2Fquizapi%2Fcreate - null null
2025-10-30 10:47:32.179 +01:00 [INF] CORS policy execution successful.
2025-10-30 10:47:32.179 +01:00 [INF] Request finished HTTP/1.1 GET http://localhost:5043/Account/Login?ReturnUrl=%2Fapi%2Fquizapi%2Fcreate - 404 0 null 0.5156ms
2025-10-30 10:47:32.179 +01:00 [INF] Request reached the end of the middleware pipeline without being handled by application code. Request path: GET http://localhost:5043/Account/Login, Response status code: 404
2025-10-30 10:48:04.036 +01:00 [INF] Request starting HTTP/1.1 OPTIONS http://localhost:5043/api/Auth/login - null null
2025-10-30 10:48:04.037 +01:00 [INF] CORS policy execution successful.
2025-10-30 10:48:04.037 +01:00 [INF] Request finished HTTP/1.1 OPTIONS http://localhost:5043/api/Auth/login - 204 null null 1.1348ms
2025-10-30 10:48:04.039 +01:00 [INF] Request starting HTTP/1.1 POST http://localhost:5043/api/Auth/login - application/json 47
2025-10-30 10:48:04.040 +01:00 [INF] CORS policy execution successful.
2025-10-30 10:48:04.040 +01:00 [INF] Executing endpoint 'Que.Controllers.AuthController.Login (api)'
2025-10-30 10:48:04.049 +01:00 [INF] Route matched with {action = "Login", controller = "Auth"}. Executing controller action with signature System.Threading.Tasks.Task`1[Microsoft.AspNetCore.Mvc.IActionResult] Login(Que.DTOs.LoginDto) on controller Que.Controllers.AuthController (api).
2025-10-30 10:48:04.184 +01:00 [INF] [AuthAPIController] user authorized for Testbruker
2025-10-30 10:48:04.191 +01:00 [INF] [AuthAPIController] JWT token created for Testbruker
2025-10-30 10:48:04.199 +01:00 [INF] Executing OkObjectResult, writing value of type '<>f__AnonymousType1`1[[System.String, System.Private.CoreLib, Version=8.0.0.0, Culture=neutral, PublicKeyToken=7cec85d7bea7798e]]'.
2025-10-30 10:48:04.201 +01:00 [INF] Executed action Que.Controllers.AuthController.Login (api) in 151.5611ms
2025-10-30 10:48:04.201 +01:00 [INF] Executed endpoint 'Que.Controllers.AuthController.Login (api)'
2025-10-30 10:48:04.201 +01:00 [INF] Request finished HTTP/1.1 POST http://localhost:5043/api/Auth/login - 200 487 application/json; charset=utf-8 162.4782ms
2025-10-30 10:48:04.215 +01:00 [INF] Request starting HTTP/1.1 GET http://localhost:5043/api/quizapi/quizlist - null null
2025-10-30 10:48:04.215 +01:00 [INF] CORS policy execution successful.
2025-10-30 10:48:04.215 +01:00 [INF] Executing endpoint 'Que.Controllers.QuizAPIController.QuizList (api)'
2025-10-30 10:48:04.215 +01:00 [INF] Route matched with {action = "QuizList", controller = "QuizAPI"}. Executing controller action with signature System.Threading.Tasks.Task`1[Microsoft.AspNetCore.Mvc.IActionResult] QuizList() on controller Que.Controllers.QuizAPIController (api).
2025-10-30 10:48:04.220 +01:00 [INF] Executing OkObjectResult, writing value of type 'System.Linq.Enumerable+SelectListIterator`2[[Que.Models.Quiz, api, Version=1.0.0.0, Culture=neutral, PublicKeyToken=null],[Que.DTOs.QuizDto, api, Version=1.0.0.0, Culture=neutral, PublicKeyToken=null]]'.
2025-10-30 10:48:04.220 +01:00 [INF] Executed action Que.Controllers.QuizAPIController.QuizList (api) in 4.7484ms
2025-10-30 10:48:04.220 +01:00 [INF] Executed endpoint 'Que.Controllers.QuizAPIController.QuizList (api)'
2025-10-30 10:48:04.220 +01:00 [INF] Request finished HTTP/1.1 GET http://localhost:5043/api/quizapi/quizlist - 200 149 application/json; charset=utf-8 5.2907ms
2025-10-30 10:48:04.221 +01:00 [INF] Request starting HTTP/1.1 GET http://localhost:5043/api/quizapi/quizlist - null null
2025-10-30 10:48:04.221 +01:00 [INF] CORS policy execution successful.
2025-10-30 10:48:04.221 +01:00 [INF] Executing endpoint 'Que.Controllers.QuizAPIController.QuizList (api)'
2025-10-30 10:48:04.221 +01:00 [INF] Route matched with {action = "QuizList", controller = "QuizAPI"}. Executing controller action with signature System.Threading.Tasks.Task`1[Microsoft.AspNetCore.Mvc.IActionResult] QuizList() on controller Que.Controllers.QuizAPIController (api).
2025-10-30 10:48:04.222 +01:00 [INF] Executing OkObjectResult, writing value of type 'System.Linq.Enumerable+SelectListIterator`2[[Que.Models.Quiz, api, Version=1.0.0.0, Culture=neutral, PublicKeyToken=null],[Que.DTOs.QuizDto, api, Version=1.0.0.0, Culture=neutral, PublicKeyToken=null]]'.
2025-10-30 10:48:04.222 +01:00 [INF] Executed action Que.Controllers.QuizAPIController.QuizList (api) in 1.428ms
2025-10-30 10:48:04.222 +01:00 [INF] Executed endpoint 'Que.Controllers.QuizAPIController.QuizList (api)'
2025-10-30 10:48:04.222 +01:00 [INF] Request finished HTTP/1.1 GET http://localhost:5043/api/quizapi/quizlist - 200 149 application/json; charset=utf-8 1.7584ms
2025-10-30 10:48:47.885 +01:00 [INF] Request starting HTTP/1.1 OPTIONS http://localhost:5043/api/quizapi/create - null null
2025-10-30 10:48:47.886 +01:00 [INF] CORS policy execution successful.
2025-10-30 10:48:47.886 +01:00 [INF] Request finished HTTP/1.1 OPTIONS http://localhost:5043/api/quizapi/create - 204 null null 0.8847ms
2025-10-30 10:48:47.889 +01:00 [INF] Request starting HTTP/1.1 POST http://localhost:5043/api/quizapi/create - application/json 549
2025-10-30 10:48:47.890 +01:00 [INF] CORS policy execution successful.
2025-10-30 10:48:47.893 +01:00 [INF] Authorization failed. These requirements were not met:
DenyAnonymousAuthorizationRequirement: Requires an authenticated user.
2025-10-30 10:48:47.893 +01:00 [INF] AuthenticationScheme: Identity.Application was challenged.
2025-10-30 10:48:47.893 +01:00 [INF] Request finished HTTP/1.1 POST http://localhost:5043/api/quizapi/create - 302 0 null 3.9929ms
2025-10-30 10:48:47.895 +01:00 [INF] Request starting HTTP/1.1 GET http://localhost:5043/Account/Login?ReturnUrl=%2Fapi%2Fquizapi%2Fcreate - null null
2025-10-30 10:48:47.895 +01:00 [INF] CORS policy execution successful.
2025-10-30 10:48:47.895 +01:00 [INF] Request finished HTTP/1.1 GET http://localhost:5043/Account/Login?ReturnUrl=%2Fapi%2Fquizapi%2Fcreate - 404 0 null 0.3355ms
2025-10-30 10:48:47.895 +01:00 [INF] Request reached the end of the middleware pipeline without being handled by application code. Request path: GET http://localhost:5043/Account/Login, Response status code: 404
2025-10-30 10:50:50.816 +01:00 [INF] Request starting HTTP/1.1 OPTIONS http://localhost:5043/create - null null
2025-10-30 10:50:50.817 +01:00 [INF] CORS policy execution successful.
2025-10-30 10:50:50.818 +01:00 [INF] Request finished HTTP/1.1 OPTIONS http://localhost:5043/create - 204 null null 1.6782ms
2025-10-30 10:50:50.819 +01:00 [INF] Request starting HTTP/1.1 POST http://localhost:5043/create - application/json 549
2025-10-30 10:50:50.819 +01:00 [INF] CORS policy execution successful.
2025-10-30 10:50:50.819 +01:00 [INF] Request finished HTTP/1.1 POST http://localhost:5043/create - 404 0 null 0.3975ms
2025-10-30 10:50:50.819 +01:00 [INF] Request reached the end of the middleware pipeline without being handled by application code. Request path: POST http://localhost:5043/create, Response status code: 404
2025-10-30 10:52:16.827 +01:00 [INF] Request starting HTTP/1.1 OPTIONS http://localhost:5043/create - null null
2025-10-30 10:52:16.828 +01:00 [INF] CORS policy execution successful.
2025-10-30 10:52:16.831 +01:00 [INF] Request finished HTTP/1.1 OPTIONS http://localhost:5043/create - 204 null null 3.6707ms
2025-10-30 10:52:16.832 +01:00 [INF] Request starting HTTP/1.1 POST http://localhost:5043/create - application/json 549
2025-10-30 10:52:16.833 +01:00 [INF] CORS policy execution successful.
2025-10-30 10:52:16.833 +01:00 [INF] Request finished HTTP/1.1 POST http://localhost:5043/create - 404 0 null 0.3244ms
2025-10-30 10:52:16.833 +01:00 [INF] Request reached the end of the middleware pipeline without being handled by application code. Request path: POST http://localhost:5043/create, Response status code: 404
2025-10-30 10:53:39.254 +01:00 [INF] Request starting HTTP/1.1 OPTIONS http://localhost:5043/create - null null
2025-10-30 10:53:39.254 +01:00 [INF] CORS policy execution successful.
2025-10-30 10:53:39.255 +01:00 [INF] Request finished HTTP/1.1 OPTIONS http://localhost:5043/create - 204 null null 0.7504ms
2025-10-30 10:53:39.256 +01:00 [INF] Request starting HTTP/1.1 POST http://localhost:5043/create - application/json 549
2025-10-30 10:53:39.257 +01:00 [INF] CORS policy execution successful.
2025-10-30 10:53:39.257 +01:00 [INF] Request finished HTTP/1.1 POST http://localhost:5043/create - 404 0 null 0.3439ms
2025-10-30 10:53:39.257 +01:00 [INF] Request reached the end of the middleware pipeline without being handled by application code. Request path: POST http://localhost:5043/create, Response status code: 404
2025-10-30 10:54:24.445 +01:00 [INF] Request starting HTTP/1.1 OPTIONS http://localhost:5043/api/Auth/login - null null
2025-10-30 10:54:24.446 +01:00 [INF] CORS policy execution successful.
2025-10-30 10:54:24.446 +01:00 [INF] Request finished HTTP/1.1 OPTIONS http://localhost:5043/api/Auth/login - 204 null null 0.8262ms
2025-10-30 10:54:24.447 +01:00 [INF] Request starting HTTP/1.1 POST http://localhost:5043/api/Auth/login - application/json 47
2025-10-30 10:54:24.448 +01:00 [INF] CORS policy execution successful.
2025-10-30 10:54:24.448 +01:00 [INF] Executing endpoint 'Que.Controllers.AuthController.Login (api)'
2025-10-30 10:54:24.448 +01:00 [INF] Route matched with {action = "Login", controller = "Auth"}. Executing controller action with signature System.Threading.Tasks.Task`1[Microsoft.AspNetCore.Mvc.IActionResult] Login(Que.DTOs.LoginDto) on controller Que.Controllers.AuthController (api).
2025-10-30 10:54:24.524 +01:00 [INF] [AuthAPIController] user authorized for Testbruker
2025-10-30 10:54:24.525 +01:00 [INF] [AuthAPIController] JWT token created for Testbruker
2025-10-30 10:54:24.525 +01:00 [INF] Executing OkObjectResult, writing value of type '<>f__AnonymousType1`1[[System.String, System.Private.CoreLib, Version=8.0.0.0, Culture=neutral, PublicKeyToken=7cec85d7bea7798e]]'.
2025-10-30 10:54:24.525 +01:00 [INF] Executed action Que.Controllers.AuthController.Login (api) in 77.0555ms
2025-10-30 10:54:24.525 +01:00 [INF] Executed endpoint 'Que.Controllers.AuthController.Login (api)'
2025-10-30 10:54:24.525 +01:00 [INF] Request finished HTTP/1.1 POST http://localhost:5043/api/Auth/login - 200 487 application/json; charset=utf-8 77.898ms
2025-10-30 10:54:24.547 +01:00 [INF] Request starting HTTP/1.1 GET http://localhost:5043/api/quizapi/quizlist - null null
2025-10-30 10:54:24.547 +01:00 [INF] CORS policy execution successful.
2025-10-30 10:54:24.547 +01:00 [INF] Executing endpoint 'Que.Controllers.QuizAPIController.QuizList (api)'
2025-10-30 10:54:24.548 +01:00 [INF] Route matched with {action = "QuizList", controller = "QuizAPI"}. Executing controller action with signature System.Threading.Tasks.Task`1[Microsoft.AspNetCore.Mvc.IActionResult] QuizList() on controller Que.Controllers.QuizAPIController (api).
2025-10-30 10:54:24.552 +01:00 [INF] Executing OkObjectResult, writing value of type 'System.Linq.Enumerable+SelectListIterator`2[[Que.Models.Quiz, api, Version=1.0.0.0, Culture=neutral, PublicKeyToken=null],[Que.DTOs.QuizDto, api, Version=1.0.0.0, Culture=neutral, PublicKeyToken=null]]'.
2025-10-30 10:54:24.552 +01:00 [INF] Executed action Que.Controllers.QuizAPIController.QuizList (api) in 4.2645ms
2025-10-30 10:54:24.552 +01:00 [INF] Executed endpoint 'Que.Controllers.QuizAPIController.QuizList (api)'
2025-10-30 10:54:24.552 +01:00 [INF] Request finished HTTP/1.1 GET http://localhost:5043/api/quizapi/quizlist - 200 149 application/json; charset=utf-8 5.1892ms
2025-10-30 10:54:24.553 +01:00 [INF] Request starting HTTP/1.1 GET http://localhost:5043/api/quizapi/quizlist - null null
2025-10-30 10:54:24.553 +01:00 [INF] CORS policy execution successful.
2025-10-30 10:54:24.553 +01:00 [INF] Executing endpoint 'Que.Controllers.QuizAPIController.QuizList (api)'
2025-10-30 10:54:24.553 +01:00 [INF] Route matched with {action = "QuizList", controller = "QuizAPI"}. Executing controller action with signature System.Threading.Tasks.Task`1[Microsoft.AspNetCore.Mvc.IActionResult] QuizList() on controller Que.Controllers.QuizAPIController (api).
2025-10-30 10:54:24.554 +01:00 [INF] Executing OkObjectResult, writing value of type 'System.Linq.Enumerable+SelectListIterator`2[[Que.Models.Quiz, api, Version=1.0.0.0, Culture=neutral, PublicKeyToken=null],[Que.DTOs.QuizDto, api, Version=1.0.0.0, Culture=neutral, PublicKeyToken=null]]'.
2025-10-30 10:54:24.554 +01:00 [INF] Executed action Que.Controllers.QuizAPIController.QuizList (api) in 1.2375ms
2025-10-30 10:54:24.554 +01:00 [INF] Executed endpoint 'Que.Controllers.QuizAPIController.QuizList (api)'
2025-10-30 10:54:24.555 +01:00 [INF] Request finished HTTP/1.1 GET http://localhost:5043/api/quizapi/quizlist - 200 149 application/json; charset=utf-8 1.5753ms
2025-10-30 10:54:26.684 +01:00 [INF] Request starting HTTP/1.1 GET http://localhost:5043/api/quizapi/1 - null null
2025-10-30 10:54:26.685 +01:00 [INF] CORS policy execution successful.
2025-10-30 10:54:26.685 +01:00 [INF] Executing endpoint 'Que.Controllers.QuizAPIController.GetQuiz (api)'
2025-10-30 10:54:26.690 +01:00 [INF] Route matched with {action = "GetQuiz", controller = "QuizAPI"}. Executing controller action with signature System.Threading.Tasks.Task`1[Microsoft.AspNetCore.Mvc.IActionResult] GetQuiz(Int32) on controller Que.Controllers.QuizAPIController (api).
2025-10-30 10:54:26.702 +01:00 [INF] Executing OkObjectResult, writing value of type 'Castle.Proxies.QuizProxy'.
2025-10-30 10:54:26.741 +01:00 [INF] Executed action Que.Controllers.QuizAPIController.GetQuiz (api) in 51.6208ms
2025-10-30 10:54:26.741 +01:00 [INF] Executed endpoint 'Que.Controllers.QuizAPIController.GetQuiz (api)'
2025-10-30 10:54:26.741 +01:00 [INF] Request finished HTTP/1.1 GET http://localhost:5043/api/quizapi/1 - 200 970 application/json; charset=utf-8 57.9688ms
2025-10-30 10:54:26.742 +01:00 [INF] Request starting HTTP/1.1 GET http://localhost:5043/api/quizapi/1 - null null
2025-10-30 10:54:26.742 +01:00 [INF] CORS policy execution successful.
2025-10-30 10:54:26.742 +01:00 [INF] Executing endpoint 'Que.Controllers.QuizAPIController.GetQuiz (api)'
2025-10-30 10:54:26.742 +01:00 [INF] Route matched with {action = "GetQuiz", controller = "QuizAPI"}. Executing controller action with signature System.Threading.Tasks.Task`1[Microsoft.AspNetCore.Mvc.IActionResult] GetQuiz(Int32) on controller Que.Controllers.QuizAPIController (api).
2025-10-30 10:54:26.743 +01:00 [INF] Executing OkObjectResult, writing value of type 'Castle.Proxies.QuizProxy'.
2025-10-30 10:54:26.744 +01:00 [INF] Executed action Que.Controllers.QuizAPIController.GetQuiz (api) in 2.3794ms
2025-10-30 10:54:26.745 +01:00 [INF] Executed endpoint 'Que.Controllers.QuizAPIController.GetQuiz (api)'
2025-10-30 10:54:26.745 +01:00 [INF] Request finished HTTP/1.1 GET http://localhost:5043/api/quizapi/1 - 200 970 application/json; charset=utf-8 2.7805ms
2025-10-30 10:54:27.380 +01:00 [INF] Request starting HTTP/1.1 GET http://localhost:5043/api/quizapi/quizlist - null null
2025-10-30 10:54:27.380 +01:00 [INF] CORS policy execution successful.
2025-10-30 10:54:27.380 +01:00 [INF] Executing endpoint 'Que.Controllers.QuizAPIController.QuizList (api)'
2025-10-30 10:54:27.380 +01:00 [INF] Route matched with {action = "QuizList", controller = "QuizAPI"}. Executing controller action with signature System.Threading.Tasks.Task`1[Microsoft.AspNetCore.Mvc.IActionResult] QuizList() on controller Que.Controllers.QuizAPIController (api).
2025-10-30 10:54:27.383 +01:00 [INF] Executing OkObjectResult, writing value of type 'System.Linq.Enumerable+SelectListIterator`2[[Que.Models.Quiz, api, Version=1.0.0.0, Culture=neutral, PublicKeyToken=null],[Que.DTOs.QuizDto, api, Version=1.0.0.0, Culture=neutral, PublicKeyToken=null]]'.
2025-10-30 10:54:27.384 +01:00 [INF] Executed action Que.Controllers.QuizAPIController.QuizList (api) in 3.1557ms
2025-10-30 10:54:27.384 +01:00 [INF] Executed endpoint 'Que.Controllers.QuizAPIController.QuizList (api)'
2025-10-30 10:54:27.384 +01:00 [INF] Request finished HTTP/1.1 GET http://localhost:5043/api/quizapi/quizlist - 200 149 application/json; charset=utf-8 4.129ms
2025-10-30 10:54:27.384 +01:00 [INF] Request starting HTTP/1.1 GET http://localhost:5043/api/quizapi/quizlist - null null
2025-10-30 10:54:27.384 +01:00 [INF] CORS policy execution successful.
2025-10-30 10:54:27.384 +01:00 [INF] Executing endpoint 'Que.Controllers.QuizAPIController.QuizList (api)'
2025-10-30 10:54:27.384 +01:00 [INF] Route matched with {action = "QuizList", controller = "QuizAPI"}. Executing controller action with signature System.Threading.Tasks.Task`1[Microsoft.AspNetCore.Mvc.IActionResult] QuizList() on controller Que.Controllers.QuizAPIController (api).
2025-10-30 10:54:27.386 +01:00 [INF] Executing OkObjectResult, writing value of type 'System.Linq.Enumerable+SelectListIterator`2[[Que.Models.Quiz, api, Version=1.0.0.0, Culture=neutral, PublicKeyToken=null],[Que.DTOs.QuizDto, api, Version=1.0.0.0, Culture=neutral, PublicKeyToken=null]]'.
2025-10-30 10:54:27.386 +01:00 [INF] Executed action Que.Controllers.QuizAPIController.QuizList (api) in 1.6753ms
2025-10-30 10:54:27.386 +01:00 [INF] Executed endpoint 'Que.Controllers.QuizAPIController.QuizList (api)'
2025-10-30 10:54:27.386 +01:00 [INF] Request finished HTTP/1.1 GET http://localhost:5043/api/quizapi/quizlist - 200 149 application/json; charset=utf-8 2.1947ms
2025-10-30 10:57:56.944 +01:00 [INF] Request starting HTTP/1.1 OPTIONS http://localhost:5043/api/Auth/login - null null
2025-10-30 10:57:56.945 +01:00 [INF] CORS policy execution successful.
2025-10-30 10:57:56.945 +01:00 [INF] Request finished HTTP/1.1 OPTIONS http://localhost:5043/api/Auth/login - 204 null null 1.3039ms
2025-10-30 10:57:56.947 +01:00 [INF] Request starting HTTP/1.1 POST http://localhost:5043/api/Auth/login - application/json 47
2025-10-30 10:57:56.947 +01:00 [INF] CORS policy execution successful.
2025-10-30 10:57:56.947 +01:00 [INF] Executing endpoint 'Que.Controllers.AuthController.Login (api)'
2025-10-30 10:57:56.947 +01:00 [INF] Route matched with {action = "Login", controller = "Auth"}. Executing controller action with signature System.Threading.Tasks.Task`1[Microsoft.AspNetCore.Mvc.IActionResult] Login(Que.DTOs.LoginDto) on controller Que.Controllers.AuthController (api).
2025-10-30 10:57:57.011 +01:00 [INF] [AuthAPIController] user authorized for Testbruker
2025-10-30 10:57:57.011 +01:00 [INF] [AuthAPIController] JWT token created for Testbruker
2025-10-30 10:57:57.011 +01:00 [INF] Executing OkObjectResult, writing value of type '<>f__AnonymousType1`1[[System.String, System.Private.CoreLib, Version=8.0.0.0, Culture=neutral, PublicKeyToken=7cec85d7bea7798e]]'.
2025-10-30 10:57:57.012 +01:00 [INF] Executed action Que.Controllers.AuthController.Login (api) in 64.5746ms
2025-10-30 10:57:57.012 +01:00 [INF] Executed endpoint 'Que.Controllers.AuthController.Login (api)'
2025-10-30 10:57:57.012 +01:00 [INF] Request finished HTTP/1.1 POST http://localhost:5043/api/Auth/login - 200 487 application/json; charset=utf-8 65.0176ms
2025-10-30 10:57:57.032 +01:00 [INF] Request starting HTTP/1.1 GET http://localhost:5043/api/quizapi/quizlist - null null
2025-10-30 10:57:57.032 +01:00 [INF] CORS policy execution successful.
2025-10-30 10:57:57.033 +01:00 [INF] Executing endpoint 'Que.Controllers.QuizAPIController.QuizList (api)'
2025-10-30 10:57:57.033 +01:00 [INF] Route matched with {action = "QuizList", controller = "QuizAPI"}. Executing controller action with signature System.Threading.Tasks.Task`1[Microsoft.AspNetCore.Mvc.IActionResult] QuizList() on controller Que.Controllers.QuizAPIController (api).
2025-10-30 10:57:57.034 +01:00 [INF] Executing OkObjectResult, writing value of type 'System.Linq.Enumerable+SelectListIterator`2[[Que.Models.Quiz, api, Version=1.0.0.0, Culture=neutral, PublicKeyToken=null],[Que.DTOs.QuizDto, api, Version=1.0.0.0, Culture=neutral, PublicKeyToken=null]]'.
2025-10-30 10:57:57.034 +01:00 [INF] Executed action Que.Controllers.QuizAPIController.QuizList (api) in 1.2045ms
2025-10-30 10:57:57.034 +01:00 [INF] Executed endpoint 'Que.Controllers.QuizAPIController.QuizList (api)'
2025-10-30 10:57:57.034 +01:00 [INF] Request finished HTTP/1.1 GET http://localhost:5043/api/quizapi/quizlist - 200 149 application/json; charset=utf-8 1.5644ms
2025-10-30 10:57:57.035 +01:00 [INF] Request starting HTTP/1.1 GET http://localhost:5043/api/quizapi/quizlist - null null
2025-10-30 10:57:57.035 +01:00 [INF] CORS policy execution successful.
2025-10-30 10:57:57.035 +01:00 [INF] Executing endpoint 'Que.Controllers.QuizAPIController.QuizList (api)'
2025-10-30 10:57:57.035 +01:00 [INF] Route matched with {action = "QuizList", controller = "QuizAPI"}. Executing controller action with signature System.Threading.Tasks.Task`1[Microsoft.AspNetCore.Mvc.IActionResult] QuizList() on controller Que.Controllers.QuizAPIController (api).
2025-10-30 10:57:57.036 +01:00 [INF] Executing OkObjectResult, writing value of type 'System.Linq.Enumerable+SelectListIterator`2[[Que.Models.Quiz, api, Version=1.0.0.0, Culture=neutral, PublicKeyToken=null],[Que.DTOs.QuizDto, api, Version=1.0.0.0, Culture=neutral, PublicKeyToken=null]]'.
2025-10-30 10:57:57.036 +01:00 [INF] Executed action Que.Controllers.QuizAPIController.QuizList (api) in 0.873ms
2025-10-30 10:57:57.036 +01:00 [INF] Executed endpoint 'Que.Controllers.QuizAPIController.QuizList (api)'
2025-10-30 10:57:57.036 +01:00 [INF] Request finished HTTP/1.1 GET http://localhost:5043/api/quizapi/quizlist - 200 149 application/json; charset=utf-8 1.1255ms
2025-10-30 11:08:10.171 +01:00 [INF] Request starting HTTP/1.1 GET http://localhost:5043/api/quizapi/quizlist - null null
2025-10-30 11:08:10.180 +01:00 [INF] CORS policy execution successful.
2025-10-30 11:08:10.182 +01:00 [INF] Executing endpoint 'Que.Controllers.QuizAPIController.QuizList (api)'
2025-10-30 11:08:10.183 +01:00 [INF] Route matched with {action = "QuizList", controller = "QuizAPI"}. Executing controller action with signature System.Threading.Tasks.Task`1[Microsoft.AspNetCore.Mvc.IActionResult] QuizList() on controller Que.Controllers.QuizAPIController (api).
2025-10-30 11:08:10.192 +01:00 [INF] Executing OkObjectResult, writing value of type 'System.Linq.Enumerable+SelectListIterator`2[[Que.Models.Quiz, api, Version=1.0.0.0, Culture=neutral, PublicKeyToken=null],[Que.DTOs.QuizDto, api, Version=1.0.0.0, Culture=neutral, PublicKeyToken=null]]'.
2025-10-30 11:08:10.193 +01:00 [INF] Executed action Que.Controllers.QuizAPIController.QuizList (api) in 9.5251ms
2025-10-30 11:08:10.193 +01:00 [INF] Executed endpoint 'Que.Controllers.QuizAPIController.QuizList (api)'
2025-10-30 11:08:10.193 +01:00 [INF] Request finished HTTP/1.1 GET http://localhost:5043/api/quizapi/quizlist - 200 149 application/json; charset=utf-8 22.3026ms
2025-10-30 11:08:10.194 +01:00 [INF] Request starting HTTP/1.1 GET http://localhost:5043/api/quizapi/quizlist - null null
2025-10-30 11:08:10.194 +01:00 [INF] CORS policy execution successful.
2025-10-30 11:08:10.194 +01:00 [INF] Executing endpoint 'Que.Controllers.QuizAPIController.QuizList (api)'
2025-10-30 11:08:10.194 +01:00 [INF] Route matched with {action = "QuizList", controller = "QuizAPI"}. Executing controller action with signature System.Threading.Tasks.Task`1[Microsoft.AspNetCore.Mvc.IActionResult] QuizList() on controller Que.Controllers.QuizAPIController (api).
2025-10-30 11:08:10.195 +01:00 [INF] Executing OkObjectResult, writing value of type 'System.Linq.Enumerable+SelectListIterator`2[[Que.Models.Quiz, api, Version=1.0.0.0, Culture=neutral, PublicKeyToken=null],[Que.DTOs.QuizDto, api, Version=1.0.0.0, Culture=neutral, PublicKeyToken=null]]'.
2025-10-30 11:08:10.195 +01:00 [INF] Executed action Que.Controllers.QuizAPIController.QuizList (api) in 1.3267ms
2025-10-30 11:08:10.195 +01:00 [INF] Executed endpoint 'Que.Controllers.QuizAPIController.QuizList (api)'
2025-10-30 11:08:10.195 +01:00 [INF] Request finished HTTP/1.1 GET http://localhost:5043/api/quizapi/quizlist - 200 149 application/json; charset=utf-8 1.6356ms
2025-10-30 11:21:57.281 +01:00 [INF] Request starting HTTP/1.1 OPTIONS http://localhost:5043/api/Auth/login - null null
2025-10-30 11:21:57.282 +01:00 [INF] CORS policy execution successful.
2025-10-30 11:21:57.284 +01:00 [INF] Request finished HTTP/1.1 OPTIONS http://localhost:5043/api/Auth/login - 204 null null 2.275ms
2025-10-30 11:21:57.285 +01:00 [INF] Request starting HTTP/1.1 POST http://localhost:5043/api/Auth/login - application/json 47
2025-10-30 11:21:57.285 +01:00 [INF] CORS policy execution successful.
2025-10-30 11:21:57.285 +01:00 [INF] Executing endpoint 'Que.Controllers.AuthController.Login (api)'
2025-10-30 11:21:57.286 +01:00 [INF] Route matched with {action = "Login", controller = "Auth"}. Executing controller action with signature System.Threading.Tasks.Task`1[Microsoft.AspNetCore.Mvc.IActionResult] Login(Que.DTOs.LoginDto) on controller Que.Controllers.AuthController (api).
2025-10-30 11:21:57.337 +01:00 [INF] [AuthAPIController] user authorized for Testbruker
2025-10-30 11:21:57.338 +01:00 [INF] [AuthAPIController] JWT token created for Testbruker
2025-10-30 11:21:57.338 +01:00 [INF] Executing OkObjectResult, writing value of type '<>f__AnonymousType1`1[[System.String, System.Private.CoreLib, Version=8.0.0.0, Culture=neutral, PublicKeyToken=7cec85d7bea7798e]]'.
2025-10-30 11:21:57.338 +01:00 [INF] Executed action Que.Controllers.AuthController.Login (api) in 52.5992ms
2025-10-30 11:21:57.338 +01:00 [INF] Executed endpoint 'Que.Controllers.AuthController.Login (api)'
2025-10-30 11:21:57.338 +01:00 [INF] Request finished HTTP/1.1 POST http://localhost:5043/api/Auth/login - 200 487 application/json; charset=utf-8 53.313ms
2025-10-30 11:21:57.355 +01:00 [INF] Request starting HTTP/1.1 GET http://localhost:5043/api/quizapi/quizlist - null null
2025-10-30 11:21:57.355 +01:00 [INF] CORS policy execution successful.
2025-10-30 11:21:57.355 +01:00 [INF] Executing endpoint 'Que.Controllers.QuizAPIController.QuizList (api)'
2025-10-30 11:21:57.355 +01:00 [INF] Route matched with {action = "QuizList", controller = "QuizAPI"}. Executing controller action with signature System.Threading.Tasks.Task`1[Microsoft.AspNetCore.Mvc.IActionResult] QuizList() on controller Que.Controllers.QuizAPIController (api).
2025-10-30 11:21:57.358 +01:00 [INF] Executing OkObjectResult, writing value of type 'System.Linq.Enumerable+SelectListIterator`2[[Que.Models.Quiz, api, Version=1.0.0.0, Culture=neutral, PublicKeyToken=null],[Que.DTOs.QuizDto, api, Version=1.0.0.0, Culture=neutral, PublicKeyToken=null]]'.
2025-10-30 11:21:57.358 +01:00 [INF] Executed action Que.Controllers.QuizAPIController.QuizList (api) in 2.5684ms
2025-10-30 11:21:57.358 +01:00 [INF] Executed endpoint 'Que.Controllers.QuizAPIController.QuizList (api)'
2025-10-30 11:21:57.358 +01:00 [INF] Request finished HTTP/1.1 GET http://localhost:5043/api/quizapi/quizlist - 200 149 application/json; charset=utf-8 3.0214ms
2025-10-30 11:21:57.358 +01:00 [INF] Request starting HTTP/1.1 GET http://localhost:5043/api/quizapi/quizlist - null null
2025-10-30 11:21:57.359 +01:00 [INF] CORS policy execution successful.
2025-10-30 11:21:57.359 +01:00 [INF] Executing endpoint 'Que.Controllers.QuizAPIController.QuizList (api)'
2025-10-30 11:21:57.359 +01:00 [INF] Route matched with {action = "QuizList", controller = "QuizAPI"}. Executing controller action with signature System.Threading.Tasks.Task`1[Microsoft.AspNetCore.Mvc.IActionResult] QuizList() on controller Que.Controllers.QuizAPIController (api).
2025-10-30 11:21:57.359 +01:00 [INF] Executing OkObjectResult, writing value of type 'System.Linq.Enumerable+SelectListIterator`2[[Que.Models.Quiz, api, Version=1.0.0.0, Culture=neutral, PublicKeyToken=null],[Que.DTOs.QuizDto, api, Version=1.0.0.0, Culture=neutral, PublicKeyToken=null]]'.
2025-10-30 11:21:57.360 +01:00 [INF] Executed action Que.Controllers.QuizAPIController.QuizList (api) in 0.8015ms
2025-10-30 11:21:57.360 +01:00 [INF] Executed endpoint 'Que.Controllers.QuizAPIController.QuizList (api)'
2025-10-30 11:21:57.360 +01:00 [INF] Request finished HTTP/1.1 GET http://localhost:5043/api/quizapi/quizlist - 200 149 application/json; charset=utf-8 1.1227ms
2025-10-30 11:22:00.948 +01:00 [INF] Request starting HTTP/1.1 GET http://localhost:5043/api/quizapi/quizlist - null null
2025-10-30 11:22:00.948 +01:00 [INF] CORS policy execution successful.
2025-10-30 11:22:00.948 +01:00 [INF] Executing endpoint 'Que.Controllers.QuizAPIController.QuizList (api)'
2025-10-30 11:22:00.949 +01:00 [INF] Route matched with {action = "QuizList", controller = "QuizAPI"}. Executing controller action with signature System.Threading.Tasks.Task`1[Microsoft.AspNetCore.Mvc.IActionResult] QuizList() on controller Que.Controllers.QuizAPIController (api).
2025-10-30 11:22:00.951 +01:00 [INF] Executing OkObjectResult, writing value of type 'System.Linq.Enumerable+SelectListIterator`2[[Que.Models.Quiz, api, Version=1.0.0.0, Culture=neutral, PublicKeyToken=null],[Que.DTOs.QuizDto, api, Version=1.0.0.0, Culture=neutral, PublicKeyToken=null]]'.
2025-10-30 11:22:00.951 +01:00 [INF] Executed action Que.Controllers.QuizAPIController.QuizList (api) in 2.4521ms
2025-10-30 11:22:00.951 +01:00 [INF] Executed endpoint 'Que.Controllers.QuizAPIController.QuizList (api)'
2025-10-30 11:22:00.951 +01:00 [INF] Request finished HTTP/1.1 GET http://localhost:5043/api/quizapi/quizlist - 200 149 application/json; charset=utf-8 3.2348ms
2025-10-30 11:22:00.952 +01:00 [INF] Request starting HTTP/1.1 GET http://localhost:5043/api/quizapi/quizlist - null null
2025-10-30 11:22:00.952 +01:00 [INF] CORS policy execution successful.
2025-10-30 11:22:00.952 +01:00 [INF] Executing endpoint 'Que.Controllers.QuizAPIController.QuizList (api)'
2025-10-30 11:22:00.952 +01:00 [INF] Route matched with {action = "QuizList", controller = "QuizAPI"}. Executing controller action with signature System.Threading.Tasks.Task`1[Microsoft.AspNetCore.Mvc.IActionResult] QuizList() on controller Que.Controllers.QuizAPIController (api).
2025-10-30 11:22:00.953 +01:00 [INF] Executing OkObjectResult, writing value of type 'System.Linq.Enumerable+SelectListIterator`2[[Que.Models.Quiz, api, Version=1.0.0.0, Culture=neutral, PublicKeyToken=null],[Que.DTOs.QuizDto, api, Version=1.0.0.0, Culture=neutral, PublicKeyToken=null]]'.
2025-10-30 11:22:00.953 +01:00 [INF] Executed action Que.Controllers.QuizAPIController.QuizList (api) in 1.429ms
2025-10-30 11:22:00.953 +01:00 [INF] Executed endpoint 'Que.Controllers.QuizAPIController.QuizList (api)'
2025-10-30 11:22:00.953 +01:00 [INF] Request finished HTTP/1.1 GET http://localhost:5043/api/quizapi/quizlist - 200 149 application/json; charset=utf-8 1.794ms
2025-10-30 11:22:08.631 +01:00 [INF] Request starting HTTP/1.1 OPTIONS http://localhost:5043/api/Auth/login - null null
2025-10-30 11:22:08.632 +01:00 [INF] CORS policy execution successful.
2025-10-30 11:22:08.632 +01:00 [INF] Request finished HTTP/1.1 OPTIONS http://localhost:5043/api/Auth/login - 204 null null 0.6415ms
2025-10-30 11:22:08.633 +01:00 [INF] Request starting HTTP/1.1 POST http://localhost:5043/api/Auth/login - application/json 47
2025-10-30 11:22:08.633 +01:00 [INF] CORS policy execution successful.
2025-10-30 11:22:08.633 +01:00 [INF] Executing endpoint 'Que.Controllers.AuthController.Login (api)'
2025-10-30 11:22:08.633 +01:00 [INF] Route matched with {action = "Login", controller = "Auth"}. Executing controller action with signature System.Threading.Tasks.Task`1[Microsoft.AspNetCore.Mvc.IActionResult] Login(Que.DTOs.LoginDto) on controller Que.Controllers.AuthController (api).
2025-10-30 11:22:08.686 +01:00 [INF] [AuthAPIController] user authorized for Testbruker
2025-10-30 11:22:08.686 +01:00 [INF] [AuthAPIController] JWT token created for Testbruker
2025-10-30 11:22:08.687 +01:00 [INF] Executing OkObjectResult, writing value of type '<>f__AnonymousType1`1[[System.String, System.Private.CoreLib, Version=8.0.0.0, Culture=neutral, PublicKeyToken=7cec85d7bea7798e]]'.
2025-10-30 11:22:08.687 +01:00 [INF] Executed action Que.Controllers.AuthController.Login (api) in 53.4255ms
2025-10-30 11:22:08.687 +01:00 [INF] Executed endpoint 'Que.Controllers.AuthController.Login (api)'
2025-10-30 11:22:08.687 +01:00 [INF] Request finished HTTP/1.1 POST http://localhost:5043/api/Auth/login - 200 487 application/json; charset=utf-8 54.0025ms
2025-10-30 11:22:08.699 +01:00 [INF] Request starting HTTP/1.1 GET http://localhost:5043/api/quizapi/quizlist - null null
2025-10-30 11:22:08.700 +01:00 [INF] CORS policy execution successful.
2025-10-30 11:22:08.700 +01:00 [INF] Executing endpoint 'Que.Controllers.QuizAPIController.QuizList (api)'
2025-10-30 11:22:08.700 +01:00 [INF] Route matched with {action = "QuizList", controller = "QuizAPI"}. Executing controller action with signature System.Threading.Tasks.Task`1[Microsoft.AspNetCore.Mvc.IActionResult] QuizList() on controller Que.Controllers.QuizAPIController (api).
2025-10-30 11:22:08.702 +01:00 [INF] Executing OkObjectResult, writing value of type 'System.Linq.Enumerable+SelectListIterator`2[[Que.Models.Quiz, api, Version=1.0.0.0, Culture=neutral, PublicKeyToken=null],[Que.DTOs.QuizDto, api, Version=1.0.0.0, Culture=neutral, PublicKeyToken=null]]'.
2025-10-30 11:22:08.702 +01:00 [INF] Executed action Que.Controllers.QuizAPIController.QuizList (api) in 2.217ms
2025-10-30 11:22:08.702 +01:00 [INF] Executed endpoint 'Que.Controllers.QuizAPIController.QuizList (api)'
2025-10-30 11:22:08.702 +01:00 [INF] Request finished HTTP/1.1 GET http://localhost:5043/api/quizapi/quizlist - 200 149 application/json; charset=utf-8 3.4576ms
2025-10-30 11:22:08.703 +01:00 [INF] Request starting HTTP/1.1 GET http://localhost:5043/api/quizapi/quizlist - null null
2025-10-30 11:22:08.703 +01:00 [INF] CORS policy execution successful.
2025-10-30 11:22:08.703 +01:00 [INF] Executing endpoint 'Que.Controllers.QuizAPIController.QuizList (api)'
2025-10-30 11:22:08.703 +01:00 [INF] Route matched with {action = "QuizList", controller = "QuizAPI"}. Executing controller action with signature System.Threading.Tasks.Task`1[Microsoft.AspNetCore.Mvc.IActionResult] QuizList() on controller Que.Controllers.QuizAPIController (api).
2025-10-30 11:22:08.705 +01:00 [INF] Executing OkObjectResult, writing value of type 'System.Linq.Enumerable+SelectListIterator`2[[Que.Models.Quiz, api, Version=1.0.0.0, Culture=neutral, PublicKeyToken=null],[Que.DTOs.QuizDto, api, Version=1.0.0.0, Culture=neutral, PublicKeyToken=null]]'.
2025-10-30 11:22:08.705 +01:00 [INF] Executed action Que.Controllers.QuizAPIController.QuizList (api) in 1.852ms
2025-10-30 11:22:08.705 +01:00 [INF] Executed endpoint 'Que.Controllers.QuizAPIController.QuizList (api)'
2025-10-30 11:22:08.705 +01:00 [INF] Request finished HTTP/1.1 GET http://localhost:5043/api/quizapi/quizlist - 200 149 application/json; charset=utf-8 2.205ms
2025-10-30 11:22:30.893 +01:00 [INF] Request starting HTTP/1.1 GET http://localhost:5043/api/quizapi/quizlist - null null
2025-10-30 11:22:30.893 +01:00 [INF] CORS policy execution successful.
2025-10-30 11:22:30.893 +01:00 [INF] Executing endpoint 'Que.Controllers.QuizAPIController.QuizList (api)'
2025-10-30 11:22:30.893 +01:00 [INF] Route matched with {action = "QuizList", controller = "QuizAPI"}. Executing controller action with signature System.Threading.Tasks.Task`1[Microsoft.AspNetCore.Mvc.IActionResult] QuizList() on controller Que.Controllers.QuizAPIController (api).
2025-10-30 11:22:30.896 +01:00 [INF] Executing OkObjectResult, writing value of type 'System.Linq.Enumerable+SelectListIterator`2[[Que.Models.Quiz, api, Version=1.0.0.0, Culture=neutral, PublicKeyToken=null],[Que.DTOs.QuizDto, api, Version=1.0.0.0, Culture=neutral, PublicKeyToken=null]]'.
2025-10-30 11:22:30.897 +01:00 [INF] Executed action Que.Controllers.QuizAPIController.QuizList (api) in 3.2834ms
2025-10-30 11:22:30.897 +01:00 [INF] Executed endpoint 'Que.Controllers.QuizAPIController.QuizList (api)'
2025-10-30 11:22:30.897 +01:00 [INF] Request finished HTTP/1.1 GET http://localhost:5043/api/quizapi/quizlist - 200 149 application/json; charset=utf-8 4.0935ms
2025-10-30 11:22:30.898 +01:00 [INF] Request starting HTTP/1.1 GET http://localhost:5043/api/quizapi/quizlist - null null
2025-10-30 11:22:30.898 +01:00 [INF] CORS policy execution successful.
2025-10-30 11:22:30.898 +01:00 [INF] Executing endpoint 'Que.Controllers.QuizAPIController.QuizList (api)'
2025-10-30 11:22:30.898 +01:00 [INF] Route matched with {action = "QuizList", controller = "QuizAPI"}. Executing controller action with signature System.Threading.Tasks.Task`1[Microsoft.AspNetCore.Mvc.IActionResult] QuizList() on controller Que.Controllers.QuizAPIController (api).
2025-10-30 11:22:30.899 +01:00 [INF] Executing OkObjectResult, writing value of type 'System.Linq.Enumerable+SelectListIterator`2[[Que.Models.Quiz, api, Version=1.0.0.0, Culture=neutral, PublicKeyToken=null],[Que.DTOs.QuizDto, api, Version=1.0.0.0, Culture=neutral, PublicKeyToken=null]]'.
2025-10-30 11:22:30.899 +01:00 [INF] Executed action Que.Controllers.QuizAPIController.QuizList (api) in 0.9086ms
2025-10-30 11:22:30.899 +01:00 [INF] Executed endpoint 'Que.Controllers.QuizAPIController.QuizList (api)'
2025-10-30 11:22:30.899 +01:00 [INF] Request finished HTTP/1.1 GET http://localhost:5043/api/quizapi/quizlist - 200 149 application/json; charset=utf-8 1.2255ms
2025-10-30 11:23:18.056 +01:00 [INF] Application is shutting down...
