2025-10-30 16:38:23.704 +01:00 [INF] User profile is available. Using '/Users/arthurflotvik/.aspnet/DataProtection-Keys' as key repository; keys will not be encrypted at rest.
2025-10-30 16:38:23.729 +01:00 [INF] Now listening on: http://localhost:5043
2025-10-30 16:38:23.730 +01:00 [INF] Application started. Press Ctrl+C to shut down.
2025-10-30 16:38:23.731 +01:00 [INF] Hosting environment: Development
2025-10-30 16:38:23.731 +01:00 [INF] Content root path: /Users/arthurflotvik/Documents/QueREACT/api
2025-10-30 16:38:28.049 +01:00 [INF] Request starting HTTP/1.1 GET http://localhost:5043/api/quizapi/quizlist - null null
2025-10-30 16:38:28.066 +01:00 [INF] CORS policy execution successful.
2025-10-30 16:38:28.086 +01:00 [INF] Authorization failed. These requirements were not met:
DenyAnonymousAuthorizationRequirement: Requires an authenticated user.
2025-10-30 16:38:28.088 +01:00 [INF] AuthenticationScheme: Bearer was challenged.
2025-10-30 16:38:28.091 +01:00 [INF] Request finished HTTP/1.1 GET http://localhost:5043/api/quizapi/quizlist - 401 0 null 42.4332ms
2025-10-30 16:38:28.093 +01:00 [INF] Request starting HTTP/1.1 GET http://localhost:5043/api/quizapi/quizlist - null null
2025-10-30 16:38:28.094 +01:00 [INF] CORS policy execution successful.
2025-10-30 16:38:28.095 +01:00 [INF] Authorization failed. These requirements were not met:
DenyAnonymousAuthorizationRequirement: Requires an authenticated user.
2025-10-30 16:38:28.095 +01:00 [INF] AuthenticationScheme: Bearer was challenged.
2025-10-30 16:38:28.095 +01:00 [INF] Request finished HTTP/1.1 GET http://localhost:5043/api/quizapi/quizlist - 401 0 null 2.7265ms
2025-10-30 16:38:29.506 +01:00 [INF] Request starting HTTP/1.1 GET http://localhost:5043/api/quizapi/quizlist - null null
2025-10-30 16:38:29.507 +01:00 [INF] CORS policy execution successful.
2025-10-30 16:38:29.509 +01:00 [INF] Authorization failed. These requirements were not met:
DenyAnonymousAuthorizationRequirement: Requires an authenticated user.
2025-10-30 16:38:29.509 +01:00 [INF] AuthenticationScheme: Bearer was challenged.
2025-10-30 16:38:29.509 +01:00 [INF] Request finished HTTP/1.1 GET http://localhost:5043/api/quizapi/quizlist - 401 0 null 3.4807ms
2025-10-30 16:41:36.053 +01:00 [INF] Request starting HTTP/1.1 OPTIONS http://localhost:5043/api/quizapi/create - null null
2025-10-30 16:41:36.054 +01:00 [INF] CORS policy execution successful.
2025-10-30 16:41:36.055 +01:00 [INF] Request finished HTTP/1.1 OPTIONS http://localhost:5043/api/quizapi/create - 204 null null 1.8432ms
2025-10-30 16:41:36.057 +01:00 [INF] Request starting HTTP/1.1 POST http://localhost:5043/api/quizapi/create - application/json 509
2025-10-30 16:41:36.057 +01:00 [INF] CORS policy execution successful.
2025-10-30 16:41:36.109 +01:00 [INF] Executing endpoint 'Que.Controllers.QuizAPIController.Create (api)'
2025-10-30 16:41:36.119 +01:00 [INF] Route matched with {action = "Create", controller = "QuizAPI"}. Executing controller action with signature System.Threading.Tasks.Task`1[Microsoft.AspNetCore.Mvc.IActionResult] Create(Que.DTOs.QuizDto) on controller Que.Controllers.QuizAPIController (api).
2025-10-30 16:41:36.164 +01:00 [INF] Executing UnauthorizedObjectResult, writing value of type 'System.String'.
2025-10-30 16:41:36.165 +01:00 [INF] Executed action Que.Controllers.QuizAPIController.Create (api) in 44.7005ms
2025-10-30 16:41:36.165 +01:00 [INF] Executed endpoint 'Que.Controllers.QuizAPIController.Create (api)'
2025-10-30 16:41:36.166 +01:00 [INF] Request finished HTTP/1.1 POST http://localhost:5043/api/quizapi/create - 401 null text/plain; charset=utf-8 109.2194ms
2025-10-30 16:54:37.781 +01:00 [INF] Application is shutting down...
