2025-10-25 19:20:27.026 +02:00 [INF] Now listening on: http://localhost:5043
2025-10-25 19:20:27.031 +02:00 [INF] Application started. Press Ctrl+C to shut down.
2025-10-25 19:20:27.031 +02:00 [INF] Hosting environment: Development
2025-10-25 19:20:27.031 +02:00 [INF] Content root path: /Users/arthurflotvik/Documents/QueREACT/api
2025-10-25 19:20:28.129 +02:00 [INF] Request starting HTTP/1.1 GET http://localhost:5043/api/quizapi/quizList - null null
2025-10-25 19:20:28.167 +02:00 [INF] CORS policy execution successful.
2025-10-25 19:20:28.169 +02:00 [INF] Executing endpoint 'Que.Controllers.QuizAPIController.QuizList (api)'
2025-10-25 19:20:28.175 +02:00 [INF] Route matched with {action = "QuizList", controller = "QuizAPI"}. Executing controller action with signature System.Threading.Tasks.Task`1[Microsoft.AspNetCore.Mvc.IActionResult] QuizList() on controller Que.Controllers.QuizAPIController (api).
2025-10-25 19:20:28.268 +02:00 [WRN] Compiling a query which loads related collections for more than one collection navigation, either via 'Include' or through projection, but no 'QuerySplittingBehavior' has been configured. By default, Entity Framework will use 'QuerySplittingBehavior.SingleQuery', which can potentially result in slow query performance. See https://go.microsoft.com/fwlink/?linkid=2134277 for more information. To identify the query that's triggering this warning call 'ConfigureWarnings(w => w.Throw(RelationalEventId.MultipleCollectionIncludeWarning))'.
2025-10-25 19:20:28.315 +02:00 [INF] Executing OkObjectResult, writing value of type 'System.Linq.Enumerable+SelectListIterator`2[[Que.Models.Quiz, api, Version=1.0.0.0, Culture=neutral, PublicKeyToken=null],[Que.DTOs.QuizDto, api, Version=1.0.0.0, Culture=neutral, PublicKeyToken=null]]'.
2025-10-25 19:20:28.362 +02:00 [INF] Executed action Que.Controllers.QuizAPIController.QuizList (api) in 185.3864ms
2025-10-25 19:20:28.362 +02:00 [INF] Request starting HTTP/1.1 GET http://localhost:5043/api/quizapi/quizList - null null
2025-10-25 19:20:28.363 +02:00 [INF] Executed endpoint 'Que.Controllers.QuizAPIController.QuizList (api)'
2025-10-25 19:20:28.364 +02:00 [INF] CORS policy execution successful.
2025-10-25 19:20:28.364 +02:00 [INF] Executing endpoint 'Que.Controllers.QuizAPIController.QuizList (api)'
2025-10-25 19:20:28.364 +02:00 [INF] Route matched with {action = "QuizList", controller = "QuizAPI"}. Executing controller action with signature System.Threading.Tasks.Task`1[Microsoft.AspNetCore.Mvc.IActionResult] QuizList() on controller Que.Controllers.QuizAPIController (api).
2025-10-25 19:20:28.365 +02:00 [INF] Request finished HTTP/1.1 GET http://localhost:5043/api/quizapi/quizList - 200 261 application/json; charset=utf-8 238.2534ms
2025-10-25 19:20:28.388 +02:00 [INF] Executing OkObjectResult, writing value of type 'System.Linq.Enumerable+SelectListIterator`2[[Que.Models.Quiz, api, Version=1.0.0.0, Culture=neutral, PublicKeyToken=null],[Que.DTOs.QuizDto, api, Version=1.0.0.0, Culture=neutral, PublicKeyToken=null]]'.
2025-10-25 19:20:28.388 +02:00 [INF] Executed action Que.Controllers.QuizAPIController.QuizList (api) in 24.3128ms
2025-10-25 19:20:28.389 +02:00 [INF] Executed endpoint 'Que.Controllers.QuizAPIController.QuizList (api)'
2025-10-25 19:20:28.389 +02:00 [INF] Request finished HTTP/1.1 GET http://localhost:5043/api/quizapi/quizList - 200 261 application/json; charset=utf-8 26.3589ms
2025-10-25 19:20:33.546 +02:00 [INF] Request starting HTTP/1.1 GET http://localhost:5043/api/quizapi/quizList - null null
2025-10-25 19:20:33.548 +02:00 [INF] CORS policy execution successful.
2025-10-25 19:20:33.548 +02:00 [INF] Executing endpoint 'Que.Controllers.QuizAPIController.QuizList (api)'
2025-10-25 19:20:33.549 +02:00 [INF] Route matched with {action = "QuizList", controller = "QuizAPI"}. Executing controller action with signature System.Threading.Tasks.Task`1[Microsoft.AspNetCore.Mvc.IActionResult] QuizList() on controller Que.Controllers.QuizAPIController (api).
2025-10-25 19:20:33.553 +02:00 [INF] Executing OkObjectResult, writing value of type 'System.Linq.Enumerable+SelectListIterator`2[[Que.Models.Quiz, api, Version=1.0.0.0, Culture=neutral, PublicKeyToken=null],[Que.DTOs.QuizDto, api, Version=1.0.0.0, Culture=neutral, PublicKeyToken=null]]'.
2025-10-25 19:20:33.554 +02:00 [INF] Executed action Que.Controllers.QuizAPIController.QuizList (api) in 4.8057ms
2025-10-25 19:20:33.554 +02:00 [INF] Executed endpoint 'Que.Controllers.QuizAPIController.QuizList (api)'
2025-10-25 19:20:33.554 +02:00 [INF] Request finished HTTP/1.1 GET http://localhost:5043/api/quizapi/quizList - 200 261 application/json; charset=utf-8 7.5919ms
2025-10-25 19:20:34.301 +02:00 [INF] Request starting HTTP/1.1 GET http://localhost:5043/api/quizapi/quizList - null null
2025-10-25 19:20:34.302 +02:00 [INF] CORS policy execution successful.
2025-10-25 19:20:34.303 +02:00 [INF] Executing endpoint 'Que.Controllers.QuizAPIController.QuizList (api)'
2025-10-25 19:20:34.303 +02:00 [INF] Route matched with {action = "QuizList", controller = "QuizAPI"}. Executing controller action with signature System.Threading.Tasks.Task`1[Microsoft.AspNetCore.Mvc.IActionResult] QuizList() on controller Que.Controllers.QuizAPIController (api).
2025-10-25 19:20:34.307 +02:00 [INF] Executing OkObjectResult, writing value of type 'System.Linq.Enumerable+SelectListIterator`2[[Que.Models.Quiz, api, Version=1.0.0.0, Culture=neutral, PublicKeyToken=null],[Que.DTOs.QuizDto, api, Version=1.0.0.0, Culture=neutral, PublicKeyToken=null]]'.
2025-10-25 19:20:34.308 +02:00 [INF] Executed action Que.Controllers.QuizAPIController.QuizList (api) in 4.7702ms
2025-10-25 19:20:34.308 +02:00 [INF] Executed endpoint 'Que.Controllers.QuizAPIController.QuizList (api)'
2025-10-25 19:20:34.308 +02:00 [INF] Request finished HTTP/1.1 GET http://localhost:5043/api/quizapi/quizList - 200 261 application/json; charset=utf-8 7.1053ms
2025-10-25 19:20:44.812 +02:00 [INF] Request starting HTTP/1.1 OPTIONS http://localhost:5043/api/quizapi/delete/2 - null null
2025-10-25 19:20:44.814 +02:00 [INF] CORS policy execution successful.
2025-10-25 19:20:44.815 +02:00 [INF] Request finished HTTP/1.1 OPTIONS http://localhost:5043/api/quizapi/delete/2 - 204 null null 2.6427ms
2025-10-25 19:20:44.816 +02:00 [INF] Request starting HTTP/1.1 DELETE http://localhost:5043/api/quizapi/delete/2 - null null
2025-10-25 19:20:44.817 +02:00 [INF] CORS policy execution successful.
2025-10-25 19:20:44.817 +02:00 [INF] Executing endpoint 'Que.Controllers.QuizAPIController.DeleteConfirmed (api)'
2025-10-25 19:20:44.824 +02:00 [INF] Route matched with {action = "DeleteConfirmed", controller = "QuizAPI"}. Executing controller action with signature System.Threading.Tasks.Task`1[Microsoft.AspNetCore.Mvc.IActionResult] DeleteConfirmed(Int32) on controller Que.Controllers.QuizAPIController (api).
2025-10-25 19:20:44.898 +02:00 [INF] Executing StatusCodeResult, setting HTTP status code 204
2025-10-25 19:20:44.898 +02:00 [INF] Executed action Que.Controllers.QuizAPIController.DeleteConfirmed (api) in 74.0405ms
2025-10-25 19:20:44.898 +02:00 [INF] Executed endpoint 'Que.Controllers.QuizAPIController.DeleteConfirmed (api)'
2025-10-25 19:20:44.898 +02:00 [INF] Request finished HTTP/1.1 DELETE http://localhost:5043/api/quizapi/delete/2 - 204 null null 81.7043ms
2025-10-25 19:22:10.516 +02:00 [INF] Request starting HTTP/1.1 OPTIONS http://localhost:5043/api/quizapi/create - null null
2025-10-25 19:22:10.519 +02:00 [INF] CORS policy execution successful.
2025-10-25 19:22:10.520 +02:00 [INF] Request finished HTTP/1.1 OPTIONS http://localhost:5043/api/quizapi/create - 204 null null 3.9702ms
2025-10-25 19:22:10.522 +02:00 [INF] Request starting HTTP/1.1 POST http://localhost:5043/api/quizapi/create - application/json 95
2025-10-25 19:22:10.523 +02:00 [INF] CORS policy execution successful.
2025-10-25 19:22:10.524 +02:00 [INF] Executing endpoint 'Que.Controllers.QuizAPIController.Create (api)'
2025-10-25 19:22:10.543 +02:00 [INF] Route matched with {action = "Create", controller = "QuizAPI"}. Executing controller action with signature System.Threading.Tasks.Task`1[Microsoft.AspNetCore.Mvc.IActionResult] Create(Que.DTOs.QuizDto) on controller Que.Controllers.QuizAPIController (api).
2025-10-25 19:22:10.592 +02:00 [INF] Executing CreatedAtActionResult, writing value of type 'Que.Models.Quiz'.
2025-10-25 19:22:10.605 +02:00 [INF] Executed action Que.Controllers.QuizAPIController.Create (api) in 61.8343ms
2025-10-25 19:22:10.605 +02:00 [INF] Executed endpoint 'Que.Controllers.QuizAPIController.Create (api)'
2025-10-25 19:22:10.605 +02:00 [INF] Request finished HTTP/1.1 POST http://localhost:5043/api/quizapi/create - 201 121 application/json; charset=utf-8 83.0312ms
2025-10-25 19:22:10.620 +02:00 [INF] Request starting HTTP/1.1 GET http://localhost:5043/api/quizapi/quizList - null null
2025-10-25 19:22:10.621 +02:00 [INF] CORS policy execution successful.
2025-10-25 19:22:10.621 +02:00 [INF] Executing endpoint 'Que.Controllers.QuizAPIController.QuizList (api)'
2025-10-25 19:22:10.621 +02:00 [INF] Route matched with {action = "QuizList", controller = "QuizAPI"}. Executing controller action with signature System.Threading.Tasks.Task`1[Microsoft.AspNetCore.Mvc.IActionResult] QuizList() on controller Que.Controllers.QuizAPIController (api).
2025-10-25 19:22:10.624 +02:00 [INF] Executing OkObjectResult, writing value of type 'System.Linq.Enumerable+SelectListIterator`2[[Que.Models.Quiz, api, Version=1.0.0.0, Culture=neutral, PublicKeyToken=null],[Que.DTOs.QuizDto, api, Version=1.0.0.0, Culture=neutral, PublicKeyToken=null]]'.
2025-10-25 19:22:10.624 +02:00 [INF] Executed action Que.Controllers.QuizAPIController.QuizList (api) in 3.551ms
2025-10-25 19:22:10.625 +02:00 [INF] Executed endpoint 'Que.Controllers.QuizAPIController.QuizList (api)'
2025-10-25 19:22:10.625 +02:00 [INF] Request finished HTTP/1.1 GET http://localhost:5043/api/quizapi/quizList - 200 256 application/json; charset=utf-8 4.4117ms
2025-10-25 19:22:10.627 +02:00 [INF] Request starting HTTP/1.1 GET http://localhost:5043/api/quizapi/quizList - null null
2025-10-25 19:22:10.628 +02:00 [INF] CORS policy execution successful.
2025-10-25 19:22:10.628 +02:00 [INF] Executing endpoint 'Que.Controllers.QuizAPIController.QuizList (api)'
2025-10-25 19:22:10.628 +02:00 [INF] Route matched with {action = "QuizList", controller = "QuizAPI"}. Executing controller action with signature System.Threading.Tasks.Task`1[Microsoft.AspNetCore.Mvc.IActionResult] QuizList() on controller Que.Controllers.QuizAPIController (api).
2025-10-25 19:22:10.633 +02:00 [INF] Executing OkObjectResult, writing value of type 'System.Linq.Enumerable+SelectListIterator`2[[Que.Models.Quiz, api, Version=1.0.0.0, Culture=neutral, PublicKeyToken=null],[Que.DTOs.QuizDto, api, Version=1.0.0.0, Culture=neutral, PublicKeyToken=null]]'.
2025-10-25 19:22:10.634 +02:00 [INF] Executed action Que.Controllers.QuizAPIController.QuizList (api) in 5.8296ms
2025-10-25 19:22:10.634 +02:00 [INF] Executed endpoint 'Que.Controllers.QuizAPIController.QuizList (api)'
2025-10-25 19:22:10.634 +02:00 [INF] Request finished HTTP/1.1 GET http://localhost:5043/api/quizapi/quizList - 200 256 application/json; charset=utf-8 7.451ms
2025-10-25 19:24:17.195 +02:00 [INF] Request starting HTTP/1.1 GET http://localhost:5043/api/quizapi/quizList - null null
2025-10-25 19:24:17.197 +02:00 [INF] CORS policy execution successful.
2025-10-25 19:24:17.197 +02:00 [INF] Executing endpoint 'Que.Controllers.QuizAPIController.QuizList (api)'
2025-10-25 19:24:17.197 +02:00 [INF] Route matched with {action = "QuizList", controller = "QuizAPI"}. Executing controller action with signature System.Threading.Tasks.Task`1[Microsoft.AspNetCore.Mvc.IActionResult] QuizList() on controller Que.Controllers.QuizAPIController (api).
2025-10-25 19:24:17.205 +02:00 [INF] Executing OkObjectResult, writing value of type 'System.Linq.Enumerable+SelectListIterator`2[[Que.Models.Quiz, api, Version=1.0.0.0, Culture=neutral, PublicKeyToken=null],[Que.DTOs.QuizDto, api, Version=1.0.0.0, Culture=neutral, PublicKeyToken=null]]'.
2025-10-25 19:24:17.205 +02:00 [INF] Executed action Que.Controllers.QuizAPIController.QuizList (api) in 7.9562ms
2025-10-25 19:24:17.206 +02:00 [INF] Executed endpoint 'Que.Controllers.QuizAPIController.QuizList (api)'
2025-10-25 19:24:17.206 +02:00 [INF] Request finished HTTP/1.1 GET http://localhost:5043/api/quizapi/quizList - 200 256 application/json; charset=utf-8 11.6053ms
2025-10-25 19:24:17.211 +02:00 [INF] Request starting HTTP/1.1 GET http://localhost:5043/api/quizapi/quizList - null null
2025-10-25 19:24:17.211 +02:00 [INF] CORS policy execution successful.
2025-10-25 19:24:17.211 +02:00 [INF] Executing endpoint 'Que.Controllers.QuizAPIController.QuizList (api)'
2025-10-25 19:24:17.211 +02:00 [INF] Route matched with {action = "QuizList", controller = "QuizAPI"}. Executing controller action with signature System.Threading.Tasks.Task`1[Microsoft.AspNetCore.Mvc.IActionResult] QuizList() on controller Que.Controllers.QuizAPIController (api).
2025-10-25 19:24:17.214 +02:00 [INF] Executing OkObjectResult, writing value of type 'System.Linq.Enumerable+SelectListIterator`2[[Que.Models.Quiz, api, Version=1.0.0.0, Culture=neutral, PublicKeyToken=null],[Que.DTOs.QuizDto, api, Version=1.0.0.0, Culture=neutral, PublicKeyToken=null]]'.
2025-10-25 19:24:17.214 +02:00 [INF] Executed action Que.Controllers.QuizAPIController.QuizList (api) in 2.7907ms
2025-10-25 19:24:17.214 +02:00 [INF] Executed endpoint 'Que.Controllers.QuizAPIController.QuizList (api)'
2025-10-25 19:24:17.214 +02:00 [INF] Request finished HTTP/1.1 GET http://localhost:5043/api/quizapi/quizList - 200 256 application/json; charset=utf-8 3.436ms
2025-10-26 17:41:50.217 +01:00 [INF] Request starting HTTP/1.1 GET http://localhost:5043/api/quizapi/quizlist - null null
2025-10-26 17:41:50.220 +01:00 [INF] CORS policy execution successful.
2025-10-26 17:41:50.221 +01:00 [INF] Executing endpoint 'Que.Controllers.QuizAPIController.QuizList (api)'
2025-10-26 17:41:50.222 +01:00 [INF] Route matched with {action = "QuizList", controller = "QuizAPI"}. Executing controller action with signature System.Threading.Tasks.Task`1[Microsoft.AspNetCore.Mvc.IActionResult] QuizList() on controller Que.Controllers.QuizAPIController (api).
2025-10-26 17:41:50.243 +01:00 [INF] Executing OkObjectResult, writing value of type 'System.Linq.Enumerable+SelectListIterator`2[[Que.Models.Quiz, api, Version=1.0.0.0, Culture=neutral, PublicKeyToken=null],[Que.DTOs.QuizDto, api, Version=1.0.0.0, Culture=neutral, PublicKeyToken=null]]'.
2025-10-26 17:41:50.244 +01:00 [INF] Executed action Que.Controllers.QuizAPIController.QuizList (api) in 21.3228ms
2025-10-26 17:41:50.244 +01:00 [INF] Executed endpoint 'Que.Controllers.QuizAPIController.QuizList (api)'
2025-10-26 17:41:50.244 +01:00 [INF] Request finished HTTP/1.1 GET http://localhost:5043/api/quizapi/quizlist - 200 256 application/json; charset=utf-8 27.0407ms
2025-10-26 17:41:50.246 +01:00 [INF] Request starting HTTP/1.1 GET http://localhost:5043/api/quizapi/quizlist - null null
2025-10-26 17:41:50.246 +01:00 [INF] CORS policy execution successful.
2025-10-26 17:41:50.246 +01:00 [INF] Executing endpoint 'Que.Controllers.QuizAPIController.QuizList (api)'
2025-10-26 17:41:50.247 +01:00 [INF] Route matched with {action = "QuizList", controller = "QuizAPI"}. Executing controller action with signature System.Threading.Tasks.Task`1[Microsoft.AspNetCore.Mvc.IActionResult] QuizList() on controller Que.Controllers.QuizAPIController (api).
2025-10-26 17:41:50.249 +01:00 [INF] Executing OkObjectResult, writing value of type 'System.Linq.Enumerable+SelectListIterator`2[[Que.Models.Quiz, api, Version=1.0.0.0, Culture=neutral, PublicKeyToken=null],[Que.DTOs.QuizDto, api, Version=1.0.0.0, Culture=neutral, PublicKeyToken=null]]'.
2025-10-26 17:41:50.249 +01:00 [INF] Executed action Que.Controllers.QuizAPIController.QuizList (api) in 2.5931ms
2025-10-26 17:41:50.249 +01:00 [INF] Executed endpoint 'Que.Controllers.QuizAPIController.QuizList (api)'
2025-10-26 17:41:50.249 +01:00 [INF] Request finished HTTP/1.1 GET http://localhost:5043/api/quizapi/quizlist - 200 256 application/json; charset=utf-8 3.5113ms
2025-10-26 17:41:51.863 +01:00 [INF] Request starting HTTP/1.1 GET http://localhost:5043/api/quizapi/1 - null null
2025-10-26 17:41:51.864 +01:00 [INF] CORS policy execution successful.
2025-10-26 17:41:51.864 +01:00 [INF] Executing endpoint 'Que.Controllers.QuizAPIController.GetQuiz (api)'
2025-10-26 17:41:51.870 +01:00 [INF] Route matched with {action = "GetQuiz", controller = "QuizAPI"}. Executing controller action with signature System.Threading.Tasks.Task`1[Microsoft.AspNetCore.Mvc.IActionResult] GetQuiz(Int32) on controller Que.Controllers.QuizAPIController (api).
2025-10-26 17:41:51.876 +01:00 [INF] Executing OkObjectResult, writing value of type 'Castle.Proxies.QuizProxy'.
2025-10-26 17:41:51.908 +01:00 [INF] Executed action Que.Controllers.QuizAPIController.GetQuiz (api) in 37.9387ms
2025-10-26 17:41:51.908 +01:00 [INF] Executed endpoint 'Que.Controllers.QuizAPIController.GetQuiz (api)'
2025-10-26 17:41:51.909 +01:00 [INF] Request finished HTTP/1.1 GET http://localhost:5043/api/quizapi/1 - 200 953 application/json; charset=utf-8 45.6287ms
2025-10-26 17:41:51.909 +01:00 [INF] Request starting HTTP/1.1 GET http://localhost:5043/api/quizapi/1 - null null
2025-10-26 17:41:51.910 +01:00 [INF] CORS policy execution successful.
2025-10-26 17:41:51.910 +01:00 [INF] Executing endpoint 'Que.Controllers.QuizAPIController.GetQuiz (api)'
2025-10-26 17:41:51.910 +01:00 [INF] Route matched with {action = "GetQuiz", controller = "QuizAPI"}. Executing controller action with signature System.Threading.Tasks.Task`1[Microsoft.AspNetCore.Mvc.IActionResult] GetQuiz(Int32) on controller Que.Controllers.QuizAPIController (api).
2025-10-26 17:41:51.911 +01:00 [INF] Executing OkObjectResult, writing value of type 'Castle.Proxies.QuizProxy'.
2025-10-26 17:41:51.912 +01:00 [INF] Executed action Que.Controllers.QuizAPIController.GetQuiz (api) in 2.5441ms
2025-10-26 17:41:51.912 +01:00 [INF] Executed endpoint 'Que.Controllers.QuizAPIController.GetQuiz (api)'
2025-10-26 17:41:51.912 +01:00 [INF] Request finished HTTP/1.1 GET http://localhost:5043/api/quizapi/1 - 200 953 application/json; charset=utf-8 2.9186ms
2025-10-26 17:42:00.644 +01:00 [INF] Request starting HTTP/1.1 OPTIONS http://localhost:5043/api/quizapi/update/1 - null null
2025-10-26 17:42:00.645 +01:00 [INF] CORS policy execution successful.
2025-10-26 17:42:00.646 +01:00 [INF] Request finished HTTP/1.1 OPTIONS http://localhost:5043/api/quizapi/update/1 - 204 null null 1.6786ms
2025-10-26 17:42:00.647 +01:00 [INF] Request starting HTTP/1.1 PUT http://localhost:5043/api/quizapi/update/1 - application/json 140
2025-10-26 17:42:00.647 +01:00 [INF] CORS policy execution successful.
2025-10-26 17:42:00.647 +01:00 [INF] Executing endpoint 'Que.Controllers.QuizAPIController.Update (api)'
2025-10-26 17:42:00.649 +01:00 [INF] Route matched with {action = "Update", controller = "QuizAPI"}. Executing controller action with signature System.Threading.Tasks.Task`1[Microsoft.AspNetCore.Mvc.IActionResult] Update(Int32, Que.DTOs.QuizDto) on controller Que.Controllers.QuizAPIController (api).
2025-10-26 17:42:00.656 +01:00 [INF] Executing OkObjectResult, writing value of type 'Castle.Proxies.QuizProxy'.
2025-10-26 17:42:00.658 +01:00 [INF] Executed action Que.Controllers.QuizAPIController.Update (api) in 9.2928ms
2025-10-26 17:42:00.659 +01:00 [INF] Executed endpoint 'Que.Controllers.QuizAPIController.Update (api)'
2025-10-26 17:42:00.659 +01:00 [INF] Request finished HTTP/1.1 PUT http://localhost:5043/api/quizapi/update/1 - 200 946 application/json; charset=utf-8 11.6391ms
2025-10-26 17:42:00.675 +01:00 [INF] Request starting HTTP/1.1 GET http://localhost:5043/api/quizapi/quizlist - null null
2025-10-26 17:42:00.675 +01:00 [INF] CORS policy execution successful.
2025-10-26 17:42:00.675 +01:00 [INF] Executing endpoint 'Que.Controllers.QuizAPIController.QuizList (api)'
2025-10-26 17:42:00.675 +01:00 [INF] Route matched with {action = "QuizList", controller = "QuizAPI"}. Executing controller action with signature System.Threading.Tasks.Task`1[Microsoft.AspNetCore.Mvc.IActionResult] QuizList() on controller Que.Controllers.QuizAPIController (api).
2025-10-26 17:42:00.677 +01:00 [INF] Executing OkObjectResult, writing value of type 'System.Linq.Enumerable+SelectListIterator`2[[Que.Models.Quiz, api, Version=1.0.0.0, Culture=neutral, PublicKeyToken=null],[Que.DTOs.QuizDto, api, Version=1.0.0.0, Culture=neutral, PublicKeyToken=null]]'.
2025-10-26 17:42:00.677 +01:00 [INF] Executed action Que.Controllers.QuizAPIController.QuizList (api) in 2.08ms
2025-10-26 17:42:00.677 +01:00 [INF] Executed endpoint 'Que.Controllers.QuizAPIController.QuizList (api)'
2025-10-26 17:42:00.677 +01:00 [INF] Request finished HTTP/1.1 GET http://localhost:5043/api/quizapi/quizlist - 200 249 application/json; charset=utf-8 2.655ms
2025-10-26 17:42:00.678 +01:00 [INF] Request starting HTTP/1.1 GET http://localhost:5043/api/quizapi/quizlist - null null
2025-10-26 17:42:00.678 +01:00 [INF] CORS policy execution successful.
2025-10-26 17:42:00.678 +01:00 [INF] Executing endpoint 'Que.Controllers.QuizAPIController.QuizList (api)'
2025-10-26 17:42:00.678 +01:00 [INF] Route matched with {action = "QuizList", controller = "QuizAPI"}. Executing controller action with signature System.Threading.Tasks.Task`1[Microsoft.AspNetCore.Mvc.IActionResult] QuizList() on controller Que.Controllers.QuizAPIController (api).
2025-10-26 17:42:00.680 +01:00 [INF] Executing OkObjectResult, writing value of type 'System.Linq.Enumerable+SelectListIterator`2[[Que.Models.Quiz, api, Version=1.0.0.0, Culture=neutral, PublicKeyToken=null],[Que.DTOs.QuizDto, api, Version=1.0.0.0, Culture=neutral, PublicKeyToken=null]]'.
2025-10-26 17:42:00.680 +01:00 [INF] Executed action Que.Controllers.QuizAPIController.QuizList (api) in 1.6973ms
2025-10-26 17:42:00.680 +01:00 [INF] Executed endpoint 'Que.Controllers.QuizAPIController.QuizList (api)'
2025-10-26 17:42:00.680 +01:00 [INF] Request finished HTTP/1.1 GET http://localhost:5043/api/quizapi/quizlist - 200 249 application/json; charset=utf-8 1.9987ms
2025-10-26 17:43:33.178 +01:00 [INF] Application is shutting down...
