2025-10-30 19:40:33.578 +01:00 [INF] User profile is available. Using '/Users/arthurflotvik/.aspnet/DataProtection-Keys' as key repository; keys will not be encrypted at rest.
2025-10-30 19:40:33.608 +01:00 [INF] Now listening on: http://localhost:5043
2025-10-30 19:40:33.610 +01:00 [INF] Application started. Press Ctrl+C to shut down.
2025-10-30 19:40:33.610 +01:00 [INF] Hosting environment: Development
2025-10-30 19:40:33.610 +01:00 [INF] Content root path: /Users/arthurflotvik/Documents/QueREACT/api
2025-10-30 19:40:34.829 +01:00 [INF] Request starting HTTP/1.1 OPTIONS http://localhost:5043/api/quizapi/1 - null null
2025-10-30 19:40:34.829 +01:00 [INF] Request starting HTTP/1.1 OPTIONS http://localhost:5043/api/quizapi/1 - null null
2025-10-30 19:40:34.844 +01:00 [INF] CORS policy execution successful.
2025-10-30 19:40:34.844 +01:00 [INF] CORS policy execution successful.
2025-10-30 19:40:34.847 +01:00 [INF] Request finished HTTP/1.1 OPTIONS http://localhost:5043/api/quizapi/1 - 204 null null 18.995ms
2025-10-30 19:40:34.847 +01:00 [INF] Request finished HTTP/1.1 OPTIONS http://localhost:5043/api/quizapi/1 - 204 null null 18.9901ms
2025-10-30 19:40:34.849 +01:00 [INF] Request starting HTTP/1.1 GET http://localhost:5043/api/quizapi/1 - application/json null
2025-10-30 19:40:34.852 +01:00 [INF] CORS policy execution successful.
2025-10-30 19:40:34.896 +01:00 [INF] Executing endpoint 'Que.Controllers.QuizAPIController.GetQuiz (api)'
2025-10-30 19:40:34.905 +01:00 [INF] Route matched with {action = "GetQuiz", controller = "QuizAPI"}. Executing controller action with signature System.Threading.Tasks.Task`1[Microsoft.AspNetCore.Mvc.IActionResult] GetQuiz(Int32) on controller Que.Controllers.QuizAPIController (api).
2025-10-30 19:40:35.007 +01:00 [INF] Executing OkObjectResult, writing value of type 'Castle.Proxies.QuizProxy'.
2025-10-30 19:40:35.091 +01:00 [INF] Request starting HTTP/1.1 GET http://localhost:5043/api/quizapi/1 - application/json null
2025-10-30 19:40:35.092 +01:00 [INF] CORS policy execution successful.
2025-10-30 19:40:35.092 +01:00 [INF] Executed action Que.Controllers.QuizAPIController.GetQuiz (api) in 185.506ms
2025-10-30 19:40:35.092 +01:00 [INF] Executed endpoint 'Que.Controllers.QuizAPIController.GetQuiz (api)'
2025-10-30 19:40:35.094 +01:00 [INF] Executing endpoint 'Que.Controllers.QuizAPIController.GetQuiz (api)'
2025-10-30 19:40:35.094 +01:00 [INF] Route matched with {action = "GetQuiz", controller = "QuizAPI"}. Executing controller action with signature System.Threading.Tasks.Task`1[Microsoft.AspNetCore.Mvc.IActionResult] GetQuiz(Int32) on controller Que.Controllers.QuizAPIController (api).
2025-10-30 19:40:35.094 +01:00 [INF] Request finished HTTP/1.1 GET http://localhost:5043/api/quizapi/1 - 200 970 application/json; charset=utf-8 245.7147ms
2025-10-30 19:40:35.118 +01:00 [INF] Executing OkObjectResult, writing value of type 'Castle.Proxies.QuizProxy'.
2025-10-30 19:40:35.119 +01:00 [INF] Executed action Que.Controllers.QuizAPIController.GetQuiz (api) in 25.6482ms
2025-10-30 19:40:35.119 +01:00 [INF] Executed endpoint 'Que.Controllers.QuizAPIController.GetQuiz (api)'
2025-10-30 19:40:35.119 +01:00 [INF] Request finished HTTP/1.1 GET http://localhost:5043/api/quizapi/1 - 200 970 application/json; charset=utf-8 28.3984ms
2025-10-30 19:40:39.659 +01:00 [INF] Request starting HTTP/1.1 OPTIONS http://localhost:5043/api/quizapi/quizlist - null null
2025-10-30 19:40:39.660 +01:00 [INF] Request starting HTTP/1.1 OPTIONS http://localhost:5043/api/quizapi/quizlist - null null
2025-10-30 19:40:39.660 +01:00 [INF] CORS policy execution successful.
2025-10-30 19:40:39.660 +01:00 [INF] CORS policy execution successful.
2025-10-30 19:40:39.661 +01:00 [INF] Request finished HTTP/1.1 OPTIONS http://localhost:5043/api/quizapi/quizlist - 204 null null 1.6209ms
2025-10-30 19:40:39.661 +01:00 [INF] Request finished HTTP/1.1 OPTIONS http://localhost:5043/api/quizapi/quizlist - 204 null null 1.2268ms
2025-10-30 19:40:39.662 +01:00 [INF] Request starting HTTP/1.1 GET http://localhost:5043/api/quizapi/quizlist - application/json null
2025-10-30 19:40:39.663 +01:00 [INF] CORS policy execution successful.
2025-10-30 19:40:39.665 +01:00 [INF] Executing endpoint 'Que.Controllers.QuizAPIController.QuizList (api)'
2025-10-30 19:40:39.668 +01:00 [INF] Route matched with {action = "QuizList", controller = "QuizAPI"}. Executing controller action with signature System.Threading.Tasks.Task`1[Microsoft.AspNetCore.Mvc.IActionResult] QuizList() on controller Que.Controllers.QuizAPIController (api).
2025-10-30 19:40:39.706 +01:00 [WRN] Compiling a query which loads related collections for more than one collection navigation, either via 'Include' or through projection, but no 'QuerySplittingBehavior' has been configured. By default, Entity Framework will use 'QuerySplittingBehavior.SingleQuery', which can potentially result in slow query performance. See https://go.microsoft.com/fwlink/?linkid=2134277 for more information. To identify the query that's triggering this warning call 'ConfigureWarnings(w => w.Throw(RelationalEventId.MultipleCollectionIncludeWarning))'.
2025-10-30 19:40:39.713 +01:00 [INF] Executing OkObjectResult, writing value of type 'System.Linq.Enumerable+SelectListIterator`2[[Que.Models.Quiz, api, Version=1.0.0.0, Culture=neutral, PublicKeyToken=null],[Que.DTOs.QuizDto, api, Version=1.0.0.0, Culture=neutral, PublicKeyToken=null]]'.
2025-10-30 19:40:39.715 +01:00 [INF] Executed action Que.Controllers.QuizAPIController.QuizList (api) in 47.1206ms
2025-10-30 19:40:39.715 +01:00 [INF] Executed endpoint 'Que.Controllers.QuizAPIController.QuizList (api)'
2025-10-30 19:40:39.716 +01:00 [INF] Request finished HTTP/1.1 GET http://localhost:5043/api/quizapi/quizlist - 200 593 application/json; charset=utf-8 53.3365ms
2025-10-30 19:40:39.716 +01:00 [INF] Request starting HTTP/1.1 GET http://localhost:5043/api/quizapi/quizlist - application/json null
2025-10-30 19:40:39.716 +01:00 [INF] CORS policy execution successful.
2025-10-30 19:40:39.716 +01:00 [INF] Executing endpoint 'Que.Controllers.QuizAPIController.QuizList (api)'
2025-10-30 19:40:39.717 +01:00 [INF] Route matched with {action = "QuizList", controller = "QuizAPI"}. Executing controller action with signature System.Threading.Tasks.Task`1[Microsoft.AspNetCore.Mvc.IActionResult] QuizList() on controller Que.Controllers.QuizAPIController (api).
2025-10-30 19:40:39.718 +01:00 [INF] Executing OkObjectResult, writing value of type 'System.Linq.Enumerable+SelectListIterator`2[[Que.Models.Quiz, api, Version=1.0.0.0, Culture=neutral, PublicKeyToken=null],[Que.DTOs.QuizDto, api, Version=1.0.0.0, Culture=neutral, PublicKeyToken=null]]'.
2025-10-30 19:40:39.719 +01:00 [INF] Executed action Que.Controllers.QuizAPIController.QuizList (api) in 1.8698ms
2025-10-30 19:40:39.719 +01:00 [INF] Executed endpoint 'Que.Controllers.QuizAPIController.QuizList (api)'
2025-10-30 19:40:39.719 +01:00 [INF] Request finished HTTP/1.1 GET http://localhost:5043/api/quizapi/quizlist - 200 593 application/json; charset=utf-8 2.718ms
2025-10-30 19:40:41.023 +01:00 [INF] Request starting HTTP/1.1 OPTIONS http://localhost:5043/api/quizapi/1 - null null
2025-10-30 19:40:41.025 +01:00 [INF] CORS policy execution successful.
2025-10-30 19:40:41.025 +01:00 [INF] Request finished HTTP/1.1 OPTIONS http://localhost:5043/api/quizapi/1 - 204 null null 1.6671ms
2025-10-30 19:40:41.025 +01:00 [INF] Request starting HTTP/1.1 OPTIONS http://localhost:5043/api/quizapi/1 - null null
2025-10-30 19:40:41.025 +01:00 [INF] CORS policy execution successful.
2025-10-30 19:40:41.026 +01:00 [INF] Request finished HTTP/1.1 OPTIONS http://localhost:5043/api/quizapi/1 - 204 null null 0.2518ms
2025-10-30 19:40:41.026 +01:00 [INF] Request starting HTTP/1.1 GET http://localhost:5043/api/quizapi/1 - application/json null
2025-10-30 19:40:41.026 +01:00 [INF] CORS policy execution successful.
2025-10-30 19:40:41.027 +01:00 [INF] Executing endpoint 'Que.Controllers.QuizAPIController.GetQuiz (api)'
2025-10-30 19:40:41.027 +01:00 [INF] Route matched with {action = "GetQuiz", controller = "QuizAPI"}. Executing controller action with signature System.Threading.Tasks.Task`1[Microsoft.AspNetCore.Mvc.IActionResult] GetQuiz(Int32) on controller Que.Controllers.QuizAPIController (api).
2025-10-30 19:40:41.030 +01:00 [INF] Executing OkObjectResult, writing value of type 'Castle.Proxies.QuizProxy'.
2025-10-30 19:40:41.031 +01:00 [INF] Executed action Que.Controllers.QuizAPIController.GetQuiz (api) in 3.9452ms
2025-10-30 19:40:41.031 +01:00 [INF] Executed endpoint 'Que.Controllers.QuizAPIController.GetQuiz (api)'
2025-10-30 19:40:41.031 +01:00 [INF] Request finished HTTP/1.1 GET http://localhost:5043/api/quizapi/1 - 200 970 application/json; charset=utf-8 5.0512ms
2025-10-30 19:40:41.032 +01:00 [INF] Request starting HTTP/1.1 GET http://localhost:5043/api/quizapi/1 - application/json null
2025-10-30 19:40:41.032 +01:00 [INF] CORS policy execution successful.
2025-10-30 19:40:41.033 +01:00 [INF] Executing endpoint 'Que.Controllers.QuizAPIController.GetQuiz (api)'
2025-10-30 19:40:41.033 +01:00 [INF] Route matched with {action = "GetQuiz", controller = "QuizAPI"}. Executing controller action with signature System.Threading.Tasks.Task`1[Microsoft.AspNetCore.Mvc.IActionResult] GetQuiz(Int32) on controller Que.Controllers.QuizAPIController (api).
2025-10-30 19:40:41.034 +01:00 [INF] Executing OkObjectResult, writing value of type 'Castle.Proxies.QuizProxy'.
2025-10-30 19:40:41.036 +01:00 [INF] Executed action Que.Controllers.QuizAPIController.GetQuiz (api) in 3.4722ms
2025-10-30 19:40:41.036 +01:00 [INF] Executed endpoint 'Que.Controllers.QuizAPIController.GetQuiz (api)'
2025-10-30 19:40:41.036 +01:00 [INF] Request finished HTTP/1.1 GET http://localhost:5043/api/quizapi/1 - 200 970 application/json; charset=utf-8 4.2972ms
2025-10-30 19:41:29.612 +01:00 [INF] Request starting HTTP/1.1 OPTIONS http://localhost:5043/api/quizapi/update/1 - null null
2025-10-30 19:41:29.614 +01:00 [INF] CORS policy execution successful.
2025-10-30 19:41:29.615 +01:00 [INF] Request finished HTTP/1.1 OPTIONS http://localhost:5043/api/quizapi/update/1 - 204 null null 3.0806ms
2025-10-30 19:41:29.617 +01:00 [INF] Request starting HTTP/1.1 PUT http://localhost:5043/api/quizapi/update/1 - application/json 324
2025-10-30 19:41:29.617 +01:00 [INF] CORS policy execution successful.
2025-10-30 19:41:29.617 +01:00 [INF] Executing endpoint 'Que.Controllers.QuizAPIController.Update (api)'
2025-10-30 19:41:29.620 +01:00 [INF] Route matched with {action = "Update", controller = "QuizAPI"}. Executing controller action with signature System.Threading.Tasks.Task`1[Microsoft.AspNetCore.Mvc.IActionResult] Update(Int32, Que.DTOs.QuizDto) on controller Que.Controllers.QuizAPIController (api).
2025-10-30 19:41:29.690 +01:00 [INF] Executing OkObjectResult, writing value of type 'Castle.Proxies.QuizProxy'.
2025-10-30 19:41:29.691 +01:00 [INF] Executed action Que.Controllers.QuizAPIController.Update (api) in 71.2075ms
2025-10-30 19:41:29.691 +01:00 [INF] Executed endpoint 'Que.Controllers.QuizAPIController.Update (api)'
2025-10-30 19:41:29.691 +01:00 [INF] Request finished HTTP/1.1 PUT http://localhost:5043/api/quizapi/update/1 - 200 952 application/json; charset=utf-8 74.8249ms
2025-10-30 19:41:29.711 +01:00 [INF] Request starting HTTP/1.1 OPTIONS http://localhost:5043/api/quizapi/quizlist - null null
2025-10-30 19:41:29.711 +01:00 [INF] CORS policy execution successful.
2025-10-30 19:41:29.712 +01:00 [INF] Request finished HTTP/1.1 OPTIONS http://localhost:5043/api/quizapi/quizlist - 204 null null 0.9587ms
2025-10-30 19:41:29.712 +01:00 [INF] Request starting HTTP/1.1 OPTIONS http://localhost:5043/api/quizapi/quizlist - null null
2025-10-30 19:41:29.712 +01:00 [INF] CORS policy execution successful.
2025-10-30 19:41:29.712 +01:00 [INF] Request finished HTTP/1.1 OPTIONS http://localhost:5043/api/quizapi/quizlist - 204 null null 0.3094ms
2025-10-30 19:41:29.714 +01:00 [INF] Request starting HTTP/1.1 GET http://localhost:5043/api/quizapi/quizlist - application/json null
2025-10-30 19:41:29.715 +01:00 [INF] CORS policy execution successful.
2025-10-30 19:41:29.716 +01:00 [INF] Executing endpoint 'Que.Controllers.QuizAPIController.QuizList (api)'
2025-10-30 19:41:29.716 +01:00 [INF] Route matched with {action = "QuizList", controller = "QuizAPI"}. Executing controller action with signature System.Threading.Tasks.Task`1[Microsoft.AspNetCore.Mvc.IActionResult] QuizList() on controller Que.Controllers.QuizAPIController (api).
2025-10-30 19:41:29.717 +01:00 [INF] Executing OkObjectResult, writing value of type 'System.Linq.Enumerable+SelectListIterator`2[[Que.Models.Quiz, api, Version=1.0.0.0, Culture=neutral, PublicKeyToken=null],[Que.DTOs.QuizDto, api, Version=1.0.0.0, Culture=neutral, PublicKeyToken=null]]'.
2025-10-30 19:41:29.718 +01:00 [INF] Executed action Que.Controllers.QuizAPIController.QuizList (api) in 1.5555ms
2025-10-30 19:41:29.718 +01:00 [INF] Executed endpoint 'Que.Controllers.QuizAPIController.QuizList (api)'
2025-10-30 19:41:29.718 +01:00 [INF] Request finished HTTP/1.1 GET http://localhost:5043/api/quizapi/quizlist - 200 575 application/json; charset=utf-8 4.0661ms
2025-10-30 19:41:29.718 +01:00 [INF] Request starting HTTP/1.1 GET http://localhost:5043/api/quizapi/quizlist - application/json null
2025-10-30 19:41:29.718 +01:00 [INF] CORS policy execution successful.
2025-10-30 19:41:29.718 +01:00 [INF] Executing endpoint 'Que.Controllers.QuizAPIController.QuizList (api)'
2025-10-30 19:41:29.718 +01:00 [INF] Route matched with {action = "QuizList", controller = "QuizAPI"}. Executing controller action with signature System.Threading.Tasks.Task`1[Microsoft.AspNetCore.Mvc.IActionResult] QuizList() on controller Que.Controllers.QuizAPIController (api).
2025-10-30 19:41:29.719 +01:00 [INF] Executing OkObjectResult, writing value of type 'System.Linq.Enumerable+SelectListIterator`2[[Que.Models.Quiz, api, Version=1.0.0.0, Culture=neutral, PublicKeyToken=null],[Que.DTOs.QuizDto, api, Version=1.0.0.0, Culture=neutral, PublicKeyToken=null]]'.
2025-10-30 19:41:29.719 +01:00 [INF] Executed action Que.Controllers.QuizAPIController.QuizList (api) in 0.9967ms
2025-10-30 19:41:29.719 +01:00 [INF] Executed endpoint 'Que.Controllers.QuizAPIController.QuizList (api)'
2025-10-30 19:41:29.720 +01:00 [INF] Request finished HTTP/1.1 GET http://localhost:5043/api/quizapi/quizlist - 200 575 application/json; charset=utf-8 1.4302ms
2025-10-30 19:42:57.966 +01:00 [INF] Request starting HTTP/1.1 OPTIONS http://localhost:5043/api/quizapi/quizlist - null null
2025-10-30 19:42:57.967 +01:00 [INF] Request starting HTTP/1.1 OPTIONS http://localhost:5043/api/quizapi/quizlist - null null
2025-10-30 19:42:57.967 +01:00 [INF] CORS policy execution successful.
2025-10-30 19:42:57.967 +01:00 [INF] CORS policy execution successful.
2025-10-30 19:42:57.967 +01:00 [INF] Request finished HTTP/1.1 OPTIONS http://localhost:5043/api/quizapi/quizlist - 204 null null 0.2709ms
2025-10-30 19:42:57.967 +01:00 [INF] Request finished HTTP/1.1 OPTIONS http://localhost:5043/api/quizapi/quizlist - 204 null null 0.3306ms
2025-10-30 19:42:57.989 +01:00 [INF] Request starting HTTP/1.1 GET http://localhost:5043/api/quizapi/quizlist - application/json null
2025-10-30 19:42:57.989 +01:00 [INF] CORS policy execution successful.
2025-10-30 19:42:57.990 +01:00 [INF] Executing endpoint 'Que.Controllers.QuizAPIController.QuizList (api)'
2025-10-30 19:42:57.990 +01:00 [INF] Route matched with {action = "QuizList", controller = "QuizAPI"}. Executing controller action with signature System.Threading.Tasks.Task`1[Microsoft.AspNetCore.Mvc.IActionResult] QuizList() on controller Que.Controllers.QuizAPIController (api).
2025-10-30 19:42:57.993 +01:00 [INF] Executing OkObjectResult, writing value of type 'System.Linq.Enumerable+SelectListIterator`2[[Que.Models.Quiz, api, Version=1.0.0.0, Culture=neutral, PublicKeyToken=null],[Que.DTOs.QuizDto, api, Version=1.0.0.0, Culture=neutral, PublicKeyToken=null]]'.
2025-10-30 19:42:57.993 +01:00 [INF] Executed action Que.Controllers.QuizAPIController.QuizList (api) in 2.6947ms
2025-10-30 19:42:57.993 +01:00 [INF] Executed endpoint 'Que.Controllers.QuizAPIController.QuizList (api)'
2025-10-30 19:42:57.993 +01:00 [INF] Request finished HTTP/1.1 GET http://localhost:5043/api/quizapi/quizlist - 200 575 application/json; charset=utf-8 3.824ms
2025-10-30 19:42:57.994 +01:00 [INF] Request starting HTTP/1.1 GET http://localhost:5043/api/quizapi/quizlist - application/json null
2025-10-30 19:42:57.994 +01:00 [INF] CORS policy execution successful.
2025-10-30 19:42:57.994 +01:00 [INF] Executing endpoint 'Que.Controllers.QuizAPIController.QuizList (api)'
2025-10-30 19:42:57.994 +01:00 [INF] Route matched with {action = "QuizList", controller = "QuizAPI"}. Executing controller action with signature System.Threading.Tasks.Task`1[Microsoft.AspNetCore.Mvc.IActionResult] QuizList() on controller Que.Controllers.QuizAPIController (api).
2025-10-30 19:42:57.995 +01:00 [INF] Executing OkObjectResult, writing value of type 'System.Linq.Enumerable+SelectListIterator`2[[Que.Models.Quiz, api, Version=1.0.0.0, Culture=neutral, PublicKeyToken=null],[Que.DTOs.QuizDto, api, Version=1.0.0.0, Culture=neutral, PublicKeyToken=null]]'.
2025-10-30 19:42:57.996 +01:00 [INF] Executed action Que.Controllers.QuizAPIController.QuizList (api) in 1.6828ms
2025-10-30 19:42:57.996 +01:00 [INF] Executed endpoint 'Que.Controllers.QuizAPIController.QuizList (api)'
2025-10-30 19:42:57.996 +01:00 [INF] Request finished HTTP/1.1 GET http://localhost:5043/api/quizapi/quizlist - 200 575 application/json; charset=utf-8 2.2361ms
2025-10-30 20:14:27.940 +01:00 [INF] Request starting HTTP/1.1 OPTIONS http://localhost:5043/api/quizapi/quizlist - null null
2025-10-30 20:14:27.941 +01:00 [INF] CORS policy execution successful.
2025-10-30 20:14:27.940 +01:00 [INF] Request starting HTTP/1.1 OPTIONS http://localhost:5043/api/quizapi/quizlist - null null
2025-10-30 20:14:27.941 +01:00 [INF] CORS policy execution successful.
2025-10-30 20:14:27.941 +01:00 [INF] Request finished HTTP/1.1 OPTIONS http://localhost:5043/api/quizapi/quizlist - 204 null null 0.5997ms
2025-10-30 20:14:27.941 +01:00 [INF] Request finished HTTP/1.1 OPTIONS http://localhost:5043/api/quizapi/quizlist - 204 null null 1.3704ms
2025-10-30 20:14:27.942 +01:00 [INF] Request starting HTTP/1.1 GET http://localhost:5043/api/quizapi/quizlist - application/json null
2025-10-30 20:14:27.943 +01:00 [INF] CORS policy execution successful.
2025-10-30 20:14:27.943 +01:00 [INF] Executing endpoint 'Que.Controllers.QuizAPIController.QuizList (api)'
2025-10-30 20:14:27.943 +01:00 [INF] Route matched with {action = "QuizList", controller = "QuizAPI"}. Executing controller action with signature System.Threading.Tasks.Task`1[Microsoft.AspNetCore.Mvc.IActionResult] QuizList() on controller Que.Controllers.QuizAPIController (api).
2025-10-30 20:14:27.946 +01:00 [INF] Executing OkObjectResult, writing value of type 'System.Linq.Enumerable+SelectListIterator`2[[Que.Models.Quiz, api, Version=1.0.0.0, Culture=neutral, PublicKeyToken=null],[Que.DTOs.QuizDto, api, Version=1.0.0.0, Culture=neutral, PublicKeyToken=null]]'.
2025-10-30 20:14:27.946 +01:00 [INF] Executed action Que.Controllers.QuizAPIController.QuizList (api) in 2.8652ms
2025-10-30 20:14:27.946 +01:00 [INF] Executed endpoint 'Que.Controllers.QuizAPIController.QuizList (api)'
2025-10-30 20:14:27.946 +01:00 [INF] Request finished HTTP/1.1 GET http://localhost:5043/api/quizapi/quizlist - 200 575 application/json; charset=utf-8 3.9434ms
2025-10-30 20:14:27.947 +01:00 [INF] Request starting HTTP/1.1 GET http://localhost:5043/api/quizapi/quizlist - application/json null
2025-10-30 20:14:27.947 +01:00 [INF] CORS policy execution successful.
2025-10-30 20:14:27.947 +01:00 [INF] Executing endpoint 'Que.Controllers.QuizAPIController.QuizList (api)'
2025-10-30 20:14:27.948 +01:00 [INF] Route matched with {action = "QuizList", controller = "QuizAPI"}. Executing controller action with signature System.Threading.Tasks.Task`1[Microsoft.AspNetCore.Mvc.IActionResult] QuizList() on controller Que.Controllers.QuizAPIController (api).
2025-10-30 20:14:27.949 +01:00 [INF] Executing OkObjectResult, writing value of type 'System.Linq.Enumerable+SelectListIterator`2[[Que.Models.Quiz, api, Version=1.0.0.0, Culture=neutral, PublicKeyToken=null],[Que.DTOs.QuizDto, api, Version=1.0.0.0, Culture=neutral, PublicKeyToken=null]]'.
2025-10-30 20:14:27.949 +01:00 [INF] Executed action Que.Controllers.QuizAPIController.QuizList (api) in 1.089ms
2025-10-30 20:14:27.949 +01:00 [INF] Executed endpoint 'Que.Controllers.QuizAPIController.QuizList (api)'
2025-10-30 20:14:27.949 +01:00 [INF] Request finished HTTP/1.1 GET http://localhost:5043/api/quizapi/quizlist - 200 575 application/json; charset=utf-8 2.0945ms
2025-10-30 20:14:31.277 +01:00 [INF] Request starting HTTP/1.1 GET http://localhost:5043/api/quizapi/quizlist - application/json null
2025-10-30 20:14:31.278 +01:00 [INF] CORS policy execution successful.
2025-10-30 20:14:31.279 +01:00 [INF] Executing endpoint 'Que.Controllers.QuizAPIController.QuizList (api)'
2025-10-30 20:14:31.279 +01:00 [INF] Route matched with {action = "QuizList", controller = "QuizAPI"}. Executing controller action with signature System.Threading.Tasks.Task`1[Microsoft.AspNetCore.Mvc.IActionResult] QuizList() on controller Que.Controllers.QuizAPIController (api).
2025-10-30 20:14:31.284 +01:00 [INF] Executing OkObjectResult, writing value of type 'System.Linq.Enumerable+SelectListIterator`2[[Que.Models.Quiz, api, Version=1.0.0.0, Culture=neutral, PublicKeyToken=null],[Que.DTOs.QuizDto, api, Version=1.0.0.0, Culture=neutral, PublicKeyToken=null]]'.
2025-10-30 20:14:31.284 +01:00 [INF] Executed action Que.Controllers.QuizAPIController.QuizList (api) in 5.0909ms
2025-10-30 20:14:31.284 +01:00 [INF] Executed endpoint 'Que.Controllers.QuizAPIController.QuizList (api)'
2025-10-30 20:14:31.284 +01:00 [INF] Request finished HTTP/1.1 GET http://localhost:5043/api/quizapi/quizlist - 200 575 application/json; charset=utf-8 6.8875ms
2025-10-30 20:14:32.895 +01:00 [INF] Request starting HTTP/1.1 GET http://localhost:5043/api/quizapi/quizlist - application/json null
2025-10-30 20:14:32.895 +01:00 [INF] CORS policy execution successful.
2025-10-30 20:14:32.896 +01:00 [INF] Executing endpoint 'Que.Controllers.QuizAPIController.QuizList (api)'
2025-10-30 20:14:32.896 +01:00 [INF] Route matched with {action = "QuizList", controller = "QuizAPI"}. Executing controller action with signature System.Threading.Tasks.Task`1[Microsoft.AspNetCore.Mvc.IActionResult] QuizList() on controller Que.Controllers.QuizAPIController (api).
2025-10-30 20:14:32.900 +01:00 [INF] Executing OkObjectResult, writing value of type 'System.Linq.Enumerable+SelectListIterator`2[[Que.Models.Quiz, api, Version=1.0.0.0, Culture=neutral, PublicKeyToken=null],[Que.DTOs.QuizDto, api, Version=1.0.0.0, Culture=neutral, PublicKeyToken=null]]'.
2025-10-30 20:14:32.900 +01:00 [INF] Executed action Que.Controllers.QuizAPIController.QuizList (api) in 4.6405ms
2025-10-30 20:14:32.900 +01:00 [INF] Executed endpoint 'Que.Controllers.QuizAPIController.QuizList (api)'
2025-10-30 20:14:32.900 +01:00 [INF] Request finished HTTP/1.1 GET http://localhost:5043/api/quizapi/quizlist - 200 575 application/json; charset=utf-8 5.6689ms
2025-10-30 20:14:32.901 +01:00 [INF] Request starting HTTP/1.1 GET http://localhost:5043/api/quizapi/quizlist - application/json null
2025-10-30 20:14:32.901 +01:00 [INF] CORS policy execution successful.
2025-10-30 20:14:32.901 +01:00 [INF] Executing endpoint 'Que.Controllers.QuizAPIController.QuizList (api)'
2025-10-30 20:14:32.901 +01:00 [INF] Route matched with {action = "QuizList", controller = "QuizAPI"}. Executing controller action with signature System.Threading.Tasks.Task`1[Microsoft.AspNetCore.Mvc.IActionResult] QuizList() on controller Que.Controllers.QuizAPIController (api).
2025-10-30 20:14:32.902 +01:00 [INF] Executing OkObjectResult, writing value of type 'System.Linq.Enumerable+SelectListIterator`2[[Que.Models.Quiz, api, Version=1.0.0.0, Culture=neutral, PublicKeyToken=null],[Que.DTOs.QuizDto, api, Version=1.0.0.0, Culture=neutral, PublicKeyToken=null]]'.
2025-10-30 20:14:32.903 +01:00 [INF] Executed action Que.Controllers.QuizAPIController.QuizList (api) in 1.3818ms
2025-10-30 20:14:32.903 +01:00 [INF] Executed endpoint 'Que.Controllers.QuizAPIController.QuizList (api)'
2025-10-30 20:14:32.903 +01:00 [INF] Request finished HTTP/1.1 GET http://localhost:5043/api/quizapi/quizlist - 200 575 application/json; charset=utf-8 2.1002ms
2025-10-30 20:20:46.218 +01:00 [INF] Request starting HTTP/1.1 OPTIONS http://localhost:5043/api/quizapi/1 - null null
2025-10-30 20:20:46.219 +01:00 [INF] CORS policy execution successful.
2025-10-30 20:20:46.219 +01:00 [INF] Request finished HTTP/1.1 OPTIONS http://localhost:5043/api/quizapi/1 - 204 null null 0.9406ms
2025-10-30 20:20:46.219 +01:00 [INF] Request starting HTTP/1.1 OPTIONS http://localhost:5043/api/quizapi/1 - null null
2025-10-30 20:20:46.220 +01:00 [INF] CORS policy execution successful.
2025-10-30 20:20:46.220 +01:00 [INF] Request finished HTTP/1.1 OPTIONS http://localhost:5043/api/quizapi/1 - 204 null null 0.236ms
2025-10-30 20:20:46.221 +01:00 [INF] Request starting HTTP/1.1 GET http://localhost:5043/api/quizapi/1 - application/json null
2025-10-30 20:20:46.221 +01:00 [INF] CORS policy execution successful.
2025-10-30 20:20:46.222 +01:00 [INF] Executing endpoint 'Que.Controllers.QuizAPIController.GetQuiz (api)'
2025-10-30 20:20:46.222 +01:00 [INF] Route matched with {action = "GetQuiz", controller = "QuizAPI"}. Executing controller action with signature System.Threading.Tasks.Task`1[Microsoft.AspNetCore.Mvc.IActionResult] GetQuiz(Int32) on controller Que.Controllers.QuizAPIController (api).
2025-10-30 20:20:46.223 +01:00 [INF] Executing OkObjectResult, writing value of type 'Castle.Proxies.QuizProxy'.
2025-10-30 20:20:46.225 +01:00 [INF] Executed action Que.Controllers.QuizAPIController.GetQuiz (api) in 2.7172ms
2025-10-30 20:20:46.225 +01:00 [INF] Executed endpoint 'Que.Controllers.QuizAPIController.GetQuiz (api)'
2025-10-30 20:20:46.225 +01:00 [INF] Request finished HTTP/1.1 GET http://localhost:5043/api/quizapi/1 - 200 952 application/json; charset=utf-8 4.0969ms
2025-10-30 20:20:46.225 +01:00 [INF] Request starting HTTP/1.1 GET http://localhost:5043/api/quizapi/1 - application/json null
2025-10-30 20:20:46.226 +01:00 [INF] CORS policy execution successful.
2025-10-30 20:20:46.226 +01:00 [INF] Executing endpoint 'Que.Controllers.QuizAPIController.GetQuiz (api)'
2025-10-30 20:20:46.226 +01:00 [INF] Route matched with {action = "GetQuiz", controller = "QuizAPI"}. Executing controller action with signature System.Threading.Tasks.Task`1[Microsoft.AspNetCore.Mvc.IActionResult] GetQuiz(Int32) on controller Que.Controllers.QuizAPIController (api).
2025-10-30 20:20:46.227 +01:00 [INF] Executing OkObjectResult, writing value of type 'Castle.Proxies.QuizProxy'.
2025-10-30 20:20:46.228 +01:00 [INF] Executed action Que.Controllers.QuizAPIController.GetQuiz (api) in 1.912ms
2025-10-30 20:20:46.228 +01:00 [INF] Executed endpoint 'Que.Controllers.QuizAPIController.GetQuiz (api)'
2025-10-30 20:20:46.228 +01:00 [INF] Request finished HTTP/1.1 GET http://localhost:5043/api/quizapi/1 - 200 952 application/json; charset=utf-8 2.4576ms
2025-10-30 20:20:49.128 +01:00 [INF] Request starting HTTP/1.1 OPTIONS http://localhost:5043/api/quizapi/update/undefined - null null
2025-10-30 20:20:49.129 +01:00 [INF] CORS policy execution successful.
2025-10-30 20:20:49.129 +01:00 [INF] Request finished HTTP/1.1 OPTIONS http://localhost:5043/api/quizapi/update/undefined - 204 null null 0.8941ms
2025-10-30 20:20:49.131 +01:00 [INF] Request starting HTTP/1.1 PUT http://localhost:5043/api/quizapi/update/undefined - application/json 1
2025-10-30 20:20:49.131 +01:00 [INF] CORS policy execution successful.
2025-10-30 20:20:49.132 +01:00 [INF] Executing endpoint 'Que.Controllers.QuizAPIController.Update (api)'
2025-10-30 20:20:49.132 +01:00 [INF] Route matched with {action = "Update", controller = "QuizAPI"}. Executing controller action with signature System.Threading.Tasks.Task`1[Microsoft.AspNetCore.Mvc.IActionResult] Update(Int32, Que.DTOs.QuizDto) on controller Que.Controllers.QuizAPIController (api).
2025-10-30 20:20:49.137 +01:00 [INF] Executing BadRequestObjectResult, writing value of type 'Microsoft.AspNetCore.Mvc.ValidationProblemDetails'.
2025-10-30 20:20:49.151 +01:00 [INF] Executed action Que.Controllers.QuizAPIController.Update (api) in 19.3032ms
2025-10-30 20:20:49.151 +01:00 [INF] Executed endpoint 'Que.Controllers.QuizAPIController.Update (api)'
2025-10-30 20:20:49.151 +01:00 [INF] Request finished HTTP/1.1 PUT http://localhost:5043/api/quizapi/update/undefined - 400 382 application/problem+json; charset=utf-8 20.4781ms
2025-10-30 20:20:51.572 +01:00 [INF] Request starting HTTP/1.1 OPTIONS http://localhost:5043/api/quizapi/quizlist - null null
2025-10-30 20:20:51.572 +01:00 [INF] Request starting HTTP/1.1 OPTIONS http://localhost:5043/api/quizapi/quizlist - null null
2025-10-30 20:20:51.573 +01:00 [INF] CORS policy execution successful.
2025-10-30 20:20:51.573 +01:00 [INF] CORS policy execution successful.
2025-10-30 20:20:51.573 +01:00 [INF] Request finished HTTP/1.1 OPTIONS http://localhost:5043/api/quizapi/quizlist - 204 null null 1.2887ms
2025-10-30 20:20:51.573 +01:00 [INF] Request finished HTTP/1.1 OPTIONS http://localhost:5043/api/quizapi/quizlist - 204 null null 0.7297ms
2025-10-30 20:20:51.574 +01:00 [INF] Request starting HTTP/1.1 GET http://localhost:5043/api/quizapi/quizlist - application/json null
2025-10-30 20:20:51.575 +01:00 [INF] CORS policy execution successful.
2025-10-30 20:20:51.575 +01:00 [INF] Executing endpoint 'Que.Controllers.QuizAPIController.QuizList (api)'
2025-10-30 20:20:51.575 +01:00 [INF] Route matched with {action = "QuizList", controller = "QuizAPI"}. Executing controller action with signature System.Threading.Tasks.Task`1[Microsoft.AspNetCore.Mvc.IActionResult] QuizList() on controller Que.Controllers.QuizAPIController (api).
2025-10-30 20:20:51.577 +01:00 [INF] Executing OkObjectResult, writing value of type 'System.Linq.Enumerable+SelectListIterator`2[[Que.Models.Quiz, api, Version=1.0.0.0, Culture=neutral, PublicKeyToken=null],[Que.DTOs.QuizDto, api, Version=1.0.0.0, Culture=neutral, PublicKeyToken=null]]'.
2025-10-30 20:20:51.578 +01:00 [INF] Executed action Que.Controllers.QuizAPIController.QuizList (api) in 2.4476ms
2025-10-30 20:20:51.578 +01:00 [INF] Executed endpoint 'Que.Controllers.QuizAPIController.QuizList (api)'
2025-10-30 20:20:51.578 +01:00 [INF] Request finished HTTP/1.1 GET http://localhost:5043/api/quizapi/quizlist - 200 575 application/json; charset=utf-8 3.2542ms
2025-10-30 20:20:51.578 +01:00 [INF] Request starting HTTP/1.1 GET http://localhost:5043/api/quizapi/quizlist - application/json null
2025-10-30 20:20:51.578 +01:00 [INF] CORS policy execution successful.
2025-10-30 20:20:51.579 +01:00 [INF] Executing endpoint 'Que.Controllers.QuizAPIController.QuizList (api)'
2025-10-30 20:20:51.579 +01:00 [INF] Route matched with {action = "QuizList", controller = "QuizAPI"}. Executing controller action with signature System.Threading.Tasks.Task`1[Microsoft.AspNetCore.Mvc.IActionResult] QuizList() on controller Que.Controllers.QuizAPIController (api).
2025-10-30 20:20:51.588 +01:00 [INF] Executing OkObjectResult, writing value of type 'System.Linq.Enumerable+SelectListIterator`2[[Que.Models.Quiz, api, Version=1.0.0.0, Culture=neutral, PublicKeyToken=null],[Que.DTOs.QuizDto, api, Version=1.0.0.0, Culture=neutral, PublicKeyToken=null]]'.
2025-10-30 20:20:51.592 +01:00 [INF] Executed action Que.Controllers.QuizAPIController.QuizList (api) in 12.5738ms
2025-10-30 20:20:51.592 +01:00 [INF] Executed endpoint 'Que.Controllers.QuizAPIController.QuizList (api)'
2025-10-30 20:20:51.592 +01:00 [INF] Request finished HTTP/1.1 GET http://localhost:5043/api/quizapi/quizlist - 200 575 application/json; charset=utf-8 13.8075ms
2025-10-30 20:21:14.683 +01:00 [INF] Request starting HTTP/1.1 OPTIONS http://localhost:5043/api/quizapi/1 - null null
2025-10-30 20:21:14.683 +01:00 [INF] Request starting HTTP/1.1 OPTIONS http://localhost:5043/api/quizapi/1 - null null
2025-10-30 20:21:14.685 +01:00 [INF] CORS policy execution successful.
2025-10-30 20:21:14.685 +01:00 [INF] Request finished HTTP/1.1 OPTIONS http://localhost:5043/api/quizapi/1 - 204 null null 1.7684ms
2025-10-30 20:21:14.685 +01:00 [INF] CORS policy execution successful.
2025-10-30 20:21:14.686 +01:00 [INF] Request finished HTTP/1.1 OPTIONS http://localhost:5043/api/quizapi/1 - 204 null null 2.7217ms
2025-10-30 20:21:14.687 +01:00 [INF] Request starting HTTP/1.1 GET http://localhost:5043/api/quizapi/1 - application/json null
2025-10-30 20:21:14.687 +01:00 [INF] CORS policy execution successful.
2025-10-30 20:21:14.687 +01:00 [INF] Executing endpoint 'Que.Controllers.QuizAPIController.GetQuiz (api)'
2025-10-30 20:21:14.688 +01:00 [INF] Route matched with {action = "GetQuiz", controller = "QuizAPI"}. Executing controller action with signature System.Threading.Tasks.Task`1[Microsoft.AspNetCore.Mvc.IActionResult] GetQuiz(Int32) on controller Que.Controllers.QuizAPIController (api).
2025-10-30 20:21:14.689 +01:00 [INF] Executing OkObjectResult, writing value of type 'Castle.Proxies.QuizProxy'.
2025-10-30 20:21:14.690 +01:00 [INF] Executed action Que.Controllers.QuizAPIController.GetQuiz (api) in 2.7701ms
2025-10-30 20:21:14.690 +01:00 [INF] Executed endpoint 'Que.Controllers.QuizAPIController.GetQuiz (api)'
2025-10-30 20:21:14.690 +01:00 [INF] Request finished HTTP/1.1 GET http://localhost:5043/api/quizapi/1 - 200 952 application/json; charset=utf-8 3.7355ms
2025-10-30 20:21:14.691 +01:00 [INF] Request starting HTTP/1.1 GET http://localhost:5043/api/quizapi/1 - application/json null
2025-10-30 20:21:14.691 +01:00 [INF] CORS policy execution successful.
2025-10-30 20:21:14.691 +01:00 [INF] Executing endpoint 'Que.Controllers.QuizAPIController.GetQuiz (api)'
2025-10-30 20:21:14.691 +01:00 [INF] Route matched with {action = "GetQuiz", controller = "QuizAPI"}. Executing controller action with signature System.Threading.Tasks.Task`1[Microsoft.AspNetCore.Mvc.IActionResult] GetQuiz(Int32) on controller Que.Controllers.QuizAPIController (api).
2025-10-30 20:21:14.692 +01:00 [INF] Executing OkObjectResult, writing value of type 'Castle.Proxies.QuizProxy'.
2025-10-30 20:21:14.693 +01:00 [INF] Executed action Que.Controllers.QuizAPIController.GetQuiz (api) in 1.5106ms
2025-10-30 20:21:14.693 +01:00 [INF] Executed endpoint 'Que.Controllers.QuizAPIController.GetQuiz (api)'
2025-10-30 20:21:14.693 +01:00 [INF] Request finished HTTP/1.1 GET http://localhost:5043/api/quizapi/1 - 200 952 application/json; charset=utf-8 2.0471ms
2025-10-30 20:21:18.095 +01:00 [INF] Request starting HTTP/1.1 OPTIONS http://localhost:5043/api/quizapi/update/undefined - null null
2025-10-30 20:21:18.095 +01:00 [INF] CORS policy execution successful.
2025-10-30 20:21:18.095 +01:00 [INF] Request finished HTTP/1.1 OPTIONS http://localhost:5043/api/quizapi/update/undefined - 204 null null 0.4058ms
2025-10-30 20:21:18.096 +01:00 [INF] Request starting HTTP/1.1 PUT http://localhost:5043/api/quizapi/update/undefined - application/json 1
2025-10-30 20:21:18.096 +01:00 [INF] CORS policy execution successful.
2025-10-30 20:21:18.096 +01:00 [INF] Executing endpoint 'Que.Controllers.QuizAPIController.Update (api)'
2025-10-30 20:21:18.097 +01:00 [INF] Route matched with {action = "Update", controller = "QuizAPI"}. Executing controller action with signature System.Threading.Tasks.Task`1[Microsoft.AspNetCore.Mvc.IActionResult] Update(Int32, Que.DTOs.QuizDto) on controller Que.Controllers.QuizAPIController (api).
2025-10-30 20:21:18.099 +01:00 [INF] Executing BadRequestObjectResult, writing value of type 'Microsoft.AspNetCore.Mvc.ValidationProblemDetails'.
2025-10-30 20:21:18.099 +01:00 [INF] Executed action Que.Controllers.QuizAPIController.Update (api) in 2.3385ms
2025-10-30 20:21:18.099 +01:00 [INF] Executed endpoint 'Que.Controllers.QuizAPIController.Update (api)'
2025-10-30 20:21:18.099 +01:00 [INF] Request finished HTTP/1.1 PUT http://localhost:5043/api/quizapi/update/undefined - 400 382 application/problem+json; charset=utf-8 3.1176ms
2025-10-30 20:29:16.362 +01:00 [INF] Application is shutting down...
