2025-11-03 12:03:26.966 +01:00 [INF] User profile is available. Using 'C:\Users\erikg\AppData\Local\ASP.NET\DataProtection-Keys' as key repository and Windows DPAPI to encrypt keys at rest.
2025-11-03 12:03:27.021 +01:00 [INF] Now listening on: http://localhost:5043
2025-11-03 12:03:27.024 +01:00 [INF] Application started. Press Ctrl+C to shut down.
2025-11-03 12:03:27.024 +01:00 [INF] Hosting environment: Development
2025-11-03 12:03:27.024 +01:00 [INF] Content root path: C:\Users\erikg\OneDrive\Student\Webapplikasjoner\QueEksamen\api
2025-11-03 12:03:34.408 +01:00 [INF] Request starting HTTP/1.1 OPTIONS http://localhost:5043/api/quizapi/quizlist - null null
2025-11-03 12:03:34.408 +01:00 [INF] Request starting HTTP/1.1 OPTIONS http://localhost:5043/api/quizapi/quizlist - null null
2025-11-03 12:03:34.458 +01:00 [INF] CORS policy execution successful.
2025-11-03 12:03:34.458 +01:00 [INF] CORS policy execution successful.
2025-11-03 12:03:34.469 +01:00 [INF] Request finished HTTP/1.1 OPTIONS http://localhost:5043/api/quizapi/quizlist - 204 null null 67.4328ms
2025-11-03 12:03:34.469 +01:00 [INF] Request finished HTTP/1.1 OPTIONS http://localhost:5043/api/quizapi/quizlist - 204 null null 66.9351ms
2025-11-03 12:03:34.549 +01:00 [INF] Request starting HTTP/1.1 GET http://localhost:5043/api/quizapi/quizlist - application/json null
2025-11-03 12:03:34.564 +01:00 [INF] CORS policy execution successful.
2025-11-03 12:03:34.719 +01:00 [INF] Executing endpoint 'Que.Controllers.QuizAPIController.GetAllQuizes (api)'
2025-11-03 12:03:34.741 +01:00 [INF] Route matched with {action = "GetAllQuizes", controller = "QuizAPI"}. Executing controller action with signature System.Threading.Tasks.Task`1[Microsoft.AspNetCore.Mvc.IActionResult] GetAllQuizes() on controller Que.Controllers.QuizAPIController (api).
2025-11-03 12:03:34.772 +01:00 [INF] [QuizAPIController] Fetching quiz list for user: cec8b59c-1770-4377-b2f0-f553351eddcb
2025-11-03 12:03:35.104 +01:00 [INF] [QuizAPIController] Returning 0 visible quizzes for user: cec8b59c-1770-4377-b2f0-f553351eddcb
2025-11-03 12:03:35.113 +01:00 [INF] Executing OkObjectResult, writing value of type 'System.Collections.Generic.List`1[[Que.DTOs.QuizDto, api, Version=1.0.0.0, Culture=neutral, PublicKeyToken=null]]'.
2025-11-03 12:03:35.237 +01:00 [INF] Request starting HTTP/1.1 GET http://localhost:5043/api/quizapi/quizlist - application/json null
2025-11-03 12:03:35.239 +01:00 [INF] CORS policy execution successful.
2025-11-03 12:03:35.246 +01:00 [INF] Executed action Que.Controllers.QuizAPIController.GetAllQuizes (api) in 493.4554ms
2025-11-03 12:03:35.246 +01:00 [INF] Executed endpoint 'Que.Controllers.QuizAPIController.GetAllQuizes (api)'
2025-11-03 12:03:35.250 +01:00 [INF] Executing endpoint 'Que.Controllers.QuizAPIController.GetAllQuizes (api)'
2025-11-03 12:03:35.250 +01:00 [INF] Route matched with {action = "GetAllQuizes", controller = "QuizAPI"}. Executing controller action with signature System.Threading.Tasks.Task`1[Microsoft.AspNetCore.Mvc.IActionResult] GetAllQuizes() on controller Que.Controllers.QuizAPIController (api).
2025-11-03 12:03:35.256 +01:00 [INF] [QuizAPIController] Fetching quiz list for user: cec8b59c-1770-4377-b2f0-f553351eddcb
2025-11-03 12:03:35.266 +01:00 [INF] Request finished HTTP/1.1 GET http://localhost:5043/api/quizapi/quizlist - 200 2 application/json; charset=utf-8 716.6806ms
2025-11-03 12:03:35.392 +01:00 [INF] [QuizAPIController] Returning 0 visible quizzes for user: cec8b59c-1770-4377-b2f0-f553351eddcb
2025-11-03 12:03:35.393 +01:00 [INF] Executing OkObjectResult, writing value of type 'System.Collections.Generic.List`1[[Que.DTOs.QuizDto, api, Version=1.0.0.0, Culture=neutral, PublicKeyToken=null]]'.
2025-11-03 12:03:35.395 +01:00 [INF] Executed action Que.Controllers.QuizAPIController.GetAllQuizes (api) in 144.2451ms
2025-11-03 12:03:35.395 +01:00 [INF] Executed endpoint 'Que.Controllers.QuizAPIController.GetAllQuizes (api)'
2025-11-03 12:03:35.396 +01:00 [INF] Request finished HTTP/1.1 GET http://localhost:5043/api/quizapi/quizlist - 200 2 application/json; charset=utf-8 159.4339ms
2025-11-03 12:04:04.211 +01:00 [INF] Request starting HTTP/1.1 OPTIONS http://localhost:5043/api/quizapi/create - null null
2025-11-03 12:04:04.212 +01:00 [INF] CORS policy execution successful.
2025-11-03 12:04:04.213 +01:00 [INF] Request finished HTTP/1.1 OPTIONS http://localhost:5043/api/quizapi/create - 204 null null 2.0171ms
2025-11-03 12:04:04.217 +01:00 [INF] Request starting HTTP/1.1 POST http://localhost:5043/api/quizapi/create - application/json 281
2025-11-03 12:04:04.218 +01:00 [INF] CORS policy execution successful.
2025-11-03 12:04:04.228 +01:00 [INF] Executing endpoint 'Que.Controllers.QuizAPIController.Create (api)'
2025-11-03 12:04:04.243 +01:00 [INF] Route matched with {action = "Create", controller = "QuizAPI"}. Executing controller action with signature System.Threading.Tasks.Task`1[Microsoft.AspNetCore.Mvc.IActionResult] Create(Que.DTOs.QuizDto) on controller Que.Controllers.QuizAPIController (api).
2025-11-03 12:04:04.381 +01:00 [INF] Claims for current user:
2025-11-03 12:04:04.382 +01:00 [INF] http://schemas.xmlsoap.org/ws/2005/05/identity/claims/nameidentifier = cec8b59c-1770-4377-b2f0-f553351eddcb
2025-11-03 12:04:04.382 +01:00 [INF] http://schemas.xmlsoap.org/ws/2005/05/identity/claims/name = erikgrimstveit@outlook.com
2025-11-03 12:04:04.382 +01:00 [INF] http://schemas.xmlsoap.org/ws/2005/05/identity/claims/emailaddress = erikgrimstveit@outlook.com
2025-11-03 12:04:04.382 +01:00 [INF] http://schemas.xmlsoap.org/ws/2005/05/identity/claims/nameidentifier = cec8b59c-1770-4377-b2f0-f553351eddcb
2025-11-03 12:04:04.383 +01:00 [INF] jti = 35f15642-b322-4a7f-94d0-f26cb962a4c3
2025-11-03 12:04:04.383 +01:00 [INF] iat = 1762166725
2025-11-03 12:04:04.383 +01:00 [INF] exp = 1762173925
2025-11-03 12:04:04.383 +01:00 [INF] iss = http://localhost:5043
2025-11-03 12:04:04.383 +01:00 [INF] aud = http://localhost:5043
2025-11-03 12:04:05.144 +01:00 [ERR] Failed executing DbCommand (6ms) [Parameters=[@p0='?' (Size = 9), @p1='?' (Size = 4), @p2='?' (Size = 6), @p3='?' (DbType = Boolean), @p4='?' (Size = 4), @p5='?' (Size = 36), @p6='?' (DbType = Int32)], CommandType='"Text"', CommandTimeout='30']
INSERT INTO "Quizes" ("Category", "Description", "Difficulty", "IsPublic", "Name", "OwnerId", "TimeLimit")
VALUES (@p0, @p1, @p2, @p3, @p4, @p5, @p6)
RETURNING "QuizId";
2025-11-03 12:04:05.207 +01:00 [ERR] An exception occurred in the database while saving changes for context type 'Que.DAL.QuizDbContext'.
Microsoft.EntityFrameworkCore.DbUpdateException: An error occurred while saving the entity changes. See the inner exception for details.
 ---> Microsoft.Data.Sqlite.SqliteException (0x80004005): SQLite Error 19: 'FOREIGN KEY constraint failed'.
   at Microsoft.Data.Sqlite.SqliteException.ThrowExceptionForRC(Int32 rc, sqlite3 db)
   at Microsoft.Data.Sqlite.SqliteDataReader.NextResult()
   at Microsoft.Data.Sqlite.SqliteCommand.ExecuteReader(CommandBehavior behavior)
   at Microsoft.Data.Sqlite.SqliteCommand.ExecuteReaderAsync(CommandBehavior behavior, CancellationToken cancellationToken)
   at Microsoft.Data.Sqlite.SqliteCommand.ExecuteDbDataReaderAsync(CommandBehavior behavior, CancellationToken cancellationToken)
   at Microsoft.EntityFrameworkCore.Storage.RelationalCommand.ExecuteReaderAsync(RelationalCommandParameterObject parameterObject, CancellationToken cancellationToken)
   at Microsoft.EntityFrameworkCore.Storage.RelationalCommand.ExecuteReaderAsync(RelationalCommandParameterObject parameterObject, CancellationToken cancellationToken)
   at Microsoft.EntityFrameworkCore.Update.ReaderModificationCommandBatch.ExecuteAsync(IRelationalConnection connection, CancellationToken cancellationToken)
   --- End of inner exception stack trace ---
   at Microsoft.EntityFrameworkCore.Update.ReaderModificationCommandBatch.ExecuteAsync(IRelationalConnection connection, CancellationToken cancellationToken)
   at Microsoft.EntityFrameworkCore.Update.Internal.BatchExecutor.ExecuteAsync(IEnumerable`1 commandBatches, IRelationalConnection connection, CancellationToken cancellationToken)
   at Microsoft.EntityFrameworkCore.Update.Internal.BatchExecutor.ExecuteAsync(IEnumerable`1 commandBatches, IRelationalConnection connection, CancellationToken cancellationToken)
   at Microsoft.EntityFrameworkCore.Update.Internal.BatchExecutor.ExecuteAsync(IEnumerable`1 commandBatches, IRelationalConnection connection, CancellationToken cancellationToken)
   at Microsoft.EntityFrameworkCore.ChangeTracking.Internal.StateManager.SaveChangesAsync(IList`1 entriesToSave, CancellationToken cancellationToken)
   at Microsoft.EntityFrameworkCore.ChangeTracking.Internal.StateManager.SaveChangesAsync(StateManager stateManager, Boolean acceptAllChangesOnSuccess, CancellationToken cancellationToken)
   at Microsoft.EntityFrameworkCore.DbContext.SaveChangesAsync(Boolean acceptAllChangesOnSuccess, CancellationToken cancellationToken)
Microsoft.EntityFrameworkCore.DbUpdateException: An error occurred while saving the entity changes. See the inner exception for details.
 ---> Microsoft.Data.Sqlite.SqliteException (0x80004005): SQLite Error 19: 'FOREIGN KEY constraint failed'.
   at Microsoft.Data.Sqlite.SqliteException.ThrowExceptionForRC(Int32 rc, sqlite3 db)
   at Microsoft.Data.Sqlite.SqliteDataReader.NextResult()
   at Microsoft.Data.Sqlite.SqliteCommand.ExecuteReader(CommandBehavior behavior)
   at Microsoft.Data.Sqlite.SqliteCommand.ExecuteReaderAsync(CommandBehavior behavior, CancellationToken cancellationToken)
   at Microsoft.Data.Sqlite.SqliteCommand.ExecuteDbDataReaderAsync(CommandBehavior behavior, CancellationToken cancellationToken)
   at Microsoft.EntityFrameworkCore.Storage.RelationalCommand.ExecuteReaderAsync(RelationalCommandParameterObject parameterObject, CancellationToken cancellationToken)
   at Microsoft.EntityFrameworkCore.Storage.RelationalCommand.ExecuteReaderAsync(RelationalCommandParameterObject parameterObject, CancellationToken cancellationToken)
   at Microsoft.EntityFrameworkCore.Update.ReaderModificationCommandBatch.ExecuteAsync(IRelationalConnection connection, CancellationToken cancellationToken)
   --- End of inner exception stack trace ---
   at Microsoft.EntityFrameworkCore.Update.ReaderModificationCommandBatch.ExecuteAsync(IRelationalConnection connection, CancellationToken cancellationToken)
   at Microsoft.EntityFrameworkCore.Update.Internal.BatchExecutor.ExecuteAsync(IEnumerable`1 commandBatches, IRelationalConnection connection, CancellationToken cancellationToken)
   at Microsoft.EntityFrameworkCore.Update.Internal.BatchExecutor.ExecuteAsync(IEnumerable`1 commandBatches, IRelationalConnection connection, CancellationToken cancellationToken)
   at Microsoft.EntityFrameworkCore.Update.Internal.BatchExecutor.ExecuteAsync(IEnumerable`1 commandBatches, IRelationalConnection connection, CancellationToken cancellationToken)
   at Microsoft.EntityFrameworkCore.ChangeTracking.Internal.StateManager.SaveChangesAsync(IList`1 entriesToSave, CancellationToken cancellationToken)
   at Microsoft.EntityFrameworkCore.ChangeTracking.Internal.StateManager.SaveChangesAsync(StateManager stateManager, Boolean acceptAllChangesOnSuccess, CancellationToken cancellationToken)
   at Microsoft.EntityFrameworkCore.DbContext.SaveChangesAsync(Boolean acceptAllChangesOnSuccess, CancellationToken cancellationToken)
2025-11-03 12:04:05.232 +01:00 [ERR] Unexpected error while creating quiz 'quiz'
Microsoft.EntityFrameworkCore.DbUpdateException: An error occurred while saving the entity changes. See the inner exception for details.
 ---> Microsoft.Data.Sqlite.SqliteException (0x80004005): SQLite Error 19: 'FOREIGN KEY constraint failed'.
   at Microsoft.Data.Sqlite.SqliteException.ThrowExceptionForRC(Int32 rc, sqlite3 db)
   at Microsoft.Data.Sqlite.SqliteDataReader.NextResult()
   at Microsoft.Data.Sqlite.SqliteCommand.ExecuteReader(CommandBehavior behavior)
   at Microsoft.Data.Sqlite.SqliteCommand.ExecuteReaderAsync(CommandBehavior behavior, CancellationToken cancellationToken)
   at Microsoft.Data.Sqlite.SqliteCommand.ExecuteDbDataReaderAsync(CommandBehavior behavior, CancellationToken cancellationToken)
   at Microsoft.EntityFrameworkCore.Storage.RelationalCommand.ExecuteReaderAsync(RelationalCommandParameterObject parameterObject, CancellationToken cancellationToken)
   at Microsoft.EntityFrameworkCore.Storage.RelationalCommand.ExecuteReaderAsync(RelationalCommandParameterObject parameterObject, CancellationToken cancellationToken)
   at Microsoft.EntityFrameworkCore.Update.ReaderModificationCommandBatch.ExecuteAsync(IRelationalConnection connection, CancellationToken cancellationToken)
   --- End of inner exception stack trace ---
   at Microsoft.EntityFrameworkCore.Update.ReaderModificationCommandBatch.ExecuteAsync(IRelationalConnection connection, CancellationToken cancellationToken)
   at Microsoft.EntityFrameworkCore.Update.Internal.BatchExecutor.ExecuteAsync(IEnumerable`1 commandBatches, IRelationalConnection connection, CancellationToken cancellationToken)
   at Microsoft.EntityFrameworkCore.Update.Internal.BatchExecutor.ExecuteAsync(IEnumerable`1 commandBatches, IRelationalConnection connection, CancellationToken cancellationToken)
   at Microsoft.EntityFrameworkCore.Update.Internal.BatchExecutor.ExecuteAsync(IEnumerable`1 commandBatches, IRelationalConnection connection, CancellationToken cancellationToken)
   at Microsoft.EntityFrameworkCore.ChangeTracking.Internal.StateManager.SaveChangesAsync(IList`1 entriesToSave, CancellationToken cancellationToken)
   at Microsoft.EntityFrameworkCore.ChangeTracking.Internal.StateManager.SaveChangesAsync(StateManager stateManager, Boolean acceptAllChangesOnSuccess, CancellationToken cancellationToken)
   at Microsoft.EntityFrameworkCore.DbContext.SaveChangesAsync(Boolean acceptAllChangesOnSuccess, CancellationToken cancellationToken)
   at Microsoft.EntityFrameworkCore.DbContext.SaveChangesAsync(Boolean acceptAllChangesOnSuccess, CancellationToken cancellationToken)
   at Que.DAL.QuizRepository.CreateQuiz(Quiz quiz) in C:\Users\erikg\OneDrive\Student\Webapplikasjoner\QueEksamen\api\DAL\QuizRepository.cs:line 35
2025-11-03 12:04:05.251 +01:00 [ERR] Failed to save quiz {"QuizId":0,"Name":"quiz","Description":"Quiz","Category":"Geography","Difficulty":"Medium","TimeLimit":10,"Questions":[{"QuestionId":0,"Text":"?","QuizId":0,"Quiz":{"QuizId":0,"Name":"quiz","Description":"Quiz","Category":"Geography","Difficulty":"Medium","TimeLimit":10,"Questions":[{"QuestionId":0,"Text":"?","QuizId":0,"Quiz":{"QuizId":0,"Name":"quiz","Description":"Quiz","Category":"Geography","Difficulty":"Medium","TimeLimit":10,"Questions":[{"QuestionId":0,"Text":"?","QuizId":0,"Quiz":{"QuizId":null,"Name":null,"Description":null,"Category":null,"Difficulty":null,"TimeLimit":null,"Questions":null,"IsPublic":null,"OwnerId":null,"Owner":null,"$type":"Quiz"},"Options":[null,null,null,null],"AllowMultiple":false,"SelectedOption":null,"$type":"Question"}],"IsPublic":true,"OwnerId":"cec8b59c-1770-4377-b2f0-f553351eddcb","Owner":null,"$type":"Quiz"},"Options":[{"OptionId":0,"Text":"ja","IsCorrect":true,"QuestionId":0,"Question":{"QuestionId":0,"Text":"?","QuizId":0,"Quiz":{"QuizId":null,"Name":null,"Description":null,"Category":null,"Difficulty":null,"TimeLimit":null,"Questions":null,"IsPublic":null,"OwnerId":null,"Owner":null,"$type":"Quiz"},"Options":[null,null,null,null],"AllowMultiple":false,"SelectedOption":null,"$type":"Question"},"$type":"Option"},{"OptionId":0,"Text":"nei","IsCorrect":false,"QuestionId":0,"Question":{"QuestionId":0,"Text":"?","QuizId":0,"Quiz":{"QuizId":null,"Name":null,"Description":null,"Category":null,"Difficulty":null,"TimeLimit":null,"Questions":null,"IsPublic":null,"OwnerId":null,"Owner":null,"$type":"Quiz"},"Options":[null,null,null,null],"AllowMultiple":false,"SelectedOption":null,"$type":"Question"},"$type":"Option"},{"OptionId":0,"Text":"nei","IsCorrect":false,"QuestionId":0,"Question":{"QuestionId":0,"Text":"?","QuizId":0,"Quiz":{"QuizId":null,"Name":null,"Description":null,"Category":null,"Difficulty":null,"TimeLimit":null,"Questions":null,"IsPublic":null,"OwnerId":null,"Owner":null,"$type":"Quiz"},"Options":[null,null,null,null],"AllowMultiple":false,"SelectedOption":null,"$type":"Question"},"$type":"Option"},{"OptionId":0,"Text":"nei","IsCorrect":false,"QuestionId":0,"Question":{"QuestionId":0,"Text":"?","QuizId":0,"Quiz":{"QuizId":null,"Name":null,"Description":null,"Category":null,"Difficulty":null,"TimeLimit":null,"Questions":null,"IsPublic":null,"OwnerId":null,"Owner":null,"$type":"Quiz"},"Options":[null,null,null,null],"AllowMultiple":false,"SelectedOption":null,"$type":"Question"},"$type":"Option"}],"AllowMultiple":false,"SelectedOption":null,"$type":"Question"}],"IsPublic":true,"OwnerId":"cec8b59c-1770-4377-b2f0-f553351eddcb","Owner":null,"$type":"Quiz"},"Options":[{"OptionId":0,"Text":"ja","IsCorrect":true,"QuestionId":0,"Question":{"QuestionId":0,"Text":"?","QuizId":0,"Quiz":{"QuizId":0,"Name":"quiz","Description":"Quiz","Category":"Geography","Difficulty":"Medium","TimeLimit":10,"Questions":[{"QuestionId":0,"Text":"?","QuizId":0,"Quiz":{"QuizId":null,"Name":null,"Description":null,"Category":null,"Difficulty":null,"TimeLimit":null,"Questions":null,"IsPublic":null,"OwnerId":null,"Owner":null,"$type":"Quiz"},"Options":[null,null,null,null],"AllowMultiple":false,"SelectedOption":null,"$type":"Question"}],"IsPublic":true,"OwnerId":"cec8b59c-1770-4377-b2f0-f553351eddcb","Owner":null,"$type":"Quiz"},"Options":[{"OptionId":0,"Text":"ja","IsCorrect":true,"QuestionId":0,"Question":{"QuestionId":0,"Text":"?","QuizId":0,"Quiz":{"QuizId":null,"Name":null,"Description":null,"Category":null,"Difficulty":null,"TimeLimit":null,"Questions":null,"IsPublic":null,"OwnerId":null,"Owner":null,"$type":"Quiz"},"Options":[null,null,null,null],"AllowMultiple":false,"SelectedOption":null,"$type":"Question"},"$type":"Option"},{"OptionId":0,"Text":"nei","IsCorrect":false,"QuestionId":0,"Question":{"QuestionId":0,"Text":"?","QuizId":0,"Quiz":{"QuizId":null,"Name":null,"Description":null,"Category":null,"Difficulty":null,"TimeLimit":null,"Questions":null,"IsPublic":null,"OwnerId":null,"Owner":null,"$type":"Quiz"},"Options":[null,null,null,null],"AllowMultiple":false,"SelectedOption":null,"$type":"Question"},"$type":"Option"},{"OptionId":0,"Text":"nei","IsCorrect":false,"QuestionId":0,"Question":{"QuestionId":0,"Text":"?","QuizId":0,"Quiz":{"QuizId":null,"Name":null,"Description":null,"Category":null,"Difficulty":null,"TimeLimit":null,"Questions":null,"IsPublic":null,"OwnerId":null,"Owner":null,"$type":"Quiz"},"Options":[null,null,null,null],"AllowMultiple":false,"SelectedOption":null,"$type":"Question"},"$type":"Option"},{"OptionId":0,"Text":"nei","IsCorrect":false,"QuestionId":0,"Question":{"QuestionId":0,"Text":"?","QuizId":0,"Quiz":{"QuizId":null,"Name":null,"Description":null,"Category":null,"Difficulty":null,"TimeLimit":null,"Questions":null,"IsPublic":null,"OwnerId":null,"Owner":null,"$type":"Quiz"},"Options":[null,null,null,null],"AllowMultiple":false,"SelectedOption":null,"$type":"Question"},"$type":"Option"}],"AllowMultiple":false,"SelectedOption":null,"$type":"Question"},"$type":"Option"},{"OptionId":0,"Text":"nei","IsCorrect":false,"QuestionId":0,"Question":{"QuestionId":0,"Text":"?","QuizId":0,"Quiz":{"QuizId":0,"Name":"quiz","Description":"Quiz","Category":"Geography","Difficulty":"Medium","TimeLimit":10,"Questions":[{"QuestionId":0,"Text":"?","QuizId":0,"Quiz":{"QuizId":null,"Name":null,"Description":null,"Category":null,"Difficulty":null,"TimeLimit":null,"Questions":null,"IsPublic":null,"OwnerId":null,"Owner":null,"$type":"Quiz"},"Options":[null,null,null,null],"AllowMultiple":false,"SelectedOption":null,"$type":"Question"}],"IsPublic":true,"OwnerId":"cec8b59c-1770-4377-b2f0-f553351eddcb","Owner":null,"$type":"Quiz"},"Options":[{"OptionId":0,"Text":"ja","IsCorrect":true,"QuestionId":0,"Question":{"QuestionId":0,"Text":"?","QuizId":0,"Quiz":{"QuizId":null,"Name":null,"Description":null,"Category":null,"Difficulty":null,"TimeLimit":null,"Questions":null,"IsPublic":null,"OwnerId":null,"Owner":null,"$type":"Quiz"},"Options":[null,null,null,null],"AllowMultiple":false,"SelectedOption":null,"$type":"Question"},"$type":"Option"},{"OptionId":0,"Text":"nei","IsCorrect":false,"QuestionId":0,"Question":{"QuestionId":0,"Text":"?","QuizId":0,"Quiz":{"QuizId":null,"Name":null,"Description":null,"Category":null,"Difficulty":null,"TimeLimit":null,"Questions":null,"IsPublic":null,"OwnerId":null,"Owner":null,"$type":"Quiz"},"Options":[null,null,null,null],"AllowMultiple":false,"SelectedOption":null,"$type":"Question"},"$type":"Option"},{"OptionId":0,"Text":"nei","IsCorrect":false,"QuestionId":0,"Question":{"QuestionId":0,"Text":"?","QuizId":0,"Quiz":{"QuizId":null,"Name":null,"Description":null,"Category":null,"Difficulty":null,"TimeLimit":null,"Questions":null,"IsPublic":null,"OwnerId":null,"Owner":null,"$type":"Quiz"},"Options":[null,null,null,null],"AllowMultiple":false,"SelectedOption":null,"$type":"Question"},"$type":"Option"},{"OptionId":0,"Text":"nei","IsCorrect":false,"QuestionId":0,"Question":{"QuestionId":0,"Text":"?","QuizId":0,"Quiz":{"QuizId":null,"Name":null,"Description":null,"Category":null,"Difficulty":null,"TimeLimit":null,"Questions":null,"IsPublic":null,"OwnerId":null,"Owner":null,"$type":"Quiz"},"Options":[null,null,null,null],"AllowMultiple":false,"SelectedOption":null,"$type":"Question"},"$type":"Option"}],"AllowMultiple":false,"SelectedOption":null,"$type":"Question"},"$type":"Option"},{"OptionId":0,"Text":"nei","IsCorrect":false,"QuestionId":0,"Question":{"QuestionId":0,"Text":"?","QuizId":0,"Quiz":{"QuizId":0,"Name":"quiz","Description":"Quiz","Category":"Geography","Difficulty":"Medium","TimeLimit":10,"Questions":[{"QuestionId":0,"Text":"?","QuizId":0,"Quiz":{"QuizId":null,"Name":null,"Description":null,"Category":null,"Difficulty":null,"TimeLimit":null,"Questions":null,"IsPublic":null,"OwnerId":null,"Owner":null,"$type":"Quiz"},"Options":[null,null,null,null],"AllowMultiple":false,"SelectedOption":null,"$type":"Question"}],"IsPublic":true,"OwnerId":"cec8b59c-1770-4377-b2f0-f553351eddcb","Owner":null,"$type":"Quiz"},"Options":[{"OptionId":0,"Text":"ja","IsCorrect":true,"QuestionId":0,"Question":{"QuestionId":0,"Text":"?","QuizId":0,"Quiz":{"QuizId":null,"Name":null,"Description":null,"Category":null,"Difficulty":null,"TimeLimit":null,"Questions":null,"IsPublic":null,"OwnerId":null,"Owner":null,"$type":"Quiz"},"Options":[null,null,null,null],"AllowMultiple":false,"SelectedOption":null,"$type":"Question"},"$type":"Option"},{"OptionId":0,"Text":"nei","IsCorrect":false,"QuestionId":0,"Question":{"QuestionId":0,"Text":"?","QuizId":0,"Quiz":{"QuizId":null,"Name":null,"Description":null,"Category":null,"Difficulty":null,"TimeLimit":null,"Questions":null,"IsPublic":null,"OwnerId":null,"Owner":null,"$type":"Quiz"},"Options":[null,null,null,null],"AllowMultiple":false,"SelectedOption":null,"$type":"Question"},"$type":"Option"},{"OptionId":0,"Text":"nei","IsCorrect":false,"QuestionId":0,"Question":{"QuestionId":0,"Text":"?","QuizId":0,"Quiz":{"QuizId":null,"Name":null,"Description":null,"Category":null,"Difficulty":null,"TimeLimit":null,"Questions":null,"IsPublic":null,"OwnerId":null,"Owner":null,"$type":"Quiz"},"Options":[null,null,null,null],"AllowMultiple":false,"SelectedOption":null,"$type":"Question"},"$type":"Option"},{"OptionId":0,"Text":"nei","IsCorrect":false,"QuestionId":0,"Question":{"QuestionId":0,"Text":"?","QuizId":0,"Quiz":{"QuizId":null,"Name":null,"Description":null,"Category":null,"Difficulty":null,"TimeLimit":null,"Questions":null,"IsPublic":null,"OwnerId":null,"Owner":null,"$type":"Quiz"},"Options":[null,null,null,null],"AllowMultiple":false,"SelectedOption":null,"$type":"Question"},"$type":"Option"}],"AllowMultiple":false,"SelectedOption":null,"$type":"Question"},"$type":"Option"},{"OptionId":0,"Text":"nei","IsCorrect":false,"QuestionId":0,"Question":{"QuestionId":0,"Text":"?","QuizId":0,"Quiz":{"QuizId":0,"Name":"quiz","Description":"Quiz","Category":"Geography","Difficulty":"Medium","TimeLimit":10,"Questions":[{"QuestionId":0,"Text":"?","QuizId":0,"Quiz":{"QuizId":null,"Name":null,"Description":null,"Category":null,"Difficulty":null,"TimeLimit":null,"Questions":null,"IsPublic":null,"OwnerId":null,"Owner":null,"$type":"Quiz"},"Options":[null,null,null,null],"AllowMultiple":false,"SelectedOption":null,"$type":"Question"}],"IsPublic":true,"OwnerId":"cec8b59c-1770-4377-b2f0-f553351eddcb","Owner":null,"$type":"Quiz"},"Options":[{"OptionId":0,"Text":"ja","IsCorrect":true,"QuestionId":0,"Question":{"QuestionId":0,"Text":"?","QuizId":0,"Quiz":{"QuizId":null,"Name":null,"Description":null,"Category":null,"Difficulty":null,"TimeLimit":null,"Questions":null,"IsPublic":null,"OwnerId":null,"Owner":null,"$type":"Quiz"},"Options":[null,null,null,null],"AllowMultiple":false,"SelectedOption":null,"$type":"Question"},"$type":"Option"},{"OptionId":0,"Text":"nei","IsCorrect":false,"QuestionId":0,"Question":{"QuestionId":0,"Text":"?","QuizId":0,"Quiz":{"QuizId":null,"Name":null,"Description":null,"Category":null,"Difficulty":null,"TimeLimit":null,"Questions":null,"IsPublic":null,"OwnerId":null,"Owner":null,"$type":"Quiz"},"Options":[null,null,null,null],"AllowMultiple":false,"SelectedOption":null,"$type":"Question"},"$type":"Option"},{"OptionId":0,"Text":"nei","IsCorrect":false,"QuestionId":0,"Question":{"QuestionId":0,"Text":"?","QuizId":0,"Quiz":{"QuizId":null,"Name":null,"Description":null,"Category":null,"Difficulty":null,"TimeLimit":null,"Questions":null,"IsPublic":null,"OwnerId":null,"Owner":null,"$type":"Quiz"},"Options":[null,null,null,null],"AllowMultiple":false,"SelectedOption":null,"$type":"Question"},"$type":"Option"},{"OptionId":0,"Text":"nei","IsCorrect":false,"QuestionId":0,"Question":{"QuestionId":0,"Text":"?","QuizId":0,"Quiz":{"QuizId":null,"Name":null,"Description":null,"Category":null,"Difficulty":null,"TimeLimit":null,"Questions":null,"IsPublic":null,"OwnerId":null,"Owner":null,"$type":"Quiz"},"Options":[null,null,null,null],"AllowMultiple":false,"SelectedOption":null,"$type":"Question"},"$type":"Option"}],"AllowMultiple":false,"SelectedOption":null,"$type":"Question"},"$type":"Option"}],"AllowMultiple":false,"SelectedOption":null,"$type":"Question"}],"IsPublic":true,"OwnerId":"cec8b59c-1770-4377-b2f0-f553351eddcb","Owner":null,"$type":"Quiz"}
2025-11-03 12:04:05.255 +01:00 [INF] Executing ObjectResult, writing value of type 'System.String'.
2025-11-03 12:04:05.256 +01:00 [INF] Executed action Que.Controllers.QuizAPIController.Create (api) in 1012.7242ms
2025-11-03 12:04:05.257 +01:00 [INF] Executed endpoint 'Que.Controllers.QuizAPIController.Create (api)'
2025-11-03 12:04:05.258 +01:00 [INF] Request finished HTTP/1.1 POST http://localhost:5043/api/quizapi/create - 500 null text/plain; charset=utf-8 1040.6315ms
2025-11-03 12:04:58.911 +01:00 [INF] Request starting HTTP/1.1 OPTIONS http://localhost:5043/api/Auth/login - null null
2025-11-03 12:04:58.912 +01:00 [INF] CORS policy execution successful.
2025-11-03 12:04:58.912 +01:00 [INF] Request finished HTTP/1.1 OPTIONS http://localhost:5043/api/Auth/login - 204 null null 0.5863ms
2025-11-03 12:04:58.914 +01:00 [INF] Request starting HTTP/1.1 POST http://localhost:5043/api/Auth/login - application/json 42
2025-11-03 12:04:58.917 +01:00 [INF] CORS policy execution successful.
2025-11-03 12:04:58.917 +01:00 [INF] Executing endpoint 'Que.Controllers.AuthController.Login (api)'
2025-11-03 12:04:58.927 +01:00 [INF] Route matched with {action = "Login", controller = "Auth"}. Executing controller action with signature System.Threading.Tasks.Task`1[Microsoft.AspNetCore.Mvc.IActionResult] Login(Que.DTOs.LoginDto) on controller Que.Controllers.AuthController (api).
2025-11-03 12:04:59.272 +01:00 [INF] [AuthAPIController] user authorized for Erik
2025-11-03 12:04:59.281 +01:00 [INF] JWT token generated for UserId=cec8b59c-1770-4377-b2f0-f553351eddcb
2025-11-03 12:04:59.290 +01:00 [INF] Executing OkObjectResult, writing value of type '<>f__AnonymousType1`1[[System.String, System.Private.CoreLib, Version=8.0.0.0, Culture=neutral, PublicKeyToken=7cec85d7bea7798e]]'.
2025-11-03 12:04:59.310 +01:00 [INF] Executed action Que.Controllers.AuthController.Login (api) in 382.1254ms
2025-11-03 12:04:59.310 +01:00 [INF] Executed endpoint 'Que.Controllers.AuthController.Login (api)'
2025-11-03 12:04:59.311 +01:00 [INF] Request finished HTTP/1.1 POST http://localhost:5043/api/Auth/login - 200 659 application/json; charset=utf-8 396.7087ms
2025-11-03 12:04:59.379 +01:00 [INF] Request starting HTTP/1.1 OPTIONS http://localhost:5043/api/quizapi/quizlist - null null
2025-11-03 12:04:59.379 +01:00 [INF] Request starting HTTP/1.1 OPTIONS http://localhost:5043/api/quizapi/quizlist - null null
2025-11-03 12:04:59.379 +01:00 [INF] CORS policy execution successful.
2025-11-03 12:04:59.379 +01:00 [INF] CORS policy execution successful.
2025-11-03 12:04:59.379 +01:00 [INF] Request finished HTTP/1.1 OPTIONS http://localhost:5043/api/quizapi/quizlist - 204 null null 0.4291ms
2025-11-03 12:04:59.379 +01:00 [INF] Request finished HTTP/1.1 OPTIONS http://localhost:5043/api/quizapi/quizlist - 204 null null 0.3052ms
2025-11-03 12:04:59.382 +01:00 [INF] Request starting HTTP/1.1 GET http://localhost:5043/api/quizapi/quizlist - application/json null
2025-11-03 12:04:59.382 +01:00 [INF] CORS policy execution successful.
2025-11-03 12:04:59.383 +01:00 [INF] Executing endpoint 'Que.Controllers.QuizAPIController.GetAllQuizes (api)'
2025-11-03 12:04:59.383 +01:00 [INF] Route matched with {action = "GetAllQuizes", controller = "QuizAPI"}. Executing controller action with signature System.Threading.Tasks.Task`1[Microsoft.AspNetCore.Mvc.IActionResult] GetAllQuizes() on controller Que.Controllers.QuizAPIController (api).
2025-11-03 12:04:59.384 +01:00 [INF] [QuizAPIController] Fetching quiz list for user: cec8b59c-1770-4377-b2f0-f553351eddcb
2025-11-03 12:04:59.387 +01:00 [INF] [QuizAPIController] Returning 0 visible quizzes for user: cec8b59c-1770-4377-b2f0-f553351eddcb
2025-11-03 12:04:59.387 +01:00 [INF] Executing OkObjectResult, writing value of type 'System.Collections.Generic.List`1[[Que.DTOs.QuizDto, api, Version=1.0.0.0, Culture=neutral, PublicKeyToken=null]]'.
2025-11-03 12:04:59.387 +01:00 [INF] Executed action Que.Controllers.QuizAPIController.GetAllQuizes (api) in 4.0916ms
2025-11-03 12:04:59.387 +01:00 [INF] Executed endpoint 'Que.Controllers.QuizAPIController.GetAllQuizes (api)'
2025-11-03 12:04:59.387 +01:00 [INF] Request finished HTTP/1.1 GET http://localhost:5043/api/quizapi/quizlist - 200 2 application/json; charset=utf-8 5.8944ms
2025-11-03 12:04:59.388 +01:00 [INF] Request starting HTTP/1.1 GET http://localhost:5043/api/quizapi/quizlist - application/json null
2025-11-03 12:04:59.389 +01:00 [INF] CORS policy execution successful.
2025-11-03 12:04:59.390 +01:00 [INF] Executing endpoint 'Que.Controllers.QuizAPIController.GetAllQuizes (api)'
2025-11-03 12:04:59.390 +01:00 [INF] Route matched with {action = "GetAllQuizes", controller = "QuizAPI"}. Executing controller action with signature System.Threading.Tasks.Task`1[Microsoft.AspNetCore.Mvc.IActionResult] GetAllQuizes() on controller Que.Controllers.QuizAPIController (api).
2025-11-03 12:04:59.390 +01:00 [INF] [QuizAPIController] Fetching quiz list for user: cec8b59c-1770-4377-b2f0-f553351eddcb
2025-11-03 12:04:59.393 +01:00 [INF] [QuizAPIController] Returning 0 visible quizzes for user: cec8b59c-1770-4377-b2f0-f553351eddcb
2025-11-03 12:04:59.394 +01:00 [INF] Executing OkObjectResult, writing value of type 'System.Collections.Generic.List`1[[Que.DTOs.QuizDto, api, Version=1.0.0.0, Culture=neutral, PublicKeyToken=null]]'.
2025-11-03 12:04:59.394 +01:00 [INF] Executed action Que.Controllers.QuizAPIController.GetAllQuizes (api) in 4.5384ms
2025-11-03 12:04:59.395 +01:00 [INF] Executed endpoint 'Que.Controllers.QuizAPIController.GetAllQuizes (api)'
2025-11-03 12:04:59.395 +01:00 [INF] Request finished HTTP/1.1 GET http://localhost:5043/api/quizapi/quizlist - 200 2 application/json; charset=utf-8 6.4671ms
2025-11-03 12:05:32.656 +01:00 [INF] Request starting HTTP/1.1 OPTIONS http://localhost:5043/api/quizapi/create - null null
2025-11-03 12:05:32.656 +01:00 [INF] CORS policy execution successful.
2025-11-03 12:05:32.669 +01:00 [INF] Request finished HTTP/1.1 OPTIONS http://localhost:5043/api/quizapi/create - 204 null null 13.3542ms
2025-11-03 12:05:32.672 +01:00 [INF] Request starting HTTP/1.1 POST http://localhost:5043/api/quizapi/create - application/json 265
2025-11-03 12:05:32.672 +01:00 [INF] CORS policy execution successful.
2025-11-03 12:05:32.675 +01:00 [INF] Executing endpoint 'Que.Controllers.QuizAPIController.Create (api)'
2025-11-03 12:05:32.675 +01:00 [INF] Route matched with {action = "Create", controller = "QuizAPI"}. Executing controller action with signature System.Threading.Tasks.Task`1[Microsoft.AspNetCore.Mvc.IActionResult] Create(Que.DTOs.QuizDto) on controller Que.Controllers.QuizAPIController (api).
2025-11-03 12:05:32.677 +01:00 [INF] Claims for current user:
2025-11-03 12:05:32.677 +01:00 [INF] http://schemas.xmlsoap.org/ws/2005/05/identity/claims/nameidentifier = cec8b59c-1770-4377-b2f0-f553351eddcb
2025-11-03 12:05:32.677 +01:00 [INF] http://schemas.xmlsoap.org/ws/2005/05/identity/claims/name = erikgrimstveit@outlook.com
2025-11-03 12:05:32.677 +01:00 [INF] http://schemas.xmlsoap.org/ws/2005/05/identity/claims/emailaddress = erikgrimstveit@outlook.com
2025-11-03 12:05:32.677 +01:00 [INF] http://schemas.xmlsoap.org/ws/2005/05/identity/claims/nameidentifier = cec8b59c-1770-4377-b2f0-f553351eddcb
2025-11-03 12:05:32.677 +01:00 [INF] jti = 6129b829-4b68-4d42-b5a7-f3285fc11afa
2025-11-03 12:05:32.677 +01:00 [INF] iat = 1762167899
2025-11-03 12:05:32.677 +01:00 [INF] exp = 1762175099
2025-11-03 12:05:32.677 +01:00 [INF] iss = http://localhost:5043
2025-11-03 12:05:32.677 +01:00 [INF] aud = http://localhost:5043
2025-11-03 12:05:32.727 +01:00 [ERR] Failed executing DbCommand (1ms) [Parameters=[@p0='?' (Size = 6), @p1='?' (Size = 2), @p2='?' (Size = 4), @p3='?' (DbType = Boolean), @p4='?' (Size = 2), @p5='?' (Size = 36), @p6='?' (DbType = Int32)], CommandType='"Text"', CommandTimeout='30']
INSERT INTO "Quizes" ("Category", "Description", "Difficulty", "IsPublic", "Name", "OwnerId", "TimeLimit")
VALUES (@p0, @p1, @p2, @p3, @p4, @p5, @p6)
RETURNING "QuizId";
2025-11-03 12:05:32.735 +01:00 [ERR] An exception occurred in the database while saving changes for context type 'Que.DAL.QuizDbContext'.
Microsoft.EntityFrameworkCore.DbUpdateException: An error occurred while saving the entity changes. See the inner exception for details.
 ---> Microsoft.Data.Sqlite.SqliteException (0x80004005): SQLite Error 19: 'FOREIGN KEY constraint failed'.
   at Microsoft.Data.Sqlite.SqliteException.ThrowExceptionForRC(Int32 rc, sqlite3 db)
   at Microsoft.Data.Sqlite.SqliteDataReader.NextResult()
   at Microsoft.Data.Sqlite.SqliteCommand.ExecuteReader(CommandBehavior behavior)
   at Microsoft.Data.Sqlite.SqliteCommand.ExecuteReaderAsync(CommandBehavior behavior, CancellationToken cancellationToken)
   at Microsoft.Data.Sqlite.SqliteCommand.ExecuteDbDataReaderAsync(CommandBehavior behavior, CancellationToken cancellationToken)
   at Microsoft.EntityFrameworkCore.Storage.RelationalCommand.ExecuteReaderAsync(RelationalCommandParameterObject parameterObject, CancellationToken cancellationToken)
   at Microsoft.EntityFrameworkCore.Storage.RelationalCommand.ExecuteReaderAsync(RelationalCommandParameterObject parameterObject, CancellationToken cancellationToken)
   at Microsoft.EntityFrameworkCore.Update.ReaderModificationCommandBatch.ExecuteAsync(IRelationalConnection connection, CancellationToken cancellationToken)
   --- End of inner exception stack trace ---
   at Microsoft.EntityFrameworkCore.Update.ReaderModificationCommandBatch.ExecuteAsync(IRelationalConnection connection, CancellationToken cancellationToken)
   at Microsoft.EntityFrameworkCore.Update.Internal.BatchExecutor.ExecuteAsync(IEnumerable`1 commandBatches, IRelationalConnection connection, CancellationToken cancellationToken)
   at Microsoft.EntityFrameworkCore.Update.Internal.BatchExecutor.ExecuteAsync(IEnumerable`1 commandBatches, IRelationalConnection connection, CancellationToken cancellationToken)
   at Microsoft.EntityFrameworkCore.Update.Internal.BatchExecutor.ExecuteAsync(IEnumerable`1 commandBatches, IRelationalConnection connection, CancellationToken cancellationToken)
   at Microsoft.EntityFrameworkCore.ChangeTracking.Internal.StateManager.SaveChangesAsync(IList`1 entriesToSave, CancellationToken cancellationToken)
   at Microsoft.EntityFrameworkCore.ChangeTracking.Internal.StateManager.SaveChangesAsync(StateManager stateManager, Boolean acceptAllChangesOnSuccess, CancellationToken cancellationToken)
   at Microsoft.EntityFrameworkCore.DbContext.SaveChangesAsync(Boolean acceptAllChangesOnSuccess, CancellationToken cancellationToken)
Microsoft.EntityFrameworkCore.DbUpdateException: An error occurred while saving the entity changes. See the inner exception for details.
 ---> Microsoft.Data.Sqlite.SqliteException (0x80004005): SQLite Error 19: 'FOREIGN KEY constraint failed'.
   at Microsoft.Data.Sqlite.SqliteException.ThrowExceptionForRC(Int32 rc, sqlite3 db)
   at Microsoft.Data.Sqlite.SqliteDataReader.NextResult()
   at Microsoft.Data.Sqlite.SqliteCommand.ExecuteReader(CommandBehavior behavior)
   at Microsoft.Data.Sqlite.SqliteCommand.ExecuteReaderAsync(CommandBehavior behavior, CancellationToken cancellationToken)
   at Microsoft.Data.Sqlite.SqliteCommand.ExecuteDbDataReaderAsync(CommandBehavior behavior, CancellationToken cancellationToken)
   at Microsoft.EntityFrameworkCore.Storage.RelationalCommand.ExecuteReaderAsync(RelationalCommandParameterObject parameterObject, CancellationToken cancellationToken)
   at Microsoft.EntityFrameworkCore.Storage.RelationalCommand.ExecuteReaderAsync(RelationalCommandParameterObject parameterObject, CancellationToken cancellationToken)
   at Microsoft.EntityFrameworkCore.Update.ReaderModificationCommandBatch.ExecuteAsync(IRelationalConnection connection, CancellationToken cancellationToken)
   --- End of inner exception stack trace ---
   at Microsoft.EntityFrameworkCore.Update.ReaderModificationCommandBatch.ExecuteAsync(IRelationalConnection connection, CancellationToken cancellationToken)
   at Microsoft.EntityFrameworkCore.Update.Internal.BatchExecutor.ExecuteAsync(IEnumerable`1 commandBatches, IRelationalConnection connection, CancellationToken cancellationToken)
   at Microsoft.EntityFrameworkCore.Update.Internal.BatchExecutor.ExecuteAsync(IEnumerable`1 commandBatches, IRelationalConnection connection, CancellationToken cancellationToken)
   at Microsoft.EntityFrameworkCore.Update.Internal.BatchExecutor.ExecuteAsync(IEnumerable`1 commandBatches, IRelationalConnection connection, CancellationToken cancellationToken)
   at Microsoft.EntityFrameworkCore.ChangeTracking.Internal.StateManager.SaveChangesAsync(IList`1 entriesToSave, CancellationToken cancellationToken)
   at Microsoft.EntityFrameworkCore.ChangeTracking.Internal.StateManager.SaveChangesAsync(StateManager stateManager, Boolean acceptAllChangesOnSuccess, CancellationToken cancellationToken)
   at Microsoft.EntityFrameworkCore.DbContext.SaveChangesAsync(Boolean acceptAllChangesOnSuccess, CancellationToken cancellationToken)
2025-11-03 12:05:32.745 +01:00 [ERR] Unexpected error while creating quiz 'aa'
Microsoft.EntityFrameworkCore.DbUpdateException: An error occurred while saving the entity changes. See the inner exception for details.
 ---> Microsoft.Data.Sqlite.SqliteException (0x80004005): SQLite Error 19: 'FOREIGN KEY constraint failed'.
   at Microsoft.Data.Sqlite.SqliteException.ThrowExceptionForRC(Int32 rc, sqlite3 db)
   at Microsoft.Data.Sqlite.SqliteDataReader.NextResult()
   at Microsoft.Data.Sqlite.SqliteCommand.ExecuteReader(CommandBehavior behavior)
   at Microsoft.Data.Sqlite.SqliteCommand.ExecuteReaderAsync(CommandBehavior behavior, CancellationToken cancellationToken)
   at Microsoft.Data.Sqlite.SqliteCommand.ExecuteDbDataReaderAsync(CommandBehavior behavior, CancellationToken cancellationToken)
   at Microsoft.EntityFrameworkCore.Storage.RelationalCommand.ExecuteReaderAsync(RelationalCommandParameterObject parameterObject, CancellationToken cancellationToken)
   at Microsoft.EntityFrameworkCore.Storage.RelationalCommand.ExecuteReaderAsync(RelationalCommandParameterObject parameterObject, CancellationToken cancellationToken)
   at Microsoft.EntityFrameworkCore.Update.ReaderModificationCommandBatch.ExecuteAsync(IRelationalConnection connection, CancellationToken cancellationToken)
   --- End of inner exception stack trace ---
   at Microsoft.EntityFrameworkCore.Update.ReaderModificationCommandBatch.ExecuteAsync(IRelationalConnection connection, CancellationToken cancellationToken)
   at Microsoft.EntityFrameworkCore.Update.Internal.BatchExecutor.ExecuteAsync(IEnumerable`1 commandBatches, IRelationalConnection connection, CancellationToken cancellationToken)
   at Microsoft.EntityFrameworkCore.Update.Internal.BatchExecutor.ExecuteAsync(IEnumerable`1 commandBatches, IRelationalConnection connection, CancellationToken cancellationToken)
   at Microsoft.EntityFrameworkCore.Update.Internal.BatchExecutor.ExecuteAsync(IEnumerable`1 commandBatches, IRelationalConnection connection, CancellationToken cancellationToken)
   at Microsoft.EntityFrameworkCore.ChangeTracking.Internal.StateManager.SaveChangesAsync(IList`1 entriesToSave, CancellationToken cancellationToken)
   at Microsoft.EntityFrameworkCore.ChangeTracking.Internal.StateManager.SaveChangesAsync(StateManager stateManager, Boolean acceptAllChangesOnSuccess, CancellationToken cancellationToken)
   at Microsoft.EntityFrameworkCore.DbContext.SaveChangesAsync(Boolean acceptAllChangesOnSuccess, CancellationToken cancellationToken)
   at Microsoft.EntityFrameworkCore.DbContext.SaveChangesAsync(Boolean acceptAllChangesOnSuccess, CancellationToken cancellationToken)
   at Que.DAL.QuizRepository.CreateQuiz(Quiz quiz) in C:\Users\erikg\OneDrive\Student\Webapplikasjoner\QueEksamen\api\DAL\QuizRepository.cs:line 35
2025-11-03 12:05:32.749 +01:00 [ERR] Failed to save quiz {"QuizId":0,"Name":"aa","Description":"aa","Category":"Sports","Difficulty":"Easy","TimeLimit":4,"Questions":[{"QuestionId":0,"Text":"a","QuizId":0,"Quiz":{"QuizId":0,"Name":"aa","Description":"aa","Category":"Sports","Difficulty":"Easy","TimeLimit":4,"Questions":[{"QuestionId":0,"Text":"a","QuizId":0,"Quiz":{"QuizId":0,"Name":"aa","Description":"aa","Category":"Sports","Difficulty":"Easy","TimeLimit":4,"Questions":[{"QuestionId":0,"Text":"a","QuizId":0,"Quiz":{"QuizId":null,"Name":null,"Description":null,"Category":null,"Difficulty":null,"TimeLimit":null,"Questions":null,"IsPublic":null,"OwnerId":null,"Owner":null,"$type":"Quiz"},"Options":[null,null,null,null],"AllowMultiple":false,"SelectedOption":null,"$type":"Question"}],"IsPublic":false,"OwnerId":"cec8b59c-1770-4377-b2f0-f553351eddcb","Owner":null,"$type":"Quiz"},"Options":[{"OptionId":0,"Text":"a","IsCorrect":true,"QuestionId":0,"Question":{"QuestionId":0,"Text":"a","QuizId":0,"Quiz":{"QuizId":null,"Name":null,"Description":null,"Category":null,"Difficulty":null,"TimeLimit":null,"Questions":null,"IsPublic":null,"OwnerId":null,"Owner":null,"$type":"Quiz"},"Options":[null,null,null,null],"AllowMultiple":false,"SelectedOption":null,"$type":"Question"},"$type":"Option"},{"OptionId":0,"Text":"s","IsCorrect":false,"QuestionId":0,"Question":{"QuestionId":0,"Text":"a","QuizId":0,"Quiz":{"QuizId":null,"Name":null,"Description":null,"Category":null,"Difficulty":null,"TimeLimit":null,"Questions":null,"IsPublic":null,"OwnerId":null,"Owner":null,"$type":"Quiz"},"Options":[null,null,null,null],"AllowMultiple":false,"SelectedOption":null,"$type":"Question"},"$type":"Option"},{"OptionId":0,"Text":"s","IsCorrect":false,"QuestionId":0,"Question":{"QuestionId":0,"Text":"a","QuizId":0,"Quiz":{"QuizId":null,"Name":null,"Description":null,"Category":null,"Difficulty":null,"TimeLimit":null,"Questions":null,"IsPublic":null,"OwnerId":null,"Owner":null,"$type":"Quiz"},"Options":[null,null,null,null],"AllowMultiple":false,"SelectedOption":null,"$type":"Question"},"$type":"Option"},{"OptionId":0,"Text":"s","IsCorrect":false,"QuestionId":0,"Question":{"QuestionId":0,"Text":"a","QuizId":0,"Quiz":{"QuizId":null,"Name":null,"Description":null,"Category":null,"Difficulty":null,"TimeLimit":null,"Questions":null,"IsPublic":null,"OwnerId":null,"Owner":null,"$type":"Quiz"},"Options":[null,null,null,null],"AllowMultiple":false,"SelectedOption":null,"$type":"Question"},"$type":"Option"}],"AllowMultiple":false,"SelectedOption":null,"$type":"Question"}],"IsPublic":false,"OwnerId":"cec8b59c-1770-4377-b2f0-f553351eddcb","Owner":null,"$type":"Quiz"},"Options":[{"OptionId":0,"Text":"a","IsCorrect":true,"QuestionId":0,"Question":{"QuestionId":0,"Text":"a","QuizId":0,"Quiz":{"QuizId":0,"Name":"aa","Description":"aa","Category":"Sports","Difficulty":"Easy","TimeLimit":4,"Questions":[{"QuestionId":0,"Text":"a","QuizId":0,"Quiz":{"QuizId":null,"Name":null,"Description":null,"Category":null,"Difficulty":null,"TimeLimit":null,"Questions":null,"IsPublic":null,"OwnerId":null,"Owner":null,"$type":"Quiz"},"Options":[null,null,null,null],"AllowMultiple":false,"SelectedOption":null,"$type":"Question"}],"IsPublic":false,"OwnerId":"cec8b59c-1770-4377-b2f0-f553351eddcb","Owner":null,"$type":"Quiz"},"Options":[{"OptionId":0,"Text":"a","IsCorrect":true,"QuestionId":0,"Question":{"QuestionId":0,"Text":"a","QuizId":0,"Quiz":{"QuizId":null,"Name":null,"Description":null,"Category":null,"Difficulty":null,"TimeLimit":null,"Questions":null,"IsPublic":null,"OwnerId":null,"Owner":null,"$type":"Quiz"},"Options":[null,null,null,null],"AllowMultiple":false,"SelectedOption":null,"$type":"Question"},"$type":"Option"},{"OptionId":0,"Text":"s","IsCorrect":false,"QuestionId":0,"Question":{"QuestionId":0,"Text":"a","QuizId":0,"Quiz":{"QuizId":null,"Name":null,"Description":null,"Category":null,"Difficulty":null,"TimeLimit":null,"Questions":null,"IsPublic":null,"OwnerId":null,"Owner":null,"$type":"Quiz"},"Options":[null,null,null,null],"AllowMultiple":false,"SelectedOption":null,"$type":"Question"},"$type":"Option"},{"OptionId":0,"Text":"s","IsCorrect":false,"QuestionId":0,"Question":{"QuestionId":0,"Text":"a","QuizId":0,"Quiz":{"QuizId":null,"Name":null,"Description":null,"Category":null,"Difficulty":null,"TimeLimit":null,"Questions":null,"IsPublic":null,"OwnerId":null,"Owner":null,"$type":"Quiz"},"Options":[null,null,null,null],"AllowMultiple":false,"SelectedOption":null,"$type":"Question"},"$type":"Option"},{"OptionId":0,"Text":"s","IsCorrect":false,"QuestionId":0,"Question":{"QuestionId":0,"Text":"a","QuizId":0,"Quiz":{"QuizId":null,"Name":null,"Description":null,"Category":null,"Difficulty":null,"TimeLimit":null,"Questions":null,"IsPublic":null,"OwnerId":null,"Owner":null,"$type":"Quiz"},"Options":[null,null,null,null],"AllowMultiple":false,"SelectedOption":null,"$type":"Question"},"$type":"Option"}],"AllowMultiple":false,"SelectedOption":null,"$type":"Question"},"$type":"Option"},{"OptionId":0,"Text":"s","IsCorrect":false,"QuestionId":0,"Question":{"QuestionId":0,"Text":"a","QuizId":0,"Quiz":{"QuizId":0,"Name":"aa","Description":"aa","Category":"Sports","Difficulty":"Easy","TimeLimit":4,"Questions":[{"QuestionId":0,"Text":"a","QuizId":0,"Quiz":{"QuizId":null,"Name":null,"Description":null,"Category":null,"Difficulty":null,"TimeLimit":null,"Questions":null,"IsPublic":null,"OwnerId":null,"Owner":null,"$type":"Quiz"},"Options":[null,null,null,null],"AllowMultiple":false,"SelectedOption":null,"$type":"Question"}],"IsPublic":false,"OwnerId":"cec8b59c-1770-4377-b2f0-f553351eddcb","Owner":null,"$type":"Quiz"},"Options":[{"OptionId":0,"Text":"a","IsCorrect":true,"QuestionId":0,"Question":{"QuestionId":0,"Text":"a","QuizId":0,"Quiz":{"QuizId":null,"Name":null,"Description":null,"Category":null,"Difficulty":null,"TimeLimit":null,"Questions":null,"IsPublic":null,"OwnerId":null,"Owner":null,"$type":"Quiz"},"Options":[null,null,null,null],"AllowMultiple":false,"SelectedOption":null,"$type":"Question"},"$type":"Option"},{"OptionId":0,"Text":"s","IsCorrect":false,"QuestionId":0,"Question":{"QuestionId":0,"Text":"a","QuizId":0,"Quiz":{"QuizId":null,"Name":null,"Description":null,"Category":null,"Difficulty":null,"TimeLimit":null,"Questions":null,"IsPublic":null,"OwnerId":null,"Owner":null,"$type":"Quiz"},"Options":[null,null,null,null],"AllowMultiple":false,"SelectedOption":null,"$type":"Question"},"$type":"Option"},{"OptionId":0,"Text":"s","IsCorrect":false,"QuestionId":0,"Question":{"QuestionId":0,"Text":"a","QuizId":0,"Quiz":{"QuizId":null,"Name":null,"Description":null,"Category":null,"Difficulty":null,"TimeLimit":null,"Questions":null,"IsPublic":null,"OwnerId":null,"Owner":null,"$type":"Quiz"},"Options":[null,null,null,null],"AllowMultiple":false,"SelectedOption":null,"$type":"Question"},"$type":"Option"},{"OptionId":0,"Text":"s","IsCorrect":false,"QuestionId":0,"Question":{"QuestionId":0,"Text":"a","QuizId":0,"Quiz":{"QuizId":null,"Name":null,"Description":null,"Category":null,"Difficulty":null,"TimeLimit":null,"Questions":null,"IsPublic":null,"OwnerId":null,"Owner":null,"$type":"Quiz"},"Options":[null,null,null,null],"AllowMultiple":false,"SelectedOption":null,"$type":"Question"},"$type":"Option"}],"AllowMultiple":false,"SelectedOption":null,"$type":"Question"},"$type":"Option"},{"OptionId":0,"Text":"s","IsCorrect":false,"QuestionId":0,"Question":{"QuestionId":0,"Text":"a","QuizId":0,"Quiz":{"QuizId":0,"Name":"aa","Description":"aa","Category":"Sports","Difficulty":"Easy","TimeLimit":4,"Questions":[{"QuestionId":0,"Text":"a","QuizId":0,"Quiz":{"QuizId":null,"Name":null,"Description":null,"Category":null,"Difficulty":null,"TimeLimit":null,"Questions":null,"IsPublic":null,"OwnerId":null,"Owner":null,"$type":"Quiz"},"Options":[null,null,null,null],"AllowMultiple":false,"SelectedOption":null,"$type":"Question"}],"IsPublic":false,"OwnerId":"cec8b59c-1770-4377-b2f0-f553351eddcb","Owner":null,"$type":"Quiz"},"Options":[{"OptionId":0,"Text":"a","IsCorrect":true,"QuestionId":0,"Question":{"QuestionId":0,"Text":"a","QuizId":0,"Quiz":{"QuizId":null,"Name":null,"Description":null,"Category":null,"Difficulty":null,"TimeLimit":null,"Questions":null,"IsPublic":null,"OwnerId":null,"Owner":null,"$type":"Quiz"},"Options":[null,null,null,null],"AllowMultiple":false,"SelectedOption":null,"$type":"Question"},"$type":"Option"},{"OptionId":0,"Text":"s","IsCorrect":false,"QuestionId":0,"Question":{"QuestionId":0,"Text":"a","QuizId":0,"Quiz":{"QuizId":null,"Name":null,"Description":null,"Category":null,"Difficulty":null,"TimeLimit":null,"Questions":null,"IsPublic":null,"OwnerId":null,"Owner":null,"$type":"Quiz"},"Options":[null,null,null,null],"AllowMultiple":false,"SelectedOption":null,"$type":"Question"},"$type":"Option"},{"OptionId":0,"Text":"s","IsCorrect":false,"QuestionId":0,"Question":{"QuestionId":0,"Text":"a","QuizId":0,"Quiz":{"QuizId":null,"Name":null,"Description":null,"Category":null,"Difficulty":null,"TimeLimit":null,"Questions":null,"IsPublic":null,"OwnerId":null,"Owner":null,"$type":"Quiz"},"Options":[null,null,null,null],"AllowMultiple":false,"SelectedOption":null,"$type":"Question"},"$type":"Option"},{"OptionId":0,"Text":"s","IsCorrect":false,"QuestionId":0,"Question":{"QuestionId":0,"Text":"a","QuizId":0,"Quiz":{"QuizId":null,"Name":null,"Description":null,"Category":null,"Difficulty":null,"TimeLimit":null,"Questions":null,"IsPublic":null,"OwnerId":null,"Owner":null,"$type":"Quiz"},"Options":[null,null,null,null],"AllowMultiple":false,"SelectedOption":null,"$type":"Question"},"$type":"Option"}],"AllowMultiple":false,"SelectedOption":null,"$type":"Question"},"$type":"Option"},{"OptionId":0,"Text":"s","IsCorrect":false,"QuestionId":0,"Question":{"QuestionId":0,"Text":"a","QuizId":0,"Quiz":{"QuizId":0,"Name":"aa","Description":"aa","Category":"Sports","Difficulty":"Easy","TimeLimit":4,"Questions":[{"QuestionId":0,"Text":"a","QuizId":0,"Quiz":{"QuizId":null,"Name":null,"Description":null,"Category":null,"Difficulty":null,"TimeLimit":null,"Questions":null,"IsPublic":null,"OwnerId":null,"Owner":null,"$type":"Quiz"},"Options":[null,null,null,null],"AllowMultiple":false,"SelectedOption":null,"$type":"Question"}],"IsPublic":false,"OwnerId":"cec8b59c-1770-4377-b2f0-f553351eddcb","Owner":null,"$type":"Quiz"},"Options":[{"OptionId":0,"Text":"a","IsCorrect":true,"QuestionId":0,"Question":{"QuestionId":0,"Text":"a","QuizId":0,"Quiz":{"QuizId":null,"Name":null,"Description":null,"Category":null,"Difficulty":null,"TimeLimit":null,"Questions":null,"IsPublic":null,"OwnerId":null,"Owner":null,"$type":"Quiz"},"Options":[null,null,null,null],"AllowMultiple":false,"SelectedOption":null,"$type":"Question"},"$type":"Option"},{"OptionId":0,"Text":"s","IsCorrect":false,"QuestionId":0,"Question":{"QuestionId":0,"Text":"a","QuizId":0,"Quiz":{"QuizId":null,"Name":null,"Description":null,"Category":null,"Difficulty":null,"TimeLimit":null,"Questions":null,"IsPublic":null,"OwnerId":null,"Owner":null,"$type":"Quiz"},"Options":[null,null,null,null],"AllowMultiple":false,"SelectedOption":null,"$type":"Question"},"$type":"Option"},{"OptionId":0,"Text":"s","IsCorrect":false,"QuestionId":0,"Question":{"QuestionId":0,"Text":"a","QuizId":0,"Quiz":{"QuizId":null,"Name":null,"Description":null,"Category":null,"Difficulty":null,"TimeLimit":null,"Questions":null,"IsPublic":null,"OwnerId":null,"Owner":null,"$type":"Quiz"},"Options":[null,null,null,null],"AllowMultiple":false,"SelectedOption":null,"$type":"Question"},"$type":"Option"},{"OptionId":0,"Text":"s","IsCorrect":false,"QuestionId":0,"Question":{"QuestionId":0,"Text":"a","QuizId":0,"Quiz":{"QuizId":null,"Name":null,"Description":null,"Category":null,"Difficulty":null,"TimeLimit":null,"Questions":null,"IsPublic":null,"OwnerId":null,"Owner":null,"$type":"Quiz"},"Options":[null,null,null,null],"AllowMultiple":false,"SelectedOption":null,"$type":"Question"},"$type":"Option"}],"AllowMultiple":false,"SelectedOption":null,"$type":"Question"},"$type":"Option"}],"AllowMultiple":false,"SelectedOption":null,"$type":"Question"}],"IsPublic":false,"OwnerId":"cec8b59c-1770-4377-b2f0-f553351eddcb","Owner":null,"$type":"Quiz"}
2025-11-03 12:05:32.750 +01:00 [INF] Executing ObjectResult, writing value of type 'System.String'.
2025-11-03 12:05:32.750 +01:00 [INF] Executed action Que.Controllers.QuizAPIController.Create (api) in 74.8764ms
2025-11-03 12:05:32.750 +01:00 [INF] Executed endpoint 'Que.Controllers.QuizAPIController.Create (api)'
2025-11-03 12:05:32.751 +01:00 [INF] Request finished HTTP/1.1 POST http://localhost:5043/api/quizapi/create - 500 null text/plain; charset=utf-8 78.6789ms
2025-11-03 12:11:16.981 +01:00 [INF] Application is shutting down...
