2025-10-24 18:13:12.013 +02:00 [INF] Now listening on: https://localhost:7266
2025-10-24 18:13:12.017 +02:00 [INF] Now listening on: http://localhost:5043
2025-10-24 18:13:12.020 +02:00 [INF] Application started. Press Ctrl+C to shut down.
2025-10-24 18:13:12.021 +02:00 [INF] Hosting environment: Development
2025-10-24 18:13:12.021 +02:00 [INF] Content root path: /Users/arthurflotvik/Documents/QueREACT/api
2025-10-24 18:13:12.099 +02:00 [INF] Request starting HTTP/1.1 GET http://localhost:5043/swagger/index.html - null null
2025-10-24 18:13:12.141 +02:00 [INF] Request finished HTTP/1.1 GET http://localhost:5043/swagger/index.html - 200 null text/html;charset=utf-8 42.7162ms
2025-10-24 18:13:12.221 +02:00 [INF] Request starting HTTP/1.1 GET http://localhost:5043/swagger/v1/swagger.json - null null
2025-10-24 18:13:12.274 +02:00 [INF] Request finished HTTP/1.1 GET http://localhost:5043/swagger/v1/swagger.json - 200 null application/json;charset=utf-8 53.23ms
2025-10-24 18:13:17.994 +02:00 [INF] Request starting HTTP/1.1 GET http://localhost:5043/api/quizapi/quizList - null null
2025-10-24 18:13:18.010 +02:00 [INF] CORS policy execution successful.
2025-10-24 18:13:18.011 +02:00 [INF] Executing endpoint 'Que.Controllers.QuizAPIController.QuizList (api)'
2025-10-24 18:13:18.019 +02:00 [INF] Route matched with {action = "QuizList", controller = "QuizAPI"}. Executing controller action with signature System.Threading.Tasks.Task`1[Microsoft.AspNetCore.Mvc.IActionResult] QuizList() on controller Que.Controllers.QuizAPIController (api).
2025-10-24 18:13:18.146 +02:00 [WRN] Compiling a query which loads related collections for more than one collection navigation, either via 'Include' or through projection, but no 'QuerySplittingBehavior' has been configured. By default, Entity Framework will use 'QuerySplittingBehavior.SingleQuery', which can potentially result in slow query performance. See https://go.microsoft.com/fwlink/?linkid=2134277 for more information. To identify the query that's triggering this warning call 'ConfigureWarnings(w => w.Throw(RelationalEventId.MultipleCollectionIncludeWarning))'.
2025-10-24 18:13:18.203 +02:00 [INF] Executing OkObjectResult, writing value of type 'System.Linq.Enumerable+SelectListIterator`2[[Que.Models.Quiz, api, Version=1.0.0.0, Culture=neutral, PublicKeyToken=null],[Que.DTOs.QuizDto, api, Version=1.0.0.0, Culture=neutral, PublicKeyToken=null]]'.
2025-10-24 18:13:18.256 +02:00 [INF] Executed action Que.Controllers.QuizAPIController.QuizList (api) in 234.7535ms
2025-10-24 18:13:18.256 +02:00 [INF] Executed endpoint 'Que.Controllers.QuizAPIController.QuizList (api)'
2025-10-24 18:13:18.258 +02:00 [INF] Request finished HTTP/1.1 GET http://localhost:5043/api/quizapi/quizList - 200 149 application/json; charset=utf-8 264.197ms
2025-10-24 18:13:18.258 +02:00 [INF] Request starting HTTP/1.1 GET http://localhost:5043/api/quizapi/quizList - null null
2025-10-24 18:13:18.259 +02:00 [INF] CORS policy execution successful.
2025-10-24 18:13:18.259 +02:00 [INF] Executing endpoint 'Que.Controllers.QuizAPIController.QuizList (api)'
2025-10-24 18:13:18.259 +02:00 [INF] Route matched with {action = "QuizList", controller = "QuizAPI"}. Executing controller action with signature System.Threading.Tasks.Task`1[Microsoft.AspNetCore.Mvc.IActionResult] QuizList() on controller Que.Controllers.QuizAPIController (api).
2025-10-24 18:13:18.284 +02:00 [INF] Executing OkObjectResult, writing value of type 'System.Linq.Enumerable+SelectListIterator`2[[Que.Models.Quiz, api, Version=1.0.0.0, Culture=neutral, PublicKeyToken=null],[Que.DTOs.QuizDto, api, Version=1.0.0.0, Culture=neutral, PublicKeyToken=null]]'.
2025-10-24 18:13:18.284 +02:00 [INF] Executed action Que.Controllers.QuizAPIController.QuizList (api) in 25.0535ms
2025-10-24 18:13:18.285 +02:00 [INF] Executed endpoint 'Que.Controllers.QuizAPIController.QuizList (api)'
2025-10-24 18:13:18.285 +02:00 [INF] Request finished HTTP/1.1 GET http://localhost:5043/api/quizapi/quizList - 200 149 application/json; charset=utf-8 26.3656ms
2025-10-24 18:14:37.504 +02:00 [INF] Request starting HTTP/1.1 GET http://localhost:5043/api/quizapi/quizList - null null
2025-10-24 18:14:37.507 +02:00 [INF] CORS policy execution successful.
2025-10-24 18:14:37.507 +02:00 [INF] Executing endpoint 'Que.Controllers.QuizAPIController.QuizList (api)'
2025-10-24 18:14:37.510 +02:00 [INF] Route matched with {action = "QuizList", controller = "QuizAPI"}. Executing controller action with signature System.Threading.Tasks.Task`1[Microsoft.AspNetCore.Mvc.IActionResult] QuizList() on controller Que.Controllers.QuizAPIController (api).
2025-10-24 18:14:37.523 +02:00 [INF] Executing OkObjectResult, writing value of type 'System.Linq.Enumerable+SelectListIterator`2[[Que.Models.Quiz, api, Version=1.0.0.0, Culture=neutral, PublicKeyToken=null],[Que.DTOs.QuizDto, api, Version=1.0.0.0, Culture=neutral, PublicKeyToken=null]]'.
2025-10-24 18:14:37.523 +02:00 [INF] Executed action Que.Controllers.QuizAPIController.QuizList (api) in 13.0515ms
2025-10-24 18:14:37.523 +02:00 [INF] Executed endpoint 'Que.Controllers.QuizAPIController.QuizList (api)'
2025-10-24 18:14:37.523 +02:00 [INF] Request finished HTTP/1.1 GET http://localhost:5043/api/quizapi/quizList - 200 149 application/json; charset=utf-8 20.2586ms
2025-10-24 18:14:51.102 +02:00 [INF] Request starting HTTP/1.1 GET http://localhost:5043/api/quizapi/quizList - null null
2025-10-24 18:14:51.104 +02:00 [INF] CORS policy execution successful.
2025-10-24 18:14:51.104 +02:00 [INF] Executing endpoint 'Que.Controllers.QuizAPIController.QuizList (api)'
2025-10-24 18:14:51.104 +02:00 [INF] Route matched with {action = "QuizList", controller = "QuizAPI"}. Executing controller action with signature System.Threading.Tasks.Task`1[Microsoft.AspNetCore.Mvc.IActionResult] QuizList() on controller Que.Controllers.QuizAPIController (api).
2025-10-24 18:14:51.109 +02:00 [INF] Executing OkObjectResult, writing value of type 'System.Linq.Enumerable+SelectListIterator`2[[Que.Models.Quiz, api, Version=1.0.0.0, Culture=neutral, PublicKeyToken=null],[Que.DTOs.QuizDto, api, Version=1.0.0.0, Culture=neutral, PublicKeyToken=null]]'.
2025-10-24 18:14:51.110 +02:00 [INF] Executed action Que.Controllers.QuizAPIController.QuizList (api) in 5.474ms
2025-10-24 18:14:51.110 +02:00 [INF] Executed endpoint 'Que.Controllers.QuizAPIController.QuizList (api)'
2025-10-24 18:14:51.110 +02:00 [INF] Request finished HTTP/1.1 GET http://localhost:5043/api/quizapi/quizList - 200 149 application/json; charset=utf-8 7.9558ms
