2025-11-02 18:01:42.818 +01:00 [INF] User profile is available. Using '/Users/arthurflotvik/.aspnet/DataProtection-Keys' as key repository; keys will not be encrypted at rest.
2025-11-02 18:01:42.845 +01:00 [INF] Now listening on: http://localhost:5043
2025-11-02 18:01:42.847 +01:00 [INF] Application started. Press Ctrl+C to shut down.
2025-11-02 18:01:42.847 +01:00 [INF] Hosting environment: Development
2025-11-02 18:01:42.847 +01:00 [INF] Content root path: /Users/arthurflotvik/Documents/QueREACT/api
2025-11-02 18:01:49.010 +01:00 [INF] Request starting HTTP/1.1 OPTIONS http://localhost:5043/api/Auth/login - null null
2025-11-02 18:01:49.031 +01:00 [INF] CORS policy execution successful.
2025-11-02 18:01:49.032 +01:00 [INF] Request finished HTTP/1.1 OPTIONS http://localhost:5043/api/Auth/login - 204 null null 23.0206ms
2025-11-02 18:01:49.034 +01:00 [INF] Request starting HTTP/1.1 POST http://localhost:5043/api/Auth/login - application/json 40
2025-11-02 18:01:49.036 +01:00 [INF] CORS policy execution successful.
2025-11-02 18:01:49.041 +01:00 [INF] Executing endpoint 'Que.Controllers.AuthController.Login (api)'
2025-11-02 18:01:49.049 +01:00 [INF] Route matched with {action = "Login", controller = "Auth"}. Executing controller action with signature System.Threading.Tasks.Task`1[Microsoft.AspNetCore.Mvc.IActionResult] Login(Que.DTOs.LoginDto) on controller Que.Controllers.AuthController (api).
2025-11-02 18:01:49.242 +01:00 [INF] [AuthAPIController] user authorized for A
2025-11-02 18:01:49.246 +01:00 [INF] JWT token generated for UserId=6aea6f1d-411f-4ed4-b1c6-e104d1318540
2025-11-02 18:01:49.254 +01:00 [INF] Executing OkObjectResult, writing value of type '<>f__AnonymousType1`1[[System.String, System.Private.CoreLib, Version=8.0.0.0, Culture=neutral, PublicKeyToken=7cec85d7bea7798e]]'.
2025-11-02 18:01:49.268 +01:00 [INF] Executed action Que.Controllers.AuthController.Login (api) in 217.5333ms
2025-11-02 18:01:49.269 +01:00 [INF] Executed endpoint 'Que.Controllers.AuthController.Login (api)'
2025-11-02 18:01:49.270 +01:00 [INF] Request finished HTTP/1.1 POST http://localhost:5043/api/Auth/login - 200 569 application/json; charset=utf-8 236.0047ms
2025-11-02 18:01:49.288 +01:00 [INF] Request starting HTTP/1.1 OPTIONS http://localhost:5043/api/quizapi/quizlist - null null
2025-11-02 18:01:49.288 +01:00 [INF] Request starting HTTP/1.1 OPTIONS http://localhost:5043/api/quizapi/quizlist - null null
2025-11-02 18:01:49.289 +01:00 [INF] CORS policy execution successful.
2025-11-02 18:01:49.289 +01:00 [INF] CORS policy execution successful.
2025-11-02 18:01:49.289 +01:00 [INF] Request finished HTTP/1.1 OPTIONS http://localhost:5043/api/quizapi/quizlist - 204 null null 0.889ms
2025-11-02 18:01:49.289 +01:00 [INF] Request finished HTTP/1.1 OPTIONS http://localhost:5043/api/quizapi/quizlist - 204 null null 0.8656ms
2025-11-02 18:01:49.291 +01:00 [INF] Request starting HTTP/1.1 GET http://localhost:5043/api/quizapi/quizlist - application/json null
2025-11-02 18:01:49.294 +01:00 [INF] CORS policy execution successful.
2025-11-02 18:01:49.318 +01:00 [INF] Executing endpoint 'Que.Controllers.QuizAPIController.GetAllQuizes (api)'
2025-11-02 18:01:49.320 +01:00 [INF] Route matched with {action = "GetAllQuizes", controller = "QuizAPI"}. Executing controller action with signature System.Threading.Tasks.Task`1[Microsoft.AspNetCore.Mvc.IActionResult] GetAllQuizes() on controller Que.Controllers.QuizAPIController (api).
2025-11-02 18:01:49.322 +01:00 [INF] [QuizAPIController] Fetching quiz list for user: 6aea6f1d-411f-4ed4-b1c6-e104d1318540
2025-11-02 18:01:49.362 +01:00 [INF] [QuizAPIController] Returning 0 visible quizzes for user: 6aea6f1d-411f-4ed4-b1c6-e104d1318540
2025-11-02 18:01:49.363 +01:00 [INF] Executing OkObjectResult, writing value of type 'System.Collections.Generic.List`1[[Que.DTOs.QuizDto, api, Version=1.0.0.0, Culture=neutral, PublicKeyToken=null]]'.
2025-11-02 18:01:49.366 +01:00 [INF] Executed action Que.Controllers.QuizAPIController.GetAllQuizes (api) in 45.7983ms
2025-11-02 18:01:49.366 +01:00 [INF] Executed endpoint 'Que.Controllers.QuizAPIController.GetAllQuizes (api)'
2025-11-02 18:01:49.366 +01:00 [INF] Request starting HTTP/1.1 GET http://localhost:5043/api/quizapi/quizlist - application/json null
2025-11-02 18:01:49.367 +01:00 [INF] CORS policy execution successful.
2025-11-02 18:01:49.368 +01:00 [INF] Executing endpoint 'Que.Controllers.QuizAPIController.GetAllQuizes (api)'
2025-11-02 18:01:49.368 +01:00 [INF] Route matched with {action = "GetAllQuizes", controller = "QuizAPI"}. Executing controller action with signature System.Threading.Tasks.Task`1[Microsoft.AspNetCore.Mvc.IActionResult] GetAllQuizes() on controller Que.Controllers.QuizAPIController (api).
2025-11-02 18:01:49.369 +01:00 [INF] Request finished HTTP/1.1 GET http://localhost:5043/api/quizapi/quizlist - 200 2 application/json; charset=utf-8 78.1029ms
2025-11-02 18:01:49.372 +01:00 [INF] [QuizAPIController] Fetching quiz list for user: 6aea6f1d-411f-4ed4-b1c6-e104d1318540
2025-11-02 18:01:49.393 +01:00 [INF] [QuizAPIController] Returning 0 visible quizzes for user: 6aea6f1d-411f-4ed4-b1c6-e104d1318540
2025-11-02 18:01:49.393 +01:00 [INF] Executing OkObjectResult, writing value of type 'System.Collections.Generic.List`1[[Que.DTOs.QuizDto, api, Version=1.0.0.0, Culture=neutral, PublicKeyToken=null]]'.
2025-11-02 18:01:49.393 +01:00 [INF] Executed action Que.Controllers.QuizAPIController.GetAllQuizes (api) in 24.5776ms
2025-11-02 18:01:49.393 +01:00 [INF] Executed endpoint 'Que.Controllers.QuizAPIController.GetAllQuizes (api)'
2025-11-02 18:01:49.393 +01:00 [INF] Request finished HTTP/1.1 GET http://localhost:5043/api/quizapi/quizlist - 200 2 application/json; charset=utf-8 26.7627ms
2025-11-02 18:02:07.813 +01:00 [INF] Request starting HTTP/1.1 OPTIONS http://localhost:5043/api/quizapi/create - null null
2025-11-02 18:02:07.815 +01:00 [INF] CORS policy execution successful.
2025-11-02 18:02:07.817 +01:00 [INF] Request finished HTTP/1.1 OPTIONS http://localhost:5043/api/quizapi/create - 204 null null 4.0919ms
2025-11-02 18:02:07.819 +01:00 [INF] Request starting HTTP/1.1 POST http://localhost:5043/api/quizapi/create - application/json 294
2025-11-02 18:02:07.819 +01:00 [INF] CORS policy execution successful.
2025-11-02 18:02:07.824 +01:00 [INF] Executing endpoint 'Que.Controllers.QuizAPIController.Create (api)'
2025-11-02 18:02:07.828 +01:00 [INF] Route matched with {action = "Create", controller = "QuizAPI"}. Executing controller action with signature System.Threading.Tasks.Task`1[Microsoft.AspNetCore.Mvc.IActionResult] Create(Que.DTOs.QuizDto) on controller Que.Controllers.QuizAPIController (api).
2025-11-02 18:02:07.849 +01:00 [INF] Claims for current user:
2025-11-02 18:02:07.849 +01:00 [INF] http://schemas.xmlsoap.org/ws/2005/05/identity/claims/nameidentifier = 6aea6f1d-411f-4ed4-b1c6-e104d1318540
2025-11-02 18:02:07.849 +01:00 [INF] http://schemas.xmlsoap.org/ws/2005/05/identity/claims/name = a@epost.no
2025-11-02 18:02:07.849 +01:00 [INF] http://schemas.xmlsoap.org/ws/2005/05/identity/claims/nameidentifier = A
2025-11-02 18:02:07.849 +01:00 [INF] http://schemas.xmlsoap.org/ws/2005/05/identity/claims/emailaddress = a@epost.no
2025-11-02 18:02:07.849 +01:00 [INF] jti = 64895c19-c249-4106-aab3-144048413b00
2025-11-02 18:02:07.849 +01:00 [INF] iat = 1762102909
2025-11-02 18:02:07.849 +01:00 [INF] exp = 1762110109
2025-11-02 18:02:07.849 +01:00 [INF] iss = http://localhost:5043
2025-11-02 18:02:07.849 +01:00 [INF] aud = http://localhost:5043
2025-11-02 18:02:07.951 +01:00 [ERR] Failed executing DbCommand (1ms) [Parameters=[@p0='?' (Size = 6), @p1='?' (Size = 14), @p2='?' (Size = 4), @p3='?' (DbType = Boolean), @p4='?' (Size = 7), @p5='?' (Size = 36), @p6='?' (DbType = Int32)], CommandType='"Text"', CommandTimeout='30']
INSERT INTO "Quizes" ("Category", "Description", "Difficulty", "IsPublic", "Name", "OwnerId", "TimeLimit")
VALUES (@p0, @p1, @p2, @p3, @p4, @p5, @p6)
RETURNING "QuizId";
2025-11-02 18:02:07.962 +01:00 [ERR] An exception occurred in the database while saving changes for context type 'Que.DAL.QuizDbContext'.
Microsoft.EntityFrameworkCore.DbUpdateException: An error occurred while saving the entity changes. See the inner exception for details.
 ---> Microsoft.Data.Sqlite.SqliteException (0x80004005): SQLite Error 19: 'FOREIGN KEY constraint failed'.
   at Microsoft.Data.Sqlite.SqliteException.ThrowExceptionForRC(Int32 rc, sqlite3 db)
   at Microsoft.Data.Sqlite.SqliteDataReader.NextResult()
   at Microsoft.Data.Sqlite.SqliteCommand.ExecuteReader(CommandBehavior behavior)
   at Microsoft.Data.Sqlite.SqliteCommand.ExecuteReaderAsync(CommandBehavior behavior, CancellationToken cancellationToken)
   at Microsoft.Data.Sqlite.SqliteCommand.ExecuteDbDataReaderAsync(CommandBehavior behavior, CancellationToken cancellationToken)
   at Microsoft.EntityFrameworkCore.Storage.RelationalCommand.ExecuteReaderAsync(RelationalCommandParameterObject parameterObject, CancellationToken cancellationToken)
   at Microsoft.EntityFrameworkCore.Storage.RelationalCommand.ExecuteReaderAsync(RelationalCommandParameterObject parameterObject, CancellationToken cancellationToken)
   at Microsoft.EntityFrameworkCore.Update.ReaderModificationCommandBatch.ExecuteAsync(IRelationalConnection connection, CancellationToken cancellationToken)
   --- End of inner exception stack trace ---
   at Microsoft.EntityFrameworkCore.Update.ReaderModificationCommandBatch.ExecuteAsync(IRelationalConnection connection, CancellationToken cancellationToken)
   at Microsoft.EntityFrameworkCore.Update.Internal.BatchExecutor.ExecuteAsync(IEnumerable`1 commandBatches, IRelationalConnection connection, CancellationToken cancellationToken)
   at Microsoft.EntityFrameworkCore.Update.Internal.BatchExecutor.ExecuteAsync(IEnumerable`1 commandBatches, IRelationalConnection connection, CancellationToken cancellationToken)
   at Microsoft.EntityFrameworkCore.Update.Internal.BatchExecutor.ExecuteAsync(IEnumerable`1 commandBatches, IRelationalConnection connection, CancellationToken cancellationToken)
   at Microsoft.EntityFrameworkCore.ChangeTracking.Internal.StateManager.SaveChangesAsync(IList`1 entriesToSave, CancellationToken cancellationToken)
   at Microsoft.EntityFrameworkCore.ChangeTracking.Internal.StateManager.SaveChangesAsync(StateManager stateManager, Boolean acceptAllChangesOnSuccess, CancellationToken cancellationToken)
   at Microsoft.EntityFrameworkCore.DbContext.SaveChangesAsync(Boolean acceptAllChangesOnSuccess, CancellationToken cancellationToken)
Microsoft.EntityFrameworkCore.DbUpdateException: An error occurred while saving the entity changes. See the inner exception for details.
 ---> Microsoft.Data.Sqlite.SqliteException (0x80004005): SQLite Error 19: 'FOREIGN KEY constraint failed'.
   at Microsoft.Data.Sqlite.SqliteException.ThrowExceptionForRC(Int32 rc, sqlite3 db)
   at Microsoft.Data.Sqlite.SqliteDataReader.NextResult()
   at Microsoft.Data.Sqlite.SqliteCommand.ExecuteReader(CommandBehavior behavior)
   at Microsoft.Data.Sqlite.SqliteCommand.ExecuteReaderAsync(CommandBehavior behavior, CancellationToken cancellationToken)
   at Microsoft.Data.Sqlite.SqliteCommand.ExecuteDbDataReaderAsync(CommandBehavior behavior, CancellationToken cancellationToken)
   at Microsoft.EntityFrameworkCore.Storage.RelationalCommand.ExecuteReaderAsync(RelationalCommandParameterObject parameterObject, CancellationToken cancellationToken)
   at Microsoft.EntityFrameworkCore.Storage.RelationalCommand.ExecuteReaderAsync(RelationalCommandParameterObject parameterObject, CancellationToken cancellationToken)
   at Microsoft.EntityFrameworkCore.Update.ReaderModificationCommandBatch.ExecuteAsync(IRelationalConnection connection, CancellationToken cancellationToken)
   --- End of inner exception stack trace ---
   at Microsoft.EntityFrameworkCore.Update.ReaderModificationCommandBatch.ExecuteAsync(IRelationalConnection connection, CancellationToken cancellationToken)
   at Microsoft.EntityFrameworkCore.Update.Internal.BatchExecutor.ExecuteAsync(IEnumerable`1 commandBatches, IRelationalConnection connection, CancellationToken cancellationToken)
   at Microsoft.EntityFrameworkCore.Update.Internal.BatchExecutor.ExecuteAsync(IEnumerable`1 commandBatches, IRelationalConnection connection, CancellationToken cancellationToken)
   at Microsoft.EntityFrameworkCore.Update.Internal.BatchExecutor.ExecuteAsync(IEnumerable`1 commandBatches, IRelationalConnection connection, CancellationToken cancellationToken)
   at Microsoft.EntityFrameworkCore.ChangeTracking.Internal.StateManager.SaveChangesAsync(IList`1 entriesToSave, CancellationToken cancellationToken)
   at Microsoft.EntityFrameworkCore.ChangeTracking.Internal.StateManager.SaveChangesAsync(StateManager stateManager, Boolean acceptAllChangesOnSuccess, CancellationToken cancellationToken)
   at Microsoft.EntityFrameworkCore.DbContext.SaveChangesAsync(Boolean acceptAllChangesOnSuccess, CancellationToken cancellationToken)
2025-11-02 18:02:07.964 +01:00 [ERR] Database update failed while creating quiz 'General'
Microsoft.EntityFrameworkCore.DbUpdateException: An error occurred while saving the entity changes. See the inner exception for details.
 ---> Microsoft.Data.Sqlite.SqliteException (0x80004005): SQLite Error 19: 'FOREIGN KEY constraint failed'.
   at Microsoft.Data.Sqlite.SqliteException.ThrowExceptionForRC(Int32 rc, sqlite3 db)
   at Microsoft.Data.Sqlite.SqliteDataReader.NextResult()
   at Microsoft.Data.Sqlite.SqliteCommand.ExecuteReader(CommandBehavior behavior)
   at Microsoft.Data.Sqlite.SqliteCommand.ExecuteReaderAsync(CommandBehavior behavior, CancellationToken cancellationToken)
   at Microsoft.Data.Sqlite.SqliteCommand.ExecuteDbDataReaderAsync(CommandBehavior behavior, CancellationToken cancellationToken)
   at Microsoft.EntityFrameworkCore.Storage.RelationalCommand.ExecuteReaderAsync(RelationalCommandParameterObject parameterObject, CancellationToken cancellationToken)
   at Microsoft.EntityFrameworkCore.Storage.RelationalCommand.ExecuteReaderAsync(RelationalCommandParameterObject parameterObject, CancellationToken cancellationToken)
   at Microsoft.EntityFrameworkCore.Update.ReaderModificationCommandBatch.ExecuteAsync(IRelationalConnection connection, CancellationToken cancellationToken)
   --- End of inner exception stack trace ---
   at Microsoft.EntityFrameworkCore.Update.ReaderModificationCommandBatch.ExecuteAsync(IRelationalConnection connection, CancellationToken cancellationToken)
   at Microsoft.EntityFrameworkCore.Update.Internal.BatchExecutor.ExecuteAsync(IEnumerable`1 commandBatches, IRelationalConnection connection, CancellationToken cancellationToken)
   at Microsoft.EntityFrameworkCore.Update.Internal.BatchExecutor.ExecuteAsync(IEnumerable`1 commandBatches, IRelationalConnection connection, CancellationToken cancellationToken)
   at Microsoft.EntityFrameworkCore.Update.Internal.BatchExecutor.ExecuteAsync(IEnumerable`1 commandBatches, IRelationalConnection connection, CancellationToken cancellationToken)
   at Microsoft.EntityFrameworkCore.ChangeTracking.Internal.StateManager.SaveChangesAsync(IList`1 entriesToSave, CancellationToken cancellationToken)
   at Microsoft.EntityFrameworkCore.ChangeTracking.Internal.StateManager.SaveChangesAsync(StateManager stateManager, Boolean acceptAllChangesOnSuccess, CancellationToken cancellationToken)
   at Microsoft.EntityFrameworkCore.DbContext.SaveChangesAsync(Boolean acceptAllChangesOnSuccess, CancellationToken cancellationToken)
   at Microsoft.EntityFrameworkCore.DbContext.SaveChangesAsync(Boolean acceptAllChangesOnSuccess, CancellationToken cancellationToken)
   at Que.DAL.QuizRepository.CreateQuiz(Quiz quiz) in /Users/arthurflotvik/Documents/QueREACT/api/DAL/QuizRepository.cs:line 35
2025-11-02 18:02:07.967 +01:00 [ERR] Failed to save quiz {"QuizId":0,"Name":"General","Description":"GeneralGeneral","Category":"Trivia","Difficulty":"Easy","TimeLimit":43,"Questions":[{"QuestionId":0,"Text":"General","QuizId":0,"Quiz":{"QuizId":0,"Name":"General","Description":"GeneralGeneral","Category":"Trivia","Difficulty":"Easy","TimeLimit":43,"Questions":[{"QuestionId":0,"Text":"General","QuizId":0,"Quiz":{"QuizId":0,"Name":"General","Description":"GeneralGeneral","Category":"Trivia","Difficulty":"Easy","TimeLimit":43,"Questions":[{"QuestionId":0,"Text":"General","QuizId":0,"Quiz":{"QuizId":null,"Name":null,"Description":null,"Category":null,"Difficulty":null,"TimeLimit":null,"Questions":null,"IsPublic":null,"OwnerId":null,"Owner":null,"$type":"Quiz"},"Options":[null,null,null,null],"AllowMultiple":false,"SelectedOption":null,"$type":"Question"}],"IsPublic":true,"OwnerId":"6aea6f1d-411f-4ed4-b1c6-e104d1318540","Owner":null,"$type":"Quiz"},"Options":[{"OptionId":0,"Text":"a","IsCorrect":false,"QuestionId":0,"Question":{"QuestionId":0,"Text":"General","QuizId":0,"Quiz":{"QuizId":null,"Name":null,"Description":null,"Category":null,"Difficulty":null,"TimeLimit":null,"Questions":null,"IsPublic":null,"OwnerId":null,"Owner":null,"$type":"Quiz"},"Options":[null,null,null,null],"AllowMultiple":false,"SelectedOption":null,"$type":"Question"},"$type":"Option"},{"OptionId":0,"Text":"General","IsCorrect":true,"QuestionId":0,"Question":{"QuestionId":0,"Text":"General","QuizId":0,"Quiz":{"QuizId":null,"Name":null,"Description":null,"Category":null,"Difficulty":null,"TimeLimit":null,"Questions":null,"IsPublic":null,"OwnerId":null,"Owner":null,"$type":"Quiz"},"Options":[null,null,null,null],"AllowMultiple":false,"SelectedOption":null,"$type":"Question"},"$type":"Option"},{"OptionId":0,"Text":"s","IsCorrect":false,"QuestionId":0,"Question":{"QuestionId":0,"Text":"General","QuizId":0,"Quiz":{"QuizId":null,"Name":null,"Description":null,"Category":null,"Difficulty":null,"TimeLimit":null,"Questions":null,"IsPublic":null,"OwnerId":null,"Owner":null,"$type":"Quiz"},"Options":[null,null,null,null],"AllowMultiple":false,"SelectedOption":null,"$type":"Question"},"$type":"Option"},{"OptionId":0,"Text":"d","IsCorrect":false,"QuestionId":0,"Question":{"QuestionId":0,"Text":"General","QuizId":0,"Quiz":{"QuizId":null,"Name":null,"Description":null,"Category":null,"Difficulty":null,"TimeLimit":null,"Questions":null,"IsPublic":null,"OwnerId":null,"Owner":null,"$type":"Quiz"},"Options":[null,null,null,null],"AllowMultiple":false,"SelectedOption":null,"$type":"Question"},"$type":"Option"}],"AllowMultiple":false,"SelectedOption":null,"$type":"Question"}],"IsPublic":true,"OwnerId":"6aea6f1d-411f-4ed4-b1c6-e104d1318540","Owner":null,"$type":"Quiz"},"Options":[{"OptionId":0,"Text":"a","IsCorrect":false,"QuestionId":0,"Question":{"QuestionId":0,"Text":"General","QuizId":0,"Quiz":{"QuizId":0,"Name":"General","Description":"GeneralGeneral","Category":"Trivia","Difficulty":"Easy","TimeLimit":43,"Questions":[{"QuestionId":0,"Text":"General","QuizId":0,"Quiz":{"QuizId":null,"Name":null,"Description":null,"Category":null,"Difficulty":null,"TimeLimit":null,"Questions":null,"IsPublic":null,"OwnerId":null,"Owner":null,"$type":"Quiz"},"Options":[null,null,null,null],"AllowMultiple":false,"SelectedOption":null,"$type":"Question"}],"IsPublic":true,"OwnerId":"6aea6f1d-411f-4ed4-b1c6-e104d1318540","Owner":null,"$type":"Quiz"},"Options":[{"OptionId":0,"Text":"a","IsCorrect":false,"QuestionId":0,"Question":{"QuestionId":0,"Text":"General","QuizId":0,"Quiz":{"QuizId":null,"Name":null,"Description":null,"Category":null,"Difficulty":null,"TimeLimit":null,"Questions":null,"IsPublic":null,"OwnerId":null,"Owner":null,"$type":"Quiz"},"Options":[null,null,null,null],"AllowMultiple":false,"SelectedOption":null,"$type":"Question"},"$type":"Option"},{"OptionId":0,"Text":"General","IsCorrect":true,"QuestionId":0,"Question":{"QuestionId":0,"Text":"General","QuizId":0,"Quiz":{"QuizId":null,"Name":null,"Description":null,"Category":null,"Difficulty":null,"TimeLimit":null,"Questions":null,"IsPublic":null,"OwnerId":null,"Owner":null,"$type":"Quiz"},"Options":[null,null,null,null],"AllowMultiple":false,"SelectedOption":null,"$type":"Question"},"$type":"Option"},{"OptionId":0,"Text":"s","IsCorrect":false,"QuestionId":0,"Question":{"QuestionId":0,"Text":"General","QuizId":0,"Quiz":{"QuizId":null,"Name":null,"Description":null,"Category":null,"Difficulty":null,"TimeLimit":null,"Questions":null,"IsPublic":null,"OwnerId":null,"Owner":null,"$type":"Quiz"},"Options":[null,null,null,null],"AllowMultiple":false,"SelectedOption":null,"$type":"Question"},"$type":"Option"},{"OptionId":0,"Text":"d","IsCorrect":false,"QuestionId":0,"Question":{"QuestionId":0,"Text":"General","QuizId":0,"Quiz":{"QuizId":null,"Name":null,"Description":null,"Category":null,"Difficulty":null,"TimeLimit":null,"Questions":null,"IsPublic":null,"OwnerId":null,"Owner":null,"$type":"Quiz"},"Options":[null,null,null,null],"AllowMultiple":false,"SelectedOption":null,"$type":"Question"},"$type":"Option"}],"AllowMultiple":false,"SelectedOption":null,"$type":"Question"},"$type":"Option"},{"OptionId":0,"Text":"General","IsCorrect":true,"QuestionId":0,"Question":{"QuestionId":0,"Text":"General","QuizId":0,"Quiz":{"QuizId":0,"Name":"General","Description":"GeneralGeneral","Category":"Trivia","Difficulty":"Easy","TimeLimit":43,"Questions":[{"QuestionId":0,"Text":"General","QuizId":0,"Quiz":{"QuizId":null,"Name":null,"Description":null,"Category":null,"Difficulty":null,"TimeLimit":null,"Questions":null,"IsPublic":null,"OwnerId":null,"Owner":null,"$type":"Quiz"},"Options":[null,null,null,null],"AllowMultiple":false,"SelectedOption":null,"$type":"Question"}],"IsPublic":true,"OwnerId":"6aea6f1d-411f-4ed4-b1c6-e104d1318540","Owner":null,"$type":"Quiz"},"Options":[{"OptionId":0,"Text":"a","IsCorrect":false,"QuestionId":0,"Question":{"QuestionId":0,"Text":"General","QuizId":0,"Quiz":{"QuizId":null,"Name":null,"Description":null,"Category":null,"Difficulty":null,"TimeLimit":null,"Questions":null,"IsPublic":null,"OwnerId":null,"Owner":null,"$type":"Quiz"},"Options":[null,null,null,null],"AllowMultiple":false,"SelectedOption":null,"$type":"Question"},"$type":"Option"},{"OptionId":0,"Text":"General","IsCorrect":true,"QuestionId":0,"Question":{"QuestionId":0,"Text":"General","QuizId":0,"Quiz":{"QuizId":null,"Name":null,"Description":null,"Category":null,"Difficulty":null,"TimeLimit":null,"Questions":null,"IsPublic":null,"OwnerId":null,"Owner":null,"$type":"Quiz"},"Options":[null,null,null,null],"AllowMultiple":false,"SelectedOption":null,"$type":"Question"},"$type":"Option"},{"OptionId":0,"Text":"s","IsCorrect":false,"QuestionId":0,"Question":{"QuestionId":0,"Text":"General","QuizId":0,"Quiz":{"QuizId":null,"Name":null,"Description":null,"Category":null,"Difficulty":null,"TimeLimit":null,"Questions":null,"IsPublic":null,"OwnerId":null,"Owner":null,"$type":"Quiz"},"Options":[null,null,null,null],"AllowMultiple":false,"SelectedOption":null,"$type":"Question"},"$type":"Option"},{"OptionId":0,"Text":"d","IsCorrect":false,"QuestionId":0,"Question":{"QuestionId":0,"Text":"General","QuizId":0,"Quiz":{"QuizId":null,"Name":null,"Description":null,"Category":null,"Difficulty":null,"TimeLimit":null,"Questions":null,"IsPublic":null,"OwnerId":null,"Owner":null,"$type":"Quiz"},"Options":[null,null,null,null],"AllowMultiple":false,"SelectedOption":null,"$type":"Question"},"$type":"Option"}],"AllowMultiple":false,"SelectedOption":null,"$type":"Question"},"$type":"Option"},{"OptionId":0,"Text":"s","IsCorrect":false,"QuestionId":0,"Question":{"QuestionId":0,"Text":"General","QuizId":0,"Quiz":{"QuizId":0,"Name":"General","Description":"GeneralGeneral","Category":"Trivia","Difficulty":"Easy","TimeLimit":43,"Questions":[{"QuestionId":0,"Text":"General","QuizId":0,"Quiz":{"QuizId":null,"Name":null,"Description":null,"Category":null,"Difficulty":null,"TimeLimit":null,"Questions":null,"IsPublic":null,"OwnerId":null,"Owner":null,"$type":"Quiz"},"Options":[null,null,null,null],"AllowMultiple":false,"SelectedOption":null,"$type":"Question"}],"IsPublic":true,"OwnerId":"6aea6f1d-411f-4ed4-b1c6-e104d1318540","Owner":null,"$type":"Quiz"},"Options":[{"OptionId":0,"Text":"a","IsCorrect":false,"QuestionId":0,"Question":{"QuestionId":0,"Text":"General","QuizId":0,"Quiz":{"QuizId":null,"Name":null,"Description":null,"Category":null,"Difficulty":null,"TimeLimit":null,"Questions":null,"IsPublic":null,"OwnerId":null,"Owner":null,"$type":"Quiz"},"Options":[null,null,null,null],"AllowMultiple":false,"SelectedOption":null,"$type":"Question"},"$type":"Option"},{"OptionId":0,"Text":"General","IsCorrect":true,"QuestionId":0,"Question":{"QuestionId":0,"Text":"General","QuizId":0,"Quiz":{"QuizId":null,"Name":null,"Description":null,"Category":null,"Difficulty":null,"TimeLimit":null,"Questions":null,"IsPublic":null,"OwnerId":null,"Owner":null,"$type":"Quiz"},"Options":[null,null,null,null],"AllowMultiple":false,"SelectedOption":null,"$type":"Question"},"$type":"Option"},{"OptionId":0,"Text":"s","IsCorrect":false,"QuestionId":0,"Question":{"QuestionId":0,"Text":"General","QuizId":0,"Quiz":{"QuizId":null,"Name":null,"Description":null,"Category":null,"Difficulty":null,"TimeLimit":null,"Questions":null,"IsPublic":null,"OwnerId":null,"Owner":null,"$type":"Quiz"},"Options":[null,null,null,null],"AllowMultiple":false,"SelectedOption":null,"$type":"Question"},"$type":"Option"},{"OptionId":0,"Text":"d","IsCorrect":false,"QuestionId":0,"Question":{"QuestionId":0,"Text":"General","QuizId":0,"Quiz":{"QuizId":null,"Name":null,"Description":null,"Category":null,"Difficulty":null,"TimeLimit":null,"Questions":null,"IsPublic":null,"OwnerId":null,"Owner":null,"$type":"Quiz"},"Options":[null,null,null,null],"AllowMultiple":false,"SelectedOption":null,"$type":"Question"},"$type":"Option"}],"AllowMultiple":false,"SelectedOption":null,"$type":"Question"},"$type":"Option"},{"OptionId":0,"Text":"d","IsCorrect":false,"QuestionId":0,"Question":{"QuestionId":0,"Text":"General","QuizId":0,"Quiz":{"QuizId":0,"Name":"General","Description":"GeneralGeneral","Category":"Trivia","Difficulty":"Easy","TimeLimit":43,"Questions":[{"QuestionId":0,"Text":"General","QuizId":0,"Quiz":{"QuizId":null,"Name":null,"Description":null,"Category":null,"Difficulty":null,"TimeLimit":null,"Questions":null,"IsPublic":null,"OwnerId":null,"Owner":null,"$type":"Quiz"},"Options":[null,null,null,null],"AllowMultiple":false,"SelectedOption":null,"$type":"Question"}],"IsPublic":true,"OwnerId":"6aea6f1d-411f-4ed4-b1c6-e104d1318540","Owner":null,"$type":"Quiz"},"Options":[{"OptionId":0,"Text":"a","IsCorrect":false,"QuestionId":0,"Question":{"QuestionId":0,"Text":"General","QuizId":0,"Quiz":{"QuizId":null,"Name":null,"Description":null,"Category":null,"Difficulty":null,"TimeLimit":null,"Questions":null,"IsPublic":null,"OwnerId":null,"Owner":null,"$type":"Quiz"},"Options":[null,null,null,null],"AllowMultiple":false,"SelectedOption":null,"$type":"Question"},"$type":"Option"},{"OptionId":0,"Text":"General","IsCorrect":true,"QuestionId":0,"Question":{"QuestionId":0,"Text":"General","QuizId":0,"Quiz":{"QuizId":null,"Name":null,"Description":null,"Category":null,"Difficulty":null,"TimeLimit":null,"Questions":null,"IsPublic":null,"OwnerId":null,"Owner":null,"$type":"Quiz"},"Options":[null,null,null,null],"AllowMultiple":false,"SelectedOption":null,"$type":"Question"},"$type":"Option"},{"OptionId":0,"Text":"s","IsCorrect":false,"QuestionId":0,"Question":{"QuestionId":0,"Text":"General","QuizId":0,"Quiz":{"QuizId":null,"Name":null,"Description":null,"Category":null,"Difficulty":null,"TimeLimit":null,"Questions":null,"IsPublic":null,"OwnerId":null,"Owner":null,"$type":"Quiz"},"Options":[null,null,null,null],"AllowMultiple":false,"SelectedOption":null,"$type":"Question"},"$type":"Option"},{"OptionId":0,"Text":"d","IsCorrect":false,"QuestionId":0,"Question":{"QuestionId":0,"Text":"General","QuizId":0,"Quiz":{"QuizId":null,"Name":null,"Description":null,"Category":null,"Difficulty":null,"TimeLimit":null,"Questions":null,"IsPublic":null,"OwnerId":null,"Owner":null,"$type":"Quiz"},"Options":[null,null,null,null],"AllowMultiple":false,"SelectedOption":null,"$type":"Question"},"$type":"Option"}],"AllowMultiple":false,"SelectedOption":null,"$type":"Question"},"$type":"Option"}],"AllowMultiple":false,"SelectedOption":null,"$type":"Question"}],"IsPublic":true,"OwnerId":"6aea6f1d-411f-4ed4-b1c6-e104d1318540","Owner":null,"$type":"Quiz"}
2025-11-02 18:02:07.967 +01:00 [INF] Executing ObjectResult, writing value of type 'System.String'.
2025-11-02 18:02:07.967 +01:00 [INF] Executed action Que.Controllers.QuizAPIController.Create (api) in 139.4101ms
2025-11-02 18:02:07.967 +01:00 [INF] Executed endpoint 'Que.Controllers.QuizAPIController.Create (api)'
2025-11-02 18:02:07.968 +01:00 [INF] Request finished HTTP/1.1 POST http://localhost:5043/api/quizapi/create - 500 null text/plain; charset=utf-8 148.842ms
2025-11-02 18:05:06.709 +01:00 [INF] Application is shutting down...
