2025-10-26 19:23:34.457 +01:00 [INF] User profile is available. Using '/Users/arthurflotvik/.aspnet/DataProtection-Keys' as key repository; keys will not be encrypted at rest.
2025-10-26 19:23:34.485 +01:00 [INF] Now listening on: http://localhost:5043
2025-10-26 19:23:34.486 +01:00 [INF] Application started. Press Ctrl+C to shut down.
2025-10-26 19:23:34.487 +01:00 [INF] Hosting environment: Development
2025-10-26 19:23:34.487 +01:00 [INF] Content root path: /Users/arthurflotvik/Documents/QueREACT/api
2025-10-26 19:23:38.802 +01:00 [INF] Request starting HTTP/1.1 GET http://localhost:5043/ - null null
2025-10-26 19:23:38.835 +01:00 [INF] Request finished HTTP/1.1 GET http://localhost:5043/ - 404 0 null 33.7972ms
2025-10-26 19:23:38.837 +01:00 [INF] Request reached the end of the middleware pipeline without being handled by application code. Request path: GET http://localhost:5043/, Response status code: 404
2025-10-26 19:23:42.623 +01:00 [INF] Request starting HTTP/1.1 GET http://localhost:5043/swagger/index.html - null null
2025-10-26 19:23:42.652 +01:00 [INF] Request finished HTTP/1.1 GET http://localhost:5043/swagger/index.html - 200 null text/html;charset=utf-8 29.2216ms
2025-10-26 19:23:42.739 +01:00 [INF] Request starting HTTP/1.1 GET http://localhost:5043/swagger/v1/swagger.json - null null
2025-10-26 19:23:42.782 +01:00 [ERR] An unhandled exception has occurred while executing the request.
Swashbuckle.AspNetCore.SwaggerGen.SwaggerGeneratorException: Ambiguous HTTP method for action - Que.Controllers.AuthController.LogOut (api). Actions require an explicit HttpMethod binding for Swagger/OpenAPI 3.0
   at Swashbuckle.AspNetCore.SwaggerGen.SwaggerGenerator.GenerateOperations(IEnumerable`1 apiDescriptions, SchemaRepository schemaRepository)
   at Swashbuckle.AspNetCore.SwaggerGen.SwaggerGenerator.GeneratePaths(IEnumerable`1 apiDescriptions, SchemaRepository schemaRepository)
   at Swashbuckle.AspNetCore.SwaggerGen.SwaggerGenerator.GetSwaggerDocumentWithoutFilters(String documentName, String host, String basePath)
   at Swashbuckle.AspNetCore.SwaggerGen.SwaggerGenerator.GetSwaggerAsync(String documentName, String host, String basePath)
   at Swashbuckle.AspNetCore.Swagger.SwaggerMiddleware.Invoke(HttpContext httpContext, ISwaggerProvider swaggerProvider)
   at Microsoft.AspNetCore.Diagnostics.DeveloperExceptionPageMiddlewareImpl.Invoke(HttpContext context)
2025-10-26 19:23:42.784 +01:00 [INF] Request finished HTTP/1.1 GET http://localhost:5043/swagger/v1/swagger.json - 500 null text/plain; charset=utf-8 44.9332ms
2025-10-26 19:23:48.562 +01:00 [INF] Request starting HTTP/1.1 GET http://localhost:5043/ - null null
2025-10-26 19:23:48.564 +01:00 [INF] Request finished HTTP/1.1 GET http://localhost:5043/ - 404 0 null 2.6145ms
2025-10-26 19:23:48.565 +01:00 [INF] Request reached the end of the middleware pipeline without being handled by application code. Request path: GET http://localhost:5043/, Response status code: 404
2025-10-26 19:25:23.097 +01:00 [INF] Application is shutting down...
