2025-11-03 12:35:36.692 +01:00 [INF] Found 2 users in AuthDbContext
2025-11-03 12:35:37.019 +01:00 [INF] User profile is available. Using 'C:\Users\erikg\AppData\Local\ASP.NET\DataProtection-Keys' as key repository and Windows DPAPI to encrypt keys at rest.
2025-11-03 12:35:37.100 +01:00 [INF] Now listening on: http://localhost:5043
2025-11-03 12:35:37.100 +01:00 [INF] Application started. Press Ctrl+C to shut down.
2025-11-03 12:35:37.101 +01:00 [INF] Hosting environment: Development
2025-11-03 12:35:37.101 +01:00 [INF] Content root path: C:\Users\erikg\OneDrive\Student\Webapplikasjoner\QueEksamen\api
2025-11-03 12:35:44.085 +01:00 [INF] Request starting HTTP/1.1 OPTIONS http://localhost:5043/api/quizapi/quizlist - null null
2025-11-03 12:35:44.084 +01:00 [INF] Request starting HTTP/1.1 OPTIONS http://localhost:5043/api/quizapi/quizlist - null null
2025-11-03 12:35:44.192 +01:00 [INF] CORS policy execution successful.
2025-11-03 12:35:44.192 +01:00 [INF] CORS policy execution successful.
2025-11-03 12:35:44.199 +01:00 [INF] Request finished HTTP/1.1 OPTIONS http://localhost:5043/api/quizapi/quizlist - 204 null null 117.8832ms
2025-11-03 12:35:44.199 +01:00 [INF] Request finished HTTP/1.1 OPTIONS http://localhost:5043/api/quizapi/quizlist - 204 null null 117.404ms
2025-11-03 12:35:44.282 +01:00 [INF] Request starting HTTP/1.1 GET http://localhost:5043/api/quizapi/quizlist - application/json null
2025-11-03 12:35:44.298 +01:00 [INF] CORS policy execution successful.
2025-11-03 12:35:44.494 +01:00 [INF] Executing endpoint 'Que.Controllers.QuizAPIController.GetAllQuizes (api)'
2025-11-03 12:35:44.514 +01:00 [INF] Route matched with {action = "GetAllQuizes", controller = "QuizAPI"}. Executing controller action with signature System.Threading.Tasks.Task`1[Microsoft.AspNetCore.Mvc.IActionResult] GetAllQuizes() on controller Que.Controllers.QuizAPIController (api).
2025-11-03 12:35:44.525 +01:00 [INF] [QuizAPIController] Fetching quiz list for user: cec8b59c-1770-4377-b2f0-f553351eddcb
2025-11-03 12:35:44.714 +01:00 [INF] [QuizAPIController] Returning 2 visible quizzes for user: cec8b59c-1770-4377-b2f0-f553351eddcb
2025-11-03 12:35:44.725 +01:00 [INF] Executing OkObjectResult, writing value of type 'System.Collections.Generic.List`1[[Que.DTOs.QuizDto, api, Version=1.0.0.0, Culture=neutral, PublicKeyToken=null]]'.
2025-11-03 12:35:44.873 +01:00 [INF] Request starting HTTP/1.1 GET http://localhost:5043/api/quizapi/quizlist - application/json null
2025-11-03 12:35:44.875 +01:00 [INF] CORS policy execution successful.
2025-11-03 12:35:44.879 +01:00 [INF] Executed action Que.Controllers.QuizAPIController.GetAllQuizes (api) in 357.2294ms
2025-11-03 12:35:44.879 +01:00 [INF] Executed endpoint 'Que.Controllers.QuizAPIController.GetAllQuizes (api)'
2025-11-03 12:35:44.883 +01:00 [INF] Executing endpoint 'Que.Controllers.QuizAPIController.GetAllQuizes (api)'
2025-11-03 12:35:44.884 +01:00 [INF] Route matched with {action = "GetAllQuizes", controller = "QuizAPI"}. Executing controller action with signature System.Threading.Tasks.Task`1[Microsoft.AspNetCore.Mvc.IActionResult] GetAllQuizes() on controller Que.Controllers.QuizAPIController (api).
2025-11-03 12:35:44.889 +01:00 [INF] Request finished HTTP/1.1 GET http://localhost:5043/api/quizapi/quizlist - 200 311 application/json; charset=utf-8 606.9613ms
2025-11-03 12:35:44.890 +01:00 [INF] [QuizAPIController] Fetching quiz list for user: cec8b59c-1770-4377-b2f0-f553351eddcb
2025-11-03 12:35:44.894 +01:00 [INF] [QuizAPIController] Returning 2 visible quizzes for user: cec8b59c-1770-4377-b2f0-f553351eddcb
2025-11-03 12:35:44.895 +01:00 [INF] Executing OkObjectResult, writing value of type 'System.Collections.Generic.List`1[[Que.DTOs.QuizDto, api, Version=1.0.0.0, Culture=neutral, PublicKeyToken=null]]'.
2025-11-03 12:35:44.896 +01:00 [INF] Executed action Que.Controllers.QuizAPIController.GetAllQuizes (api) in 11.9923ms
2025-11-03 12:35:44.896 +01:00 [INF] Executed endpoint 'Que.Controllers.QuizAPIController.GetAllQuizes (api)'
2025-11-03 12:35:44.897 +01:00 [INF] Request finished HTTP/1.1 GET http://localhost:5043/api/quizapi/quizlist - 200 311 application/json; charset=utf-8 23.4956ms
2025-11-03 12:36:27.032 +01:00 [INF] Request starting HTTP/1.1 OPTIONS http://localhost:5043/api/quizapi/create - null null
2025-11-03 12:36:27.032 +01:00 [INF] CORS policy execution successful.
2025-11-03 12:36:27.033 +01:00 [INF] Request finished HTTP/1.1 OPTIONS http://localhost:5043/api/quizapi/create - 204 null null 1.2207ms
2025-11-03 12:36:27.037 +01:00 [INF] Request starting HTTP/1.1 POST http://localhost:5043/api/quizapi/create - application/json 285
2025-11-03 12:36:27.038 +01:00 [INF] CORS policy execution successful.
2025-11-03 12:36:27.049 +01:00 [INF] Executing endpoint 'Que.Controllers.QuizAPIController.Create (api)'
2025-11-03 12:36:27.064 +01:00 [INF] Route matched with {action = "Create", controller = "QuizAPI"}. Executing controller action with signature System.Threading.Tasks.Task`1[Microsoft.AspNetCore.Mvc.IActionResult] Create(Que.DTOs.QuizDto) on controller Que.Controllers.QuizAPIController (api).
2025-11-03 12:36:27.181 +01:00 [INF] Claims for current user:
2025-11-03 12:36:27.182 +01:00 [INF] http://schemas.xmlsoap.org/ws/2005/05/identity/claims/nameidentifier = cec8b59c-1770-4377-b2f0-f553351eddcb
2025-11-03 12:36:27.183 +01:00 [INF] http://schemas.xmlsoap.org/ws/2005/05/identity/claims/name = erikgrimstveit@outlook.com
2025-11-03 12:36:27.183 +01:00 [INF] http://schemas.xmlsoap.org/ws/2005/05/identity/claims/emailaddress = erikgrimstveit@outlook.com
2025-11-03 12:36:27.183 +01:00 [INF] http://schemas.xmlsoap.org/ws/2005/05/identity/claims/nameidentifier = cec8b59c-1770-4377-b2f0-f553351eddcb
2025-11-03 12:36:27.184 +01:00 [INF] jti = 6129b829-4b68-4d42-b5a7-f3285fc11afa
2025-11-03 12:36:27.184 +01:00 [INF] iat = 1762167899
2025-11-03 12:36:27.184 +01:00 [INF] exp = 1762175099
2025-11-03 12:36:27.185 +01:00 [INF] iss = http://localhost:5043
2025-11-03 12:36:27.185 +01:00 [INF] aud = http://localhost:5043
2025-11-03 12:36:27.638 +01:00 [INF] Quiz 'quiz2' created successfully with ID 3
2025-11-03 12:36:27.640 +01:00 [INF] Executing CreatedAtActionResult, writing value of type 'Que.Models.Quiz'.
2025-11-03 12:36:27.695 +01:00 [INF] Executed action Que.Controllers.QuizAPIController.Create (api) in 629.8088ms
2025-11-03 12:36:27.695 +01:00 [INF] Executed endpoint 'Que.Controllers.QuizAPIController.Create (api)'
2025-11-03 12:36:27.695 +01:00 [INF] Request finished HTTP/1.1 POST http://localhost:5043/api/quizapi/create - 201 544 application/json; charset=utf-8 657.8219ms
2025-11-03 12:36:27.770 +01:00 [INF] Request starting HTTP/1.1 OPTIONS http://localhost:5043/api/quizapi/quizlist - null null
2025-11-03 12:36:27.770 +01:00 [INF] Request starting HTTP/1.1 OPTIONS http://localhost:5043/api/quizapi/quizlist - null null
2025-11-03 12:36:27.770 +01:00 [INF] CORS policy execution successful.
2025-11-03 12:36:27.770 +01:00 [INF] CORS policy execution successful.
2025-11-03 12:36:27.771 +01:00 [INF] Request finished HTTP/1.1 OPTIONS http://localhost:5043/api/quizapi/quizlist - 204 null null 0.659ms
2025-11-03 12:36:27.771 +01:00 [INF] Request finished HTTP/1.1 OPTIONS http://localhost:5043/api/quizapi/quizlist - 204 null null 0.5969ms
2025-11-03 12:36:27.773 +01:00 [INF] Request starting HTTP/1.1 GET http://localhost:5043/api/quizapi/quizlist - application/json null
2025-11-03 12:36:27.773 +01:00 [INF] CORS policy execution successful.
2025-11-03 12:36:27.773 +01:00 [INF] Executing endpoint 'Que.Controllers.QuizAPIController.GetAllQuizes (api)'
2025-11-03 12:36:27.774 +01:00 [INF] Route matched with {action = "GetAllQuizes", controller = "QuizAPI"}. Executing controller action with signature System.Threading.Tasks.Task`1[Microsoft.AspNetCore.Mvc.IActionResult] GetAllQuizes() on controller Que.Controllers.QuizAPIController (api).
2025-11-03 12:36:27.775 +01:00 [INF] [QuizAPIController] Fetching quiz list for user: cec8b59c-1770-4377-b2f0-f553351eddcb
2025-11-03 12:36:27.778 +01:00 [INF] [QuizAPIController] Returning 3 visible quizzes for user: cec8b59c-1770-4377-b2f0-f553351eddcb
2025-11-03 12:36:27.778 +01:00 [INF] Executing OkObjectResult, writing value of type 'System.Collections.Generic.List`1[[Que.DTOs.QuizDto, api, Version=1.0.0.0, Culture=neutral, PublicKeyToken=null]]'.
2025-11-03 12:36:27.778 +01:00 [INF] Executed action Que.Controllers.QuizAPIController.GetAllQuizes (api) in 4.4835ms
2025-11-03 12:36:27.778 +01:00 [INF] Executed endpoint 'Que.Controllers.QuizAPIController.GetAllQuizes (api)'
2025-11-03 12:36:27.779 +01:00 [INF] Request finished HTTP/1.1 GET http://localhost:5043/api/quizapi/quizlist - 200 447 application/json; charset=utf-8 5.9793ms
2025-11-03 12:36:27.779 +01:00 [INF] Request starting HTTP/1.1 GET http://localhost:5043/api/quizapi/quizlist - application/json null
2025-11-03 12:36:27.780 +01:00 [INF] CORS policy execution successful.
2025-11-03 12:36:27.780 +01:00 [INF] Executing endpoint 'Que.Controllers.QuizAPIController.GetAllQuizes (api)'
2025-11-03 12:36:27.780 +01:00 [INF] Route matched with {action = "GetAllQuizes", controller = "QuizAPI"}. Executing controller action with signature System.Threading.Tasks.Task`1[Microsoft.AspNetCore.Mvc.IActionResult] GetAllQuizes() on controller Que.Controllers.QuizAPIController (api).
2025-11-03 12:36:27.782 +01:00 [INF] [QuizAPIController] Fetching quiz list for user: cec8b59c-1770-4377-b2f0-f553351eddcb
2025-11-03 12:36:27.784 +01:00 [INF] [QuizAPIController] Returning 3 visible quizzes for user: cec8b59c-1770-4377-b2f0-f553351eddcb
2025-11-03 12:36:27.787 +01:00 [INF] Executing OkObjectResult, writing value of type 'System.Collections.Generic.List`1[[Que.DTOs.QuizDto, api, Version=1.0.0.0, Culture=neutral, PublicKeyToken=null]]'.
2025-11-03 12:36:27.787 +01:00 [INF] Executed action Que.Controllers.QuizAPIController.GetAllQuizes (api) in 6.8232ms
2025-11-03 12:36:27.788 +01:00 [INF] Executed endpoint 'Que.Controllers.QuizAPIController.GetAllQuizes (api)'
2025-11-03 12:36:27.788 +01:00 [INF] Request finished HTTP/1.1 GET http://localhost:5043/api/quizapi/quizlist - 200 447 application/json; charset=utf-8 8.3386ms
2025-11-03 12:36:46.853 +01:00 [INF] Request starting HTTP/1.1 OPTIONS http://localhost:5043/api/quizapi/2 - null null
2025-11-03 12:36:46.853 +01:00 [INF] Request starting HTTP/1.1 OPTIONS http://localhost:5043/api/quizapi/2 - null null
2025-11-03 12:36:46.853 +01:00 [INF] CORS policy execution successful.
2025-11-03 12:36:46.853 +01:00 [INF] CORS policy execution successful.
2025-11-03 12:36:46.854 +01:00 [INF] Request finished HTTP/1.1 OPTIONS http://localhost:5043/api/quizapi/2 - 204 null null 0.8512ms
2025-11-03 12:36:46.854 +01:00 [INF] Request finished HTTP/1.1 OPTIONS http://localhost:5043/api/quizapi/2 - 204 null null 1.3594ms
2025-11-03 12:36:46.857 +01:00 [INF] Request starting HTTP/1.1 GET http://localhost:5043/api/quizapi/2 - application/json null
2025-11-03 12:36:46.857 +01:00 [INF] CORS policy execution successful.
2025-11-03 12:36:46.859 +01:00 [INF] Executing endpoint 'Que.Controllers.QuizAPIController.GetQuiz (api)'
2025-11-03 12:36:46.869 +01:00 [INF] Route matched with {action = "GetQuiz", controller = "QuizAPI"}. Executing controller action with signature System.Threading.Tasks.Task`1[Microsoft.AspNetCore.Mvc.IActionResult] GetQuiz(Int32) on controller Que.Controllers.QuizAPIController (api).
2025-11-03 12:36:46.890 +01:00 [INF] Executing OkObjectResult, writing value of type 'Castle.Proxies.QuizProxy'.
2025-11-03 12:36:47.031 +01:00 [INF] Executed action Que.Controllers.QuizAPIController.GetQuiz (api) in 162.2178ms
2025-11-03 12:36:47.032 +01:00 [INF] Executed endpoint 'Que.Controllers.QuizAPIController.GetQuiz (api)'
2025-11-03 12:36:47.032 +01:00 [INF] Request finished HTTP/1.1 GET http://localhost:5043/api/quizapi/2 - 200 1071 application/json; charset=utf-8 175.1062ms
2025-11-03 12:36:47.033 +01:00 [INF] Request starting HTTP/1.1 GET http://localhost:5043/api/quizapi/2 - application/json null
2025-11-03 12:36:47.033 +01:00 [INF] CORS policy execution successful.
2025-11-03 12:36:47.035 +01:00 [INF] Executing endpoint 'Que.Controllers.QuizAPIController.GetQuiz (api)'
2025-11-03 12:36:47.036 +01:00 [INF] Route matched with {action = "GetQuiz", controller = "QuizAPI"}. Executing controller action with signature System.Threading.Tasks.Task`1[Microsoft.AspNetCore.Mvc.IActionResult] GetQuiz(Int32) on controller Que.Controllers.QuizAPIController (api).
2025-11-03 12:36:47.049 +01:00 [INF] Executing OkObjectResult, writing value of type 'Castle.Proxies.QuizProxy'.
2025-11-03 12:36:47.062 +01:00 [INF] Executed action Que.Controllers.QuizAPIController.GetQuiz (api) in 26.3798ms
2025-11-03 12:36:47.062 +01:00 [INF] Executed endpoint 'Que.Controllers.QuizAPIController.GetQuiz (api)'
2025-11-03 12:36:47.064 +01:00 [INF] Request finished HTTP/1.1 GET http://localhost:5043/api/quizapi/2 - 200 1071 application/json; charset=utf-8 30.6435ms
2025-11-03 12:36:50.415 +01:00 [INF] Request starting HTTP/1.1 OPTIONS http://localhost:5043/api/quizapi/update/2 - null null
2025-11-03 12:36:50.419 +01:00 [INF] CORS policy execution successful.
2025-11-03 12:36:50.420 +01:00 [INF] Request finished HTTP/1.1 OPTIONS http://localhost:5043/api/quizapi/update/2 - 204 null null 5.0713ms
2025-11-03 12:36:50.423 +01:00 [INF] Request starting HTTP/1.1 PUT http://localhost:5043/api/quizapi/update/2 - application/json 469
2025-11-03 12:36:50.423 +01:00 [INF] CORS policy execution successful.
2025-11-03 12:36:50.424 +01:00 [INF] Executing endpoint 'Que.Controllers.QuizAPIController.Update (api)'
2025-11-03 12:36:50.431 +01:00 [INF] Route matched with {action = "Update", controller = "QuizAPI"}. Executing controller action with signature System.Threading.Tasks.Task`1[Microsoft.AspNetCore.Mvc.IActionResult] Update(Int32, Que.DTOs.QuizDto) on controller Que.Controllers.QuizAPIController (api).
2025-11-03 12:36:50.468 +01:00 [INF] Executing OkObjectResult, writing value of type 'Castle.Proxies.QuizProxy'.
2025-11-03 12:36:50.476 +01:00 [INF] Executed action Que.Controllers.QuizAPIController.Update (api) in 45.3157ms
2025-11-03 12:36:50.476 +01:00 [INF] Executed endpoint 'Que.Controllers.QuizAPIController.Update (api)'
2025-11-03 12:36:50.477 +01:00 [INF] Request finished HTTP/1.1 PUT http://localhost:5043/api/quizapi/update/2 - 200 1071 application/json; charset=utf-8 53.7935ms
2025-11-03 12:36:50.556 +01:00 [INF] Request starting HTTP/1.1 OPTIONS http://localhost:5043/api/quizapi/quizlist - null null
2025-11-03 12:36:50.556 +01:00 [INF] Request starting HTTP/1.1 OPTIONS http://localhost:5043/api/quizapi/quizlist - null null
2025-11-03 12:36:50.557 +01:00 [INF] CORS policy execution successful.
2025-11-03 12:36:50.557 +01:00 [INF] CORS policy execution successful.
2025-11-03 12:36:50.557 +01:00 [INF] Request finished HTTP/1.1 OPTIONS http://localhost:5043/api/quizapi/quizlist - 204 null null 0.42ms
2025-11-03 12:36:50.557 +01:00 [INF] Request finished HTTP/1.1 OPTIONS http://localhost:5043/api/quizapi/quizlist - 204 null null 0.4651ms
2025-11-03 12:36:50.559 +01:00 [INF] Request starting HTTP/1.1 GET http://localhost:5043/api/quizapi/quizlist - application/json null
2025-11-03 12:36:50.559 +01:00 [INF] CORS policy execution successful.
2025-11-03 12:36:50.560 +01:00 [INF] Executing endpoint 'Que.Controllers.QuizAPIController.GetAllQuizes (api)'
2025-11-03 12:36:50.560 +01:00 [INF] Route matched with {action = "GetAllQuizes", controller = "QuizAPI"}. Executing controller action with signature System.Threading.Tasks.Task`1[Microsoft.AspNetCore.Mvc.IActionResult] GetAllQuizes() on controller Que.Controllers.QuizAPIController (api).
2025-11-03 12:36:50.560 +01:00 [INF] [QuizAPIController] Fetching quiz list for user: cec8b59c-1770-4377-b2f0-f553351eddcb
2025-11-03 12:36:50.562 +01:00 [INF] [QuizAPIController] Returning 3 visible quizzes for user: cec8b59c-1770-4377-b2f0-f553351eddcb
2025-11-03 12:36:50.562 +01:00 [INF] Executing OkObjectResult, writing value of type 'System.Collections.Generic.List`1[[Que.DTOs.QuizDto, api, Version=1.0.0.0, Culture=neutral, PublicKeyToken=null]]'.
2025-11-03 12:36:50.563 +01:00 [INF] Executed action Que.Controllers.QuizAPIController.GetAllQuizes (api) in 3.0716ms
2025-11-03 12:36:50.563 +01:00 [INF] Executed endpoint 'Que.Controllers.QuizAPIController.GetAllQuizes (api)'
2025-11-03 12:36:50.563 +01:00 [INF] Request finished HTTP/1.1 GET http://localhost:5043/api/quizapi/quizlist - 200 447 application/json; charset=utf-8 4.2723ms
2025-11-03 12:36:50.564 +01:00 [INF] Request starting HTTP/1.1 GET http://localhost:5043/api/quizapi/quizlist - application/json null
2025-11-03 12:36:50.565 +01:00 [INF] CORS policy execution successful.
2025-11-03 12:36:50.565 +01:00 [INF] Executing endpoint 'Que.Controllers.QuizAPIController.GetAllQuizes (api)'
2025-11-03 12:36:50.566 +01:00 [INF] Route matched with {action = "GetAllQuizes", controller = "QuizAPI"}. Executing controller action with signature System.Threading.Tasks.Task`1[Microsoft.AspNetCore.Mvc.IActionResult] GetAllQuizes() on controller Que.Controllers.QuizAPIController (api).
2025-11-03 12:36:50.566 +01:00 [INF] [QuizAPIController] Fetching quiz list for user: cec8b59c-1770-4377-b2f0-f553351eddcb
2025-11-03 12:36:50.569 +01:00 [INF] [QuizAPIController] Returning 3 visible quizzes for user: cec8b59c-1770-4377-b2f0-f553351eddcb
2025-11-03 12:36:50.569 +01:00 [INF] Executing OkObjectResult, writing value of type 'System.Collections.Generic.List`1[[Que.DTOs.QuizDto, api, Version=1.0.0.0, Culture=neutral, PublicKeyToken=null]]'.
2025-11-03 12:36:50.570 +01:00 [INF] Executed action Que.Controllers.QuizAPIController.GetAllQuizes (api) in 3.9916ms
2025-11-03 12:36:50.570 +01:00 [INF] Executed endpoint 'Que.Controllers.QuizAPIController.GetAllQuizes (api)'
2025-11-03 12:36:50.570 +01:00 [INF] Request finished HTTP/1.1 GET http://localhost:5043/api/quizapi/quizlist - 200 447 application/json; charset=utf-8 6.0024ms
2025-11-03 12:36:53.656 +01:00 [INF] Request starting HTTP/1.1 OPTIONS http://localhost:5043/api/quizapi/3 - null null
2025-11-03 12:36:53.656 +01:00 [INF] Request starting HTTP/1.1 OPTIONS http://localhost:5043/api/quizapi/3 - null null
2025-11-03 12:36:53.657 +01:00 [INF] CORS policy execution successful.
2025-11-03 12:36:53.657 +01:00 [INF] CORS policy execution successful.
2025-11-03 12:36:53.657 +01:00 [INF] Request finished HTTP/1.1 OPTIONS http://localhost:5043/api/quizapi/3 - 204 null null 0.488ms
2025-11-03 12:36:53.657 +01:00 [INF] Request finished HTTP/1.1 OPTIONS http://localhost:5043/api/quizapi/3 - 204 null null 0.5017ms
2025-11-03 12:36:53.659 +01:00 [INF] Request starting HTTP/1.1 GET http://localhost:5043/api/quizapi/3 - application/json null
2025-11-03 12:36:53.659 +01:00 [INF] CORS policy execution successful.
2025-11-03 12:36:53.660 +01:00 [INF] Executing endpoint 'Que.Controllers.QuizAPIController.GetQuiz (api)'
2025-11-03 12:36:53.660 +01:00 [INF] Route matched with {action = "GetQuiz", controller = "QuizAPI"}. Executing controller action with signature System.Threading.Tasks.Task`1[Microsoft.AspNetCore.Mvc.IActionResult] GetQuiz(Int32) on controller Que.Controllers.QuizAPIController (api).
2025-11-03 12:36:53.666 +01:00 [INF] Executing OkObjectResult, writing value of type 'Castle.Proxies.QuizProxy'.
2025-11-03 12:36:53.680 +01:00 [INF] Executed action Que.Controllers.QuizAPIController.GetQuiz (api) in 19.7623ms
2025-11-03 12:36:53.680 +01:00 [INF] Executed endpoint 'Que.Controllers.QuizAPIController.GetQuiz (api)'
2025-11-03 12:36:53.681 +01:00 [INF] Request finished HTTP/1.1 GET http://localhost:5043/api/quizapi/3 - 200 1084 application/json; charset=utf-8 21.3946ms
2025-11-03 12:36:53.684 +01:00 [INF] Request starting HTTP/1.1 GET http://localhost:5043/api/quizapi/3 - application/json null
2025-11-03 12:36:53.686 +01:00 [INF] CORS policy execution successful.
2025-11-03 12:36:53.687 +01:00 [INF] Executing endpoint 'Que.Controllers.QuizAPIController.GetQuiz (api)'
2025-11-03 12:36:53.687 +01:00 [INF] Route matched with {action = "GetQuiz", controller = "QuizAPI"}. Executing controller action with signature System.Threading.Tasks.Task`1[Microsoft.AspNetCore.Mvc.IActionResult] GetQuiz(Int32) on controller Que.Controllers.QuizAPIController (api).
2025-11-03 12:36:53.692 +01:00 [INF] Executing OkObjectResult, writing value of type 'Castle.Proxies.QuizProxy'.
2025-11-03 12:36:53.709 +01:00 [INF] Executed action Que.Controllers.QuizAPIController.GetQuiz (api) in 21.6053ms
2025-11-03 12:36:53.709 +01:00 [INF] Executed endpoint 'Que.Controllers.QuizAPIController.GetQuiz (api)'
2025-11-03 12:36:53.709 +01:00 [INF] Request finished HTTP/1.1 GET http://localhost:5043/api/quizapi/3 - 200 1084 application/json; charset=utf-8 25.119ms
2025-11-03 12:36:56.380 +01:00 [INF] Request starting HTTP/1.1 OPTIONS http://localhost:5043/api/quizapi/update/3 - null null
2025-11-03 12:36:56.380 +01:00 [INF] CORS policy execution successful.
2025-11-03 12:36:56.381 +01:00 [INF] Request finished HTTP/1.1 OPTIONS http://localhost:5043/api/quizapi/update/3 - 204 null null 0.7974ms
2025-11-03 12:36:56.388 +01:00 [INF] Request starting HTTP/1.1 PUT http://localhost:5043/api/quizapi/update/3 - application/json 482
2025-11-03 12:36:56.388 +01:00 [INF] CORS policy execution successful.
2025-11-03 12:36:56.389 +01:00 [INF] Executing endpoint 'Que.Controllers.QuizAPIController.Update (api)'
2025-11-03 12:36:56.389 +01:00 [INF] Route matched with {action = "Update", controller = "QuizAPI"}. Executing controller action with signature System.Threading.Tasks.Task`1[Microsoft.AspNetCore.Mvc.IActionResult] Update(Int32, Que.DTOs.QuizDto) on controller Que.Controllers.QuizAPIController (api).
2025-11-03 12:36:56.401 +01:00 [INF] Executing OkObjectResult, writing value of type 'Castle.Proxies.QuizProxy'.
2025-11-03 12:36:56.409 +01:00 [INF] Executed action Que.Controllers.QuizAPIController.Update (api) in 19.5918ms
2025-11-03 12:36:56.409 +01:00 [INF] Executed endpoint 'Que.Controllers.QuizAPIController.Update (api)'
2025-11-03 12:36:56.409 +01:00 [INF] Request finished HTTP/1.1 PUT http://localhost:5043/api/quizapi/update/3 - 200 1084 application/json; charset=utf-8 21.1581ms
2025-11-03 12:36:56.487 +01:00 [INF] Request starting HTTP/1.1 OPTIONS http://localhost:5043/api/quizapi/quizlist - null null
2025-11-03 12:36:56.487 +01:00 [INF] CORS policy execution successful.
2025-11-03 12:36:56.487 +01:00 [INF] Request finished HTTP/1.1 OPTIONS http://localhost:5043/api/quizapi/quizlist - 204 null null 0.5205ms
2025-11-03 12:36:56.487 +01:00 [INF] Request starting HTTP/1.1 OPTIONS http://localhost:5043/api/quizapi/quizlist - null null
2025-11-03 12:36:56.488 +01:00 [INF] CORS policy execution successful.
2025-11-03 12:36:56.488 +01:00 [INF] Request finished HTTP/1.1 OPTIONS http://localhost:5043/api/quizapi/quizlist - 204 null null 0.6455ms
2025-11-03 12:36:56.490 +01:00 [INF] Request starting HTTP/1.1 GET http://localhost:5043/api/quizapi/quizlist - application/json null
2025-11-03 12:36:56.490 +01:00 [INF] CORS policy execution successful.
2025-11-03 12:36:56.491 +01:00 [INF] Executing endpoint 'Que.Controllers.QuizAPIController.GetAllQuizes (api)'
2025-11-03 12:36:56.491 +01:00 [INF] Route matched with {action = "GetAllQuizes", controller = "QuizAPI"}. Executing controller action with signature System.Threading.Tasks.Task`1[Microsoft.AspNetCore.Mvc.IActionResult] GetAllQuizes() on controller Que.Controllers.QuizAPIController (api).
2025-11-03 12:36:56.491 +01:00 [INF] [QuizAPIController] Fetching quiz list for user: cec8b59c-1770-4377-b2f0-f553351eddcb
2025-11-03 12:36:56.492 +01:00 [INF] [QuizAPIController] Returning 3 visible quizzes for user: cec8b59c-1770-4377-b2f0-f553351eddcb
2025-11-03 12:36:56.493 +01:00 [INF] Executing OkObjectResult, writing value of type 'System.Collections.Generic.List`1[[Que.DTOs.QuizDto, api, Version=1.0.0.0, Culture=neutral, PublicKeyToken=null]]'.
2025-11-03 12:36:56.493 +01:00 [INF] Executed action Que.Controllers.QuizAPIController.GetAllQuizes (api) in 2.2653ms
2025-11-03 12:36:56.493 +01:00 [INF] Executed endpoint 'Que.Controllers.QuizAPIController.GetAllQuizes (api)'
2025-11-03 12:36:56.493 +01:00 [INF] Request finished HTTP/1.1 GET http://localhost:5043/api/quizapi/quizlist - 200 447 application/json; charset=utf-8 3.2818ms
2025-11-03 12:36:56.494 +01:00 [INF] Request starting HTTP/1.1 GET http://localhost:5043/api/quizapi/quizlist - application/json null
2025-11-03 12:36:56.495 +01:00 [INF] CORS policy execution successful.
2025-11-03 12:36:56.495 +01:00 [INF] Executing endpoint 'Que.Controllers.QuizAPIController.GetAllQuizes (api)'
2025-11-03 12:36:56.496 +01:00 [INF] Route matched with {action = "GetAllQuizes", controller = "QuizAPI"}. Executing controller action with signature System.Threading.Tasks.Task`1[Microsoft.AspNetCore.Mvc.IActionResult] GetAllQuizes() on controller Que.Controllers.QuizAPIController (api).
2025-11-03 12:36:56.496 +01:00 [INF] [QuizAPIController] Fetching quiz list for user: cec8b59c-1770-4377-b2f0-f553351eddcb
2025-11-03 12:36:56.498 +01:00 [INF] [QuizAPIController] Returning 3 visible quizzes for user: cec8b59c-1770-4377-b2f0-f553351eddcb
2025-11-03 12:36:56.498 +01:00 [INF] Executing OkObjectResult, writing value of type 'System.Collections.Generic.List`1[[Que.DTOs.QuizDto, api, Version=1.0.0.0, Culture=neutral, PublicKeyToken=null]]'.
2025-11-03 12:36:56.498 +01:00 [INF] Executed action Que.Controllers.QuizAPIController.GetAllQuizes (api) in 2.4573ms
2025-11-03 12:36:56.498 +01:00 [INF] Executed endpoint 'Que.Controllers.QuizAPIController.GetAllQuizes (api)'
2025-11-03 12:36:56.499 +01:00 [INF] Request finished HTTP/1.1 GET http://localhost:5043/api/quizapi/quizlist - 200 447 application/json; charset=utf-8 3.9714ms
2025-11-03 12:38:14.114 +01:00 [INF] Request starting HTTP/1.1 OPTIONS http://localhost:5043/api/quizapi/quizlist - null null
2025-11-03 12:38:14.114 +01:00 [INF] Request starting HTTP/1.1 OPTIONS http://localhost:5043/api/quizapi/quizlist - null null
2025-11-03 12:38:14.114 +01:00 [INF] CORS policy execution successful.
2025-11-03 12:38:14.114 +01:00 [INF] CORS policy execution successful.
2025-11-03 12:38:14.114 +01:00 [INF] Request finished HTTP/1.1 OPTIONS http://localhost:5043/api/quizapi/quizlist - 204 null null 0.3781ms
2025-11-03 12:38:14.114 +01:00 [INF] Request finished HTTP/1.1 OPTIONS http://localhost:5043/api/quizapi/quizlist - 204 null null 0.7927ms
2025-11-03 12:38:14.117 +01:00 [INF] Request starting HTTP/1.1 GET http://localhost:5043/api/quizapi/quizlist - application/json null
2025-11-03 12:38:14.117 +01:00 [INF] CORS policy execution successful.
2025-11-03 12:38:14.118 +01:00 [INF] Executing endpoint 'Que.Controllers.QuizAPIController.GetAllQuizes (api)'
2025-11-03 12:38:14.118 +01:00 [INF] Route matched with {action = "GetAllQuizes", controller = "QuizAPI"}. Executing controller action with signature System.Threading.Tasks.Task`1[Microsoft.AspNetCore.Mvc.IActionResult] GetAllQuizes() on controller Que.Controllers.QuizAPIController (api).
2025-11-03 12:38:14.119 +01:00 [INF] [QuizAPIController] Fetching quiz list for user: cec8b59c-1770-4377-b2f0-f553351eddcb
2025-11-03 12:38:14.122 +01:00 [INF] [QuizAPIController] Returning 3 visible quizzes for user: cec8b59c-1770-4377-b2f0-f553351eddcb
2025-11-03 12:38:14.123 +01:00 [INF] Executing OkObjectResult, writing value of type 'System.Collections.Generic.List`1[[Que.DTOs.QuizDto, api, Version=1.0.0.0, Culture=neutral, PublicKeyToken=null]]'.
2025-11-03 12:38:14.123 +01:00 [INF] Executed action Que.Controllers.QuizAPIController.GetAllQuizes (api) in 4.5824ms
2025-11-03 12:38:14.123 +01:00 [INF] Executed endpoint 'Que.Controllers.QuizAPIController.GetAllQuizes (api)'
2025-11-03 12:38:14.123 +01:00 [INF] Request finished HTTP/1.1 GET http://localhost:5043/api/quizapi/quizlist - 200 447 application/json; charset=utf-8 6.2372ms
2025-11-03 12:38:14.125 +01:00 [INF] Request starting HTTP/1.1 GET http://localhost:5043/api/quizapi/quizlist - application/json null
2025-11-03 12:38:14.125 +01:00 [INF] CORS policy execution successful.
2025-11-03 12:38:14.125 +01:00 [INF] Executing endpoint 'Que.Controllers.QuizAPIController.GetAllQuizes (api)'
2025-11-03 12:38:14.126 +01:00 [INF] Route matched with {action = "GetAllQuizes", controller = "QuizAPI"}. Executing controller action with signature System.Threading.Tasks.Task`1[Microsoft.AspNetCore.Mvc.IActionResult] GetAllQuizes() on controller Que.Controllers.QuizAPIController (api).
2025-11-03 12:38:14.126 +01:00 [INF] [QuizAPIController] Fetching quiz list for user: cec8b59c-1770-4377-b2f0-f553351eddcb
2025-11-03 12:38:14.128 +01:00 [INF] [QuizAPIController] Returning 3 visible quizzes for user: cec8b59c-1770-4377-b2f0-f553351eddcb
2025-11-03 12:38:14.128 +01:00 [INF] Executing OkObjectResult, writing value of type 'System.Collections.Generic.List`1[[Que.DTOs.QuizDto, api, Version=1.0.0.0, Culture=neutral, PublicKeyToken=null]]'.
2025-11-03 12:38:14.128 +01:00 [INF] Executed action Que.Controllers.QuizAPIController.GetAllQuizes (api) in 2.3361ms
2025-11-03 12:38:14.128 +01:00 [INF] Executed endpoint 'Que.Controllers.QuizAPIController.GetAllQuizes (api)'
2025-11-03 12:38:14.128 +01:00 [INF] Request finished HTTP/1.1 GET http://localhost:5043/api/quizapi/quizlist - 200 447 application/json; charset=utf-8 3.6329ms
2025-11-03 12:38:40.808 +01:00 [INF] Request starting HTTP/1.1 OPTIONS http://localhost:5043/api/Auth/login - null null
2025-11-03 12:38:40.811 +01:00 [INF] CORS policy execution successful.
2025-11-03 12:38:40.812 +01:00 [INF] Request finished HTTP/1.1 OPTIONS http://localhost:5043/api/Auth/login - 204 null null 3.5643ms
2025-11-03 12:38:40.843 +01:00 [INF] Request starting HTTP/1.1 POST http://localhost:5043/api/Auth/login - application/json 38
2025-11-03 12:38:40.845 +01:00 [INF] CORS policy execution successful.
2025-11-03 12:38:40.846 +01:00 [INF] Executing endpoint 'Que.Controllers.AuthController.Login (api)'
2025-11-03 12:38:40.855 +01:00 [INF] Route matched with {action = "Login", controller = "Auth"}. Executing controller action with signature System.Threading.Tasks.Task`1[Microsoft.AspNetCore.Mvc.IActionResult] Login(Que.DTOs.LoginDto) on controller Que.Controllers.AuthController (api).
2025-11-03 12:38:41.197 +01:00 [WRN] [AuthAPIContoller] user not authorized for A
2025-11-03 12:38:41.198 +01:00 [INF] Executing ObjectResult, writing value of type 'Microsoft.AspNetCore.Mvc.ProblemDetails'.
2025-11-03 12:38:41.228 +01:00 [INF] Executed action Que.Controllers.AuthController.Login (api) in 372.8181ms
2025-11-03 12:38:41.228 +01:00 [INF] Executed endpoint 'Que.Controllers.AuthController.Login (api)'
2025-11-03 12:38:41.228 +01:00 [INF] Request finished HTTP/1.1 POST http://localhost:5043/api/Auth/login - 401 165 application/problem+json; charset=utf-8 385.284ms
2025-11-03 12:38:50.439 +01:00 [INF] Request starting HTTP/1.1 OPTIONS http://localhost:5043/api/Auth/login - null null
2025-11-03 12:38:50.439 +01:00 [INF] CORS policy execution successful.
2025-11-03 12:38:50.439 +01:00 [INF] Request finished HTTP/1.1 OPTIONS http://localhost:5043/api/Auth/login - 204 null null 0.3955ms
2025-11-03 12:38:50.441 +01:00 [INF] Request starting HTTP/1.1 POST http://localhost:5043/api/Auth/login - application/json 38
2025-11-03 12:38:50.441 +01:00 [INF] CORS policy execution successful.
2025-11-03 12:38:50.442 +01:00 [INF] Executing endpoint 'Que.Controllers.AuthController.Login (api)'
2025-11-03 12:38:50.442 +01:00 [INF] Route matched with {action = "Login", controller = "Auth"}. Executing controller action with signature System.Threading.Tasks.Task`1[Microsoft.AspNetCore.Mvc.IActionResult] Login(Que.DTOs.LoginDto) on controller Que.Controllers.AuthController (api).
2025-11-03 12:38:50.593 +01:00 [WRN] [AuthAPIContoller] user not authorized for A
2025-11-03 12:38:50.593 +01:00 [INF] Executing ObjectResult, writing value of type 'Microsoft.AspNetCore.Mvc.ProblemDetails'.
2025-11-03 12:38:50.594 +01:00 [INF] Executed action Que.Controllers.AuthController.Login (api) in 151.7339ms
2025-11-03 12:38:50.594 +01:00 [INF] Executed endpoint 'Que.Controllers.AuthController.Login (api)'
2025-11-03 12:38:50.594 +01:00 [INF] Request finished HTTP/1.1 POST http://localhost:5043/api/Auth/login - 401 165 application/problem+json; charset=utf-8 152.6398ms
2025-11-03 12:39:09.164 +01:00 [INF] Request starting HTTP/1.1 OPTIONS http://localhost:5043/api/Auth/login - null null
2025-11-03 12:39:09.165 +01:00 [INF] CORS policy execution successful.
2025-11-03 12:39:09.165 +01:00 [INF] Request finished HTTP/1.1 OPTIONS http://localhost:5043/api/Auth/login - 204 null null 0.6051ms
2025-11-03 12:39:09.167 +01:00 [INF] Request starting HTTP/1.1 POST http://localhost:5043/api/Auth/login - application/json 49
2025-11-03 12:39:09.167 +01:00 [INF] CORS policy execution successful.
2025-11-03 12:39:09.167 +01:00 [INF] Executing endpoint 'Que.Controllers.AuthController.Login (api)'
2025-11-03 12:39:09.168 +01:00 [INF] Route matched with {action = "Login", controller = "Auth"}. Executing controller action with signature System.Threading.Tasks.Task`1[Microsoft.AspNetCore.Mvc.IActionResult] Login(Que.DTOs.LoginDto) on controller Que.Controllers.AuthController (api).
2025-11-03 12:39:09.182 +01:00 [WRN] [AuthAPIContoller] user not authorized for DQ
2025-11-03 12:39:09.183 +01:00 [INF] Executing ObjectResult, writing value of type 'Microsoft.AspNetCore.Mvc.ProblemDetails'.
2025-11-03 12:39:09.184 +01:00 [INF] Executed action Que.Controllers.AuthController.Login (api) in 15.8307ms
2025-11-03 12:39:09.184 +01:00 [INF] Executed endpoint 'Que.Controllers.AuthController.Login (api)'
2025-11-03 12:39:09.184 +01:00 [INF] Request finished HTTP/1.1 POST http://localhost:5043/api/Auth/login - 401 165 application/problem+json; charset=utf-8 16.7974ms
2025-11-03 12:39:34.151 +01:00 [INF] Request starting HTTP/1.1 OPTIONS http://localhost:5043/api/Auth/login - null null
2025-11-03 12:39:34.151 +01:00 [INF] CORS policy execution successful.
2025-11-03 12:39:34.151 +01:00 [INF] Request finished HTTP/1.1 OPTIONS http://localhost:5043/api/Auth/login - 204 null null 0.3298ms
2025-11-03 12:39:34.154 +01:00 [INF] Request starting HTTP/1.1 POST http://localhost:5043/api/Auth/login - application/json 40
2025-11-03 12:39:34.154 +01:00 [INF] CORS policy execution successful.
2025-11-03 12:39:34.154 +01:00 [INF] Executing endpoint 'Que.Controllers.AuthController.Login (api)'
2025-11-03 12:39:34.155 +01:00 [INF] Route matched with {action = "Login", controller = "Auth"}. Executing controller action with signature System.Threading.Tasks.Task`1[Microsoft.AspNetCore.Mvc.IActionResult] Login(Que.DTOs.LoginDto) on controller Que.Controllers.AuthController (api).
2025-11-03 12:39:34.369 +01:00 [INF] [AuthAPIController] user authorized for A
2025-11-03 12:39:34.376 +01:00 [INF] JWT token generated for UserId=6aea6f1d-411f-4ed4-b1c6-e104d1318540
2025-11-03 12:39:34.384 +01:00 [INF] Executing OkObjectResult, writing value of type '<>f__AnonymousType1`1[[System.String, System.Private.CoreLib, Version=8.0.0.0, Culture=neutral, PublicKeyToken=7cec85d7bea7798e]]'.
2025-11-03 12:39:34.389 +01:00 [INF] Executed action Que.Controllers.AuthController.Login (api) in 234.1675ms
2025-11-03 12:39:34.389 +01:00 [INF] Executed endpoint 'Que.Controllers.AuthController.Login (api)'
2025-11-03 12:39:34.389 +01:00 [INF] Request finished HTTP/1.1 POST http://localhost:5043/api/Auth/login - 200 616 application/json; charset=utf-8 235.2847ms
2025-11-03 12:39:34.551 +01:00 [INF] Request starting HTTP/1.1 OPTIONS http://localhost:5043/api/quizapi/quizlist - null null
2025-11-03 12:39:34.551 +01:00 [INF] CORS policy execution successful.
2025-11-03 12:39:34.551 +01:00 [INF] Request finished HTTP/1.1 OPTIONS http://localhost:5043/api/quizapi/quizlist - 204 null null 0.3184ms
2025-11-03 12:39:34.552 +01:00 [INF] Request starting HTTP/1.1 OPTIONS http://localhost:5043/api/quizapi/quizlist - null null
2025-11-03 12:39:34.552 +01:00 [INF] CORS policy execution successful.
2025-11-03 12:39:34.552 +01:00 [INF] Request finished HTTP/1.1 OPTIONS http://localhost:5043/api/quizapi/quizlist - 204 null null 0.2266ms
2025-11-03 12:39:34.556 +01:00 [INF] Request starting HTTP/1.1 GET http://localhost:5043/api/quizapi/quizlist - application/json null
2025-11-03 12:39:34.556 +01:00 [INF] CORS policy execution successful.
2025-11-03 12:39:34.565 +01:00 [INF] Executing endpoint 'Que.Controllers.QuizAPIController.GetAllQuizes (api)'
2025-11-03 12:39:34.565 +01:00 [INF] Route matched with {action = "GetAllQuizes", controller = "QuizAPI"}. Executing controller action with signature System.Threading.Tasks.Task`1[Microsoft.AspNetCore.Mvc.IActionResult] GetAllQuizes() on controller Que.Controllers.QuizAPIController (api).
2025-11-03 12:39:34.566 +01:00 [INF] [QuizAPIController] Fetching quiz list for user: 6aea6f1d-411f-4ed4-b1c6-e104d1318540
2025-11-03 12:39:34.567 +01:00 [INF] [QuizAPIController] Returning 1 visible quizzes for user: 6aea6f1d-411f-4ed4-b1c6-e104d1318540
2025-11-03 12:39:34.567 +01:00 [INF] Executing OkObjectResult, writing value of type 'System.Collections.Generic.List`1[[Que.DTOs.QuizDto, api, Version=1.0.0.0, Culture=neutral, PublicKeyToken=null]]'.
2025-11-03 12:39:34.568 +01:00 [INF] Executed action Que.Controllers.QuizAPIController.GetAllQuizes (api) in 2.8732ms
2025-11-03 12:39:34.568 +01:00 [INF] Executed endpoint 'Que.Controllers.QuizAPIController.GetAllQuizes (api)'
2025-11-03 12:39:34.568 +01:00 [INF] Request finished HTTP/1.1 GET http://localhost:5043/api/quizapi/quizlist - 200 131 application/json; charset=utf-8 12.3034ms
2025-11-03 12:39:34.569 +01:00 [INF] Request starting HTTP/1.1 GET http://localhost:5043/api/quizapi/quizlist - application/json null
2025-11-03 12:39:34.569 +01:00 [INF] CORS policy execution successful.
2025-11-03 12:39:34.569 +01:00 [INF] Executing endpoint 'Que.Controllers.QuizAPIController.GetAllQuizes (api)'
2025-11-03 12:39:34.570 +01:00 [INF] Route matched with {action = "GetAllQuizes", controller = "QuizAPI"}. Executing controller action with signature System.Threading.Tasks.Task`1[Microsoft.AspNetCore.Mvc.IActionResult] GetAllQuizes() on controller Que.Controllers.QuizAPIController (api).
2025-11-03 12:39:34.570 +01:00 [INF] [QuizAPIController] Fetching quiz list for user: 6aea6f1d-411f-4ed4-b1c6-e104d1318540
2025-11-03 12:39:34.574 +01:00 [INF] [QuizAPIController] Returning 1 visible quizzes for user: 6aea6f1d-411f-4ed4-b1c6-e104d1318540
2025-11-03 12:39:34.575 +01:00 [INF] Executing OkObjectResult, writing value of type 'System.Collections.Generic.List`1[[Que.DTOs.QuizDto, api, Version=1.0.0.0, Culture=neutral, PublicKeyToken=null]]'.
2025-11-03 12:39:34.577 +01:00 [INF] Executed action Que.Controllers.QuizAPIController.GetAllQuizes (api) in 6.9498ms
2025-11-03 12:39:34.577 +01:00 [INF] Executed endpoint 'Que.Controllers.QuizAPIController.GetAllQuizes (api)'
2025-11-03 12:39:34.577 +01:00 [INF] Request finished HTTP/1.1 GET http://localhost:5043/api/quizapi/quizlist - 200 131 application/json; charset=utf-8 8.2618ms
2025-11-03 12:40:06.720 +01:00 [INF] Request starting HTTP/1.1 OPTIONS http://localhost:5043/api/Auth/login - null null
2025-11-03 12:40:06.720 +01:00 [INF] CORS policy execution successful.
2025-11-03 12:40:06.726 +01:00 [INF] Request finished HTTP/1.1 OPTIONS http://localhost:5043/api/Auth/login - 204 null null 0.7423ms
2025-11-03 12:40:06.758 +01:00 [INF] Request starting HTTP/1.1 POST http://localhost:5043/api/Auth/login - application/json 42
2025-11-03 12:40:06.758 +01:00 [INF] CORS policy execution successful.
2025-11-03 12:40:06.758 +01:00 [INF] Executing endpoint 'Que.Controllers.AuthController.Login (api)'
2025-11-03 12:40:06.759 +01:00 [INF] Route matched with {action = "Login", controller = "Auth"}. Executing controller action with signature System.Threading.Tasks.Task`1[Microsoft.AspNetCore.Mvc.IActionResult] Login(Que.DTOs.LoginDto) on controller Que.Controllers.AuthController (api).
2025-11-03 12:40:06.948 +01:00 [INF] [AuthAPIController] user authorized for Erik
2025-11-03 12:40:06.949 +01:00 [INF] JWT token generated for UserId=cec8b59c-1770-4377-b2f0-f553351eddcb
2025-11-03 12:40:06.949 +01:00 [INF] Executing OkObjectResult, writing value of type '<>f__AnonymousType1`1[[System.String, System.Private.CoreLib, Version=8.0.0.0, Culture=neutral, PublicKeyToken=7cec85d7bea7798e]]'.
2025-11-03 12:40:06.950 +01:00 [INF] Executed action Que.Controllers.AuthController.Login (api) in 191.1519ms
2025-11-03 12:40:06.950 +01:00 [INF] Executed endpoint 'Que.Controllers.AuthController.Login (api)'
2025-11-03 12:40:06.950 +01:00 [INF] Request finished HTTP/1.1 POST http://localhost:5043/api/Auth/login - 200 659 application/json; charset=utf-8 192.35ms
2025-11-03 12:40:07.080 +01:00 [INF] Request starting HTTP/1.1 OPTIONS http://localhost:5043/api/quizapi/quizlist - null null
2025-11-03 12:40:07.080 +01:00 [INF] Request starting HTTP/1.1 OPTIONS http://localhost:5043/api/quizapi/quizlist - null null
2025-11-03 12:40:07.080 +01:00 [INF] CORS policy execution successful.
2025-11-03 12:40:07.080 +01:00 [INF] CORS policy execution successful.
2025-11-03 12:40:07.081 +01:00 [INF] Request finished HTTP/1.1 OPTIONS http://localhost:5043/api/quizapi/quizlist - 204 null null 0.2784ms
2025-11-03 12:40:07.081 +01:00 [INF] Request finished HTTP/1.1 OPTIONS http://localhost:5043/api/quizapi/quizlist - 204 null null 0.4357ms
2025-11-03 12:40:07.086 +01:00 [INF] Request starting HTTP/1.1 GET http://localhost:5043/api/quizapi/quizlist - application/json null
2025-11-03 12:40:07.086 +01:00 [INF] CORS policy execution successful.
2025-11-03 12:40:07.087 +01:00 [INF] Executing endpoint 'Que.Controllers.QuizAPIController.GetAllQuizes (api)'
2025-11-03 12:40:07.087 +01:00 [INF] Route matched with {action = "GetAllQuizes", controller = "QuizAPI"}. Executing controller action with signature System.Threading.Tasks.Task`1[Microsoft.AspNetCore.Mvc.IActionResult] GetAllQuizes() on controller Que.Controllers.QuizAPIController (api).
2025-11-03 12:40:07.088 +01:00 [INF] [QuizAPIController] Fetching quiz list for user: cec8b59c-1770-4377-b2f0-f553351eddcb
2025-11-03 12:40:07.094 +01:00 [INF] [QuizAPIController] Returning 3 visible quizzes for user: cec8b59c-1770-4377-b2f0-f553351eddcb
2025-11-03 12:40:07.095 +01:00 [INF] Executing OkObjectResult, writing value of type 'System.Collections.Generic.List`1[[Que.DTOs.QuizDto, api, Version=1.0.0.0, Culture=neutral, PublicKeyToken=null]]'.
2025-11-03 12:40:07.095 +01:00 [INF] Executed action Que.Controllers.QuizAPIController.GetAllQuizes (api) in 7.657ms
2025-11-03 12:40:07.095 +01:00 [INF] Executed endpoint 'Que.Controllers.QuizAPIController.GetAllQuizes (api)'
2025-11-03 12:40:07.095 +01:00 [INF] Request finished HTTP/1.1 GET http://localhost:5043/api/quizapi/quizlist - 200 447 application/json; charset=utf-8 9.5507ms
2025-11-03 12:40:07.097 +01:00 [INF] Request starting HTTP/1.1 GET http://localhost:5043/api/quizapi/quizlist - application/json null
2025-11-03 12:40:07.098 +01:00 [INF] CORS policy execution successful.
2025-11-03 12:40:07.098 +01:00 [INF] Executing endpoint 'Que.Controllers.QuizAPIController.GetAllQuizes (api)'
2025-11-03 12:40:07.099 +01:00 [INF] Route matched with {action = "GetAllQuizes", controller = "QuizAPI"}. Executing controller action with signature System.Threading.Tasks.Task`1[Microsoft.AspNetCore.Mvc.IActionResult] GetAllQuizes() on controller Que.Controllers.QuizAPIController (api).
2025-11-03 12:40:07.099 +01:00 [INF] [QuizAPIController] Fetching quiz list for user: cec8b59c-1770-4377-b2f0-f553351eddcb
2025-11-03 12:40:07.102 +01:00 [INF] [QuizAPIController] Returning 3 visible quizzes for user: cec8b59c-1770-4377-b2f0-f553351eddcb
2025-11-03 12:40:07.103 +01:00 [INF] Executing OkObjectResult, writing value of type 'System.Collections.Generic.List`1[[Que.DTOs.QuizDto, api, Version=1.0.0.0, Culture=neutral, PublicKeyToken=null]]'.
2025-11-03 12:40:07.106 +01:00 [INF] Executed action Que.Controllers.QuizAPIController.GetAllQuizes (api) in 7.2145ms
2025-11-03 12:40:07.106 +01:00 [INF] Executed endpoint 'Que.Controllers.QuizAPIController.GetAllQuizes (api)'
2025-11-03 12:40:07.107 +01:00 [INF] Request finished HTTP/1.1 GET http://localhost:5043/api/quizapi/quizlist - 200 447 application/json; charset=utf-8 9.7738ms
2025-11-03 12:40:12.775 +01:00 [INF] Request starting HTTP/1.1 OPTIONS http://localhost:5043/api/quizapi/2 - null null
2025-11-03 12:40:12.775 +01:00 [INF] Request starting HTTP/1.1 OPTIONS http://localhost:5043/api/quizapi/2 - null null
2025-11-03 12:40:12.775 +01:00 [INF] CORS policy execution successful.
2025-11-03 12:40:12.775 +01:00 [INF] CORS policy execution successful.
2025-11-03 12:40:12.775 +01:00 [INF] Request finished HTTP/1.1 OPTIONS http://localhost:5043/api/quizapi/2 - 204 null null 0.6364ms
2025-11-03 12:40:12.775 +01:00 [INF] Request finished HTTP/1.1 OPTIONS http://localhost:5043/api/quizapi/2 - 204 null null 0.6099ms
2025-11-03 12:40:12.779 +01:00 [INF] Request starting HTTP/1.1 GET http://localhost:5043/api/quizapi/2 - application/json null
2025-11-03 12:40:12.780 +01:00 [INF] CORS policy execution successful.
2025-11-03 12:40:12.780 +01:00 [INF] Executing endpoint 'Que.Controllers.QuizAPIController.GetQuiz (api)'
2025-11-03 12:40:12.780 +01:00 [INF] Route matched with {action = "GetQuiz", controller = "QuizAPI"}. Executing controller action with signature System.Threading.Tasks.Task`1[Microsoft.AspNetCore.Mvc.IActionResult] GetQuiz(Int32) on controller Que.Controllers.QuizAPIController (api).
2025-11-03 12:40:12.782 +01:00 [INF] Executing OkObjectResult, writing value of type 'Castle.Proxies.QuizProxy'.
2025-11-03 12:40:12.794 +01:00 [INF] Executed action Que.Controllers.QuizAPIController.GetQuiz (api) in 13.3874ms
2025-11-03 12:40:12.796 +01:00 [INF] Executed endpoint 'Que.Controllers.QuizAPIController.GetQuiz (api)'
2025-11-03 12:40:12.796 +01:00 [INF] Request finished HTTP/1.1 GET http://localhost:5043/api/quizapi/2 - 200 1071 application/json; charset=utf-8 16.892ms
2025-11-03 12:40:12.807 +01:00 [INF] Request starting HTTP/1.1 GET http://localhost:5043/api/quizapi/2 - application/json null
2025-11-03 12:40:12.808 +01:00 [INF] CORS policy execution successful.
2025-11-03 12:40:12.819 +01:00 [INF] Executing endpoint 'Que.Controllers.QuizAPIController.GetQuiz (api)'
2025-11-03 12:40:12.819 +01:00 [INF] Route matched with {action = "GetQuiz", controller = "QuizAPI"}. Executing controller action with signature System.Threading.Tasks.Task`1[Microsoft.AspNetCore.Mvc.IActionResult] GetQuiz(Int32) on controller Que.Controllers.QuizAPIController (api).
2025-11-03 12:40:12.826 +01:00 [INF] Executing OkObjectResult, writing value of type 'Castle.Proxies.QuizProxy'.
2025-11-03 12:40:12.837 +01:00 [INF] Executed action Que.Controllers.QuizAPIController.GetQuiz (api) in 17.7672ms
2025-11-03 12:40:12.837 +01:00 [INF] Executed endpoint 'Que.Controllers.QuizAPIController.GetQuiz (api)'
2025-11-03 12:40:12.837 +01:00 [INF] Request finished HTTP/1.1 GET http://localhost:5043/api/quizapi/2 - 200 1071 application/json; charset=utf-8 29.762ms
2025-11-03 12:40:17.066 +01:00 [INF] Request starting HTTP/1.1 OPTIONS http://localhost:5043/api/quizapi/update/2 - null null
2025-11-03 12:40:17.066 +01:00 [INF] CORS policy execution successful.
2025-11-03 12:40:17.066 +01:00 [INF] Request finished HTTP/1.1 OPTIONS http://localhost:5043/api/quizapi/update/2 - 204 null null 0.2078ms
2025-11-03 12:40:17.069 +01:00 [INF] Request starting HTTP/1.1 PUT http://localhost:5043/api/quizapi/update/2 - application/json 469
2025-11-03 12:40:17.070 +01:00 [INF] CORS policy execution successful.
2025-11-03 12:40:17.070 +01:00 [INF] Executing endpoint 'Que.Controllers.QuizAPIController.Update (api)'
2025-11-03 12:40:17.070 +01:00 [INF] Route matched with {action = "Update", controller = "QuizAPI"}. Executing controller action with signature System.Threading.Tasks.Task`1[Microsoft.AspNetCore.Mvc.IActionResult] Update(Int32, Que.DTOs.QuizDto) on controller Que.Controllers.QuizAPIController (api).
2025-11-03 12:40:17.096 +01:00 [INF] Executing OkObjectResult, writing value of type 'Castle.Proxies.QuizProxy'.
2025-11-03 12:40:17.099 +01:00 [INF] Executed action Que.Controllers.QuizAPIController.Update (api) in 28.7305ms
2025-11-03 12:40:17.099 +01:00 [INF] Executed endpoint 'Que.Controllers.QuizAPIController.Update (api)'
2025-11-03 12:40:17.100 +01:00 [INF] Request finished HTTP/1.1 PUT http://localhost:5043/api/quizapi/update/2 - 200 1071 application/json; charset=utf-8 30.1123ms
2025-11-03 12:40:17.186 +01:00 [INF] Request starting HTTP/1.1 OPTIONS http://localhost:5043/api/quizapi/quizlist - null null
2025-11-03 12:40:17.186 +01:00 [INF] Request starting HTTP/1.1 OPTIONS http://localhost:5043/api/quizapi/quizlist - null null
2025-11-03 12:40:17.186 +01:00 [INF] CORS policy execution successful.
2025-11-03 12:40:17.186 +01:00 [INF] Request finished HTTP/1.1 OPTIONS http://localhost:5043/api/quizapi/quizlist - 204 null null 0.3115ms
2025-11-03 12:40:17.186 +01:00 [INF] CORS policy execution successful.
2025-11-03 12:40:17.186 +01:00 [INF] Request finished HTTP/1.1 OPTIONS http://localhost:5043/api/quizapi/quizlist - 204 null null 0.5356ms
2025-11-03 12:40:17.190 +01:00 [INF] Request starting HTTP/1.1 GET http://localhost:5043/api/quizapi/quizlist - application/json null
2025-11-03 12:40:17.190 +01:00 [INF] CORS policy execution successful.
2025-11-03 12:40:17.190 +01:00 [INF] Executing endpoint 'Que.Controllers.QuizAPIController.GetAllQuizes (api)'
2025-11-03 12:40:17.191 +01:00 [INF] Route matched with {action = "GetAllQuizes", controller = "QuizAPI"}. Executing controller action with signature System.Threading.Tasks.Task`1[Microsoft.AspNetCore.Mvc.IActionResult] GetAllQuizes() on controller Que.Controllers.QuizAPIController (api).
2025-11-03 12:40:17.191 +01:00 [INF] [QuizAPIController] Fetching quiz list for user: cec8b59c-1770-4377-b2f0-f553351eddcb
2025-11-03 12:40:17.193 +01:00 [INF] [QuizAPIController] Returning 3 visible quizzes for user: cec8b59c-1770-4377-b2f0-f553351eddcb
2025-11-03 12:40:17.193 +01:00 [INF] Executing OkObjectResult, writing value of type 'System.Collections.Generic.List`1[[Que.DTOs.QuizDto, api, Version=1.0.0.0, Culture=neutral, PublicKeyToken=null]]'.
2025-11-03 12:40:17.193 +01:00 [INF] Executed action Que.Controllers.QuizAPIController.GetAllQuizes (api) in 2.7047ms
2025-11-03 12:40:17.193 +01:00 [INF] Executed endpoint 'Que.Controllers.QuizAPIController.GetAllQuizes (api)'
2025-11-03 12:40:17.194 +01:00 [INF] Request finished HTTP/1.1 GET http://localhost:5043/api/quizapi/quizlist - 200 447 application/json; charset=utf-8 4.179ms
2025-11-03 12:40:17.195 +01:00 [INF] Request starting HTTP/1.1 GET http://localhost:5043/api/quizapi/quizlist - application/json null
2025-11-03 12:40:17.195 +01:00 [INF] CORS policy execution successful.
2025-11-03 12:40:17.196 +01:00 [INF] Executing endpoint 'Que.Controllers.QuizAPIController.GetAllQuizes (api)'
2025-11-03 12:40:17.196 +01:00 [INF] Route matched with {action = "GetAllQuizes", controller = "QuizAPI"}. Executing controller action with signature System.Threading.Tasks.Task`1[Microsoft.AspNetCore.Mvc.IActionResult] GetAllQuizes() on controller Que.Controllers.QuizAPIController (api).
2025-11-03 12:40:17.197 +01:00 [INF] [QuizAPIController] Fetching quiz list for user: cec8b59c-1770-4377-b2f0-f553351eddcb
2025-11-03 12:40:17.199 +01:00 [INF] [QuizAPIController] Returning 3 visible quizzes for user: cec8b59c-1770-4377-b2f0-f553351eddcb
2025-11-03 12:40:17.199 +01:00 [INF] Executing OkObjectResult, writing value of type 'System.Collections.Generic.List`1[[Que.DTOs.QuizDto, api, Version=1.0.0.0, Culture=neutral, PublicKeyToken=null]]'.
2025-11-03 12:40:17.199 +01:00 [INF] Executed action Que.Controllers.QuizAPIController.GetAllQuizes (api) in 3.1761ms
2025-11-03 12:40:17.200 +01:00 [INF] Executed endpoint 'Que.Controllers.QuizAPIController.GetAllQuizes (api)'
2025-11-03 12:40:17.200 +01:00 [INF] Request finished HTTP/1.1 GET http://localhost:5043/api/quizapi/quizlist - 200 447 application/json; charset=utf-8 4.4926ms
2025-11-03 12:40:21.619 +01:00 [INF] Request starting HTTP/1.1 OPTIONS http://localhost:5043/api/quizapi/1 - null null
2025-11-03 12:40:21.619 +01:00 [INF] CORS policy execution successful.
2025-11-03 12:40:21.620 +01:00 [INF] Request starting HTTP/1.1 OPTIONS http://localhost:5043/api/quizapi/1 - null null
2025-11-03 12:40:21.620 +01:00 [INF] Request finished HTTP/1.1 OPTIONS http://localhost:5043/api/quizapi/1 - 204 null null 0.7901ms
2025-11-03 12:40:21.620 +01:00 [INF] CORS policy execution successful.
2025-11-03 12:40:21.620 +01:00 [INF] Request finished HTTP/1.1 OPTIONS http://localhost:5043/api/quizapi/1 - 204 null null 0.462ms
2025-11-03 12:40:21.626 +01:00 [INF] Request starting HTTP/1.1 GET http://localhost:5043/api/quizapi/1 - application/json null
2025-11-03 12:40:21.627 +01:00 [INF] CORS policy execution successful.
2025-11-03 12:40:21.628 +01:00 [INF] Executing endpoint 'Que.Controllers.QuizAPIController.GetQuiz (api)'
2025-11-03 12:40:21.628 +01:00 [INF] Route matched with {action = "GetQuiz", controller = "QuizAPI"}. Executing controller action with signature System.Threading.Tasks.Task`1[Microsoft.AspNetCore.Mvc.IActionResult] GetQuiz(Int32) on controller Que.Controllers.QuizAPIController (api).
2025-11-03 12:40:21.631 +01:00 [INF] Executing OkObjectResult, writing value of type 'Castle.Proxies.QuizProxy'.
2025-11-03 12:40:21.638 +01:00 [INF] Executed action Que.Controllers.QuizAPIController.GetQuiz (api) in 9.3621ms
2025-11-03 12:40:21.638 +01:00 [INF] Executed endpoint 'Que.Controllers.QuizAPIController.GetQuiz (api)'
2025-11-03 12:40:21.639 +01:00 [INF] Request finished HTTP/1.1 GET http://localhost:5043/api/quizapi/1 - 200 1558 application/json; charset=utf-8 12.115ms
2025-11-03 12:40:21.640 +01:00 [INF] Request starting HTTP/1.1 GET http://localhost:5043/api/quizapi/1 - application/json null
2025-11-03 12:40:21.640 +01:00 [INF] CORS policy execution successful.
2025-11-03 12:40:21.641 +01:00 [INF] Executing endpoint 'Que.Controllers.QuizAPIController.GetQuiz (api)'
2025-11-03 12:40:21.641 +01:00 [INF] Route matched with {action = "GetQuiz", controller = "QuizAPI"}. Executing controller action with signature System.Threading.Tasks.Task`1[Microsoft.AspNetCore.Mvc.IActionResult] GetQuiz(Int32) on controller Que.Controllers.QuizAPIController (api).
2025-11-03 12:40:21.644 +01:00 [INF] Executing OkObjectResult, writing value of type 'Castle.Proxies.QuizProxy'.
2025-11-03 12:40:21.649 +01:00 [INF] Executed action Que.Controllers.QuizAPIController.GetQuiz (api) in 7.6917ms
2025-11-03 12:40:21.649 +01:00 [INF] Executed endpoint 'Que.Controllers.QuizAPIController.GetQuiz (api)'
2025-11-03 12:40:21.649 +01:00 [INF] Request finished HTTP/1.1 GET http://localhost:5043/api/quizapi/1 - 200 1558 application/json; charset=utf-8 9.2123ms
2025-11-03 12:40:47.748 +01:00 [INF] Request starting HTTP/1.1 OPTIONS http://localhost:5043/api/quizapi/update/1 - null null
2025-11-03 12:40:47.748 +01:00 [INF] CORS policy execution successful.
2025-11-03 12:40:47.748 +01:00 [INF] Request finished HTTP/1.1 OPTIONS http://localhost:5043/api/quizapi/update/1 - 204 null null 0.3664ms
2025-11-03 12:40:47.751 +01:00 [INF] Request starting HTTP/1.1 PUT http://localhost:5043/api/quizapi/update/1 - application/json 936
2025-11-03 12:40:47.751 +01:00 [INF] CORS policy execution successful.
2025-11-03 12:40:47.752 +01:00 [INF] Executing endpoint 'Que.Controllers.QuizAPIController.Update (api)'
2025-11-03 12:40:47.752 +01:00 [INF] Route matched with {action = "Update", controller = "QuizAPI"}. Executing controller action with signature System.Threading.Tasks.Task`1[Microsoft.AspNetCore.Mvc.IActionResult] Update(Int32, Que.DTOs.QuizDto) on controller Que.Controllers.QuizAPIController (api).
2025-11-03 12:40:47.785 +01:00 [INF] Executing OkObjectResult, writing value of type 'Castle.Proxies.QuizProxy'.
2025-11-03 12:40:47.795 +01:00 [INF] Executed action Que.Controllers.QuizAPIController.Update (api) in 33.681ms
2025-11-03 12:40:47.795 +01:00 [INF] Executed endpoint 'Que.Controllers.QuizAPIController.Update (api)'
2025-11-03 12:40:47.798 +01:00 [INF] Request finished HTTP/1.1 PUT http://localhost:5043/api/quizapi/update/1 - 200 1538 application/json; charset=utf-8 46.5831ms
2025-11-03 12:40:47.876 +01:00 [INF] Request starting HTTP/1.1 OPTIONS http://localhost:5043/api/quizapi/quizlist - null null
2025-11-03 12:40:47.876 +01:00 [INF] CORS policy execution successful.
2025-11-03 12:40:47.876 +01:00 [INF] Request finished HTTP/1.1 OPTIONS http://localhost:5043/api/quizapi/quizlist - 204 null null 0.7337ms
2025-11-03 12:40:47.877 +01:00 [INF] Request starting HTTP/1.1 OPTIONS http://localhost:5043/api/quizapi/quizlist - null null
2025-11-03 12:40:47.877 +01:00 [INF] CORS policy execution successful.
2025-11-03 12:40:47.877 +01:00 [INF] Request finished HTTP/1.1 OPTIONS http://localhost:5043/api/quizapi/quizlist - 204 null null 0.1333ms
2025-11-03 12:40:47.879 +01:00 [INF] Request starting HTTP/1.1 GET http://localhost:5043/api/quizapi/quizlist - application/json null
2025-11-03 12:40:47.879 +01:00 [INF] CORS policy execution successful.
2025-11-03 12:40:47.880 +01:00 [INF] Executing endpoint 'Que.Controllers.QuizAPIController.GetAllQuizes (api)'
2025-11-03 12:40:47.880 +01:00 [INF] Route matched with {action = "GetAllQuizes", controller = "QuizAPI"}. Executing controller action with signature System.Threading.Tasks.Task`1[Microsoft.AspNetCore.Mvc.IActionResult] GetAllQuizes() on controller Que.Controllers.QuizAPIController (api).
2025-11-03 12:40:47.880 +01:00 [INF] [QuizAPIController] Fetching quiz list for user: cec8b59c-1770-4377-b2f0-f553351eddcb
2025-11-03 12:40:47.881 +01:00 [INF] [QuizAPIController] Returning 3 visible quizzes for user: cec8b59c-1770-4377-b2f0-f553351eddcb
2025-11-03 12:40:47.882 +01:00 [INF] Executing OkObjectResult, writing value of type 'System.Collections.Generic.List`1[[Que.DTOs.QuizDto, api, Version=1.0.0.0, Culture=neutral, PublicKeyToken=null]]'.
2025-11-03 12:40:47.882 +01:00 [INF] Executed action Que.Controllers.QuizAPIController.GetAllQuizes (api) in 1.824ms
2025-11-03 12:40:47.882 +01:00 [INF] Executed endpoint 'Que.Controllers.QuizAPIController.GetAllQuizes (api)'
2025-11-03 12:40:47.882 +01:00 [INF] Request finished HTTP/1.1 GET http://localhost:5043/api/quizapi/quizlist - 200 427 application/json; charset=utf-8 2.5503ms
2025-11-03 12:40:47.883 +01:00 [INF] Request starting HTTP/1.1 GET http://localhost:5043/api/quizapi/quizlist - application/json null
2025-11-03 12:40:47.883 +01:00 [INF] CORS policy execution successful.
2025-11-03 12:40:47.883 +01:00 [INF] Executing endpoint 'Que.Controllers.QuizAPIController.GetAllQuizes (api)'
2025-11-03 12:40:47.883 +01:00 [INF] Route matched with {action = "GetAllQuizes", controller = "QuizAPI"}. Executing controller action with signature System.Threading.Tasks.Task`1[Microsoft.AspNetCore.Mvc.IActionResult] GetAllQuizes() on controller Que.Controllers.QuizAPIController (api).
2025-11-03 12:40:47.884 +01:00 [INF] [QuizAPIController] Fetching quiz list for user: cec8b59c-1770-4377-b2f0-f553351eddcb
2025-11-03 12:40:47.885 +01:00 [INF] [QuizAPIController] Returning 3 visible quizzes for user: cec8b59c-1770-4377-b2f0-f553351eddcb
2025-11-03 12:40:47.885 +01:00 [INF] Executing OkObjectResult, writing value of type 'System.Collections.Generic.List`1[[Que.DTOs.QuizDto, api, Version=1.0.0.0, Culture=neutral, PublicKeyToken=null]]'.
2025-11-03 12:40:47.886 +01:00 [INF] Executed action Que.Controllers.QuizAPIController.GetAllQuizes (api) in 1.9298ms
2025-11-03 12:40:47.886 +01:00 [INF] Executed endpoint 'Que.Controllers.QuizAPIController.GetAllQuizes (api)'
2025-11-03 12:40:47.886 +01:00 [INF] Request finished HTTP/1.1 GET http://localhost:5043/api/quizapi/quizlist - 200 427 application/json; charset=utf-8 2.945ms
2025-11-03 12:40:59.686 +01:00 [INF] Request starting HTTP/1.1 OPTIONS http://localhost:5043/api/Auth/login - null null
2025-11-03 12:40:59.686 +01:00 [INF] CORS policy execution successful.
2025-11-03 12:40:59.686 +01:00 [INF] Request finished HTTP/1.1 OPTIONS http://localhost:5043/api/Auth/login - 204 null null 0.2306ms
2025-11-03 12:40:59.688 +01:00 [INF] Request starting HTTP/1.1 POST http://localhost:5043/api/Auth/login - application/json 40
2025-11-03 12:40:59.688 +01:00 [INF] CORS policy execution successful.
2025-11-03 12:40:59.688 +01:00 [INF] Executing endpoint 'Que.Controllers.AuthController.Login (api)'
2025-11-03 12:40:59.689 +01:00 [INF] Route matched with {action = "Login", controller = "Auth"}. Executing controller action with signature System.Threading.Tasks.Task`1[Microsoft.AspNetCore.Mvc.IActionResult] Login(Que.DTOs.LoginDto) on controller Que.Controllers.AuthController (api).
2025-11-03 12:40:59.828 +01:00 [INF] [AuthAPIController] user authorized for A
2025-11-03 12:40:59.828 +01:00 [INF] JWT token generated for UserId=6aea6f1d-411f-4ed4-b1c6-e104d1318540
2025-11-03 12:40:59.829 +01:00 [INF] Executing OkObjectResult, writing value of type '<>f__AnonymousType1`1[[System.String, System.Private.CoreLib, Version=8.0.0.0, Culture=neutral, PublicKeyToken=7cec85d7bea7798e]]'.
2025-11-03 12:40:59.829 +01:00 [INF] Executed action Que.Controllers.AuthController.Login (api) in 140.5867ms
2025-11-03 12:40:59.829 +01:00 [INF] Executed endpoint 'Que.Controllers.AuthController.Login (api)'
2025-11-03 12:40:59.830 +01:00 [INF] Request finished HTTP/1.1 POST http://localhost:5043/api/Auth/login - 200 616 application/json; charset=utf-8 141.3601ms
2025-11-03 12:40:59.998 +01:00 [INF] Request starting HTTP/1.1 OPTIONS http://localhost:5043/api/quizapi/quizlist - null null
2025-11-03 12:40:59.998 +01:00 [INF] CORS policy execution successful.
2025-11-03 12:40:59.998 +01:00 [INF] Request finished HTTP/1.1 OPTIONS http://localhost:5043/api/quizapi/quizlist - 204 null null 0.3422ms
2025-11-03 12:40:59.998 +01:00 [INF] Request starting HTTP/1.1 OPTIONS http://localhost:5043/api/quizapi/quizlist - null null
2025-11-03 12:40:59.999 +01:00 [INF] CORS policy execution successful.
2025-11-03 12:40:59.999 +01:00 [INF] Request finished HTTP/1.1 OPTIONS http://localhost:5043/api/quizapi/quizlist - 204 null null 0.2724ms
2025-11-03 12:41:00.001 +01:00 [INF] Request starting HTTP/1.1 GET http://localhost:5043/api/quizapi/quizlist - application/json null
2025-11-03 12:41:00.001 +01:00 [INF] CORS policy execution successful.
2025-11-03 12:41:00.002 +01:00 [INF] Executing endpoint 'Que.Controllers.QuizAPIController.GetAllQuizes (api)'
2025-11-03 12:41:00.002 +01:00 [INF] Route matched with {action = "GetAllQuizes", controller = "QuizAPI"}. Executing controller action with signature System.Threading.Tasks.Task`1[Microsoft.AspNetCore.Mvc.IActionResult] GetAllQuizes() on controller Que.Controllers.QuizAPIController (api).
2025-11-03 12:41:00.003 +01:00 [INF] [QuizAPIController] Fetching quiz list for user: 6aea6f1d-411f-4ed4-b1c6-e104d1318540
2025-11-03 12:41:00.004 +01:00 [INF] [QuizAPIController] Returning 2 visible quizzes for user: 6aea6f1d-411f-4ed4-b1c6-e104d1318540
2025-11-03 12:41:00.004 +01:00 [INF] Executing OkObjectResult, writing value of type 'System.Collections.Generic.List`1[[Que.DTOs.QuizDto, api, Version=1.0.0.0, Culture=neutral, PublicKeyToken=null]]'.
2025-11-03 12:41:00.005 +01:00 [INF] Executed action Que.Controllers.QuizAPIController.GetAllQuizes (api) in 2.2611ms
2025-11-03 12:41:00.005 +01:00 [INF] Executed endpoint 'Que.Controllers.QuizAPIController.GetAllQuizes (api)'
2025-11-03 12:41:00.005 +01:00 [INF] Request finished HTTP/1.1 GET http://localhost:5043/api/quizapi/quizlist - 200 291 application/json; charset=utf-8 4.101ms
2025-11-03 12:41:00.012 +01:00 [INF] Request starting HTTP/1.1 GET http://localhost:5043/api/quizapi/quizlist - application/json null
2025-11-03 12:41:00.013 +01:00 [INF] CORS policy execution successful.
2025-11-03 12:41:00.014 +01:00 [INF] Executing endpoint 'Que.Controllers.QuizAPIController.GetAllQuizes (api)'
2025-11-03 12:41:00.014 +01:00 [INF] Route matched with {action = "GetAllQuizes", controller = "QuizAPI"}. Executing controller action with signature System.Threading.Tasks.Task`1[Microsoft.AspNetCore.Mvc.IActionResult] GetAllQuizes() on controller Que.Controllers.QuizAPIController (api).
2025-11-03 12:41:00.014 +01:00 [INF] [QuizAPIController] Fetching quiz list for user: 6aea6f1d-411f-4ed4-b1c6-e104d1318540
2025-11-03 12:41:00.020 +01:00 [INF] [QuizAPIController] Returning 2 visible quizzes for user: 6aea6f1d-411f-4ed4-b1c6-e104d1318540
2025-11-03 12:41:00.020 +01:00 [INF] Executing OkObjectResult, writing value of type 'System.Collections.Generic.List`1[[Que.DTOs.QuizDto, api, Version=1.0.0.0, Culture=neutral, PublicKeyToken=null]]'.
2025-11-03 12:41:00.021 +01:00 [INF] Executed action Que.Controllers.QuizAPIController.GetAllQuizes (api) in 6.652ms
2025-11-03 12:41:00.021 +01:00 [INF] Executed endpoint 'Que.Controllers.QuizAPIController.GetAllQuizes (api)'
2025-11-03 12:41:00.021 +01:00 [INF] Request finished HTTP/1.1 GET http://localhost:5043/api/quizapi/quizlist - 200 291 application/json; charset=utf-8 9.0603ms
2025-11-03 12:41:10.686 +01:00 [INF] Request starting HTTP/1.1 OPTIONS http://localhost:5043/api/quizapi/1 - null null
2025-11-03 12:41:10.686 +01:00 [INF] CORS policy execution successful.
2025-11-03 12:41:10.686 +01:00 [INF] Request finished HTTP/1.1 OPTIONS http://localhost:5043/api/quizapi/1 - 204 null null 0.2907ms
2025-11-03 12:41:10.697 +01:00 [INF] Request starting HTTP/1.1 OPTIONS http://localhost:5043/api/quizapi/1 - null null
2025-11-03 12:41:10.697 +01:00 [INF] CORS policy execution successful.
2025-11-03 12:41:10.697 +01:00 [INF] Request finished HTTP/1.1 OPTIONS http://localhost:5043/api/quizapi/1 - 204 null null 0.5829ms
2025-11-03 12:41:10.724 +01:00 [INF] Request starting HTTP/1.1 GET http://localhost:5043/api/quizapi/1 - application/json null
2025-11-03 12:41:10.724 +01:00 [INF] CORS policy execution successful.
2025-11-03 12:41:10.725 +01:00 [INF] Executing endpoint 'Que.Controllers.QuizAPIController.GetQuiz (api)'
2025-11-03 12:41:10.725 +01:00 [INF] Route matched with {action = "GetQuiz", controller = "QuizAPI"}. Executing controller action with signature System.Threading.Tasks.Task`1[Microsoft.AspNetCore.Mvc.IActionResult] GetQuiz(Int32) on controller Que.Controllers.QuizAPIController (api).
2025-11-03 12:41:10.728 +01:00 [INF] Executing OkObjectResult, writing value of type 'Castle.Proxies.QuizProxy'.
2025-11-03 12:41:10.734 +01:00 [INF] Executed action Que.Controllers.QuizAPIController.GetQuiz (api) in 8.858ms
2025-11-03 12:41:10.734 +01:00 [INF] Executed endpoint 'Que.Controllers.QuizAPIController.GetQuiz (api)'
2025-11-03 12:41:10.734 +01:00 [INF] Request finished HTTP/1.1 GET http://localhost:5043/api/quizapi/1 - 200 1538 application/json; charset=utf-8 10.8668ms
2025-11-03 12:41:10.736 +01:00 [INF] Request starting HTTP/1.1 GET http://localhost:5043/api/quizapi/1 - application/json null
2025-11-03 12:41:10.736 +01:00 [INF] CORS policy execution successful.
2025-11-03 12:41:10.737 +01:00 [INF] Executing endpoint 'Que.Controllers.QuizAPIController.GetQuiz (api)'
2025-11-03 12:41:10.737 +01:00 [INF] Route matched with {action = "GetQuiz", controller = "QuizAPI"}. Executing controller action with signature System.Threading.Tasks.Task`1[Microsoft.AspNetCore.Mvc.IActionResult] GetQuiz(Int32) on controller Que.Controllers.QuizAPIController (api).
2025-11-03 12:41:10.743 +01:00 [INF] Executing OkObjectResult, writing value of type 'Castle.Proxies.QuizProxy'.
2025-11-03 12:41:10.750 +01:00 [INF] Executed action Que.Controllers.QuizAPIController.GetQuiz (api) in 12.9742ms
2025-11-03 12:41:10.750 +01:00 [INF] Executed endpoint 'Que.Controllers.QuizAPIController.GetQuiz (api)'
2025-11-03 12:41:10.750 +01:00 [INF] Request finished HTTP/1.1 GET http://localhost:5043/api/quizapi/1 - 200 1538 application/json; charset=utf-8 14.2344ms
2025-11-03 12:41:14.691 +01:00 [INF] Request starting HTTP/1.1 OPTIONS http://localhost:5043/api/quizapi/update/1 - null null
2025-11-03 12:41:14.692 +01:00 [INF] CORS policy execution successful.
2025-11-03 12:41:14.692 +01:00 [INF] Request finished HTTP/1.1 OPTIONS http://localhost:5043/api/quizapi/update/1 - 204 null null 0.2558ms
2025-11-03 12:41:14.707 +01:00 [INF] Request starting HTTP/1.1 PUT http://localhost:5043/api/quizapi/update/1 - application/json 936
2025-11-03 12:41:14.707 +01:00 [INF] CORS policy execution successful.
2025-11-03 12:41:14.708 +01:00 [INF] Executing endpoint 'Que.Controllers.QuizAPIController.Update (api)'
2025-11-03 12:41:14.708 +01:00 [INF] Route matched with {action = "Update", controller = "QuizAPI"}. Executing controller action with signature System.Threading.Tasks.Task`1[Microsoft.AspNetCore.Mvc.IActionResult] Update(Int32, Que.DTOs.QuizDto) on controller Que.Controllers.QuizAPIController (api).
2025-11-03 12:41:14.718 +01:00 [INF] Executing OkObjectResult, writing value of type 'Castle.Proxies.QuizProxy'.
2025-11-03 12:41:14.720 +01:00 [INF] Executed action Que.Controllers.QuizAPIController.Update (api) in 11.6894ms
2025-11-03 12:41:14.720 +01:00 [INF] Executed endpoint 'Que.Controllers.QuizAPIController.Update (api)'
2025-11-03 12:41:14.720 +01:00 [INF] Request finished HTTP/1.1 PUT http://localhost:5043/api/quizapi/update/1 - 200 1538 application/json; charset=utf-8 12.921ms
2025-11-03 12:41:14.808 +01:00 [INF] Request starting HTTP/1.1 OPTIONS http://localhost:5043/api/quizapi/quizlist - null null
2025-11-03 12:41:14.808 +01:00 [INF] CORS policy execution successful.
2025-11-03 12:41:14.809 +01:00 [INF] Request finished HTTP/1.1 OPTIONS http://localhost:5043/api/quizapi/quizlist - 204 null null 0.5906ms
2025-11-03 12:41:14.809 +01:00 [INF] Request starting HTTP/1.1 OPTIONS http://localhost:5043/api/quizapi/quizlist - null null
2025-11-03 12:41:14.809 +01:00 [INF] CORS policy execution successful.
2025-11-03 12:41:14.809 +01:00 [INF] Request finished HTTP/1.1 OPTIONS http://localhost:5043/api/quizapi/quizlist - 204 null null 0.2412ms
2025-11-03 12:41:14.812 +01:00 [INF] Request starting HTTP/1.1 GET http://localhost:5043/api/quizapi/quizlist - application/json null
2025-11-03 12:41:14.812 +01:00 [INF] CORS policy execution successful.
2025-11-03 12:41:14.812 +01:00 [INF] Executing endpoint 'Que.Controllers.QuizAPIController.GetAllQuizes (api)'
2025-11-03 12:41:14.812 +01:00 [INF] Route matched with {action = "GetAllQuizes", controller = "QuizAPI"}. Executing controller action with signature System.Threading.Tasks.Task`1[Microsoft.AspNetCore.Mvc.IActionResult] GetAllQuizes() on controller Que.Controllers.QuizAPIController (api).
2025-11-03 12:41:14.813 +01:00 [INF] [QuizAPIController] Fetching quiz list for user: 6aea6f1d-411f-4ed4-b1c6-e104d1318540
2025-11-03 12:41:14.814 +01:00 [INF] [QuizAPIController] Returning 2 visible quizzes for user: 6aea6f1d-411f-4ed4-b1c6-e104d1318540
2025-11-03 12:41:14.814 +01:00 [INF] Executing OkObjectResult, writing value of type 'System.Collections.Generic.List`1[[Que.DTOs.QuizDto, api, Version=1.0.0.0, Culture=neutral, PublicKeyToken=null]]'.
2025-11-03 12:41:14.814 +01:00 [INF] Executed action Que.Controllers.QuizAPIController.GetAllQuizes (api) in 1.5599ms
2025-11-03 12:41:14.814 +01:00 [INF] Executed endpoint 'Que.Controllers.QuizAPIController.GetAllQuizes (api)'
2025-11-03 12:41:14.814 +01:00 [INF] Request finished HTTP/1.1 GET http://localhost:5043/api/quizapi/quizlist - 200 291 application/json; charset=utf-8 2.3305ms
2025-11-03 12:41:14.815 +01:00 [INF] Request starting HTTP/1.1 GET http://localhost:5043/api/quizapi/quizlist - application/json null
2025-11-03 12:41:14.815 +01:00 [INF] CORS policy execution successful.
2025-11-03 12:41:14.816 +01:00 [INF] Executing endpoint 'Que.Controllers.QuizAPIController.GetAllQuizes (api)'
2025-11-03 12:41:14.816 +01:00 [INF] Route matched with {action = "GetAllQuizes", controller = "QuizAPI"}. Executing controller action with signature System.Threading.Tasks.Task`1[Microsoft.AspNetCore.Mvc.IActionResult] GetAllQuizes() on controller Que.Controllers.QuizAPIController (api).
2025-11-03 12:41:14.817 +01:00 [INF] [QuizAPIController] Fetching quiz list for user: 6aea6f1d-411f-4ed4-b1c6-e104d1318540
2025-11-03 12:41:14.818 +01:00 [INF] [QuizAPIController] Returning 2 visible quizzes for user: 6aea6f1d-411f-4ed4-b1c6-e104d1318540
2025-11-03 12:41:14.818 +01:00 [INF] Executing OkObjectResult, writing value of type 'System.Collections.Generic.List`1[[Que.DTOs.QuizDto, api, Version=1.0.0.0, Culture=neutral, PublicKeyToken=null]]'.
2025-11-03 12:41:14.818 +01:00 [INF] Executed action Que.Controllers.QuizAPIController.GetAllQuizes (api) in 1.8205ms
2025-11-03 12:41:14.818 +01:00 [INF] Executed endpoint 'Que.Controllers.QuizAPIController.GetAllQuizes (api)'
2025-11-03 12:41:14.818 +01:00 [INF] Request finished HTTP/1.1 GET http://localhost:5043/api/quizapi/quizlist - 200 291 application/json; charset=utf-8 2.8586ms
2025-11-03 12:41:16.481 +01:00 [INF] Request starting HTTP/1.1 OPTIONS http://localhost:5043/api/quizapi/1 - null null
2025-11-03 12:41:16.481 +01:00 [INF] Request starting HTTP/1.1 OPTIONS http://localhost:5043/api/quizapi/1 - null null
2025-11-03 12:41:16.481 +01:00 [INF] CORS policy execution successful.
2025-11-03 12:41:16.481 +01:00 [INF] CORS policy execution successful.
2025-11-03 12:41:16.481 +01:00 [INF] Request finished HTTP/1.1 OPTIONS http://localhost:5043/api/quizapi/1 - 204 null null 0.3723ms
2025-11-03 12:41:16.481 +01:00 [INF] Request finished HTTP/1.1 OPTIONS http://localhost:5043/api/quizapi/1 - 204 null null 0.5085ms
2025-11-03 12:41:16.483 +01:00 [INF] Request starting HTTP/1.1 GET http://localhost:5043/api/quizapi/1 - application/json null
2025-11-03 12:41:16.484 +01:00 [INF] CORS policy execution successful.
2025-11-03 12:41:16.484 +01:00 [INF] Executing endpoint 'Que.Controllers.QuizAPIController.GetQuiz (api)'
2025-11-03 12:41:16.484 +01:00 [INF] Route matched with {action = "GetQuiz", controller = "QuizAPI"}. Executing controller action with signature System.Threading.Tasks.Task`1[Microsoft.AspNetCore.Mvc.IActionResult] GetQuiz(Int32) on controller Que.Controllers.QuizAPIController (api).
2025-11-03 12:41:16.486 +01:00 [INF] Executing OkObjectResult, writing value of type 'Castle.Proxies.QuizProxy'.
2025-11-03 12:41:16.490 +01:00 [INF] Executed action Que.Controllers.QuizAPIController.GetQuiz (api) in 5.8711ms
2025-11-03 12:41:16.490 +01:00 [INF] Executed endpoint 'Que.Controllers.QuizAPIController.GetQuiz (api)'
2025-11-03 12:41:16.490 +01:00 [INF] Request finished HTTP/1.1 GET http://localhost:5043/api/quizapi/1 - 200 1538 application/json; charset=utf-8 7.2232ms
2025-11-03 12:41:16.491 +01:00 [INF] Request starting HTTP/1.1 GET http://localhost:5043/api/quizapi/1 - application/json null
2025-11-03 12:41:16.491 +01:00 [INF] CORS policy execution successful.
2025-11-03 12:41:16.492 +01:00 [INF] Executing endpoint 'Que.Controllers.QuizAPIController.GetQuiz (api)'
2025-11-03 12:41:16.492 +01:00 [INF] Route matched with {action = "GetQuiz", controller = "QuizAPI"}. Executing controller action with signature System.Threading.Tasks.Task`1[Microsoft.AspNetCore.Mvc.IActionResult] GetQuiz(Int32) on controller Que.Controllers.QuizAPIController (api).
2025-11-03 12:41:16.493 +01:00 [INF] Executing OkObjectResult, writing value of type 'Castle.Proxies.QuizProxy'.
2025-11-03 12:41:16.499 +01:00 [INF] Executed action Que.Controllers.QuizAPIController.GetQuiz (api) in 7.3503ms
2025-11-03 12:41:16.499 +01:00 [INF] Executed endpoint 'Que.Controllers.QuizAPIController.GetQuiz (api)'
2025-11-03 12:41:16.499 +01:00 [INF] Request finished HTTP/1.1 GET http://localhost:5043/api/quizapi/1 - 200 1538 application/json; charset=utf-8 8.3284ms
2025-11-03 12:41:19.547 +01:00 [INF] Request starting HTTP/1.1 PUT http://localhost:5043/api/quizapi/update/1 - application/json 936
2025-11-03 12:41:19.547 +01:00 [INF] CORS policy execution successful.
2025-11-03 12:41:19.548 +01:00 [INF] Executing endpoint 'Que.Controllers.QuizAPIController.Update (api)'
2025-11-03 12:41:19.548 +01:00 [INF] Route matched with {action = "Update", controller = "QuizAPI"}. Executing controller action with signature System.Threading.Tasks.Task`1[Microsoft.AspNetCore.Mvc.IActionResult] Update(Int32, Que.DTOs.QuizDto) on controller Que.Controllers.QuizAPIController (api).
2025-11-03 12:41:19.559 +01:00 [INF] Executing OkObjectResult, writing value of type 'Castle.Proxies.QuizProxy'.
2025-11-03 12:41:19.561 +01:00 [INF] Executed action Que.Controllers.QuizAPIController.Update (api) in 13.4091ms
2025-11-03 12:41:19.562 +01:00 [INF] Executed endpoint 'Que.Controllers.QuizAPIController.Update (api)'
2025-11-03 12:41:19.562 +01:00 [INF] Request finished HTTP/1.1 PUT http://localhost:5043/api/quizapi/update/1 - 200 1538 application/json; charset=utf-8 14.8738ms
2025-11-03 12:41:19.646 +01:00 [INF] Request starting HTTP/1.1 GET http://localhost:5043/api/quizapi/quizlist - application/json null
2025-11-03 12:41:19.646 +01:00 [INF] CORS policy execution successful.
2025-11-03 12:41:19.647 +01:00 [INF] Executing endpoint 'Que.Controllers.QuizAPIController.GetAllQuizes (api)'
2025-11-03 12:41:19.647 +01:00 [INF] Route matched with {action = "GetAllQuizes", controller = "QuizAPI"}. Executing controller action with signature System.Threading.Tasks.Task`1[Microsoft.AspNetCore.Mvc.IActionResult] GetAllQuizes() on controller Que.Controllers.QuizAPIController (api).
2025-11-03 12:41:19.647 +01:00 [INF] [QuizAPIController] Fetching quiz list for user: 6aea6f1d-411f-4ed4-b1c6-e104d1318540
2025-11-03 12:41:19.649 +01:00 [INF] [QuizAPIController] Returning 2 visible quizzes for user: 6aea6f1d-411f-4ed4-b1c6-e104d1318540
2025-11-03 12:41:19.649 +01:00 [INF] Executing OkObjectResult, writing value of type 'System.Collections.Generic.List`1[[Que.DTOs.QuizDto, api, Version=1.0.0.0, Culture=neutral, PublicKeyToken=null]]'.
2025-11-03 12:41:19.649 +01:00 [INF] Executed action Que.Controllers.QuizAPIController.GetAllQuizes (api) in 2.4655ms
2025-11-03 12:41:19.649 +01:00 [INF] Executed endpoint 'Que.Controllers.QuizAPIController.GetAllQuizes (api)'
2025-11-03 12:41:19.650 +01:00 [INF] Request finished HTTP/1.1 GET http://localhost:5043/api/quizapi/quizlist - 200 291 application/json; charset=utf-8 3.4379ms
2025-11-03 12:41:19.650 +01:00 [INF] Request starting HTTP/1.1 GET http://localhost:5043/api/quizapi/quizlist - application/json null
2025-11-03 12:41:19.650 +01:00 [INF] CORS policy execution successful.
2025-11-03 12:41:19.651 +01:00 [INF] Executing endpoint 'Que.Controllers.QuizAPIController.GetAllQuizes (api)'
2025-11-03 12:41:19.651 +01:00 [INF] Route matched with {action = "GetAllQuizes", controller = "QuizAPI"}. Executing controller action with signature System.Threading.Tasks.Task`1[Microsoft.AspNetCore.Mvc.IActionResult] GetAllQuizes() on controller Que.Controllers.QuizAPIController (api).
2025-11-03 12:41:19.651 +01:00 [INF] [QuizAPIController] Fetching quiz list for user: 6aea6f1d-411f-4ed4-b1c6-e104d1318540
2025-11-03 12:41:19.653 +01:00 [INF] [QuizAPIController] Returning 2 visible quizzes for user: 6aea6f1d-411f-4ed4-b1c6-e104d1318540
2025-11-03 12:41:19.653 +01:00 [INF] Executing OkObjectResult, writing value of type 'System.Collections.Generic.List`1[[Que.DTOs.QuizDto, api, Version=1.0.0.0, Culture=neutral, PublicKeyToken=null]]'.
2025-11-03 12:41:19.653 +01:00 [INF] Executed action Que.Controllers.QuizAPIController.GetAllQuizes (api) in 1.9698ms
2025-11-03 12:41:19.653 +01:00 [INF] Executed endpoint 'Que.Controllers.QuizAPIController.GetAllQuizes (api)'
2025-11-03 12:41:19.653 +01:00 [INF] Request finished HTTP/1.1 GET http://localhost:5043/api/quizapi/quizlist - 200 291 application/json; charset=utf-8 2.5868ms
2025-11-03 12:41:24.128 +01:00 [INF] Request starting HTTP/1.1 OPTIONS http://localhost:5043/api/quizapi/1 - null null
2025-11-03 12:41:24.128 +01:00 [INF] CORS policy execution successful.
2025-11-03 12:41:24.128 +01:00 [INF] Request starting HTTP/1.1 OPTIONS http://localhost:5043/api/quizapi/1 - null null
2025-11-03 12:41:24.128 +01:00 [INF] Request finished HTTP/1.1 OPTIONS http://localhost:5043/api/quizapi/1 - 204 null null 0.3183ms
2025-11-03 12:41:24.128 +01:00 [INF] CORS policy execution successful.
2025-11-03 12:41:24.128 +01:00 [INF] Request finished HTTP/1.1 OPTIONS http://localhost:5043/api/quizapi/1 - 204 null null 0.1997ms
2025-11-03 12:41:24.131 +01:00 [INF] Request starting HTTP/1.1 GET http://localhost:5043/api/quizapi/1 - application/json null
2025-11-03 12:41:24.131 +01:00 [INF] CORS policy execution successful.
2025-11-03 12:41:24.131 +01:00 [INF] Executing endpoint 'Que.Controllers.QuizAPIController.GetQuiz (api)'
2025-11-03 12:41:24.132 +01:00 [INF] Route matched with {action = "GetQuiz", controller = "QuizAPI"}. Executing controller action with signature System.Threading.Tasks.Task`1[Microsoft.AspNetCore.Mvc.IActionResult] GetQuiz(Int32) on controller Que.Controllers.QuizAPIController (api).
2025-11-03 12:41:24.134 +01:00 [INF] Executing OkObjectResult, writing value of type 'Castle.Proxies.QuizProxy'.
2025-11-03 12:41:24.138 +01:00 [INF] Executed action Que.Controllers.QuizAPIController.GetQuiz (api) in 5.9427ms
2025-11-03 12:41:24.138 +01:00 [INF] Executed endpoint 'Que.Controllers.QuizAPIController.GetQuiz (api)'
2025-11-03 12:41:24.138 +01:00 [INF] Request finished HTTP/1.1 GET http://localhost:5043/api/quizapi/1 - 200 1538 application/json; charset=utf-8 7.0049ms
2025-11-03 12:41:24.139 +01:00 [INF] Request starting HTTP/1.1 GET http://localhost:5043/api/quizapi/1 - application/json null
2025-11-03 12:41:24.139 +01:00 [INF] CORS policy execution successful.
2025-11-03 12:41:24.140 +01:00 [INF] Executing endpoint 'Que.Controllers.QuizAPIController.GetQuiz (api)'
2025-11-03 12:41:24.140 +01:00 [INF] Route matched with {action = "GetQuiz", controller = "QuizAPI"}. Executing controller action with signature System.Threading.Tasks.Task`1[Microsoft.AspNetCore.Mvc.IActionResult] GetQuiz(Int32) on controller Que.Controllers.QuizAPIController (api).
2025-11-03 12:41:24.143 +01:00 [INF] Executing OkObjectResult, writing value of type 'Castle.Proxies.QuizProxy'.
2025-11-03 12:41:24.148 +01:00 [INF] Executed action Que.Controllers.QuizAPIController.GetQuiz (api) in 8.4418ms
2025-11-03 12:41:24.149 +01:00 [INF] Executed endpoint 'Que.Controllers.QuizAPIController.GetQuiz (api)'
2025-11-03 12:41:24.149 +01:00 [INF] Request finished HTTP/1.1 GET http://localhost:5043/api/quizapi/1 - 200 1538 application/json; charset=utf-8 9.5472ms
2025-11-03 12:41:31.104 +01:00 [INF] Request starting HTTP/1.1 OPTIONS http://localhost:5043/api/quizapi/update/1 - null null
2025-11-03 12:41:31.104 +01:00 [INF] CORS policy execution successful.
2025-11-03 12:41:31.105 +01:00 [INF] Request finished HTTP/1.1 OPTIONS http://localhost:5043/api/quizapi/update/1 - 204 null null 0.2889ms
2025-11-03 12:41:31.107 +01:00 [INF] Request starting HTTP/1.1 PUT http://localhost:5043/api/quizapi/update/1 - application/json 937
2025-11-03 12:41:31.107 +01:00 [INF] CORS policy execution successful.
2025-11-03 12:41:31.108 +01:00 [INF] Executing endpoint 'Que.Controllers.QuizAPIController.Update (api)'
2025-11-03 12:41:31.109 +01:00 [INF] Route matched with {action = "Update", controller = "QuizAPI"}. Executing controller action with signature System.Threading.Tasks.Task`1[Microsoft.AspNetCore.Mvc.IActionResult] Update(Int32, Que.DTOs.QuizDto) on controller Que.Controllers.QuizAPIController (api).
2025-11-03 12:41:31.146 +01:00 [INF] Executing OkObjectResult, writing value of type 'Castle.Proxies.QuizProxy'.
2025-11-03 12:41:31.148 +01:00 [INF] Executed action Que.Controllers.QuizAPIController.Update (api) in 39.7302ms
2025-11-03 12:41:31.149 +01:00 [INF] Executed endpoint 'Que.Controllers.QuizAPIController.Update (api)'
2025-11-03 12:41:31.149 +01:00 [INF] Request finished HTTP/1.1 PUT http://localhost:5043/api/quizapi/update/1 - 200 1539 application/json; charset=utf-8 41.5099ms
2025-11-03 12:41:31.229 +01:00 [INF] Request starting HTTP/1.1 OPTIONS http://localhost:5043/api/quizapi/quizlist - null null
2025-11-03 12:41:31.229 +01:00 [INF] CORS policy execution successful.
2025-11-03 12:41:31.229 +01:00 [INF] Request finished HTTP/1.1 OPTIONS http://localhost:5043/api/quizapi/quizlist - 204 null null 0.2387ms
2025-11-03 12:41:31.229 +01:00 [INF] Request starting HTTP/1.1 OPTIONS http://localhost:5043/api/quizapi/quizlist - null null
2025-11-03 12:41:31.229 +01:00 [INF] CORS policy execution successful.
2025-11-03 12:41:31.229 +01:00 [INF] Request finished HTTP/1.1 OPTIONS http://localhost:5043/api/quizapi/quizlist - 204 null null 0.1323ms
2025-11-03 12:41:31.231 +01:00 [INF] Request starting HTTP/1.1 GET http://localhost:5043/api/quizapi/quizlist - application/json null
2025-11-03 12:41:31.232 +01:00 [INF] CORS policy execution successful.
2025-11-03 12:41:31.232 +01:00 [INF] Executing endpoint 'Que.Controllers.QuizAPIController.GetAllQuizes (api)'
2025-11-03 12:41:31.232 +01:00 [INF] Route matched with {action = "GetAllQuizes", controller = "QuizAPI"}. Executing controller action with signature System.Threading.Tasks.Task`1[Microsoft.AspNetCore.Mvc.IActionResult] GetAllQuizes() on controller Que.Controllers.QuizAPIController (api).
2025-11-03 12:41:31.233 +01:00 [INF] [QuizAPIController] Fetching quiz list for user: 6aea6f1d-411f-4ed4-b1c6-e104d1318540
2025-11-03 12:41:31.234 +01:00 [INF] [QuizAPIController] Returning 2 visible quizzes for user: 6aea6f1d-411f-4ed4-b1c6-e104d1318540
2025-11-03 12:41:31.235 +01:00 [INF] Executing OkObjectResult, writing value of type 'System.Collections.Generic.List`1[[Que.DTOs.QuizDto, api, Version=1.0.0.0, Culture=neutral, PublicKeyToken=null]]'.
2025-11-03 12:41:31.235 +01:00 [INF] Executed action Que.Controllers.QuizAPIController.GetAllQuizes (api) in 2.5741ms
2025-11-03 12:41:31.235 +01:00 [INF] Executed endpoint 'Que.Controllers.QuizAPIController.GetAllQuizes (api)'
2025-11-03 12:41:31.235 +01:00 [INF] Request finished HTTP/1.1 GET http://localhost:5043/api/quizapi/quizlist - 200 292 application/json; charset=utf-8 3.5318ms
2025-11-03 12:41:31.236 +01:00 [INF] Request starting HTTP/1.1 GET http://localhost:5043/api/quizapi/quizlist - application/json null
2025-11-03 12:41:31.236 +01:00 [INF] CORS policy execution successful.
2025-11-03 12:41:31.236 +01:00 [INF] Executing endpoint 'Que.Controllers.QuizAPIController.GetAllQuizes (api)'
2025-11-03 12:41:31.236 +01:00 [INF] Route matched with {action = "GetAllQuizes", controller = "QuizAPI"}. Executing controller action with signature System.Threading.Tasks.Task`1[Microsoft.AspNetCore.Mvc.IActionResult] GetAllQuizes() on controller Que.Controllers.QuizAPIController (api).
2025-11-03 12:41:31.237 +01:00 [INF] [QuizAPIController] Fetching quiz list for user: 6aea6f1d-411f-4ed4-b1c6-e104d1318540
2025-11-03 12:41:31.238 +01:00 [INF] [QuizAPIController] Returning 2 visible quizzes for user: 6aea6f1d-411f-4ed4-b1c6-e104d1318540
2025-11-03 12:41:31.238 +01:00 [INF] Executing OkObjectResult, writing value of type 'System.Collections.Generic.List`1[[Que.DTOs.QuizDto, api, Version=1.0.0.0, Culture=neutral, PublicKeyToken=null]]'.
2025-11-03 12:41:31.238 +01:00 [INF] Executed action Que.Controllers.QuizAPIController.GetAllQuizes (api) in 2.2149ms
2025-11-03 12:41:31.239 +01:00 [INF] Executed endpoint 'Que.Controllers.QuizAPIController.GetAllQuizes (api)'
2025-11-03 12:41:31.239 +01:00 [INF] Request finished HTTP/1.1 GET http://localhost:5043/api/quizapi/quizlist - 200 292 application/json; charset=utf-8 3.6554ms
2025-11-03 12:52:38.743 +01:00 [INF] Request starting HTTP/1.1 OPTIONS http://localhost:5043/api/Auth/login - null null
2025-11-03 12:52:38.743 +01:00 [INF] CORS policy execution successful.
2025-11-03 12:52:38.743 +01:00 [INF] Request finished HTTP/1.1 OPTIONS http://localhost:5043/api/Auth/login - 204 null null 0.4603ms
2025-11-03 12:52:38.761 +01:00 [INF] Request starting HTTP/1.1 POST http://localhost:5043/api/Auth/login - application/json 42
2025-11-03 12:52:38.761 +01:00 [INF] CORS policy execution successful.
2025-11-03 12:52:38.761 +01:00 [INF] Executing endpoint 'Que.Controllers.AuthController.Login (api)'
2025-11-03 12:52:38.762 +01:00 [INF] Route matched with {action = "Login", controller = "Auth"}. Executing controller action with signature System.Threading.Tasks.Task`1[Microsoft.AspNetCore.Mvc.IActionResult] Login(Que.DTOs.LoginDto) on controller Que.Controllers.AuthController (api).
2025-11-03 12:52:38.930 +01:00 [INF] [AuthAPIController] user authorized for Erik
2025-11-03 12:52:38.930 +01:00 [INF] JWT token generated for UserId=cec8b59c-1770-4377-b2f0-f553351eddcb
2025-11-03 12:52:38.931 +01:00 [INF] Executing OkObjectResult, writing value of type '<>f__AnonymousType1`1[[System.String, System.Private.CoreLib, Version=8.0.0.0, Culture=neutral, PublicKeyToken=7cec85d7bea7798e]]'.
2025-11-03 12:52:38.931 +01:00 [INF] Executed action Que.Controllers.AuthController.Login (api) in 169.5318ms
2025-11-03 12:52:38.931 +01:00 [INF] Executed endpoint 'Que.Controllers.AuthController.Login (api)'
2025-11-03 12:52:38.932 +01:00 [INF] Request finished HTTP/1.1 POST http://localhost:5043/api/Auth/login - 200 659 application/json; charset=utf-8 170.6735ms
2025-11-03 12:52:39.044 +01:00 [INF] Request starting HTTP/1.1 OPTIONS http://localhost:5043/api/quizapi/quizlist - null null
2025-11-03 12:52:39.044 +01:00 [INF] CORS policy execution successful.
2025-11-03 12:52:39.044 +01:00 [INF] Request finished HTTP/1.1 OPTIONS http://localhost:5043/api/quizapi/quizlist - 204 null null 0.5199ms
2025-11-03 12:52:39.045 +01:00 [INF] Request starting HTTP/1.1 OPTIONS http://localhost:5043/api/quizapi/quizlist - null null
2025-11-03 12:52:39.045 +01:00 [INF] CORS policy execution successful.
2025-11-03 12:52:39.046 +01:00 [INF] Request finished HTTP/1.1 OPTIONS http://localhost:5043/api/quizapi/quizlist - 204 null null 0.2732ms
2025-11-03 12:52:39.048 +01:00 [INF] Request starting HTTP/1.1 GET http://localhost:5043/api/quizapi/quizlist - application/json null
2025-11-03 12:52:39.048 +01:00 [INF] CORS policy execution successful.
2025-11-03 12:52:39.048 +01:00 [INF] Executing endpoint 'Que.Controllers.QuizAPIController.GetAllQuizes (api)'
2025-11-03 12:52:39.049 +01:00 [INF] Route matched with {action = "GetAllQuizes", controller = "QuizAPI"}. Executing controller action with signature System.Threading.Tasks.Task`1[Microsoft.AspNetCore.Mvc.IActionResult] GetAllQuizes() on controller Que.Controllers.QuizAPIController (api).
2025-11-03 12:52:39.050 +01:00 [INF] [QuizAPIController] Fetching quiz list for user: cec8b59c-1770-4377-b2f0-f553351eddcb
2025-11-03 12:52:39.055 +01:00 [INF] [QuizAPIController] Returning 3 visible quizzes for user: cec8b59c-1770-4377-b2f0-f553351eddcb
2025-11-03 12:52:39.055 +01:00 [INF] Executing OkObjectResult, writing value of type 'System.Collections.Generic.List`1[[Que.DTOs.QuizDto, api, Version=1.0.0.0, Culture=neutral, PublicKeyToken=null]]'.
2025-11-03 12:52:39.056 +01:00 [INF] Executed action Que.Controllers.QuizAPIController.GetAllQuizes (api) in 6.97ms
2025-11-03 12:52:39.056 +01:00 [INF] Executed endpoint 'Que.Controllers.QuizAPIController.GetAllQuizes (api)'
2025-11-03 12:52:39.056 +01:00 [INF] Request finished HTTP/1.1 GET http://localhost:5043/api/quizapi/quizlist - 200 428 application/json; charset=utf-8 8.4389ms
2025-11-03 12:52:39.058 +01:00 [INF] Request starting HTTP/1.1 GET http://localhost:5043/api/quizapi/quizlist - application/json null
2025-11-03 12:52:39.058 +01:00 [INF] CORS policy execution successful.
2025-11-03 12:52:39.059 +01:00 [INF] Executing endpoint 'Que.Controllers.QuizAPIController.GetAllQuizes (api)'
2025-11-03 12:52:39.059 +01:00 [INF] Route matched with {action = "GetAllQuizes", controller = "QuizAPI"}. Executing controller action with signature System.Threading.Tasks.Task`1[Microsoft.AspNetCore.Mvc.IActionResult] GetAllQuizes() on controller Que.Controllers.QuizAPIController (api).
2025-11-03 12:52:39.060 +01:00 [INF] [QuizAPIController] Fetching quiz list for user: cec8b59c-1770-4377-b2f0-f553351eddcb
2025-11-03 12:52:39.061 +01:00 [INF] [QuizAPIController] Returning 3 visible quizzes for user: cec8b59c-1770-4377-b2f0-f553351eddcb
2025-11-03 12:52:39.061 +01:00 [INF] Executing OkObjectResult, writing value of type 'System.Collections.Generic.List`1[[Que.DTOs.QuizDto, api, Version=1.0.0.0, Culture=neutral, PublicKeyToken=null]]'.
2025-11-03 12:52:39.062 +01:00 [INF] Executed action Que.Controllers.QuizAPIController.GetAllQuizes (api) in 2.5686ms
2025-11-03 12:52:39.062 +01:00 [INF] Executed endpoint 'Que.Controllers.QuizAPIController.GetAllQuizes (api)'
2025-11-03 12:52:39.062 +01:00 [INF] Request finished HTTP/1.1 GET http://localhost:5043/api/quizapi/quizlist - 200 428 application/json; charset=utf-8 3.6612ms
2025-11-03 13:02:22.394 +01:00 [INF] Request starting HTTP/1.1 OPTIONS http://localhost:5043/api/quizapi/quizlist - null null
2025-11-03 13:02:22.395 +01:00 [INF] CORS policy execution successful.
2025-11-03 13:02:22.395 +01:00 [INF] Request finished HTTP/1.1 OPTIONS http://localhost:5043/api/quizapi/quizlist - 204 null null 0.2543ms
2025-11-03 13:02:22.395 +01:00 [INF] Request starting HTTP/1.1 OPTIONS http://localhost:5043/api/quizapi/quizlist - null null
2025-11-03 13:02:22.395 +01:00 [INF] CORS policy execution successful.
2025-11-03 13:02:22.395 +01:00 [INF] Request finished HTTP/1.1 OPTIONS http://localhost:5043/api/quizapi/quizlist - 204 null null 0.1124ms
2025-11-03 13:02:22.396 +01:00 [INF] Request starting HTTP/1.1 GET http://localhost:5043/api/quizapi/quizlist - application/json null
2025-11-03 13:02:22.396 +01:00 [INF] CORS policy execution successful.
2025-11-03 13:02:22.397 +01:00 [INF] Executing endpoint 'Que.Controllers.QuizAPIController.GetAllQuizes (api)'
2025-11-03 13:02:22.397 +01:00 [INF] Route matched with {action = "GetAllQuizes", controller = "QuizAPI"}. Executing controller action with signature System.Threading.Tasks.Task`1[Microsoft.AspNetCore.Mvc.IActionResult] GetAllQuizes() on controller Que.Controllers.QuizAPIController (api).
2025-11-03 13:02:22.397 +01:00 [INF] [QuizAPIController] Fetching quiz list for user: cec8b59c-1770-4377-b2f0-f553351eddcb
2025-11-03 13:02:22.398 +01:00 [INF] [QuizAPIController] Returning 3 visible quizzes for user: cec8b59c-1770-4377-b2f0-f553351eddcb
2025-11-03 13:02:22.398 +01:00 [INF] Executing OkObjectResult, writing value of type 'System.Collections.Generic.List`1[[Que.DTOs.QuizDto, api, Version=1.0.0.0, Culture=neutral, PublicKeyToken=null]]'.
2025-11-03 13:02:22.398 +01:00 [INF] Executed action Que.Controllers.QuizAPIController.GetAllQuizes (api) in 1.5404ms
2025-11-03 13:02:22.399 +01:00 [INF] Executed endpoint 'Que.Controllers.QuizAPIController.GetAllQuizes (api)'
2025-11-03 13:02:22.399 +01:00 [INF] Request finished HTTP/1.1 GET http://localhost:5043/api/quizapi/quizlist - 200 428 application/json; charset=utf-8 2.3081ms
2025-11-03 13:02:22.399 +01:00 [INF] Request starting HTTP/1.1 GET http://localhost:5043/api/quizapi/quizlist - application/json null
2025-11-03 13:02:22.399 +01:00 [INF] CORS policy execution successful.
2025-11-03 13:02:22.400 +01:00 [INF] Executing endpoint 'Que.Controllers.QuizAPIController.GetAllQuizes (api)'
2025-11-03 13:02:22.400 +01:00 [INF] Route matched with {action = "GetAllQuizes", controller = "QuizAPI"}. Executing controller action with signature System.Threading.Tasks.Task`1[Microsoft.AspNetCore.Mvc.IActionResult] GetAllQuizes() on controller Que.Controllers.QuizAPIController (api).
2025-11-03 13:02:22.400 +01:00 [INF] [QuizAPIController] Fetching quiz list for user: cec8b59c-1770-4377-b2f0-f553351eddcb
2025-11-03 13:02:22.401 +01:00 [INF] [QuizAPIController] Returning 3 visible quizzes for user: cec8b59c-1770-4377-b2f0-f553351eddcb
2025-11-03 13:02:22.401 +01:00 [INF] Executing OkObjectResult, writing value of type 'System.Collections.Generic.List`1[[Que.DTOs.QuizDto, api, Version=1.0.0.0, Culture=neutral, PublicKeyToken=null]]'.
2025-11-03 13:02:22.401 +01:00 [INF] Executed action Que.Controllers.QuizAPIController.GetAllQuizes (api) in 1.6928ms
2025-11-03 13:02:22.401 +01:00 [INF] Executed endpoint 'Que.Controllers.QuizAPIController.GetAllQuizes (api)'
2025-11-03 13:02:22.401 +01:00 [INF] Request finished HTTP/1.1 GET http://localhost:5043/api/quizapi/quizlist - 200 428 application/json; charset=utf-8 2.2947ms
2025-11-03 13:06:37.627 +01:00 [INF] Application is shutting down...
