2025-11-03 12:32:28.389 +01:00 [INF] Found 2 users in AuthDbContext
2025-11-03 12:32:28.715 +01:00 [INF] User profile is available. Using 'C:\Users\erikg\AppData\Local\ASP.NET\DataProtection-Keys' as key repository and Windows DPAPI to encrypt keys at rest.
2025-11-03 12:32:28.794 +01:00 [INF] Now listening on: http://localhost:5043
2025-11-03 12:32:28.794 +01:00 [INF] Application started. Press Ctrl+C to shut down.
2025-11-03 12:32:28.794 +01:00 [INF] Hosting environment: Development
2025-11-03 12:32:28.794 +01:00 [INF] Content root path: C:\Users\erikg\OneDrive\Student\Webapplikasjoner\QueEksamen\api
2025-11-03 12:32:35.786 +01:00 [INF] Request starting HTTP/1.1 OPTIONS http://localhost:5043/api/quizapi/quizlist - null null
2025-11-03 12:32:35.786 +01:00 [INF] Request starting HTTP/1.1 OPTIONS http://localhost:5043/api/quizapi/quizlist - null null
2025-11-03 12:32:35.859 +01:00 [INF] CORS policy execution successful.
2025-11-03 12:32:35.859 +01:00 [INF] CORS policy execution successful.
2025-11-03 12:32:35.875 +01:00 [INF] Request finished HTTP/1.1 OPTIONS http://localhost:5043/api/quizapi/quizlist - 204 null null 91.9817ms
2025-11-03 12:32:35.914 +01:00 [INF] Request finished HTTP/1.1 OPTIONS http://localhost:5043/api/quizapi/quizlist - 204 null null 90.2851ms
2025-11-03 12:32:35.955 +01:00 [INF] Request starting HTTP/1.1 GET http://localhost:5043/api/quizapi/quizlist - application/json null
2025-11-03 12:32:35.969 +01:00 [INF] CORS policy execution successful.
2025-11-03 12:32:36.145 +01:00 [INF] Executing endpoint 'Que.Controllers.QuizAPIController.GetAllQuizes (api)'
2025-11-03 12:32:36.171 +01:00 [INF] Route matched with {action = "GetAllQuizes", controller = "QuizAPI"}. Executing controller action with signature System.Threading.Tasks.Task`1[Microsoft.AspNetCore.Mvc.IActionResult] GetAllQuizes() on controller Que.Controllers.QuizAPIController (api).
2025-11-03 12:32:36.183 +01:00 [INF] [QuizAPIController] Fetching quiz list for user: cec8b59c-1770-4377-b2f0-f553351eddcb
2025-11-03 12:32:36.397 +01:00 [INF] [QuizAPIController] Returning 0 visible quizzes for user: cec8b59c-1770-4377-b2f0-f553351eddcb
2025-11-03 12:32:36.408 +01:00 [INF] Executing OkObjectResult, writing value of type 'System.Collections.Generic.List`1[[Que.DTOs.QuizDto, api, Version=1.0.0.0, Culture=neutral, PublicKeyToken=null]]'.
2025-11-03 12:32:36.530 +01:00 [INF] Request starting HTTP/1.1 GET http://localhost:5043/api/quizapi/quizlist - application/json null
2025-11-03 12:32:36.531 +01:00 [INF] CORS policy execution successful.
2025-11-03 12:32:36.536 +01:00 [INF] Executed action Que.Controllers.QuizAPIController.GetAllQuizes (api) in 357.8188ms
2025-11-03 12:32:36.537 +01:00 [INF] Executed endpoint 'Que.Controllers.QuizAPIController.GetAllQuizes (api)'
2025-11-03 12:32:36.540 +01:00 [INF] Executing endpoint 'Que.Controllers.QuizAPIController.GetAllQuizes (api)'
2025-11-03 12:32:36.540 +01:00 [INF] Route matched with {action = "GetAllQuizes", controller = "QuizAPI"}. Executing controller action with signature System.Threading.Tasks.Task`1[Microsoft.AspNetCore.Mvc.IActionResult] GetAllQuizes() on controller Que.Controllers.QuizAPIController (api).
2025-11-03 12:32:36.546 +01:00 [INF] [QuizAPIController] Fetching quiz list for user: cec8b59c-1770-4377-b2f0-f553351eddcb
2025-11-03 12:32:36.549 +01:00 [INF] Request finished HTTP/1.1 GET http://localhost:5043/api/quizapi/quizlist - 200 2 application/json; charset=utf-8 594.6684ms
2025-11-03 12:32:36.550 +01:00 [INF] [QuizAPIController] Returning 0 visible quizzes for user: cec8b59c-1770-4377-b2f0-f553351eddcb
2025-11-03 12:32:36.553 +01:00 [INF] Executing OkObjectResult, writing value of type 'System.Collections.Generic.List`1[[Que.DTOs.QuizDto, api, Version=1.0.0.0, Culture=neutral, PublicKeyToken=null]]'.
2025-11-03 12:32:36.555 +01:00 [INF] Executed action Que.Controllers.QuizAPIController.GetAllQuizes (api) in 14.1674ms
2025-11-03 12:32:36.555 +01:00 [INF] Executed endpoint 'Que.Controllers.QuizAPIController.GetAllQuizes (api)'
2025-11-03 12:32:36.555 +01:00 [INF] Request finished HTTP/1.1 GET http://localhost:5043/api/quizapi/quizlist - 200 2 application/json; charset=utf-8 25.5899ms
2025-11-03 12:33:02.522 +01:00 [INF] Request starting HTTP/1.1 OPTIONS http://localhost:5043/api/quizapi/create - null null
2025-11-03 12:33:02.523 +01:00 [INF] CORS policy execution successful.
2025-11-03 12:33:02.523 +01:00 [INF] Request finished HTTP/1.1 OPTIONS http://localhost:5043/api/quizapi/create - 204 null null 1.0962ms
2025-11-03 12:33:02.527 +01:00 [INF] Request starting HTTP/1.1 POST http://localhost:5043/api/quizapi/create - application/json 273
2025-11-03 12:33:02.527 +01:00 [INF] CORS policy execution successful.
2025-11-03 12:33:02.539 +01:00 [INF] Executing endpoint 'Que.Controllers.QuizAPIController.Create (api)'
2025-11-03 12:33:02.561 +01:00 [INF] Route matched with {action = "Create", controller = "QuizAPI"}. Executing controller action with signature System.Threading.Tasks.Task`1[Microsoft.AspNetCore.Mvc.IActionResult] Create(Que.DTOs.QuizDto) on controller Que.Controllers.QuizAPIController (api).
2025-11-03 12:33:02.719 +01:00 [INF] Claims for current user:
2025-11-03 12:33:02.721 +01:00 [INF] http://schemas.xmlsoap.org/ws/2005/05/identity/claims/nameidentifier = cec8b59c-1770-4377-b2f0-f553351eddcb
2025-11-03 12:33:02.721 +01:00 [INF] http://schemas.xmlsoap.org/ws/2005/05/identity/claims/name = erikgrimstveit@outlook.com
2025-11-03 12:33:02.722 +01:00 [INF] http://schemas.xmlsoap.org/ws/2005/05/identity/claims/emailaddress = erikgrimstveit@outlook.com
2025-11-03 12:33:02.722 +01:00 [INF] http://schemas.xmlsoap.org/ws/2005/05/identity/claims/nameidentifier = cec8b59c-1770-4377-b2f0-f553351eddcb
2025-11-03 12:33:02.722 +01:00 [INF] jti = 6129b829-4b68-4d42-b5a7-f3285fc11afa
2025-11-03 12:33:02.722 +01:00 [INF] iat = 1762167899
2025-11-03 12:33:02.722 +01:00 [INF] exp = 1762175099
2025-11-03 12:33:02.722 +01:00 [INF] iss = http://localhost:5043
2025-11-03 12:33:02.722 +01:00 [INF] aud = http://localhost:5043
2025-11-03 12:33:03.161 +01:00 [INF] Quiz 'quiz' created successfully with ID 2
2025-11-03 12:33:03.165 +01:00 [INF] Executing CreatedAtActionResult, writing value of type 'Que.Models.Quiz'.
2025-11-03 12:33:03.234 +01:00 [INF] Executed action Que.Controllers.QuizAPIController.Create (api) in 672.536ms
2025-11-03 12:33:03.234 +01:00 [INF] Executed endpoint 'Que.Controllers.QuizAPIController.Create (api)'
2025-11-03 12:33:03.235 +01:00 [INF] Request finished HTTP/1.1 POST http://localhost:5043/api/quizapi/create - 201 531 application/json; charset=utf-8 708.4056ms
2025-11-03 12:33:03.303 +01:00 [INF] Request starting HTTP/1.1 OPTIONS http://localhost:5043/api/quizapi/quizlist - null null
2025-11-03 12:33:03.303 +01:00 [INF] Request starting HTTP/1.1 OPTIONS http://localhost:5043/api/quizapi/quizlist - null null
2025-11-03 12:33:03.304 +01:00 [INF] CORS policy execution successful.
2025-11-03 12:33:03.304 +01:00 [INF] CORS policy execution successful.
2025-11-03 12:33:03.304 +01:00 [INF] Request finished HTTP/1.1 OPTIONS http://localhost:5043/api/quizapi/quizlist - 204 null null 0.7426ms
2025-11-03 12:33:03.304 +01:00 [INF] Request finished HTTP/1.1 OPTIONS http://localhost:5043/api/quizapi/quizlist - 204 null null 0.7425ms
2025-11-03 12:33:03.307 +01:00 [INF] Request starting HTTP/1.1 GET http://localhost:5043/api/quizapi/quizlist - application/json null
2025-11-03 12:33:03.307 +01:00 [INF] CORS policy execution successful.
2025-11-03 12:33:03.308 +01:00 [INF] Executing endpoint 'Que.Controllers.QuizAPIController.GetAllQuizes (api)'
2025-11-03 12:33:03.308 +01:00 [INF] Route matched with {action = "GetAllQuizes", controller = "QuizAPI"}. Executing controller action with signature System.Threading.Tasks.Task`1[Microsoft.AspNetCore.Mvc.IActionResult] GetAllQuizes() on controller Que.Controllers.QuizAPIController (api).
2025-11-03 12:33:03.310 +01:00 [INF] [QuizAPIController] Fetching quiz list for user: cec8b59c-1770-4377-b2f0-f553351eddcb
2025-11-03 12:33:03.313 +01:00 [INF] [QuizAPIController] Returning 1 visible quizzes for user: cec8b59c-1770-4377-b2f0-f553351eddcb
2025-11-03 12:33:03.313 +01:00 [INF] Executing OkObjectResult, writing value of type 'System.Collections.Generic.List`1[[Que.DTOs.QuizDto, api, Version=1.0.0.0, Culture=neutral, PublicKeyToken=null]]'.
2025-11-03 12:33:03.318 +01:00 [INF] Executed action Que.Controllers.QuizAPIController.GetAllQuizes (api) in 9.5855ms
2025-11-03 12:33:03.318 +01:00 [INF] Executed endpoint 'Que.Controllers.QuizAPIController.GetAllQuizes (api)'
2025-11-03 12:33:03.319 +01:00 [INF] Request finished HTTP/1.1 GET http://localhost:5043/api/quizapi/quizlist - 200 131 application/json; charset=utf-8 11.6292ms
2025-11-03 12:33:03.320 +01:00 [INF] Request starting HTTP/1.1 GET http://localhost:5043/api/quizapi/quizlist - application/json null
2025-11-03 12:33:03.320 +01:00 [INF] CORS policy execution successful.
2025-11-03 12:33:03.321 +01:00 [INF] Executing endpoint 'Que.Controllers.QuizAPIController.GetAllQuizes (api)'
2025-11-03 12:33:03.321 +01:00 [INF] Route matched with {action = "GetAllQuizes", controller = "QuizAPI"}. Executing controller action with signature System.Threading.Tasks.Task`1[Microsoft.AspNetCore.Mvc.IActionResult] GetAllQuizes() on controller Que.Controllers.QuizAPIController (api).
2025-11-03 12:33:03.322 +01:00 [INF] [QuizAPIController] Fetching quiz list for user: cec8b59c-1770-4377-b2f0-f553351eddcb
2025-11-03 12:33:03.326 +01:00 [INF] [QuizAPIController] Returning 1 visible quizzes for user: cec8b59c-1770-4377-b2f0-f553351eddcb
2025-11-03 12:33:03.326 +01:00 [INF] Executing OkObjectResult, writing value of type 'System.Collections.Generic.List`1[[Que.DTOs.QuizDto, api, Version=1.0.0.0, Culture=neutral, PublicKeyToken=null]]'.
2025-11-03 12:33:03.327 +01:00 [INF] Executed action Que.Controllers.QuizAPIController.GetAllQuizes (api) in 5.9617ms
2025-11-03 12:33:03.328 +01:00 [INF] Executed endpoint 'Que.Controllers.QuizAPIController.GetAllQuizes (api)'
2025-11-03 12:33:03.328 +01:00 [INF] Request finished HTTP/1.1 GET http://localhost:5043/api/quizapi/quizlist - 200 131 application/json; charset=utf-8 7.9904ms
2025-11-03 12:34:22.280 +01:00 [INF] Request starting HTTP/1.1 OPTIONS http://localhost:5043/api/quizapi/quizlist - null null
2025-11-03 12:34:22.281 +01:00 [INF] CORS policy execution successful.
2025-11-03 12:34:22.281 +01:00 [INF] Request finished HTTP/1.1 OPTIONS http://localhost:5043/api/quizapi/quizlist - 204 null null 1.6603ms
2025-11-03 12:34:22.314 +01:00 [INF] Request starting HTTP/1.1 GET http://localhost:5043/api/quizapi/quizlist - application/json null
2025-11-03 12:34:22.315 +01:00 [INF] CORS policy execution successful.
2025-11-03 12:34:22.317 +01:00 [INF] Executing endpoint 'Que.Controllers.QuizAPIController.GetAllQuizes (api)'
2025-11-03 12:34:22.318 +01:00 [INF] Route matched with {action = "GetAllQuizes", controller = "QuizAPI"}. Executing controller action with signature System.Threading.Tasks.Task`1[Microsoft.AspNetCore.Mvc.IActionResult] GetAllQuizes() on controller Que.Controllers.QuizAPIController (api).
2025-11-03 12:34:22.321 +01:00 [INF] [QuizAPIController] Fetching quiz list for user: cec8b59c-1770-4377-b2f0-f553351eddcb
2025-11-03 12:34:22.327 +01:00 [INF] [QuizAPIController] Returning 1 visible quizzes for user: cec8b59c-1770-4377-b2f0-f553351eddcb
2025-11-03 12:34:22.327 +01:00 [INF] Executing OkObjectResult, writing value of type 'System.Collections.Generic.List`1[[Que.DTOs.QuizDto, api, Version=1.0.0.0, Culture=neutral, PublicKeyToken=null]]'.
2025-11-03 12:34:22.328 +01:00 [INF] Executed action Que.Controllers.QuizAPIController.GetAllQuizes (api) in 9.8631ms
2025-11-03 12:34:22.328 +01:00 [INF] Executed endpoint 'Que.Controllers.QuizAPIController.GetAllQuizes (api)'
2025-11-03 12:34:22.328 +01:00 [INF] Request finished HTTP/1.1 GET http://localhost:5043/api/quizapi/quizlist - 200 131 application/json; charset=utf-8 14.0345ms
2025-11-03 12:35:28.198 +01:00 [INF] Application is shutting down...
