2025-11-02 18:30:04.193 +01:00 [INF] User profile is available. Using '/Users/arthurflotvik/.aspnet/DataProtection-Keys' as key repository; keys will not be encrypted at rest.
2025-11-02 18:30:04.217 +01:00 [INF] Now listening on: http://localhost:5043
2025-11-02 18:30:04.218 +01:00 [INF] Application started. Press Ctrl+C to shut down.
2025-11-02 18:30:04.219 +01:00 [INF] Hosting environment: Development
2025-11-02 18:30:04.219 +01:00 [INF] Content root path: /Users/arthurflotvik/Documents/QueREACT/api
2025-11-02 18:30:10.071 +01:00 [INF] Request starting HTTP/1.1 OPTIONS http://localhost:5043/api/Auth/login - null null
2025-11-02 18:30:10.088 +01:00 [INF] CORS policy execution successful.
2025-11-02 18:30:10.090 +01:00 [INF] Request finished HTTP/1.1 OPTIONS http://localhost:5043/api/Auth/login - 204 null null 20.2799ms
2025-11-02 18:30:10.093 +01:00 [INF] Request starting HTTP/1.1 POST http://localhost:5043/api/Auth/login - application/json 40
2025-11-02 18:30:10.095 +01:00 [INF] CORS policy execution successful.
2025-11-02 18:30:10.099 +01:00 [INF] Executing endpoint 'Que.Controllers.AuthController.Login (api)'
2025-11-02 18:30:10.108 +01:00 [INF] Route matched with {action = "Login", controller = "Auth"}. Executing controller action with signature System.Threading.Tasks.Task`1[Microsoft.AspNetCore.Mvc.IActionResult] Login(Que.DTOs.LoginDto) on controller Que.Controllers.AuthController (api).
2025-11-02 18:30:10.292 +01:00 [INF] [AuthAPIController] user authorized for A
2025-11-02 18:30:10.298 +01:00 [INF] JWT token generated for UserId=6aea6f1d-411f-4ed4-b1c6-e104d1318540
2025-11-02 18:30:10.308 +01:00 [INF] Executing OkObjectResult, writing value of type '<>f__AnonymousType1`1[[System.String, System.Private.CoreLib, Version=8.0.0.0, Culture=neutral, PublicKeyToken=7cec85d7bea7798e]]'.
2025-11-02 18:30:10.321 +01:00 [INF] Executed action Que.Controllers.AuthController.Login (api) in 211.3612ms
2025-11-02 18:30:10.321 +01:00 [INF] Executed endpoint 'Que.Controllers.AuthController.Login (api)'
2025-11-02 18:30:10.323 +01:00 [INF] Request finished HTTP/1.1 POST http://localhost:5043/api/Auth/login - 200 616 application/json; charset=utf-8 229.7885ms
2025-11-02 18:30:10.340 +01:00 [INF] Request starting HTTP/1.1 OPTIONS http://localhost:5043/api/quizapi/quizlist - null null
2025-11-02 18:30:10.340 +01:00 [INF] Request starting HTTP/1.1 OPTIONS http://localhost:5043/api/quizapi/quizlist - null null
2025-11-02 18:30:10.341 +01:00 [INF] CORS policy execution successful.
2025-11-02 18:30:10.341 +01:00 [INF] CORS policy execution successful.
2025-11-02 18:30:10.341 +01:00 [INF] Request finished HTTP/1.1 OPTIONS http://localhost:5043/api/quizapi/quizlist - 204 null null 0.92ms
2025-11-02 18:30:10.341 +01:00 [INF] Request finished HTTP/1.1 OPTIONS http://localhost:5043/api/quizapi/quizlist - 204 null null 1.046ms
2025-11-02 18:30:10.342 +01:00 [INF] Request starting HTTP/1.1 GET http://localhost:5043/api/quizapi/quizlist - application/json null
2025-11-02 18:30:10.345 +01:00 [INF] CORS policy execution successful.
2025-11-02 18:30:10.369 +01:00 [INF] Executing endpoint 'Que.Controllers.QuizAPIController.GetAllQuizes (api)'
2025-11-02 18:30:10.372 +01:00 [INF] Route matched with {action = "GetAllQuizes", controller = "QuizAPI"}. Executing controller action with signature System.Threading.Tasks.Task`1[Microsoft.AspNetCore.Mvc.IActionResult] GetAllQuizes() on controller Que.Controllers.QuizAPIController (api).
2025-11-02 18:30:10.374 +01:00 [INF] [QuizAPIController] Fetching quiz list for user: 6aea6f1d-411f-4ed4-b1c6-e104d1318540
2025-11-02 18:30:10.412 +01:00 [INF] [QuizAPIController] Returning 0 visible quizzes for user: 6aea6f1d-411f-4ed4-b1c6-e104d1318540
2025-11-02 18:30:10.412 +01:00 [INF] Executing OkObjectResult, writing value of type 'System.Collections.Generic.List`1[[Que.DTOs.QuizDto, api, Version=1.0.0.0, Culture=neutral, PublicKeyToken=null]]'.
2025-11-02 18:30:10.415 +01:00 [INF] Executed action Que.Controllers.QuizAPIController.GetAllQuizes (api) in 43.218ms
2025-11-02 18:30:10.415 +01:00 [INF] Executed endpoint 'Que.Controllers.QuizAPIController.GetAllQuizes (api)'
2025-11-02 18:30:10.415 +01:00 [INF] Request starting HTTP/1.1 GET http://localhost:5043/api/quizapi/quizlist - application/json null
2025-11-02 18:30:10.416 +01:00 [INF] CORS policy execution successful.
2025-11-02 18:30:10.417 +01:00 [INF] Executing endpoint 'Que.Controllers.QuizAPIController.GetAllQuizes (api)'
2025-11-02 18:30:10.417 +01:00 [INF] Route matched with {action = "GetAllQuizes", controller = "QuizAPI"}. Executing controller action with signature System.Threading.Tasks.Task`1[Microsoft.AspNetCore.Mvc.IActionResult] GetAllQuizes() on controller Que.Controllers.QuizAPIController (api).
2025-11-02 18:30:10.418 +01:00 [INF] Request finished HTTP/1.1 GET http://localhost:5043/api/quizapi/quizlist - 200 2 application/json; charset=utf-8 76.0677ms
2025-11-02 18:30:10.420 +01:00 [INF] [QuizAPIController] Fetching quiz list for user: 6aea6f1d-411f-4ed4-b1c6-e104d1318540
2025-11-02 18:30:10.441 +01:00 [INF] [QuizAPIController] Returning 0 visible quizzes for user: 6aea6f1d-411f-4ed4-b1c6-e104d1318540
2025-11-02 18:30:10.441 +01:00 [INF] Executing OkObjectResult, writing value of type 'System.Collections.Generic.List`1[[Que.DTOs.QuizDto, api, Version=1.0.0.0, Culture=neutral, PublicKeyToken=null]]'.
2025-11-02 18:30:10.441 +01:00 [INF] Executed action Que.Controllers.QuizAPIController.GetAllQuizes (api) in 23.6858ms
2025-11-02 18:30:10.441 +01:00 [INF] Executed endpoint 'Que.Controllers.QuizAPIController.GetAllQuizes (api)'
2025-11-02 18:30:10.441 +01:00 [INF] Request finished HTTP/1.1 GET http://localhost:5043/api/quizapi/quizlist - 200 2 application/json; charset=utf-8 25.8163ms
2025-11-02 18:30:43.097 +01:00 [INF] Request starting HTTP/1.1 OPTIONS http://localhost:5043/api/quizapi/create - null null
2025-11-02 18:30:43.098 +01:00 [INF] CORS policy execution successful.
2025-11-02 18:30:43.099 +01:00 [INF] Request finished HTTP/1.1 OPTIONS http://localhost:5043/api/quizapi/create - 204 null null 1.6013ms
2025-11-02 18:30:43.100 +01:00 [INF] Request starting HTTP/1.1 POST http://localhost:5043/api/quizapi/create - application/json 0
2025-11-02 18:30:43.100 +01:00 [INF] CORS policy execution successful.
2025-11-02 18:30:43.103 +01:00 [INF] Failed to validate the token.
Microsoft.IdentityModel.Tokens.SecurityTokenMalformedException: IDX14100: JWT is not well formed, there are no dots (.).
The token needs to be in JWS or JWE Compact Serialization Format. (JWS): 'EncodedHeader.EncodedPayload.EncodedSignature'. (JWE): 'EncodedProtectedHeader.EncodedEncryptedKey.EncodedInitializationVector.EncodedCiphertext.EncodedAuthenticationTag'.
   at Microsoft.IdentityModel.JsonWebTokens.JsonWebToken.ReadToken(ReadOnlyMemory`1 encodedTokenMemory)
   at Microsoft.IdentityModel.JsonWebTokens.JsonWebToken..ctor(String jwtEncodedString)
   at Microsoft.IdentityModel.JsonWebTokens.JsonWebTokenHandler.ReadToken(String token, TokenValidationParameters validationParameters)
2025-11-02 18:30:43.110 +01:00 [INF] Bearer was not authenticated. Failure message: IDX14100: JWT is not well formed, there are no dots (.).
The token needs to be in JWS or JWE Compact Serialization Format. (JWS): 'EncodedHeader.EncodedPayload.EncodedSignature'. (JWE): 'EncodedProtectedHeader.EncodedEncryptedKey.EncodedInitializationVector.EncodedCiphertext.EncodedAuthenticationTag'.
2025-11-02 18:30:43.111 +01:00 [INF] Authorization failed. These requirements were not met:
DenyAnonymousAuthorizationRequirement: Requires an authenticated user.
2025-11-02 18:30:43.113 +01:00 [INF] AuthenticationScheme: Bearer was challenged.
2025-11-02 18:30:43.113 +01:00 [INF] Request finished HTTP/1.1 POST http://localhost:5043/api/quizapi/create - 401 0 null 13.3207ms
2025-11-03 11:07:45.651 +01:00 [INF] Application is shutting down...
