2025-10-30 20:29:21.566 +01:00 [INF] User profile is available. Using '/Users/arthurflotvik/.aspnet/DataProtection-Keys' as key repository; keys will not be encrypted at rest.
2025-10-30 20:29:21.593 +01:00 [INF] Now listening on: http://localhost:5043
2025-10-30 20:29:21.594 +01:00 [INF] Application started. Press Ctrl+C to shut down.
2025-10-30 20:29:21.594 +01:00 [INF] Hosting environment: Development
2025-10-30 20:29:21.594 +01:00 [INF] Content root path: /Users/arthurflotvik/Documents/QueREACT/api
2025-10-30 20:29:22.500 +01:00 [INF] Request starting HTTP/1.1 OPTIONS http://localhost:5043/api/quizapi/1 - null null
2025-10-30 20:29:22.500 +01:00 [INF] Request starting HTTP/1.1 OPTIONS http://localhost:5043/api/quizapi/1 - null null
2025-10-30 20:29:22.517 +01:00 [INF] CORS policy execution successful.
2025-10-30 20:29:22.517 +01:00 [INF] CORS policy execution successful.
2025-10-30 20:29:22.519 +01:00 [INF] Request finished HTTP/1.1 OPTIONS http://localhost:5043/api/quizapi/1 - 204 null null 20.8857ms
2025-10-30 20:29:22.519 +01:00 [INF] Request finished HTTP/1.1 OPTIONS http://localhost:5043/api/quizapi/1 - 204 null null 20.8599ms
2025-10-30 20:29:22.520 +01:00 [INF] Request starting HTTP/1.1 GET http://localhost:5043/api/quizapi/1 - application/json null
2025-10-30 20:29:22.523 +01:00 [INF] CORS policy execution successful.
2025-10-30 20:29:22.562 +01:00 [INF] Executing endpoint 'Que.Controllers.QuizAPIController.GetQuiz (api)'
2025-10-30 20:29:22.570 +01:00 [INF] Route matched with {action = "GetQuiz", controller = "QuizAPI"}. Executing controller action with signature System.Threading.Tasks.Task`1[Microsoft.AspNetCore.Mvc.IActionResult] GetQuiz(Int32) on controller Que.Controllers.QuizAPIController (api).
2025-10-30 20:29:22.671 +01:00 [INF] Executing OkObjectResult, writing value of type 'Castle.Proxies.QuizProxy'.
2025-10-30 20:29:22.747 +01:00 [INF] Request starting HTTP/1.1 GET http://localhost:5043/api/quizapi/1 - application/json null
2025-10-30 20:29:22.748 +01:00 [INF] CORS policy execution successful.
2025-10-30 20:29:22.749 +01:00 [INF] Executed action Que.Controllers.QuizAPIController.GetQuiz (api) in 176.0322ms
2025-10-30 20:29:22.749 +01:00 [INF] Executed endpoint 'Que.Controllers.QuizAPIController.GetQuiz (api)'
2025-10-30 20:29:22.750 +01:00 [INF] Executing endpoint 'Que.Controllers.QuizAPIController.GetQuiz (api)'
2025-10-30 20:29:22.750 +01:00 [INF] Route matched with {action = "GetQuiz", controller = "QuizAPI"}. Executing controller action with signature System.Threading.Tasks.Task`1[Microsoft.AspNetCore.Mvc.IActionResult] GetQuiz(Int32) on controller Que.Controllers.QuizAPIController (api).
2025-10-30 20:29:22.750 +01:00 [INF] Request finished HTTP/1.1 GET http://localhost:5043/api/quizapi/1 - 200 952 application/json; charset=utf-8 230.0646ms
2025-10-30 20:29:22.775 +01:00 [INF] Executing OkObjectResult, writing value of type 'Castle.Proxies.QuizProxy'.
2025-10-30 20:29:22.777 +01:00 [INF] Executed action Que.Controllers.QuizAPIController.GetQuiz (api) in 26.9558ms
2025-10-30 20:29:22.777 +01:00 [INF] Executed endpoint 'Que.Controllers.QuizAPIController.GetQuiz (api)'
2025-10-30 20:29:22.777 +01:00 [INF] Request finished HTTP/1.1 GET http://localhost:5043/api/quizapi/1 - 200 952 application/json; charset=utf-8 29.8665ms
2025-10-30 20:29:43.838 +01:00 [INF] Request starting HTTP/1.1 OPTIONS http://localhost:5043/api/quizapi/update/1 - null null
2025-10-30 20:29:43.839 +01:00 [INF] CORS policy execution successful.
2025-10-30 20:29:43.839 +01:00 [INF] Request finished HTTP/1.1 OPTIONS http://localhost:5043/api/quizapi/update/1 - 204 null null 1.1262ms
2025-10-30 20:29:43.841 +01:00 [INF] Request starting HTTP/1.1 PUT http://localhost:5043/api/quizapi/update/1 - application/json 399
2025-10-30 20:29:43.841 +01:00 [INF] CORS policy execution successful.
2025-10-30 20:29:43.844 +01:00 [INF] Executing endpoint 'Que.Controllers.QuizAPIController.Update (api)'
2025-10-30 20:29:43.848 +01:00 [INF] Route matched with {action = "Update", controller = "QuizAPI"}. Executing controller action with signature System.Threading.Tasks.Task`1[Microsoft.AspNetCore.Mvc.IActionResult] Update(Int32, Que.DTOs.QuizDto) on controller Que.Controllers.QuizAPIController (api).
2025-10-30 20:29:43.919 +01:00 [INF] Executing OkObjectResult, writing value of type 'Castle.Proxies.QuizProxy'.
2025-10-30 20:29:43.921 +01:00 [INF] Executed action Que.Controllers.QuizAPIController.Update (api) in 73.1317ms
2025-10-30 20:29:43.921 +01:00 [INF] Executed endpoint 'Que.Controllers.QuizAPIController.Update (api)'
2025-10-30 20:29:43.921 +01:00 [INF] Request finished HTTP/1.1 PUT http://localhost:5043/api/quizapi/update/1 - 200 952 application/json; charset=utf-8 80.5735ms
2025-10-30 20:29:43.932 +01:00 [INF] Request starting HTTP/1.1 OPTIONS http://localhost:5043/api/quizapi/quizlist - null null
2025-10-30 20:29:43.932 +01:00 [INF] Request starting HTTP/1.1 OPTIONS http://localhost:5043/api/quizapi/quizlist - null null
2025-10-30 20:29:43.933 +01:00 [INF] CORS policy execution successful.
2025-10-30 20:29:43.933 +01:00 [INF] CORS policy execution successful.
2025-10-30 20:29:43.933 +01:00 [INF] Request finished HTTP/1.1 OPTIONS http://localhost:5043/api/quizapi/quizlist - 204 null null 0.9527ms
2025-10-30 20:29:43.933 +01:00 [INF] Request finished HTTP/1.1 OPTIONS http://localhost:5043/api/quizapi/quizlist - 204 null null 1.0306ms
2025-10-30 20:29:43.935 +01:00 [INF] Request starting HTTP/1.1 GET http://localhost:5043/api/quizapi/quizlist - application/json null
2025-10-30 20:29:43.935 +01:00 [INF] CORS policy execution successful.
2025-10-30 20:29:43.935 +01:00 [INF] Executing endpoint 'Que.Controllers.QuizAPIController.QuizList (api)'
2025-10-30 20:29:43.937 +01:00 [INF] Route matched with {action = "QuizList", controller = "QuizAPI"}. Executing controller action with signature System.Threading.Tasks.Task`1[Microsoft.AspNetCore.Mvc.IActionResult] QuizList() on controller Que.Controllers.QuizAPIController (api).
2025-10-30 20:29:43.969 +01:00 [WRN] Compiling a query which loads related collections for more than one collection navigation, either via 'Include' or through projection, but no 'QuerySplittingBehavior' has been configured. By default, Entity Framework will use 'QuerySplittingBehavior.SingleQuery', which can potentially result in slow query performance. See https://go.microsoft.com/fwlink/?linkid=2134277 for more information. To identify the query that's triggering this warning call 'ConfigureWarnings(w => w.Throw(RelationalEventId.MultipleCollectionIncludeWarning))'.
2025-10-30 20:29:43.975 +01:00 [INF] Executing OkObjectResult, writing value of type 'System.Linq.Enumerable+SelectListIterator`2[[Que.Models.Quiz, api, Version=1.0.0.0, Culture=neutral, PublicKeyToken=null],[Que.DTOs.QuizDto, api, Version=1.0.0.0, Culture=neutral, PublicKeyToken=null]]'.
2025-10-30 20:29:43.976 +01:00 [INF] Executed action Que.Controllers.QuizAPIController.QuizList (api) in 39.0122ms
2025-10-30 20:29:43.976 +01:00 [INF] Executed endpoint 'Que.Controllers.QuizAPIController.QuizList (api)'
2025-10-30 20:29:43.976 +01:00 [INF] Request finished HTTP/1.1 GET http://localhost:5043/api/quizapi/quizlist - 200 575 application/json; charset=utf-8 41.5987ms
2025-10-30 20:29:43.976 +01:00 [INF] Request starting HTTP/1.1 GET http://localhost:5043/api/quizapi/quizlist - application/json null
2025-10-30 20:29:43.977 +01:00 [INF] CORS policy execution successful.
2025-10-30 20:29:43.977 +01:00 [INF] Executing endpoint 'Que.Controllers.QuizAPIController.QuizList (api)'
2025-10-30 20:29:43.977 +01:00 [INF] Route matched with {action = "QuizList", controller = "QuizAPI"}. Executing controller action with signature System.Threading.Tasks.Task`1[Microsoft.AspNetCore.Mvc.IActionResult] QuizList() on controller Que.Controllers.QuizAPIController (api).
2025-10-30 20:29:43.979 +01:00 [INF] Executing OkObjectResult, writing value of type 'System.Linq.Enumerable+SelectListIterator`2[[Que.Models.Quiz, api, Version=1.0.0.0, Culture=neutral, PublicKeyToken=null],[Que.DTOs.QuizDto, api, Version=1.0.0.0, Culture=neutral, PublicKeyToken=null]]'.
2025-10-30 20:29:43.979 +01:00 [INF] Executed action Que.Controllers.QuizAPIController.QuizList (api) in 2.0586ms
2025-10-30 20:29:43.979 +01:00 [INF] Executed endpoint 'Que.Controllers.QuizAPIController.QuizList (api)'
2025-10-30 20:29:43.979 +01:00 [INF] Request finished HTTP/1.1 GET http://localhost:5043/api/quizapi/quizlist - 200 575 application/json; charset=utf-8 2.6427ms
2025-10-30 20:29:46.660 +01:00 [INF] Request starting HTTP/1.1 OPTIONS http://localhost:5043/api/quizapi/1 - null null
2025-10-30 20:29:46.661 +01:00 [INF] CORS policy execution successful.
2025-10-30 20:29:46.661 +01:00 [INF] Request finished HTTP/1.1 OPTIONS http://localhost:5043/api/quizapi/1 - 204 null null 1.6837ms
2025-10-30 20:29:46.662 +01:00 [INF] Request starting HTTP/1.1 OPTIONS http://localhost:5043/api/quizapi/1 - null null
2025-10-30 20:29:46.662 +01:00 [INF] CORS policy execution successful.
2025-10-30 20:29:46.662 +01:00 [INF] Request finished HTTP/1.1 OPTIONS http://localhost:5043/api/quizapi/1 - 204 null null 0.2222ms
2025-10-30 20:29:46.667 +01:00 [INF] Request starting HTTP/1.1 GET http://localhost:5043/api/quizapi/1 - application/json null
2025-10-30 20:29:46.668 +01:00 [INF] CORS policy execution successful.
2025-10-30 20:29:46.671 +01:00 [INF] Executing endpoint 'Que.Controllers.QuizAPIController.GetQuiz (api)'
2025-10-30 20:29:46.671 +01:00 [INF] Route matched with {action = "GetQuiz", controller = "QuizAPI"}. Executing controller action with signature System.Threading.Tasks.Task`1[Microsoft.AspNetCore.Mvc.IActionResult] GetQuiz(Int32) on controller Que.Controllers.QuizAPIController (api).
2025-10-30 20:29:46.675 +01:00 [INF] Executing OkObjectResult, writing value of type 'Castle.Proxies.QuizProxy'.
2025-10-30 20:29:46.677 +01:00 [INF] Executed action Que.Controllers.QuizAPIController.GetQuiz (api) in 5.2798ms
2025-10-30 20:29:46.677 +01:00 [INF] Executed endpoint 'Que.Controllers.QuizAPIController.GetQuiz (api)'
2025-10-30 20:29:46.677 +01:00 [INF] Request finished HTTP/1.1 GET http://localhost:5043/api/quizapi/1 - 200 952 application/json; charset=utf-8 9.7656ms
2025-10-30 20:29:46.678 +01:00 [INF] Request starting HTTP/1.1 GET http://localhost:5043/api/quizapi/1 - application/json null
2025-10-30 20:29:46.678 +01:00 [INF] CORS policy execution successful.
2025-10-30 20:29:46.679 +01:00 [INF] Executing endpoint 'Que.Controllers.QuizAPIController.GetQuiz (api)'
2025-10-30 20:29:46.679 +01:00 [INF] Route matched with {action = "GetQuiz", controller = "QuizAPI"}. Executing controller action with signature System.Threading.Tasks.Task`1[Microsoft.AspNetCore.Mvc.IActionResult] GetQuiz(Int32) on controller Que.Controllers.QuizAPIController (api).
2025-10-30 20:29:46.681 +01:00 [INF] Executing OkObjectResult, writing value of type 'Castle.Proxies.QuizProxy'.
2025-10-30 20:29:46.682 +01:00 [INF] Executed action Que.Controllers.QuizAPIController.GetQuiz (api) in 3.6464ms
2025-10-30 20:29:46.682 +01:00 [INF] Executed endpoint 'Que.Controllers.QuizAPIController.GetQuiz (api)'
2025-10-30 20:29:46.683 +01:00 [INF] Request finished HTTP/1.1 GET http://localhost:5043/api/quizapi/1 - 200 952 application/json; charset=utf-8 4.6785ms
2025-10-30 20:29:48.024 +01:00 [INF] Request starting HTTP/1.1 GET http://localhost:5043/api/quizapi/quizlist - application/json null
2025-10-30 20:29:48.024 +01:00 [INF] CORS policy execution successful.
2025-10-30 20:29:48.025 +01:00 [INF] Executing endpoint 'Que.Controllers.QuizAPIController.QuizList (api)'
2025-10-30 20:29:48.025 +01:00 [INF] Route matched with {action = "QuizList", controller = "QuizAPI"}. Executing controller action with signature System.Threading.Tasks.Task`1[Microsoft.AspNetCore.Mvc.IActionResult] QuizList() on controller Que.Controllers.QuizAPIController (api).
2025-10-30 20:29:48.029 +01:00 [INF] Executing OkObjectResult, writing value of type 'System.Linq.Enumerable+SelectListIterator`2[[Que.Models.Quiz, api, Version=1.0.0.0, Culture=neutral, PublicKeyToken=null],[Que.DTOs.QuizDto, api, Version=1.0.0.0, Culture=neutral, PublicKeyToken=null]]'.
2025-10-30 20:29:48.029 +01:00 [INF] Executed action Que.Controllers.QuizAPIController.QuizList (api) in 4.0825ms
2025-10-30 20:29:48.029 +01:00 [INF] Executed endpoint 'Que.Controllers.QuizAPIController.QuizList (api)'
2025-10-30 20:29:48.029 +01:00 [INF] Request finished HTTP/1.1 GET http://localhost:5043/api/quizapi/quizlist - 200 575 application/json; charset=utf-8 5.4163ms
2025-10-30 20:29:48.030 +01:00 [INF] Request starting HTTP/1.1 GET http://localhost:5043/api/quizapi/quizlist - application/json null
2025-10-30 20:29:48.030 +01:00 [INF] CORS policy execution successful.
2025-10-30 20:29:48.031 +01:00 [INF] Executing endpoint 'Que.Controllers.QuizAPIController.QuizList (api)'
2025-10-30 20:29:48.031 +01:00 [INF] Route matched with {action = "QuizList", controller = "QuizAPI"}. Executing controller action with signature System.Threading.Tasks.Task`1[Microsoft.AspNetCore.Mvc.IActionResult] QuizList() on controller Que.Controllers.QuizAPIController (api).
2025-10-30 20:29:48.032 +01:00 [INF] Executing OkObjectResult, writing value of type 'System.Linq.Enumerable+SelectListIterator`2[[Que.Models.Quiz, api, Version=1.0.0.0, Culture=neutral, PublicKeyToken=null],[Que.DTOs.QuizDto, api, Version=1.0.0.0, Culture=neutral, PublicKeyToken=null]]'.
2025-10-30 20:29:48.033 +01:00 [INF] Executed action Que.Controllers.QuizAPIController.QuizList (api) in 1.6307ms
2025-10-30 20:29:48.033 +01:00 [INF] Executed endpoint 'Que.Controllers.QuizAPIController.QuizList (api)'
2025-10-30 20:29:48.033 +01:00 [INF] Request finished HTTP/1.1 GET http://localhost:5043/api/quizapi/quizlist - 200 575 application/json; charset=utf-8 3.052ms
2025-10-30 20:29:53.321 +01:00 [INF] Request starting HTTP/1.1 OPTIONS http://localhost:5043/api/quizapi/1 - null null
2025-10-30 20:29:53.322 +01:00 [INF] CORS policy execution successful.
2025-10-30 20:29:53.322 +01:00 [INF] Request finished HTTP/1.1 OPTIONS http://localhost:5043/api/quizapi/1 - 204 null null 0.9382ms
2025-10-30 20:29:53.321 +01:00 [INF] Request starting HTTP/1.1 OPTIONS http://localhost:5043/api/quizapi/1 - null null
2025-10-30 20:29:53.322 +01:00 [INF] CORS policy execution successful.
2025-10-30 20:29:53.322 +01:00 [INF] Request finished HTTP/1.1 OPTIONS http://localhost:5043/api/quizapi/1 - 204 null null 1.2006ms
2025-10-30 20:29:53.326 +01:00 [INF] Request starting HTTP/1.1 GET http://localhost:5043/api/quizapi/1 - application/json null
2025-10-30 20:29:53.326 +01:00 [INF] CORS policy execution successful.
2025-10-30 20:29:53.326 +01:00 [INF] Executing endpoint 'Que.Controllers.QuizAPIController.GetQuiz (api)'
2025-10-30 20:29:53.327 +01:00 [INF] Route matched with {action = "GetQuiz", controller = "QuizAPI"}. Executing controller action with signature System.Threading.Tasks.Task`1[Microsoft.AspNetCore.Mvc.IActionResult] GetQuiz(Int32) on controller Que.Controllers.QuizAPIController (api).
2025-10-30 20:29:53.328 +01:00 [INF] Executing OkObjectResult, writing value of type 'Castle.Proxies.QuizProxy'.
2025-10-30 20:29:53.330 +01:00 [INF] Executed action Que.Controllers.QuizAPIController.GetQuiz (api) in 3.2512ms
2025-10-30 20:29:53.330 +01:00 [INF] Executed endpoint 'Que.Controllers.QuizAPIController.GetQuiz (api)'
2025-10-30 20:29:53.330 +01:00 [INF] Request finished HTTP/1.1 GET http://localhost:5043/api/quizapi/1 - 200 952 application/json; charset=utf-8 3.9583ms
2025-10-30 20:29:53.330 +01:00 [INF] Request starting HTTP/1.1 GET http://localhost:5043/api/quizapi/1 - application/json null
2025-10-30 20:29:53.330 +01:00 [INF] CORS policy execution successful.
2025-10-30 20:29:53.331 +01:00 [INF] Executing endpoint 'Que.Controllers.QuizAPIController.GetQuiz (api)'
2025-10-30 20:29:53.331 +01:00 [INF] Route matched with {action = "GetQuiz", controller = "QuizAPI"}. Executing controller action with signature System.Threading.Tasks.Task`1[Microsoft.AspNetCore.Mvc.IActionResult] GetQuiz(Int32) on controller Que.Controllers.QuizAPIController (api).
2025-10-30 20:29:53.332 +01:00 [INF] Executing OkObjectResult, writing value of type 'Castle.Proxies.QuizProxy'.
2025-10-30 20:29:53.333 +01:00 [INF] Executed action Que.Controllers.QuizAPIController.GetQuiz (api) in 2.461ms
2025-10-30 20:29:53.333 +01:00 [INF] Executed endpoint 'Que.Controllers.QuizAPIController.GetQuiz (api)'
2025-10-30 20:29:53.333 +01:00 [INF] Request finished HTTP/1.1 GET http://localhost:5043/api/quizapi/1 - 200 952 application/json; charset=utf-8 3.1256ms
2025-10-30 20:30:19.572 +01:00 [INF] Request starting HTTP/1.1 OPTIONS http://localhost:5043/api/quizapi/update/1 - null null
2025-10-30 20:30:19.572 +01:00 [INF] CORS policy execution successful.
2025-10-30 20:30:19.573 +01:00 [INF] Request finished HTTP/1.1 OPTIONS http://localhost:5043/api/quizapi/update/1 - 204 null null 1.1724ms
2025-10-30 20:30:19.574 +01:00 [INF] Request starting HTTP/1.1 PUT http://localhost:5043/api/quizapi/update/1 - application/json 344
2025-10-30 20:30:19.574 +01:00 [INF] CORS policy execution successful.
2025-10-30 20:30:19.575 +01:00 [INF] Executing endpoint 'Que.Controllers.QuizAPIController.Update (api)'
2025-10-30 20:30:19.575 +01:00 [INF] Route matched with {action = "Update", controller = "QuizAPI"}. Executing controller action with signature System.Threading.Tasks.Task`1[Microsoft.AspNetCore.Mvc.IActionResult] Update(Int32, Que.DTOs.QuizDto) on controller Que.Controllers.QuizAPIController (api).
2025-10-30 20:30:19.580 +01:00 [INF] Executing OkObjectResult, writing value of type 'Castle.Proxies.QuizProxy'.
2025-10-30 20:30:19.582 +01:00 [INF] Executed action Que.Controllers.QuizAPIController.Update (api) in 6.3376ms
2025-10-30 20:30:19.582 +01:00 [INF] Executed endpoint 'Que.Controllers.QuizAPIController.Update (api)'
2025-10-30 20:30:19.582 +01:00 [INF] Request finished HTTP/1.1 PUT http://localhost:5043/api/quizapi/update/1 - 200 952 application/json; charset=utf-8 7.6455ms
2025-10-30 20:30:19.596 +01:00 [INF] Request starting HTTP/1.1 OPTIONS http://localhost:5043/api/quizapi/quizlist - null null
2025-10-30 20:30:19.596 +01:00 [INF] Request starting HTTP/1.1 OPTIONS http://localhost:5043/api/quizapi/quizlist - null null
2025-10-30 20:30:19.596 +01:00 [INF] CORS policy execution successful.
2025-10-30 20:30:19.596 +01:00 [INF] CORS policy execution successful.
2025-10-30 20:30:19.596 +01:00 [INF] Request finished HTTP/1.1 OPTIONS http://localhost:5043/api/quizapi/quizlist - 204 null null 0.275ms
2025-10-30 20:30:19.596 +01:00 [INF] Request finished HTTP/1.1 OPTIONS http://localhost:5043/api/quizapi/quizlist - 204 null null 0.2982ms
2025-10-30 20:30:19.601 +01:00 [INF] Request starting HTTP/1.1 GET http://localhost:5043/api/quizapi/quizlist - application/json null
2025-10-30 20:30:19.601 +01:00 [INF] CORS policy execution successful.
2025-10-30 20:30:19.602 +01:00 [INF] Executing endpoint 'Que.Controllers.QuizAPIController.QuizList (api)'
2025-10-30 20:30:19.602 +01:00 [INF] Route matched with {action = "QuizList", controller = "QuizAPI"}. Executing controller action with signature System.Threading.Tasks.Task`1[Microsoft.AspNetCore.Mvc.IActionResult] QuizList() on controller Que.Controllers.QuizAPIController (api).
2025-10-30 20:30:19.603 +01:00 [INF] Executing OkObjectResult, writing value of type 'System.Linq.Enumerable+SelectListIterator`2[[Que.Models.Quiz, api, Version=1.0.0.0, Culture=neutral, PublicKeyToken=null],[Que.DTOs.QuizDto, api, Version=1.0.0.0, Culture=neutral, PublicKeyToken=null]]'.
2025-10-30 20:30:19.603 +01:00 [INF] Executed action Que.Controllers.QuizAPIController.QuizList (api) in 1.8242ms
2025-10-30 20:30:19.603 +01:00 [INF] Executed endpoint 'Que.Controllers.QuizAPIController.QuizList (api)'
2025-10-30 20:30:19.604 +01:00 [INF] Request finished HTTP/1.1 GET http://localhost:5043/api/quizapi/quizlist - 200 575 application/json; charset=utf-8 5.6567ms
2025-10-30 20:30:19.604 +01:00 [INF] Request starting HTTP/1.1 GET http://localhost:5043/api/quizapi/quizlist - application/json null
2025-10-30 20:30:19.604 +01:00 [INF] CORS policy execution successful.
2025-10-30 20:30:19.605 +01:00 [INF] Executing endpoint 'Que.Controllers.QuizAPIController.QuizList (api)'
2025-10-30 20:30:19.605 +01:00 [INF] Route matched with {action = "QuizList", controller = "QuizAPI"}. Executing controller action with signature System.Threading.Tasks.Task`1[Microsoft.AspNetCore.Mvc.IActionResult] QuizList() on controller Que.Controllers.QuizAPIController (api).
2025-10-30 20:30:19.606 +01:00 [INF] Executing OkObjectResult, writing value of type 'System.Linq.Enumerable+SelectListIterator`2[[Que.Models.Quiz, api, Version=1.0.0.0, Culture=neutral, PublicKeyToken=null],[Que.DTOs.QuizDto, api, Version=1.0.0.0, Culture=neutral, PublicKeyToken=null]]'.
2025-10-30 20:30:19.606 +01:00 [INF] Executed action Que.Controllers.QuizAPIController.QuizList (api) in 1.0612ms
2025-10-30 20:30:19.606 +01:00 [INF] Executed endpoint 'Que.Controllers.QuizAPIController.QuizList (api)'
2025-10-30 20:30:19.606 +01:00 [INF] Request finished HTTP/1.1 GET http://localhost:5043/api/quizapi/quizlist - 200 575 application/json; charset=utf-8 2.2443ms
2025-10-30 20:30:31.678 +01:00 [INF] Request starting HTTP/1.1 OPTIONS http://localhost:5043/api/quizapi/1 - null null
2025-10-30 20:30:31.678 +01:00 [INF] CORS policy execution successful.
2025-10-30 20:30:31.678 +01:00 [INF] Request starting HTTP/1.1 OPTIONS http://localhost:5043/api/quizapi/1 - null null
2025-10-30 20:30:31.678 +01:00 [INF] CORS policy execution successful.
2025-10-30 20:30:31.678 +01:00 [INF] Request finished HTTP/1.1 OPTIONS http://localhost:5043/api/quizapi/1 - 204 null null 0.1118ms
2025-10-30 20:30:31.678 +01:00 [INF] Request finished HTTP/1.1 OPTIONS http://localhost:5043/api/quizapi/1 - 204 null null 0.8174ms
2025-10-30 20:30:31.679 +01:00 [INF] Request starting HTTP/1.1 GET http://localhost:5043/api/quizapi/1 - application/json null
2025-10-30 20:30:31.679 +01:00 [INF] CORS policy execution successful.
2025-10-30 20:30:31.680 +01:00 [INF] Executing endpoint 'Que.Controllers.QuizAPIController.GetQuiz (api)'
2025-10-30 20:30:31.680 +01:00 [INF] Route matched with {action = "GetQuiz", controller = "QuizAPI"}. Executing controller action with signature System.Threading.Tasks.Task`1[Microsoft.AspNetCore.Mvc.IActionResult] GetQuiz(Int32) on controller Que.Controllers.QuizAPIController (api).
2025-10-30 20:30:31.682 +01:00 [INF] Executing OkObjectResult, writing value of type 'Castle.Proxies.QuizProxy'.
2025-10-30 20:30:31.683 +01:00 [INF] Executed action Que.Controllers.QuizAPIController.GetQuiz (api) in 2.6709ms
2025-10-30 20:30:31.683 +01:00 [INF] Executed endpoint 'Que.Controllers.QuizAPIController.GetQuiz (api)'
2025-10-30 20:30:31.683 +01:00 [INF] Request finished HTTP/1.1 GET http://localhost:5043/api/quizapi/1 - 200 952 application/json; charset=utf-8 3.5864ms
2025-10-30 20:30:31.683 +01:00 [INF] Request starting HTTP/1.1 GET http://localhost:5043/api/quizapi/1 - application/json null
2025-10-30 20:30:31.683 +01:00 [INF] CORS policy execution successful.
2025-10-30 20:30:31.684 +01:00 [INF] Executing endpoint 'Que.Controllers.QuizAPIController.GetQuiz (api)'
2025-10-30 20:30:31.684 +01:00 [INF] Route matched with {action = "GetQuiz", controller = "QuizAPI"}. Executing controller action with signature System.Threading.Tasks.Task`1[Microsoft.AspNetCore.Mvc.IActionResult] GetQuiz(Int32) on controller Que.Controllers.QuizAPIController (api).
2025-10-30 20:30:31.685 +01:00 [INF] Executing OkObjectResult, writing value of type 'Castle.Proxies.QuizProxy'.
2025-10-30 20:30:31.686 +01:00 [INF] Executed action Que.Controllers.QuizAPIController.GetQuiz (api) in 1.9677ms
2025-10-30 20:30:31.686 +01:00 [INF] Executed endpoint 'Que.Controllers.QuizAPIController.GetQuiz (api)'
2025-10-30 20:30:31.686 +01:00 [INF] Request finished HTTP/1.1 GET http://localhost:5043/api/quizapi/1 - 200 952 application/json; charset=utf-8 2.6794ms
2025-10-30 20:30:32.478 +01:00 [INF] Request starting HTTP/1.1 OPTIONS http://localhost:5043/api/quizapi/quizlist - null null
2025-10-30 20:30:32.478 +01:00 [INF] CORS policy execution successful.
2025-10-30 20:30:32.478 +01:00 [INF] Request finished HTTP/1.1 OPTIONS http://localhost:5043/api/quizapi/quizlist - 204 null null 0.5045ms
2025-10-30 20:30:32.478 +01:00 [INF] Request starting HTTP/1.1 OPTIONS http://localhost:5043/api/quizapi/quizlist - null null
2025-10-30 20:30:32.479 +01:00 [INF] CORS policy execution successful.
2025-10-30 20:30:32.479 +01:00 [INF] Request finished HTTP/1.1 OPTIONS http://localhost:5043/api/quizapi/quizlist - 204 null null 0.2292ms
2025-10-30 20:30:32.479 +01:00 [INF] Request starting HTTP/1.1 GET http://localhost:5043/api/quizapi/quizlist - application/json null
2025-10-30 20:30:32.479 +01:00 [INF] CORS policy execution successful.
2025-10-30 20:30:32.480 +01:00 [INF] Executing endpoint 'Que.Controllers.QuizAPIController.QuizList (api)'
2025-10-30 20:30:32.480 +01:00 [INF] Route matched with {action = "QuizList", controller = "QuizAPI"}. Executing controller action with signature System.Threading.Tasks.Task`1[Microsoft.AspNetCore.Mvc.IActionResult] QuizList() on controller Que.Controllers.QuizAPIController (api).
2025-10-30 20:30:32.482 +01:00 [INF] Executing OkObjectResult, writing value of type 'System.Linq.Enumerable+SelectListIterator`2[[Que.Models.Quiz, api, Version=1.0.0.0, Culture=neutral, PublicKeyToken=null],[Que.DTOs.QuizDto, api, Version=1.0.0.0, Culture=neutral, PublicKeyToken=null]]'.
2025-10-30 20:30:32.482 +01:00 [INF] Executed action Que.Controllers.QuizAPIController.QuizList (api) in 2.3622ms
2025-10-30 20:30:32.482 +01:00 [INF] Executed endpoint 'Que.Controllers.QuizAPIController.QuizList (api)'
2025-10-30 20:30:32.483 +01:00 [INF] Request finished HTTP/1.1 GET http://localhost:5043/api/quizapi/quizlist - 200 575 application/json; charset=utf-8 3.4346ms
2025-10-30 20:30:32.483 +01:00 [INF] Request starting HTTP/1.1 GET http://localhost:5043/api/quizapi/quizlist - application/json null
2025-10-30 20:30:32.483 +01:00 [INF] CORS policy execution successful.
2025-10-30 20:30:32.483 +01:00 [INF] Executing endpoint 'Que.Controllers.QuizAPIController.QuizList (api)'
2025-10-30 20:30:32.484 +01:00 [INF] Route matched with {action = "QuizList", controller = "QuizAPI"}. Executing controller action with signature System.Threading.Tasks.Task`1[Microsoft.AspNetCore.Mvc.IActionResult] QuizList() on controller Que.Controllers.QuizAPIController (api).
2025-10-30 20:30:32.485 +01:00 [INF] Executing OkObjectResult, writing value of type 'System.Linq.Enumerable+SelectListIterator`2[[Que.Models.Quiz, api, Version=1.0.0.0, Culture=neutral, PublicKeyToken=null],[Que.DTOs.QuizDto, api, Version=1.0.0.0, Culture=neutral, PublicKeyToken=null]]'.
2025-10-30 20:30:32.485 +01:00 [INF] Executed action Que.Controllers.QuizAPIController.QuizList (api) in 1.2369ms
2025-10-30 20:30:32.485 +01:00 [INF] Executed endpoint 'Que.Controllers.QuizAPIController.QuizList (api)'
2025-10-30 20:30:32.485 +01:00 [INF] Request finished HTTP/1.1 GET http://localhost:5043/api/quizapi/quizlist - 200 575 application/json; charset=utf-8 1.959ms
2025-10-30 20:32:23.640 +01:00 [INF] Request starting HTTP/1.1 OPTIONS http://localhost:5043/api/quizapi/1 - null null
2025-10-30 20:32:23.642 +01:00 [INF] CORS policy execution successful.
2025-10-30 20:32:23.642 +01:00 [INF] Request finished HTTP/1.1 OPTIONS http://localhost:5043/api/quizapi/1 - 204 null null 1.8079ms
2025-10-30 20:32:23.640 +01:00 [INF] Request starting HTTP/1.1 OPTIONS http://localhost:5043/api/quizapi/1 - null null
2025-10-30 20:32:23.642 +01:00 [INF] CORS policy execution successful.
2025-10-30 20:32:23.643 +01:00 [INF] Request finished HTTP/1.1 OPTIONS http://localhost:5043/api/quizapi/1 - 204 null null 2.4349ms
2025-10-30 20:32:23.645 +01:00 [INF] Request starting HTTP/1.1 GET http://localhost:5043/api/quizapi/1 - application/json null
2025-10-30 20:32:23.646 +01:00 [INF] CORS policy execution successful.
2025-10-30 20:32:23.646 +01:00 [INF] Executing endpoint 'Que.Controllers.QuizAPIController.GetQuiz (api)'
2025-10-30 20:32:23.647 +01:00 [INF] Route matched with {action = "GetQuiz", controller = "QuizAPI"}. Executing controller action with signature System.Threading.Tasks.Task`1[Microsoft.AspNetCore.Mvc.IActionResult] GetQuiz(Int32) on controller Que.Controllers.QuizAPIController (api).
2025-10-30 20:32:23.648 +01:00 [INF] Executing OkObjectResult, writing value of type 'Castle.Proxies.QuizProxy'.
2025-10-30 20:32:23.649 +01:00 [INF] Executed action Que.Controllers.QuizAPIController.GetQuiz (api) in 1.9719ms
2025-10-30 20:32:23.649 +01:00 [INF] Executed endpoint 'Que.Controllers.QuizAPIController.GetQuiz (api)'
2025-10-30 20:32:23.649 +01:00 [INF] Request finished HTTP/1.1 GET http://localhost:5043/api/quizapi/1 - 200 952 application/json; charset=utf-8 3.2815ms
2025-10-30 20:32:23.649 +01:00 [INF] Request starting HTTP/1.1 GET http://localhost:5043/api/quizapi/1 - application/json null
2025-10-30 20:32:23.649 +01:00 [INF] CORS policy execution successful.
2025-10-30 20:32:23.650 +01:00 [INF] Executing endpoint 'Que.Controllers.QuizAPIController.GetQuiz (api)'
2025-10-30 20:32:23.650 +01:00 [INF] Route matched with {action = "GetQuiz", controller = "QuizAPI"}. Executing controller action with signature System.Threading.Tasks.Task`1[Microsoft.AspNetCore.Mvc.IActionResult] GetQuiz(Int32) on controller Que.Controllers.QuizAPIController (api).
2025-10-30 20:32:23.650 +01:00 [INF] Executing OkObjectResult, writing value of type 'Castle.Proxies.QuizProxy'.
2025-10-30 20:32:23.651 +01:00 [INF] Executed action Que.Controllers.QuizAPIController.GetQuiz (api) in 1.6107ms
2025-10-30 20:32:23.651 +01:00 [INF] Executed endpoint 'Que.Controllers.QuizAPIController.GetQuiz (api)'
2025-10-30 20:32:23.651 +01:00 [INF] Request finished HTTP/1.1 GET http://localhost:5043/api/quizapi/1 - 200 952 application/json; charset=utf-8 2.3532ms
2025-10-30 20:32:37.361 +01:00 [INF] Request starting HTTP/1.1 OPTIONS http://localhost:5043/api/quizapi/1 - null null
2025-10-30 20:32:37.362 +01:00 [INF] Request starting HTTP/1.1 OPTIONS http://localhost:5043/api/quizapi/1 - null null
2025-10-30 20:32:37.362 +01:00 [INF] CORS policy execution successful.
2025-10-30 20:32:37.362 +01:00 [INF] CORS policy execution successful.
2025-10-30 20:32:37.362 +01:00 [INF] Request finished HTTP/1.1 OPTIONS http://localhost:5043/api/quizapi/1 - 204 null null 0.613ms
2025-10-30 20:32:37.362 +01:00 [INF] Request finished HTTP/1.1 OPTIONS http://localhost:5043/api/quizapi/1 - 204 null null 0.2626ms
2025-10-30 20:32:37.363 +01:00 [INF] Request starting HTTP/1.1 GET http://localhost:5043/api/quizapi/1 - application/json null
2025-10-30 20:32:37.363 +01:00 [INF] CORS policy execution successful.
2025-10-30 20:32:37.363 +01:00 [INF] Executing endpoint 'Que.Controllers.QuizAPIController.GetQuiz (api)'
2025-10-30 20:32:37.364 +01:00 [INF] Route matched with {action = "GetQuiz", controller = "QuizAPI"}. Executing controller action with signature System.Threading.Tasks.Task`1[Microsoft.AspNetCore.Mvc.IActionResult] GetQuiz(Int32) on controller Que.Controllers.QuizAPIController (api).
2025-10-30 20:32:37.365 +01:00 [INF] Executing OkObjectResult, writing value of type 'Castle.Proxies.QuizProxy'.
2025-10-30 20:32:37.367 +01:00 [INF] Executed action Que.Controllers.QuizAPIController.GetQuiz (api) in 3.6887ms
2025-10-30 20:32:37.367 +01:00 [INF] Executed endpoint 'Que.Controllers.QuizAPIController.GetQuiz (api)'
2025-10-30 20:32:37.367 +01:00 [INF] Request finished HTTP/1.1 GET http://localhost:5043/api/quizapi/1 - 200 952 application/json; charset=utf-8 4.498ms
2025-10-30 20:32:37.368 +01:00 [INF] Request starting HTTP/1.1 GET http://localhost:5043/api/quizapi/1 - application/json null
2025-10-30 20:32:37.368 +01:00 [INF] CORS policy execution successful.
2025-10-30 20:32:37.368 +01:00 [INF] Executing endpoint 'Que.Controllers.QuizAPIController.GetQuiz (api)'
2025-10-30 20:32:37.368 +01:00 [INF] Route matched with {action = "GetQuiz", controller = "QuizAPI"}. Executing controller action with signature System.Threading.Tasks.Task`1[Microsoft.AspNetCore.Mvc.IActionResult] GetQuiz(Int32) on controller Que.Controllers.QuizAPIController (api).
2025-10-30 20:32:37.369 +01:00 [INF] Executing OkObjectResult, writing value of type 'Castle.Proxies.QuizProxy'.
2025-10-30 20:32:37.370 +01:00 [INF] Executed action Que.Controllers.QuizAPIController.GetQuiz (api) in 2.1112ms
2025-10-30 20:32:37.370 +01:00 [INF] Executed endpoint 'Que.Controllers.QuizAPIController.GetQuiz (api)'
2025-10-30 20:32:37.371 +01:00 [INF] Request finished HTTP/1.1 GET http://localhost:5043/api/quizapi/1 - 200 952 application/json; charset=utf-8 2.7408ms
2025-10-30 20:32:53.206 +01:00 [INF] Request starting HTTP/1.1 OPTIONS http://localhost:5043/api/quizapi/update/1 - null null
2025-10-30 20:32:53.206 +01:00 [INF] CORS policy execution successful.
2025-10-30 20:32:53.206 +01:00 [INF] Request finished HTTP/1.1 OPTIONS http://localhost:5043/api/quizapi/update/1 - 204 null null 0.3952ms
2025-10-30 20:32:53.207 +01:00 [INF] Request starting HTTP/1.1 PUT http://localhost:5043/api/quizapi/update/1 - application/json 1112
2025-10-30 20:32:53.208 +01:00 [INF] CORS policy execution successful.
2025-10-30 20:32:53.208 +01:00 [INF] Executing endpoint 'Que.Controllers.QuizAPIController.Update (api)'
2025-10-30 20:32:53.208 +01:00 [INF] Route matched with {action = "Update", controller = "QuizAPI"}. Executing controller action with signature System.Threading.Tasks.Task`1[Microsoft.AspNetCore.Mvc.IActionResult] Update(Int32, Que.DTOs.QuizDto) on controller Que.Controllers.QuizAPIController (api).
2025-10-30 20:32:53.212 +01:00 [INF] Executing OkObjectResult, writing value of type 'Castle.Proxies.QuizProxy'.
2025-10-30 20:32:53.212 +01:00 [INF] Executed action Que.Controllers.QuizAPIController.Update (api) in 4.1721ms
2025-10-30 20:32:53.212 +01:00 [INF] Executed endpoint 'Que.Controllers.QuizAPIController.Update (api)'
2025-10-30 20:32:53.212 +01:00 [INF] Request finished HTTP/1.1 PUT http://localhost:5043/api/quizapi/update/1 - 200 952 application/json; charset=utf-8 5.1625ms
2025-10-30 20:32:53.230 +01:00 [INF] Request starting HTTP/1.1 OPTIONS http://localhost:5043/api/quizapi/quizlist - null null
2025-10-30 20:32:53.230 +01:00 [INF] Request starting HTTP/1.1 OPTIONS http://localhost:5043/api/quizapi/quizlist - null null
2025-10-30 20:32:53.230 +01:00 [INF] CORS policy execution successful.
2025-10-30 20:32:53.230 +01:00 [INF] CORS policy execution successful.
2025-10-30 20:32:53.230 +01:00 [INF] Request finished HTTP/1.1 OPTIONS http://localhost:5043/api/quizapi/quizlist - 204 null null 0.2656ms
2025-10-30 20:32:53.230 +01:00 [INF] Request finished HTTP/1.1 OPTIONS http://localhost:5043/api/quizapi/quizlist - 204 null null 0.2688ms
2025-10-30 20:32:53.232 +01:00 [INF] Request starting HTTP/1.1 GET http://localhost:5043/api/quizapi/quizlist - application/json null
2025-10-30 20:32:53.232 +01:00 [INF] CORS policy execution successful.
2025-10-30 20:32:53.232 +01:00 [INF] Executing endpoint 'Que.Controllers.QuizAPIController.QuizList (api)'
2025-10-30 20:32:53.232 +01:00 [INF] Route matched with {action = "QuizList", controller = "QuizAPI"}. Executing controller action with signature System.Threading.Tasks.Task`1[Microsoft.AspNetCore.Mvc.IActionResult] QuizList() on controller Que.Controllers.QuizAPIController (api).
2025-10-30 20:32:53.233 +01:00 [INF] Executing OkObjectResult, writing value of type 'System.Linq.Enumerable+SelectListIterator`2[[Que.Models.Quiz, api, Version=1.0.0.0, Culture=neutral, PublicKeyToken=null],[Que.DTOs.QuizDto, api, Version=1.0.0.0, Culture=neutral, PublicKeyToken=null]]'.
2025-10-30 20:32:53.233 +01:00 [INF] Executed action Que.Controllers.QuizAPIController.QuizList (api) in 1.2511ms
2025-10-30 20:32:53.234 +01:00 [INF] Executed endpoint 'Que.Controllers.QuizAPIController.QuizList (api)'
2025-10-30 20:32:53.234 +01:00 [INF] Request finished HTTP/1.1 GET http://localhost:5043/api/quizapi/quizlist - 200 575 application/json; charset=utf-8 1.8342ms
2025-10-30 20:32:53.234 +01:00 [INF] Request starting HTTP/1.1 GET http://localhost:5043/api/quizapi/quizlist - application/json null
2025-10-30 20:32:53.234 +01:00 [INF] CORS policy execution successful.
2025-10-30 20:32:53.234 +01:00 [INF] Executing endpoint 'Que.Controllers.QuizAPIController.QuizList (api)'
2025-10-30 20:32:53.234 +01:00 [INF] Route matched with {action = "QuizList", controller = "QuizAPI"}. Executing controller action with signature System.Threading.Tasks.Task`1[Microsoft.AspNetCore.Mvc.IActionResult] QuizList() on controller Que.Controllers.QuizAPIController (api).
2025-10-30 20:32:53.235 +01:00 [INF] Executing OkObjectResult, writing value of type 'System.Linq.Enumerable+SelectListIterator`2[[Que.Models.Quiz, api, Version=1.0.0.0, Culture=neutral, PublicKeyToken=null],[Que.DTOs.QuizDto, api, Version=1.0.0.0, Culture=neutral, PublicKeyToken=null]]'.
2025-10-30 20:32:53.236 +01:00 [INF] Executed action Que.Controllers.QuizAPIController.QuizList (api) in 1.4294ms
2025-10-30 20:32:53.236 +01:00 [INF] Executed endpoint 'Que.Controllers.QuizAPIController.QuizList (api)'
2025-10-30 20:32:53.236 +01:00 [INF] Request finished HTTP/1.1 GET http://localhost:5043/api/quizapi/quizlist - 200 575 application/json; charset=utf-8 1.8555ms
2025-10-30 20:32:55.479 +01:00 [INF] Request starting HTTP/1.1 OPTIONS http://localhost:5043/api/quizapi/1 - null null
2025-10-30 20:32:55.479 +01:00 [INF] CORS policy execution successful.
2025-10-30 20:32:55.479 +01:00 [INF] Request finished HTTP/1.1 OPTIONS http://localhost:5043/api/quizapi/1 - 204 null null 0.4443ms
2025-10-30 20:32:55.482 +01:00 [INF] Request starting HTTP/1.1 OPTIONS http://localhost:5043/api/quizapi/1 - null null
2025-10-30 20:32:55.483 +01:00 [INF] CORS policy execution successful.
2025-10-30 20:32:55.483 +01:00 [INF] Request finished HTTP/1.1 OPTIONS http://localhost:5043/api/quizapi/1 - 204 null null 0.2689ms
2025-10-30 20:32:55.484 +01:00 [INF] Request starting HTTP/1.1 GET http://localhost:5043/api/quizapi/1 - application/json null
2025-10-30 20:32:55.484 +01:00 [INF] CORS policy execution successful.
2025-10-30 20:32:55.485 +01:00 [INF] Executing endpoint 'Que.Controllers.QuizAPIController.GetQuiz (api)'
2025-10-30 20:32:55.485 +01:00 [INF] Route matched with {action = "GetQuiz", controller = "QuizAPI"}. Executing controller action with signature System.Threading.Tasks.Task`1[Microsoft.AspNetCore.Mvc.IActionResult] GetQuiz(Int32) on controller Que.Controllers.QuizAPIController (api).
2025-10-30 20:32:55.487 +01:00 [INF] Executing OkObjectResult, writing value of type 'Castle.Proxies.QuizProxy'.
2025-10-30 20:32:55.488 +01:00 [INF] Executed action Que.Controllers.QuizAPIController.GetQuiz (api) in 3.1632ms
2025-10-30 20:32:55.488 +01:00 [INF] Executed endpoint 'Que.Controllers.QuizAPIController.GetQuiz (api)'
2025-10-30 20:32:55.488 +01:00 [INF] Request finished HTTP/1.1 GET http://localhost:5043/api/quizapi/1 - 200 952 application/json; charset=utf-8 4.3743ms
2025-10-30 20:32:55.488 +01:00 [INF] Request starting HTTP/1.1 GET http://localhost:5043/api/quizapi/1 - application/json null
2025-10-30 20:32:55.488 +01:00 [INF] CORS policy execution successful.
2025-10-30 20:32:55.489 +01:00 [INF] Executing endpoint 'Que.Controllers.QuizAPIController.GetQuiz (api)'
2025-10-30 20:32:55.489 +01:00 [INF] Route matched with {action = "GetQuiz", controller = "QuizAPI"}. Executing controller action with signature System.Threading.Tasks.Task`1[Microsoft.AspNetCore.Mvc.IActionResult] GetQuiz(Int32) on controller Que.Controllers.QuizAPIController (api).
2025-10-30 20:32:55.489 +01:00 [INF] Executing OkObjectResult, writing value of type 'Castle.Proxies.QuizProxy'.
2025-10-30 20:32:55.490 +01:00 [INF] Executed action Que.Controllers.QuizAPIController.GetQuiz (api) in 1.1126ms
2025-10-30 20:32:55.490 +01:00 [INF] Executed endpoint 'Que.Controllers.QuizAPIController.GetQuiz (api)'
2025-10-30 20:32:55.490 +01:00 [INF] Request finished HTTP/1.1 GET http://localhost:5043/api/quizapi/1 - 200 952 application/json; charset=utf-8 1.5287ms
2025-10-30 20:32:57.549 +01:00 [INF] Request starting HTTP/1.1 GET http://localhost:5043/api/quizapi/quizlist - application/json null
2025-10-30 20:32:57.549 +01:00 [INF] CORS policy execution successful.
2025-10-30 20:32:57.550 +01:00 [INF] Executing endpoint 'Que.Controllers.QuizAPIController.QuizList (api)'
2025-10-30 20:32:57.550 +01:00 [INF] Route matched with {action = "QuizList", controller = "QuizAPI"}. Executing controller action with signature System.Threading.Tasks.Task`1[Microsoft.AspNetCore.Mvc.IActionResult] QuizList() on controller Que.Controllers.QuizAPIController (api).
2025-10-30 20:32:57.552 +01:00 [INF] Executing OkObjectResult, writing value of type 'System.Linq.Enumerable+SelectListIterator`2[[Que.Models.Quiz, api, Version=1.0.0.0, Culture=neutral, PublicKeyToken=null],[Que.DTOs.QuizDto, api, Version=1.0.0.0, Culture=neutral, PublicKeyToken=null]]'.
2025-10-30 20:32:57.552 +01:00 [INF] Executed action Que.Controllers.QuizAPIController.QuizList (api) in 2.2568ms
2025-10-30 20:32:57.552 +01:00 [INF] Executed endpoint 'Que.Controllers.QuizAPIController.QuizList (api)'
2025-10-30 20:32:57.553 +01:00 [INF] Request finished HTTP/1.1 GET http://localhost:5043/api/quizapi/quizlist - 200 575 application/json; charset=utf-8 3.4302ms
2025-10-30 20:32:57.553 +01:00 [INF] Request starting HTTP/1.1 GET http://localhost:5043/api/quizapi/quizlist - application/json null
2025-10-30 20:32:57.553 +01:00 [INF] CORS policy execution successful.
2025-10-30 20:32:57.554 +01:00 [INF] Executing endpoint 'Que.Controllers.QuizAPIController.QuizList (api)'
2025-10-30 20:32:57.554 +01:00 [INF] Route matched with {action = "QuizList", controller = "QuizAPI"}. Executing controller action with signature System.Threading.Tasks.Task`1[Microsoft.AspNetCore.Mvc.IActionResult] QuizList() on controller Que.Controllers.QuizAPIController (api).
2025-10-30 20:32:57.555 +01:00 [INF] Executing OkObjectResult, writing value of type 'System.Linq.Enumerable+SelectListIterator`2[[Que.Models.Quiz, api, Version=1.0.0.0, Culture=neutral, PublicKeyToken=null],[Que.DTOs.QuizDto, api, Version=1.0.0.0, Culture=neutral, PublicKeyToken=null]]'.
2025-10-30 20:32:57.555 +01:00 [INF] Executed action Que.Controllers.QuizAPIController.QuizList (api) in 1.5095ms
2025-10-30 20:32:57.556 +01:00 [INF] Executed endpoint 'Que.Controllers.QuizAPIController.QuizList (api)'
2025-10-30 20:32:57.556 +01:00 [INF] Request finished HTTP/1.1 GET http://localhost:5043/api/quizapi/quizlist - 200 575 application/json; charset=utf-8 2.3035ms
2025-10-30 20:53:36.574 +01:00 [INF] Request starting HTTP/1.1 OPTIONS http://localhost:5043/api/quizapi/1 - null null
2025-10-30 20:53:36.574 +01:00 [INF] Request starting HTTP/1.1 OPTIONS http://localhost:5043/api/quizapi/1 - null null
2025-10-30 20:53:36.575 +01:00 [INF] CORS policy execution successful.
2025-10-30 20:53:36.575 +01:00 [INF] CORS policy execution successful.
2025-10-30 20:53:36.575 +01:00 [INF] Request finished HTTP/1.1 OPTIONS http://localhost:5043/api/quizapi/1 - 204 null null 0.8293ms
2025-10-30 20:53:36.575 +01:00 [INF] Request finished HTTP/1.1 OPTIONS http://localhost:5043/api/quizapi/1 - 204 null null 0.8401ms
2025-10-30 20:53:36.577 +01:00 [INF] Request starting HTTP/1.1 GET http://localhost:5043/api/quizapi/1 - application/json null
2025-10-30 20:53:36.577 +01:00 [INF] CORS policy execution successful.
2025-10-30 20:53:36.577 +01:00 [INF] Executing endpoint 'Que.Controllers.QuizAPIController.GetQuiz (api)'
2025-10-30 20:53:36.577 +01:00 [INF] Route matched with {action = "GetQuiz", controller = "QuizAPI"}. Executing controller action with signature System.Threading.Tasks.Task`1[Microsoft.AspNetCore.Mvc.IActionResult] GetQuiz(Int32) on controller Que.Controllers.QuizAPIController (api).
2025-10-30 20:53:36.580 +01:00 [INF] Executing OkObjectResult, writing value of type 'Castle.Proxies.QuizProxy'.
2025-10-30 20:53:36.582 +01:00 [INF] Executed action Que.Controllers.QuizAPIController.GetQuiz (api) in 4.2917ms
2025-10-30 20:53:36.582 +01:00 [INF] Executed endpoint 'Que.Controllers.QuizAPIController.GetQuiz (api)'
2025-10-30 20:53:36.582 +01:00 [INF] Request finished HTTP/1.1 GET http://localhost:5043/api/quizapi/1 - 200 952 application/json; charset=utf-8 5.1309ms
2025-10-30 20:53:36.582 +01:00 [INF] Request starting HTTP/1.1 GET http://localhost:5043/api/quizapi/1 - application/json null
2025-10-30 20:53:36.582 +01:00 [INF] CORS policy execution successful.
2025-10-30 20:53:36.583 +01:00 [INF] Executing endpoint 'Que.Controllers.QuizAPIController.GetQuiz (api)'
2025-10-30 20:53:36.583 +01:00 [INF] Route matched with {action = "GetQuiz", controller = "QuizAPI"}. Executing controller action with signature System.Threading.Tasks.Task`1[Microsoft.AspNetCore.Mvc.IActionResult] GetQuiz(Int32) on controller Que.Controllers.QuizAPIController (api).
2025-10-30 20:53:36.584 +01:00 [INF] Executing OkObjectResult, writing value of type 'Castle.Proxies.QuizProxy'.
2025-10-30 20:53:36.585 +01:00 [INF] Executed action Que.Controllers.QuizAPIController.GetQuiz (api) in 2.0576ms
2025-10-30 20:53:36.585 +01:00 [INF] Executed endpoint 'Que.Controllers.QuizAPIController.GetQuiz (api)'
2025-10-30 20:53:36.585 +01:00 [INF] Request finished HTTP/1.1 GET http://localhost:5043/api/quizapi/1 - 200 952 application/json; charset=utf-8 2.9051ms
2025-10-30 20:54:04.270 +01:00 [INF] Request starting HTTP/1.1 OPTIONS http://localhost:5043/api/quizapi/update/1 - null null
2025-10-30 20:54:04.270 +01:00 [INF] CORS policy execution successful.
2025-10-30 20:54:04.270 +01:00 [INF] Request finished HTTP/1.1 OPTIONS http://localhost:5043/api/quizapi/update/1 - 204 null null 0.307ms
2025-10-30 20:54:04.271 +01:00 [INF] Request starting HTTP/1.1 PUT http://localhost:5043/api/quizapi/update/1 - application/json 1318
2025-10-30 20:54:04.271 +01:00 [INF] CORS policy execution successful.
2025-10-30 20:54:04.273 +01:00 [INF] Executing endpoint 'Que.Controllers.QuizAPIController.Update (api)'
2025-10-30 20:54:04.273 +01:00 [INF] Route matched with {action = "Update", controller = "QuizAPI"}. Executing controller action with signature System.Threading.Tasks.Task`1[Microsoft.AspNetCore.Mvc.IActionResult] Update(Int32, Que.DTOs.QuizDto) on controller Que.Controllers.QuizAPIController (api).
2025-10-30 20:54:04.276 +01:00 [INF] Executing OkObjectResult, writing value of type 'Castle.Proxies.QuizProxy'.
2025-10-30 20:54:04.277 +01:00 [INF] Executed action Que.Controllers.QuizAPIController.Update (api) in 4.1453ms
2025-10-30 20:54:04.277 +01:00 [INF] Executed endpoint 'Que.Controllers.QuizAPIController.Update (api)'
2025-10-30 20:54:04.278 +01:00 [INF] Request finished HTTP/1.1 PUT http://localhost:5043/api/quizapi/update/1 - 200 952 application/json; charset=utf-8 6.1385ms
2025-10-30 20:54:04.295 +01:00 [INF] Request starting HTTP/1.1 OPTIONS http://localhost:5043/api/quizapi/quizlist - null null
2025-10-30 20:54:04.295 +01:00 [INF] CORS policy execution successful.
2025-10-30 20:54:04.295 +01:00 [INF] Request starting HTTP/1.1 OPTIONS http://localhost:5043/api/quizapi/quizlist - null null
2025-10-30 20:54:04.295 +01:00 [INF] Request finished HTTP/1.1 OPTIONS http://localhost:5043/api/quizapi/quizlist - 204 null null 0.1856ms
2025-10-30 20:54:04.295 +01:00 [INF] CORS policy execution successful.
2025-10-30 20:54:04.295 +01:00 [INF] Request finished HTTP/1.1 OPTIONS http://localhost:5043/api/quizapi/quizlist - 204 null null 0.1753ms
2025-10-30 20:54:04.296 +01:00 [INF] Request starting HTTP/1.1 GET http://localhost:5043/api/quizapi/quizlist - application/json null
2025-10-30 20:54:04.297 +01:00 [INF] CORS policy execution successful.
2025-10-30 20:54:04.297 +01:00 [INF] Executing endpoint 'Que.Controllers.QuizAPIController.QuizList (api)'
2025-10-30 20:54:04.297 +01:00 [INF] Route matched with {action = "QuizList", controller = "QuizAPI"}. Executing controller action with signature System.Threading.Tasks.Task`1[Microsoft.AspNetCore.Mvc.IActionResult] QuizList() on controller Que.Controllers.QuizAPIController (api).
2025-10-30 20:54:04.298 +01:00 [INF] Executing OkObjectResult, writing value of type 'System.Linq.Enumerable+SelectListIterator`2[[Que.Models.Quiz, api, Version=1.0.0.0, Culture=neutral, PublicKeyToken=null],[Que.DTOs.QuizDto, api, Version=1.0.0.0, Culture=neutral, PublicKeyToken=null]]'.
2025-10-30 20:54:04.299 +01:00 [INF] Executed action Que.Controllers.QuizAPIController.QuizList (api) in 1.2245ms
2025-10-30 20:54:04.299 +01:00 [INF] Executed endpoint 'Que.Controllers.QuizAPIController.QuizList (api)'
2025-10-30 20:54:04.299 +01:00 [INF] Request finished HTTP/1.1 GET http://localhost:5043/api/quizapi/quizlist - 200 575 application/json; charset=utf-8 2.4669ms
2025-10-30 20:54:04.299 +01:00 [INF] Request starting HTTP/1.1 GET http://localhost:5043/api/quizapi/quizlist - application/json null
2025-10-30 20:54:04.299 +01:00 [INF] CORS policy execution successful.
2025-10-30 20:54:04.299 +01:00 [INF] Executing endpoint 'Que.Controllers.QuizAPIController.QuizList (api)'
2025-10-30 20:54:04.299 +01:00 [INF] Route matched with {action = "QuizList", controller = "QuizAPI"}. Executing controller action with signature System.Threading.Tasks.Task`1[Microsoft.AspNetCore.Mvc.IActionResult] QuizList() on controller Que.Controllers.QuizAPIController (api).
2025-10-30 20:54:04.300 +01:00 [INF] Executing OkObjectResult, writing value of type 'System.Linq.Enumerable+SelectListIterator`2[[Que.Models.Quiz, api, Version=1.0.0.0, Culture=neutral, PublicKeyToken=null],[Que.DTOs.QuizDto, api, Version=1.0.0.0, Culture=neutral, PublicKeyToken=null]]'.
2025-10-30 20:54:04.300 +01:00 [INF] Executed action Que.Controllers.QuizAPIController.QuizList (api) in 0.6378ms
2025-10-30 20:54:04.300 +01:00 [INF] Executed endpoint 'Que.Controllers.QuizAPIController.QuizList (api)'
2025-10-30 20:54:04.300 +01:00 [INF] Request finished HTTP/1.1 GET http://localhost:5043/api/quizapi/quizlist - 200 575 application/json; charset=utf-8 1.0501ms
2025-10-30 20:54:07.466 +01:00 [INF] Request starting HTTP/1.1 OPTIONS http://localhost:5043/api/quizapi/1 - null null
2025-10-30 20:54:07.467 +01:00 [INF] CORS policy execution successful.
2025-10-30 20:54:07.467 +01:00 [INF] Request finished HTTP/1.1 OPTIONS http://localhost:5043/api/quizapi/1 - 204 null null 0.4766ms
2025-10-30 20:54:07.467 +01:00 [INF] Request starting HTTP/1.1 OPTIONS http://localhost:5043/api/quizapi/1 - null null
2025-10-30 20:54:07.467 +01:00 [INF] CORS policy execution successful.
2025-10-30 20:54:07.467 +01:00 [INF] Request finished HTTP/1.1 OPTIONS http://localhost:5043/api/quizapi/1 - 204 null null 0.2463ms
2025-10-30 20:54:07.469 +01:00 [INF] Request starting HTTP/1.1 GET http://localhost:5043/api/quizapi/1 - application/json null
2025-10-30 20:54:07.469 +01:00 [INF] CORS policy execution successful.
2025-10-30 20:54:07.470 +01:00 [INF] Executing endpoint 'Que.Controllers.QuizAPIController.GetQuiz (api)'
2025-10-30 20:54:07.470 +01:00 [INF] Route matched with {action = "GetQuiz", controller = "QuizAPI"}. Executing controller action with signature System.Threading.Tasks.Task`1[Microsoft.AspNetCore.Mvc.IActionResult] GetQuiz(Int32) on controller Que.Controllers.QuizAPIController (api).
2025-10-30 20:54:07.471 +01:00 [INF] Executing OkObjectResult, writing value of type 'Castle.Proxies.QuizProxy'.
2025-10-30 20:54:07.473 +01:00 [INF] Executed action Que.Controllers.QuizAPIController.GetQuiz (api) in 3.4473ms
2025-10-30 20:54:07.473 +01:00 [INF] Executed endpoint 'Que.Controllers.QuizAPIController.GetQuiz (api)'
2025-10-30 20:54:07.473 +01:00 [INF] Request finished HTTP/1.1 GET http://localhost:5043/api/quizapi/1 - 200 952 application/json; charset=utf-8 4.5477ms
2025-10-30 20:54:07.474 +01:00 [INF] Request starting HTTP/1.1 GET http://localhost:5043/api/quizapi/1 - application/json null
2025-10-30 20:54:07.474 +01:00 [INF] CORS policy execution successful.
2025-10-30 20:54:07.474 +01:00 [INF] Executing endpoint 'Que.Controllers.QuizAPIController.GetQuiz (api)'
2025-10-30 20:54:07.474 +01:00 [INF] Route matched with {action = "GetQuiz", controller = "QuizAPI"}. Executing controller action with signature System.Threading.Tasks.Task`1[Microsoft.AspNetCore.Mvc.IActionResult] GetQuiz(Int32) on controller Que.Controllers.QuizAPIController (api).
2025-10-30 20:54:07.475 +01:00 [INF] Executing OkObjectResult, writing value of type 'Castle.Proxies.QuizProxy'.
2025-10-30 20:54:07.475 +01:00 [INF] Executed action Que.Controllers.QuizAPIController.GetQuiz (api) in 1.2655ms
2025-10-30 20:54:07.475 +01:00 [INF] Executed endpoint 'Que.Controllers.QuizAPIController.GetQuiz (api)'
2025-10-30 20:54:07.475 +01:00 [INF] Request finished HTTP/1.1 GET http://localhost:5043/api/quizapi/1 - 200 952 application/json; charset=utf-8 1.6581ms
2025-10-30 20:55:04.663 +01:00 [INF] Application is shutting down...
