2025-11-03 13:13:34.951 +01:00 [INF] Found 2 users in AuthDbContext
2025-11-03 13:13:35.114 +01:00 [INF] User profile is available. Using 'C:\Users\erikg\AppData\Local\ASP.NET\DataProtection-Keys' as key repository and Windows DPAPI to encrypt keys at rest.
2025-11-03 13:13:35.152 +01:00 [INF] Now listening on: http://localhost:5043
2025-11-03 13:13:35.152 +01:00 [INF] Application started. Press Ctrl+C to shut down.
2025-11-03 13:13:35.152 +01:00 [INF] Hosting environment: Development
2025-11-03 13:13:35.152 +01:00 [INF] Content root path: C:\Users\erikg\OneDrive\Student\Webapplikasjoner\QueEksamen\api
2025-11-03 13:13:43.652 +01:00 [INF] Request starting HTTP/1.1 OPTIONS http://localhost:5043/api/Auth/login - null null
2025-11-03 13:13:43.707 +01:00 [INF] CORS policy execution successful.
2025-11-03 13:13:43.715 +01:00 [INF] Request finished HTTP/1.1 OPTIONS http://localhost:5043/api/Auth/login - 204 null null 64.8752ms
2025-11-03 13:13:43.721 +01:00 [INF] Request starting HTTP/1.1 POST http://localhost:5043/api/Auth/login - application/json 42
2025-11-03 13:13:43.727 +01:00 [INF] CORS policy execution successful.
2025-11-03 13:13:43.748 +01:00 [INF] Executing endpoint 'Que.Controllers.AuthController.Login (api)'
2025-11-03 13:13:43.778 +01:00 [INF] Route matched with {action = "Login", controller = "Auth"}. Executing controller action with signature System.Threading.Tasks.Task`1[Microsoft.AspNetCore.Mvc.IActionResult] Login(Que.DTOs.LoginDto) on controller Que.Controllers.AuthController (api).
2025-11-03 13:13:44.244 +01:00 [INF] [AuthAPIController] user authorized for Erik
2025-11-03 13:13:44.259 +01:00 [INF] JWT token generated for UserId=cec8b59c-1770-4377-b2f0-f553351eddcb
2025-11-03 13:13:44.306 +01:00 [INF] Executing OkObjectResult, writing value of type '<>f__AnonymousType1`1[[System.String, System.Private.CoreLib, Version=8.0.0.0, Culture=neutral, PublicKeyToken=7cec85d7bea7798e]]'.
2025-11-03 13:13:44.361 +01:00 [INF] Executed action Que.Controllers.AuthController.Login (api) in 576.0355ms
2025-11-03 13:13:44.361 +01:00 [INF] Executed endpoint 'Que.Controllers.AuthController.Login (api)'
2025-11-03 13:13:44.371 +01:00 [INF] Request finished HTTP/1.1 POST http://localhost:5043/api/Auth/login - 200 653 application/json; charset=utf-8 649.0146ms
2025-11-03 13:13:44.433 +01:00 [INF] Request starting HTTP/1.1 OPTIONS http://localhost:5043/api/quizapi/quizlist - null null
2025-11-03 13:13:44.433 +01:00 [INF] Request starting HTTP/1.1 OPTIONS http://localhost:5043/api/quizapi/quizlist - null null
2025-11-03 13:13:44.436 +01:00 [INF] CORS policy execution successful.
2025-11-03 13:13:44.436 +01:00 [INF] CORS policy execution successful.
2025-11-03 13:13:44.436 +01:00 [INF] Request finished HTTP/1.1 OPTIONS http://localhost:5043/api/quizapi/quizlist - 204 null null 2.4214ms
2025-11-03 13:13:44.436 +01:00 [INF] Request finished HTTP/1.1 OPTIONS http://localhost:5043/api/quizapi/quizlist - 204 null null 2.5301ms
2025-11-03 13:13:44.440 +01:00 [INF] Request starting HTTP/1.1 GET http://localhost:5043/api/quizapi/quizlist - application/json null
2025-11-03 13:13:44.452 +01:00 [INF] CORS policy execution successful.
2025-11-03 13:13:44.543 +01:00 [INF] Executing endpoint 'Que.Controllers.QuizAPIController.GetAllQuizes (api)'
2025-11-03 13:13:44.552 +01:00 [INF] Route matched with {action = "GetAllQuizes", controller = "QuizAPI"}. Executing controller action with signature System.Threading.Tasks.Task`1[Microsoft.AspNetCore.Mvc.IActionResult] GetAllQuizes() on controller Que.Controllers.QuizAPIController (api).
2025-11-03 13:13:44.563 +01:00 [INF] [QuizAPIController] Fetching quiz list for user: cec8b59c-1770-4377-b2f0-f553351eddcb
2025-11-03 13:13:44.759 +01:00 [INF] [QuizAPIController] Returning 3 visible quizzes for user: cec8b59c-1770-4377-b2f0-f553351eddcb
2025-11-03 13:13:44.760 +01:00 [INF] Executing OkObjectResult, writing value of type 'System.Collections.Generic.List`1[[Que.DTOs.QuizDto, api, Version=1.0.0.0, Culture=neutral, PublicKeyToken=null]]'.
2025-11-03 13:13:44.795 +01:00 [INF] Executed action Que.Controllers.QuizAPIController.GetAllQuizes (api) in 242.2682ms
2025-11-03 13:13:44.795 +01:00 [INF] Executed endpoint 'Que.Controllers.QuizAPIController.GetAllQuizes (api)'
2025-11-03 13:13:44.797 +01:00 [INF] Request starting HTTP/1.1 GET http://localhost:5043/api/quizapi/quizlist - application/json null
2025-11-03 13:13:44.800 +01:00 [INF] CORS policy execution successful.
2025-11-03 13:13:44.802 +01:00 [INF] Request finished HTTP/1.1 GET http://localhost:5043/api/quizapi/quizlist - 200 428 application/json; charset=utf-8 362.5719ms
2025-11-03 13:13:44.808 +01:00 [INF] Executing endpoint 'Que.Controllers.QuizAPIController.GetAllQuizes (api)'
2025-11-03 13:13:44.809 +01:00 [INF] Route matched with {action = "GetAllQuizes", controller = "QuizAPI"}. Executing controller action with signature System.Threading.Tasks.Task`1[Microsoft.AspNetCore.Mvc.IActionResult] GetAllQuizes() on controller Que.Controllers.QuizAPIController (api).
2025-11-03 13:13:44.828 +01:00 [INF] [QuizAPIController] Fetching quiz list for user: cec8b59c-1770-4377-b2f0-f553351eddcb
2025-11-03 13:13:44.834 +01:00 [INF] [QuizAPIController] Returning 3 visible quizzes for user: cec8b59c-1770-4377-b2f0-f553351eddcb
2025-11-03 13:13:44.834 +01:00 [INF] Executing OkObjectResult, writing value of type 'System.Collections.Generic.List`1[[Que.DTOs.QuizDto, api, Version=1.0.0.0, Culture=neutral, PublicKeyToken=null]]'.
2025-11-03 13:13:44.836 +01:00 [INF] Executed action Que.Controllers.QuizAPIController.GetAllQuizes (api) in 26.6742ms
2025-11-03 13:13:44.836 +01:00 [INF] Executed endpoint 'Que.Controllers.QuizAPIController.GetAllQuizes (api)'
2025-11-03 13:13:44.836 +01:00 [INF] Request finished HTTP/1.1 GET http://localhost:5043/api/quizapi/quizlist - 200 428 application/json; charset=utf-8 39.012ms
2025-11-03 13:15:28.825 +01:00 [INF] Request starting HTTP/1.1 OPTIONS http://localhost:5043/api/quizapi/quizlist - null null
2025-11-03 13:15:28.825 +01:00 [INF] Request starting HTTP/1.1 OPTIONS http://localhost:5043/api/quizapi/quizlist - null null
2025-11-03 13:15:28.826 +01:00 [INF] CORS policy execution successful.
2025-11-03 13:15:28.826 +01:00 [INF] CORS policy execution successful.
2025-11-03 13:15:28.826 +01:00 [INF] Request finished HTTP/1.1 OPTIONS http://localhost:5043/api/quizapi/quizlist - 204 null null 0.894ms
2025-11-03 13:15:28.826 +01:00 [INF] Request finished HTTP/1.1 OPTIONS http://localhost:5043/api/quizapi/quizlist - 204 null null 0.8902ms
2025-11-03 13:15:28.828 +01:00 [INF] Request starting HTTP/1.1 GET http://localhost:5043/api/quizapi/quizlist - application/json null
2025-11-03 13:15:28.828 +01:00 [INF] CORS policy execution successful.
2025-11-03 13:15:28.831 +01:00 [INF] Executing endpoint 'Que.Controllers.QuizAPIController.GetAllQuizes (api)'
2025-11-03 13:15:28.832 +01:00 [INF] Route matched with {action = "GetAllQuizes", controller = "QuizAPI"}. Executing controller action with signature System.Threading.Tasks.Task`1[Microsoft.AspNetCore.Mvc.IActionResult] GetAllQuizes() on controller Que.Controllers.QuizAPIController (api).
2025-11-03 13:15:28.836 +01:00 [INF] [QuizAPIController] Fetching quiz list for user: cec8b59c-1770-4377-b2f0-f553351eddcb
2025-11-03 13:15:28.839 +01:00 [INF] [QuizAPIController] Returning 3 visible quizzes for user: cec8b59c-1770-4377-b2f0-f553351eddcb
2025-11-03 13:15:28.840 +01:00 [INF] Executing OkObjectResult, writing value of type 'System.Collections.Generic.List`1[[Que.DTOs.QuizDto, api, Version=1.0.0.0, Culture=neutral, PublicKeyToken=null]]'.
2025-11-03 13:15:28.840 +01:00 [INF] Executed action Que.Controllers.QuizAPIController.GetAllQuizes (api) in 8.4804ms
2025-11-03 13:15:28.840 +01:00 [INF] Executed endpoint 'Que.Controllers.QuizAPIController.GetAllQuizes (api)'
2025-11-03 13:15:28.841 +01:00 [INF] Request finished HTTP/1.1 GET http://localhost:5043/api/quizapi/quizlist - 200 428 application/json; charset=utf-8 12.585ms
2025-11-03 13:15:28.842 +01:00 [INF] Request starting HTTP/1.1 GET http://localhost:5043/api/quizapi/quizlist - application/json null
2025-11-03 13:15:28.842 +01:00 [INF] CORS policy execution successful.
2025-11-03 13:15:28.842 +01:00 [INF] Executing endpoint 'Que.Controllers.QuizAPIController.GetAllQuizes (api)'
2025-11-03 13:15:28.843 +01:00 [INF] Route matched with {action = "GetAllQuizes", controller = "QuizAPI"}. Executing controller action with signature System.Threading.Tasks.Task`1[Microsoft.AspNetCore.Mvc.IActionResult] GetAllQuizes() on controller Que.Controllers.QuizAPIController (api).
2025-11-03 13:15:28.843 +01:00 [INF] [QuizAPIController] Fetching quiz list for user: cec8b59c-1770-4377-b2f0-f553351eddcb
2025-11-03 13:15:28.845 +01:00 [INF] [QuizAPIController] Returning 3 visible quizzes for user: cec8b59c-1770-4377-b2f0-f553351eddcb
2025-11-03 13:15:28.845 +01:00 [INF] Executing OkObjectResult, writing value of type 'System.Collections.Generic.List`1[[Que.DTOs.QuizDto, api, Version=1.0.0.0, Culture=neutral, PublicKeyToken=null]]'.
2025-11-03 13:15:28.846 +01:00 [INF] Executed action Que.Controllers.QuizAPIController.GetAllQuizes (api) in 3.0139ms
2025-11-03 13:15:28.846 +01:00 [INF] Executed endpoint 'Que.Controllers.QuizAPIController.GetAllQuizes (api)'
2025-11-03 13:15:28.846 +01:00 [INF] Request finished HTTP/1.1 GET http://localhost:5043/api/quizapi/quizlist - 200 428 application/json; charset=utf-8 4.4196ms
2025-11-03 13:20:09.474 +01:00 [INF] Request starting HTTP/1.1 OPTIONS http://localhost:5043/api/quizapi/quizlist - null null
2025-11-03 13:20:09.474 +01:00 [INF] CORS policy execution successful.
2025-11-03 13:20:09.475 +01:00 [INF] Request finished HTTP/1.1 OPTIONS http://localhost:5043/api/quizapi/quizlist - 204 null null 0.4996ms
2025-11-03 13:20:09.476 +01:00 [INF] Request starting HTTP/1.1 GET http://localhost:5043/api/quizapi/quizlist - application/json null
2025-11-03 13:20:09.477 +01:00 [INF] CORS policy execution successful.
2025-11-03 13:20:09.478 +01:00 [INF] Executing endpoint 'Que.Controllers.QuizAPIController.GetAllQuizes (api)'
2025-11-03 13:20:09.479 +01:00 [INF] Route matched with {action = "GetAllQuizes", controller = "QuizAPI"}. Executing controller action with signature System.Threading.Tasks.Task`1[Microsoft.AspNetCore.Mvc.IActionResult] GetAllQuizes() on controller Que.Controllers.QuizAPIController (api).
2025-11-03 13:20:09.480 +01:00 [INF] [QuizAPIController] Fetching quiz list for user: cec8b59c-1770-4377-b2f0-f553351eddcb
2025-11-03 13:20:09.487 +01:00 [INF] [QuizAPIController] Returning 3 visible quizzes for user: cec8b59c-1770-4377-b2f0-f553351eddcb
2025-11-03 13:20:09.487 +01:00 [INF] Executing OkObjectResult, writing value of type 'System.Collections.Generic.List`1[[Que.DTOs.QuizDto, api, Version=1.0.0.0, Culture=neutral, PublicKeyToken=null]]'.
2025-11-03 13:20:09.488 +01:00 [INF] Executed action Que.Controllers.QuizAPIController.GetAllQuizes (api) in 9.4364ms
2025-11-03 13:20:09.489 +01:00 [INF] Executed endpoint 'Que.Controllers.QuizAPIController.GetAllQuizes (api)'
2025-11-03 13:20:09.489 +01:00 [INF] Request finished HTTP/1.1 GET http://localhost:5043/api/quizapi/quizlist - 200 428 application/json; charset=utf-8 12.7852ms
2025-11-03 13:20:13.366 +01:00 [INF] Request starting HTTP/1.1 GET http://localhost:5043/api/quizapi/quizlist - application/json null
2025-11-03 13:20:13.366 +01:00 [INF] CORS policy execution successful.
2025-11-03 13:20:13.367 +01:00 [INF] Executing endpoint 'Que.Controllers.QuizAPIController.GetAllQuizes (api)'
2025-11-03 13:20:13.367 +01:00 [INF] Route matched with {action = "GetAllQuizes", controller = "QuizAPI"}. Executing controller action with signature System.Threading.Tasks.Task`1[Microsoft.AspNetCore.Mvc.IActionResult] GetAllQuizes() on controller Que.Controllers.QuizAPIController (api).
2025-11-03 13:20:13.367 +01:00 [INF] [QuizAPIController] Fetching quiz list for user: cec8b59c-1770-4377-b2f0-f553351eddcb
2025-11-03 13:20:13.369 +01:00 [INF] [QuizAPIController] Returning 3 visible quizzes for user: cec8b59c-1770-4377-b2f0-f553351eddcb
2025-11-03 13:20:13.369 +01:00 [INF] Executing OkObjectResult, writing value of type 'System.Collections.Generic.List`1[[Que.DTOs.QuizDto, api, Version=1.0.0.0, Culture=neutral, PublicKeyToken=null]]'.
2025-11-03 13:20:13.370 +01:00 [INF] Executed action Que.Controllers.QuizAPIController.GetAllQuizes (api) in 2.9319ms
2025-11-03 13:20:13.370 +01:00 [INF] Executed endpoint 'Que.Controllers.QuizAPIController.GetAllQuizes (api)'
2025-11-03 13:20:13.371 +01:00 [INF] Request finished HTTP/1.1 GET http://localhost:5043/api/quizapi/quizlist - 200 428 application/json; charset=utf-8 4.5766ms
2025-11-03 13:20:13.372 +01:00 [INF] Request starting HTTP/1.1 GET http://localhost:5043/api/quizapi/quizlist - application/json null
2025-11-03 13:20:13.372 +01:00 [INF] CORS policy execution successful.
2025-11-03 13:20:13.373 +01:00 [INF] Executing endpoint 'Que.Controllers.QuizAPIController.GetAllQuizes (api)'
2025-11-03 13:20:13.373 +01:00 [INF] Route matched with {action = "GetAllQuizes", controller = "QuizAPI"}. Executing controller action with signature System.Threading.Tasks.Task`1[Microsoft.AspNetCore.Mvc.IActionResult] GetAllQuizes() on controller Que.Controllers.QuizAPIController (api).
2025-11-03 13:20:13.375 +01:00 [INF] [QuizAPIController] Fetching quiz list for user: cec8b59c-1770-4377-b2f0-f553351eddcb
2025-11-03 13:20:13.376 +01:00 [INF] [QuizAPIController] Returning 3 visible quizzes for user: cec8b59c-1770-4377-b2f0-f553351eddcb
2025-11-03 13:20:13.376 +01:00 [INF] Executing OkObjectResult, writing value of type 'System.Collections.Generic.List`1[[Que.DTOs.QuizDto, api, Version=1.0.0.0, Culture=neutral, PublicKeyToken=null]]'.
2025-11-03 13:20:13.376 +01:00 [INF] Executed action Que.Controllers.QuizAPIController.GetAllQuizes (api) in 2.9948ms
2025-11-03 13:20:13.376 +01:00 [INF] Executed endpoint 'Que.Controllers.QuizAPIController.GetAllQuizes (api)'
2025-11-03 13:20:13.377 +01:00 [INF] Request finished HTTP/1.1 GET http://localhost:5043/api/quizapi/quizlist - 200 428 application/json; charset=utf-8 4.2411ms
2025-11-03 13:21:13.668 +01:00 [INF] Request starting HTTP/1.1 OPTIONS http://localhost:5043/api/quizapi/create - null null
2025-11-03 13:21:13.668 +01:00 [INF] CORS policy execution successful.
2025-11-03 13:21:13.668 +01:00 [INF] Request finished HTTP/1.1 OPTIONS http://localhost:5043/api/quizapi/create - 204 null null 0.5949ms
2025-11-03 13:21:13.670 +01:00 [INF] Request starting HTTP/1.1 POST http://localhost:5043/api/quizapi/create - application/json 279
2025-11-03 13:21:13.671 +01:00 [INF] CORS policy execution successful.
2025-11-03 13:21:13.678 +01:00 [INF] Executing endpoint 'Que.Controllers.QuizAPIController.Create (api)'
2025-11-03 13:21:13.684 +01:00 [INF] Route matched with {action = "Create", controller = "QuizAPI"}. Executing controller action with signature System.Threading.Tasks.Task`1[Microsoft.AspNetCore.Mvc.IActionResult] Create(Que.DTOs.QuizDto) on controller Que.Controllers.QuizAPIController (api).
2025-11-03 13:21:13.731 +01:00 [INF] Claims for current user:
2025-11-03 13:21:13.732 +01:00 [INF] http://schemas.xmlsoap.org/ws/2005/05/identity/claims/nameidentifier = cec8b59c-1770-4377-b2f0-f553351eddcb
2025-11-03 13:21:13.732 +01:00 [INF] http://schemas.xmlsoap.org/ws/2005/05/identity/claims/name = Erik
2025-11-03 13:21:13.732 +01:00 [INF] http://schemas.xmlsoap.org/ws/2005/05/identity/claims/emailaddress = erikgrimstveit@outlook.com
2025-11-03 13:21:13.732 +01:00 [INF] http://schemas.xmlsoap.org/ws/2005/05/identity/claims/nameidentifier = cec8b59c-1770-4377-b2f0-f553351eddcb
2025-11-03 13:21:13.732 +01:00 [INF] username = Erik
2025-11-03 13:21:13.732 +01:00 [INF] jti = 6c4867cd-8be0-47df-ab9b-28c3fb064ff0
2025-11-03 13:21:13.732 +01:00 [INF] iat = 1762172024
2025-11-03 13:21:13.732 +01:00 [INF] exp = 1762179224
2025-11-03 13:21:13.732 +01:00 [INF] iss = http://localhost:5043
2025-11-03 13:21:13.732 +01:00 [INF] aud = http://localhost:5043
2025-11-03 13:21:14.236 +01:00 [INF] Quiz 'quiz5' created successfully with ID 4
2025-11-03 13:21:14.238 +01:00 [INF] Executing CreatedAtActionResult, writing value of type 'Que.Models.Quiz'.
2025-11-03 13:21:14.308 +01:00 [INF] Executed action Que.Controllers.QuizAPIController.Create (api) in 624.2595ms
2025-11-03 13:21:14.309 +01:00 [INF] Executed endpoint 'Que.Controllers.QuizAPIController.Create (api)'
2025-11-03 13:21:14.309 +01:00 [INF] Request finished HTTP/1.1 POST http://localhost:5043/api/quizapi/create - 201 538 application/json; charset=utf-8 638.6229ms
2025-11-03 13:21:14.400 +01:00 [INF] Request starting HTTP/1.1 OPTIONS http://localhost:5043/api/quizapi/quizlist - null null
2025-11-03 13:21:14.400 +01:00 [INF] Request starting HTTP/1.1 OPTIONS http://localhost:5043/api/quizapi/quizlist - null null
2025-11-03 13:21:14.400 +01:00 [INF] CORS policy execution successful.
2025-11-03 13:21:14.400 +01:00 [INF] CORS policy execution successful.
2025-11-03 13:21:14.400 +01:00 [INF] Request finished HTTP/1.1 OPTIONS http://localhost:5043/api/quizapi/quizlist - 204 null null 0.2695ms
2025-11-03 13:21:14.400 +01:00 [INF] Request finished HTTP/1.1 OPTIONS http://localhost:5043/api/quizapi/quizlist - 204 null null 0.2684ms
2025-11-03 13:21:14.402 +01:00 [INF] Request starting HTTP/1.1 GET http://localhost:5043/api/quizapi/quizlist - application/json null
2025-11-03 13:21:14.402 +01:00 [INF] CORS policy execution successful.
2025-11-03 13:21:14.402 +01:00 [INF] Executing endpoint 'Que.Controllers.QuizAPIController.GetAllQuizes (api)'
2025-11-03 13:21:14.403 +01:00 [INF] Route matched with {action = "GetAllQuizes", controller = "QuizAPI"}. Executing controller action with signature System.Threading.Tasks.Task`1[Microsoft.AspNetCore.Mvc.IActionResult] GetAllQuizes() on controller Que.Controllers.QuizAPIController (api).
2025-11-03 13:21:14.403 +01:00 [INF] [QuizAPIController] Fetching quiz list for user: cec8b59c-1770-4377-b2f0-f553351eddcb
2025-11-03 13:21:14.405 +01:00 [INF] [QuizAPIController] Returning 4 visible quizzes for user: cec8b59c-1770-4377-b2f0-f553351eddcb
2025-11-03 13:21:14.405 +01:00 [INF] Executing OkObjectResult, writing value of type 'System.Collections.Generic.List`1[[Que.DTOs.QuizDto, api, Version=1.0.0.0, Culture=neutral, PublicKeyToken=null]]'.
2025-11-03 13:21:14.405 +01:00 [INF] Executed action Que.Controllers.QuizAPIController.GetAllQuizes (api) in 2.5848ms
2025-11-03 13:21:14.405 +01:00 [INF] Executed endpoint 'Que.Controllers.QuizAPIController.GetAllQuizes (api)'
2025-11-03 13:21:14.405 +01:00 [INF] Request finished HTTP/1.1 GET http://localhost:5043/api/quizapi/quizlist - 200 563 application/json; charset=utf-8 3.6193ms
2025-11-03 13:21:14.406 +01:00 [INF] Request starting HTTP/1.1 GET http://localhost:5043/api/quizapi/quizlist - application/json null
2025-11-03 13:21:14.407 +01:00 [INF] CORS policy execution successful.
2025-11-03 13:21:14.407 +01:00 [INF] Executing endpoint 'Que.Controllers.QuizAPIController.GetAllQuizes (api)'
2025-11-03 13:21:14.407 +01:00 [INF] Route matched with {action = "GetAllQuizes", controller = "QuizAPI"}. Executing controller action with signature System.Threading.Tasks.Task`1[Microsoft.AspNetCore.Mvc.IActionResult] GetAllQuizes() on controller Que.Controllers.QuizAPIController (api).
2025-11-03 13:21:14.408 +01:00 [INF] [QuizAPIController] Fetching quiz list for user: cec8b59c-1770-4377-b2f0-f553351eddcb
2025-11-03 13:21:14.410 +01:00 [INF] [QuizAPIController] Returning 4 visible quizzes for user: cec8b59c-1770-4377-b2f0-f553351eddcb
2025-11-03 13:21:14.411 +01:00 [INF] Executing OkObjectResult, writing value of type 'System.Collections.Generic.List`1[[Que.DTOs.QuizDto, api, Version=1.0.0.0, Culture=neutral, PublicKeyToken=null]]'.
2025-11-03 13:21:14.411 +01:00 [INF] Executed action Que.Controllers.QuizAPIController.GetAllQuizes (api) in 3.567ms
2025-11-03 13:21:14.411 +01:00 [INF] Executed endpoint 'Que.Controllers.QuizAPIController.GetAllQuizes (api)'
2025-11-03 13:21:14.411 +01:00 [INF] Request finished HTTP/1.1 GET http://localhost:5043/api/quizapi/quizlist - 200 563 application/json; charset=utf-8 4.896ms
