2025-10-24 14:44:20.349 +02:00 [INF] Now listening on: https://localhost:7022
2025-10-24 14:44:20.353 +02:00 [INF] Now listening on: http://localhost:5102
2025-10-24 14:44:20.356 +02:00 [INF] Application started. Press Ctrl+C to shut down.
2025-10-24 14:44:20.357 +02:00 [INF] Hosting environment: Development
2025-10-24 14:44:20.358 +02:00 [INF] Content root path: /Users/arthurflotvik/Documents/QueREACT/api
2025-10-24 14:44:20.441 +02:00 [INF] Request starting HTTP/1.1 GET http://localhost:5102/swagger - null null
2025-10-24 14:44:20.459 +02:00 [INF] Request finished HTTP/1.1 GET http://localhost:5102/swagger - 301 0 null 18.5082ms
2025-10-24 14:44:20.462 +02:00 [INF] Request starting HTTP/1.1 GET http://localhost:5102/swagger/index.html - null null
2025-10-24 14:44:20.488 +02:00 [INF] Request finished HTTP/1.1 GET http://localhost:5102/swagger/index.html - 200 null text/html;charset=utf-8 26.2161ms
2025-10-24 14:44:20.497 +02:00 [INF] Request starting HTTP/1.1 GET http://localhost:5102/swagger/swagger-ui-bundle.js - null null
2025-10-24 14:44:20.497 +02:00 [INF] Request starting HTTP/1.1 GET http://localhost:5102/swagger/swagger-ui.css - null null
2025-10-24 14:44:20.501 +02:00 [INF] Request starting HTTP/1.1 GET http://localhost:5102/swagger/swagger-ui-standalone-preset.js - null null
2025-10-24 14:44:20.872 +02:00 [INF] Sending file. Request path: '/swagger-ui.css'. Physical path: 'N/A'
2025-10-24 14:44:20.872 +02:00 [INF] Sending file. Request path: '/swagger-ui-standalone-preset.js'. Physical path: 'N/A'
2025-10-24 14:44:20.873 +02:00 [INF] Sending file. Request path: '/swagger-ui-bundle.js'. Physical path: 'N/A'
2025-10-24 14:44:20.874 +02:00 [INF] Request finished HTTP/1.1 GET http://localhost:5102/swagger/swagger-ui.css - 200 143943 text/css 377.1661ms
2025-10-24 14:44:20.874 +02:00 [INF] Request finished HTTP/1.1 GET http://localhost:5102/swagger/swagger-ui-standalone-preset.js - 200 339486 text/javascript 373.5433ms
2025-10-24 14:44:20.874 +02:00 [INF] Request finished HTTP/1.1 GET http://localhost:5102/swagger/swagger-ui-bundle.js - 200 1096145 text/javascript 377.166ms
2025-10-24 14:44:20.958 +02:00 [INF] Request starting HTTP/1.1 GET http://localhost:5102/swagger/v1/swagger.json - null null
2025-10-24 14:44:20.968 +02:00 [INF] Request starting HTTP/1.1 GET http://localhost:5102/swagger/favicon-32x32.png - null null
2025-10-24 14:44:20.969 +02:00 [INF] Sending file. Request path: '/favicon-32x32.png'. Physical path: 'N/A'
2025-10-24 14:44:20.969 +02:00 [INF] Request finished HTTP/1.1 GET http://localhost:5102/swagger/favicon-32x32.png - 200 628 image/png 0.3826ms
2025-10-24 14:44:20.969 +02:00 [INF] Request finished HTTP/1.1 GET http://localhost:5102/swagger/v1/swagger.json - 200 null application/json;charset=utf-8 10.9745ms
