2025-11-03 12:11:26.440 +01:00 [INF] User profile is available. Using 'C:\Users\erikg\AppData\Local\ASP.NET\DataProtection-Keys' as key repository and Windows DPAPI to encrypt keys at rest.
2025-11-03 12:11:26.499 +01:00 [INF] Now listening on: http://localhost:5043
2025-11-03 12:11:26.504 +01:00 [INF] Application started. Press Ctrl+C to shut down.
2025-11-03 12:11:26.505 +01:00 [INF] Hosting environment: Development
2025-11-03 12:11:26.505 +01:00 [INF] Content root path: C:\Users\erikg\OneDrive\Student\Webapplikasjoner\QueEksamen\api
2025-11-03 12:11:35.075 +01:00 [INF] Request starting HTTP/1.1 OPTIONS http://localhost:5043/api/quizapi/quizlist - null null
2025-11-03 12:11:35.075 +01:00 [INF] Request starting HTTP/1.1 OPTIONS http://localhost:5043/api/quizapi/quizlist - null null
2025-11-03 12:11:35.192 +01:00 [INF] CORS policy execution successful.
2025-11-03 12:11:35.192 +01:00 [INF] CORS policy execution successful.
2025-11-03 12:11:35.200 +01:00 [INF] Request finished HTTP/1.1 OPTIONS http://localhost:5043/api/quizapi/quizlist - 204 null null 127.4245ms
2025-11-03 12:11:35.200 +01:00 [INF] Request finished HTTP/1.1 OPTIONS http://localhost:5043/api/quizapi/quizlist - 204 null null 127.4232ms
2025-11-03 12:11:35.258 +01:00 [INF] Request starting HTTP/1.1 GET http://localhost:5043/api/quizapi/quizlist - application/json null
2025-11-03 12:11:35.270 +01:00 [INF] CORS policy execution successful.
2025-11-03 12:11:35.440 +01:00 [INF] Executing endpoint 'Que.Controllers.QuizAPIController.GetAllQuizes (api)'
2025-11-03 12:11:35.474 +01:00 [INF] Route matched with {action = "GetAllQuizes", controller = "QuizAPI"}. Executing controller action with signature System.Threading.Tasks.Task`1[Microsoft.AspNetCore.Mvc.IActionResult] GetAllQuizes() on controller Que.Controllers.QuizAPIController (api).
2025-11-03 12:11:35.511 +01:00 [INF] [QuizAPIController] Fetching quiz list for user: cec8b59c-1770-4377-b2f0-f553351eddcb
2025-11-03 12:11:35.865 +01:00 [INF] [QuizAPIController] Returning 0 visible quizzes for user: cec8b59c-1770-4377-b2f0-f553351eddcb
2025-11-03 12:11:35.875 +01:00 [INF] Executing OkObjectResult, writing value of type 'System.Collections.Generic.List`1[[Que.DTOs.QuizDto, api, Version=1.0.0.0, Culture=neutral, PublicKeyToken=null]]'.
2025-11-03 12:11:36.005 +01:00 [INF] Request starting HTTP/1.1 GET http://localhost:5043/api/quizapi/quizlist - application/json null
2025-11-03 12:11:36.007 +01:00 [INF] CORS policy execution successful.
2025-11-03 12:11:36.011 +01:00 [INF] Executed action Que.Controllers.QuizAPIController.GetAllQuizes (api) in 529.9082ms
2025-11-03 12:11:36.011 +01:00 [INF] Executed endpoint 'Que.Controllers.QuizAPIController.GetAllQuizes (api)'
2025-11-03 12:11:36.015 +01:00 [INF] Executing endpoint 'Que.Controllers.QuizAPIController.GetAllQuizes (api)'
2025-11-03 12:11:36.015 +01:00 [INF] Route matched with {action = "GetAllQuizes", controller = "QuizAPI"}. Executing controller action with signature System.Threading.Tasks.Task`1[Microsoft.AspNetCore.Mvc.IActionResult] GetAllQuizes() on controller Que.Controllers.QuizAPIController (api).
2025-11-03 12:11:36.022 +01:00 [INF] [QuizAPIController] Fetching quiz list for user: cec8b59c-1770-4377-b2f0-f553351eddcb
2025-11-03 12:11:36.028 +01:00 [INF] Request finished HTTP/1.1 GET http://localhost:5043/api/quizapi/quizlist - 200 2 application/json; charset=utf-8 770.703ms
2025-11-03 12:11:36.179 +01:00 [INF] [QuizAPIController] Returning 0 visible quizzes for user: cec8b59c-1770-4377-b2f0-f553351eddcb
2025-11-03 12:11:36.180 +01:00 [INF] Executing OkObjectResult, writing value of type 'System.Collections.Generic.List`1[[Que.DTOs.QuizDto, api, Version=1.0.0.0, Culture=neutral, PublicKeyToken=null]]'.
2025-11-03 12:11:36.181 +01:00 [INF] Executed action Que.Controllers.QuizAPIController.GetAllQuizes (api) in 165.5203ms
2025-11-03 12:11:36.181 +01:00 [INF] Executed endpoint 'Que.Controllers.QuizAPIController.GetAllQuizes (api)'
2025-11-03 12:11:36.182 +01:00 [INF] Request finished HTTP/1.1 GET http://localhost:5043/api/quizapi/quizlist - 200 2 application/json; charset=utf-8 176.1895ms
2025-11-03 12:12:00.465 +01:00 [INF] Request starting HTTP/1.1 OPTIONS http://localhost:5043/api/quizapi/create - null null
2025-11-03 12:12:00.469 +01:00 [INF] CORS policy execution successful.
2025-11-03 12:12:00.470 +01:00 [INF] Request finished HTTP/1.1 OPTIONS http://localhost:5043/api/quizapi/create - 204 null null 4.7999ms
2025-11-03 12:12:00.473 +01:00 [INF] Request starting HTTP/1.1 POST http://localhost:5043/api/quizapi/create - application/json 268
2025-11-03 12:12:00.474 +01:00 [INF] CORS policy execution successful.
2025-11-03 12:12:00.484 +01:00 [INF] Executing endpoint 'Que.Controllers.QuizAPIController.Create (api)'
2025-11-03 12:12:00.504 +01:00 [INF] Route matched with {action = "Create", controller = "QuizAPI"}. Executing controller action with signature System.Threading.Tasks.Task`1[Microsoft.AspNetCore.Mvc.IActionResult] Create(Que.DTOs.QuizDto) on controller Que.Controllers.QuizAPIController (api).
2025-11-03 12:12:00.641 +01:00 [INF] Claims for current user:
2025-11-03 12:12:00.642 +01:00 [INF] http://schemas.xmlsoap.org/ws/2005/05/identity/claims/nameidentifier = cec8b59c-1770-4377-b2f0-f553351eddcb
2025-11-03 12:12:00.642 +01:00 [INF] http://schemas.xmlsoap.org/ws/2005/05/identity/claims/name = erikgrimstveit@outlook.com
2025-11-03 12:12:00.643 +01:00 [INF] http://schemas.xmlsoap.org/ws/2005/05/identity/claims/emailaddress = erikgrimstveit@outlook.com
2025-11-03 12:12:00.643 +01:00 [INF] http://schemas.xmlsoap.org/ws/2005/05/identity/claims/nameidentifier = cec8b59c-1770-4377-b2f0-f553351eddcb
2025-11-03 12:12:00.643 +01:00 [INF] jti = 6129b829-4b68-4d42-b5a7-f3285fc11afa
2025-11-03 12:12:00.644 +01:00 [INF] iat = 1762167899
2025-11-03 12:12:00.644 +01:00 [INF] exp = 1762175099
2025-11-03 12:12:00.644 +01:00 [INF] iss = http://localhost:5043
2025-11-03 12:12:00.645 +01:00 [INF] aud = http://localhost:5043
2025-11-03 12:12:01.442 +01:00 [ERR] Failed executing DbCommand (5ms) [Parameters=[@p0='?' (Size = 7), @p1='?' (Size = 1), @p2='?' (Size = 4), @p3='?' (DbType = Boolean), @p4='?' (Size = 4), @p5='?' (Size = 36), @p6='?' (DbType = Int32)], CommandType='"Text"', CommandTimeout='30']
INSERT INTO "Quizes" ("Category", "Description", "Difficulty", "IsPublic", "Name", "OwnerId", "TimeLimit")
VALUES (@p0, @p1, @p2, @p3, @p4, @p5, @p6)
RETURNING "QuizId";
2025-11-03 12:12:01.506 +01:00 [ERR] An exception occurred in the database while saving changes for context type 'Que.DAL.QuizDbContext'.
Microsoft.EntityFrameworkCore.DbUpdateException: An error occurred while saving the entity changes. See the inner exception for details.
 ---> Microsoft.Data.Sqlite.SqliteException (0x80004005): SQLite Error 19: 'FOREIGN KEY constraint failed'.
   at Microsoft.Data.Sqlite.SqliteException.ThrowExceptionForRC(Int32 rc, sqlite3 db)
   at Microsoft.Data.Sqlite.SqliteDataReader.NextResult()
   at Microsoft.Data.Sqlite.SqliteCommand.ExecuteReader(CommandBehavior behavior)
   at Microsoft.Data.Sqlite.SqliteCommand.ExecuteReaderAsync(CommandBehavior behavior, CancellationToken cancellationToken)
   at Microsoft.Data.Sqlite.SqliteCommand.ExecuteDbDataReaderAsync(CommandBehavior behavior, CancellationToken cancellationToken)
   at Microsoft.EntityFrameworkCore.Storage.RelationalCommand.ExecuteReaderAsync(RelationalCommandParameterObject parameterObject, CancellationToken cancellationToken)
   at Microsoft.EntityFrameworkCore.Storage.RelationalCommand.ExecuteReaderAsync(RelationalCommandParameterObject parameterObject, CancellationToken cancellationToken)
   at Microsoft.EntityFrameworkCore.Update.ReaderModificationCommandBatch.ExecuteAsync(IRelationalConnection connection, CancellationToken cancellationToken)
   --- End of inner exception stack trace ---
   at Microsoft.EntityFrameworkCore.Update.ReaderModificationCommandBatch.ExecuteAsync(IRelationalConnection connection, CancellationToken cancellationToken)
   at Microsoft.EntityFrameworkCore.Update.Internal.BatchExecutor.ExecuteAsync(IEnumerable`1 commandBatches, IRelationalConnection connection, CancellationToken cancellationToken)
   at Microsoft.EntityFrameworkCore.Update.Internal.BatchExecutor.ExecuteAsync(IEnumerable`1 commandBatches, IRelationalConnection connection, CancellationToken cancellationToken)
   at Microsoft.EntityFrameworkCore.Update.Internal.BatchExecutor.ExecuteAsync(IEnumerable`1 commandBatches, IRelationalConnection connection, CancellationToken cancellationToken)
   at Microsoft.EntityFrameworkCore.ChangeTracking.Internal.StateManager.SaveChangesAsync(IList`1 entriesToSave, CancellationToken cancellationToken)
   at Microsoft.EntityFrameworkCore.ChangeTracking.Internal.StateManager.SaveChangesAsync(StateManager stateManager, Boolean acceptAllChangesOnSuccess, CancellationToken cancellationToken)
   at Microsoft.EntityFrameworkCore.DbContext.SaveChangesAsync(Boolean acceptAllChangesOnSuccess, CancellationToken cancellationToken)
Microsoft.EntityFrameworkCore.DbUpdateException: An error occurred while saving the entity changes. See the inner exception for details.
 ---> Microsoft.Data.Sqlite.SqliteException (0x80004005): SQLite Error 19: 'FOREIGN KEY constraint failed'.
   at Microsoft.Data.Sqlite.SqliteException.ThrowExceptionForRC(Int32 rc, sqlite3 db)
   at Microsoft.Data.Sqlite.SqliteDataReader.NextResult()
   at Microsoft.Data.Sqlite.SqliteCommand.ExecuteReader(CommandBehavior behavior)
   at Microsoft.Data.Sqlite.SqliteCommand.ExecuteReaderAsync(CommandBehavior behavior, CancellationToken cancellationToken)
   at Microsoft.Data.Sqlite.SqliteCommand.ExecuteDbDataReaderAsync(CommandBehavior behavior, CancellationToken cancellationToken)
   at Microsoft.EntityFrameworkCore.Storage.RelationalCommand.ExecuteReaderAsync(RelationalCommandParameterObject parameterObject, CancellationToken cancellationToken)
   at Microsoft.EntityFrameworkCore.Storage.RelationalCommand.ExecuteReaderAsync(RelationalCommandParameterObject parameterObject, CancellationToken cancellationToken)
   at Microsoft.EntityFrameworkCore.Update.ReaderModificationCommandBatch.ExecuteAsync(IRelationalConnection connection, CancellationToken cancellationToken)
   --- End of inner exception stack trace ---
   at Microsoft.EntityFrameworkCore.Update.ReaderModificationCommandBatch.ExecuteAsync(IRelationalConnection connection, CancellationToken cancellationToken)
   at Microsoft.EntityFrameworkCore.Update.Internal.BatchExecutor.ExecuteAsync(IEnumerable`1 commandBatches, IRelationalConnection connection, CancellationToken cancellationToken)
   at Microsoft.EntityFrameworkCore.Update.Internal.BatchExecutor.ExecuteAsync(IEnumerable`1 commandBatches, IRelationalConnection connection, CancellationToken cancellationToken)
   at Microsoft.EntityFrameworkCore.Update.Internal.BatchExecutor.ExecuteAsync(IEnumerable`1 commandBatches, IRelationalConnection connection, CancellationToken cancellationToken)
   at Microsoft.EntityFrameworkCore.ChangeTracking.Internal.StateManager.SaveChangesAsync(IList`1 entriesToSave, CancellationToken cancellationToken)
   at Microsoft.EntityFrameworkCore.ChangeTracking.Internal.StateManager.SaveChangesAsync(StateManager stateManager, Boolean acceptAllChangesOnSuccess, CancellationToken cancellationToken)
   at Microsoft.EntityFrameworkCore.DbContext.SaveChangesAsync(Boolean acceptAllChangesOnSuccess, CancellationToken cancellationToken)
2025-11-03 12:12:01.528 +01:00 [ERR] Unexpected error while creating quiz 'quiz'
Microsoft.EntityFrameworkCore.DbUpdateException: An error occurred while saving the entity changes. See the inner exception for details.
 ---> Microsoft.Data.Sqlite.SqliteException (0x80004005): SQLite Error 19: 'FOREIGN KEY constraint failed'.
   at Microsoft.Data.Sqlite.SqliteException.ThrowExceptionForRC(Int32 rc, sqlite3 db)
   at Microsoft.Data.Sqlite.SqliteDataReader.NextResult()
   at Microsoft.Data.Sqlite.SqliteCommand.ExecuteReader(CommandBehavior behavior)
   at Microsoft.Data.Sqlite.SqliteCommand.ExecuteReaderAsync(CommandBehavior behavior, CancellationToken cancellationToken)
   at Microsoft.Data.Sqlite.SqliteCommand.ExecuteDbDataReaderAsync(CommandBehavior behavior, CancellationToken cancellationToken)
   at Microsoft.EntityFrameworkCore.Storage.RelationalCommand.ExecuteReaderAsync(RelationalCommandParameterObject parameterObject, CancellationToken cancellationToken)
   at Microsoft.EntityFrameworkCore.Storage.RelationalCommand.ExecuteReaderAsync(RelationalCommandParameterObject parameterObject, CancellationToken cancellationToken)
   at Microsoft.EntityFrameworkCore.Update.ReaderModificationCommandBatch.ExecuteAsync(IRelationalConnection connection, CancellationToken cancellationToken)
   --- End of inner exception stack trace ---
   at Microsoft.EntityFrameworkCore.Update.ReaderModificationCommandBatch.ExecuteAsync(IRelationalConnection connection, CancellationToken cancellationToken)
   at Microsoft.EntityFrameworkCore.Update.Internal.BatchExecutor.ExecuteAsync(IEnumerable`1 commandBatches, IRelationalConnection connection, CancellationToken cancellationToken)
   at Microsoft.EntityFrameworkCore.Update.Internal.BatchExecutor.ExecuteAsync(IEnumerable`1 commandBatches, IRelationalConnection connection, CancellationToken cancellationToken)
   at Microsoft.EntityFrameworkCore.Update.Internal.BatchExecutor.ExecuteAsync(IEnumerable`1 commandBatches, IRelationalConnection connection, CancellationToken cancellationToken)
   at Microsoft.EntityFrameworkCore.ChangeTracking.Internal.StateManager.SaveChangesAsync(IList`1 entriesToSave, CancellationToken cancellationToken)
   at Microsoft.EntityFrameworkCore.ChangeTracking.Internal.StateManager.SaveChangesAsync(StateManager stateManager, Boolean acceptAllChangesOnSuccess, CancellationToken cancellationToken)
   at Microsoft.EntityFrameworkCore.DbContext.SaveChangesAsync(Boolean acceptAllChangesOnSuccess, CancellationToken cancellationToken)
   at Microsoft.EntityFrameworkCore.DbContext.SaveChangesAsync(Boolean acceptAllChangesOnSuccess, CancellationToken cancellationToken)
   at Que.DAL.QuizRepository.CreateQuiz(Quiz quiz) in C:\Users\erikg\OneDrive\Student\Webapplikasjoner\QueEksamen\api\DAL\QuizRepository.cs:line 35
2025-11-03 12:12:01.550 +01:00 [ERR] Failed to save quiz {"QuizId":0,"Name":"quiz","Description":"a","Category":"History","Difficulty":"Easy","TimeLimit":2,"Questions":[{"QuestionId":0,"Text":"q","QuizId":0,"Quiz":{"QuizId":0,"Name":"quiz","Description":"a","Category":"History","Difficulty":"Easy","TimeLimit":2,"Questions":[{"QuestionId":0,"Text":"q","QuizId":0,"Quiz":{"QuizId":0,"Name":"quiz","Description":"a","Category":"History","Difficulty":"Easy","TimeLimit":2,"Questions":[{"QuestionId":0,"Text":"q","QuizId":0,"Quiz":{"QuizId":null,"Name":null,"Description":null,"Category":null,"Difficulty":null,"TimeLimit":null,"Questions":null,"IsPublic":null,"OwnerId":null,"Owner":null,"$type":"Quiz"},"Options":[null,null,null,null],"AllowMultiple":false,"SelectedOption":null,"$type":"Question"}],"IsPublic":false,"OwnerId":"cec8b59c-1770-4377-b2f0-f553351eddcb","Owner":null,"$type":"Quiz"},"Options":[{"OptionId":0,"Text":"qq","IsCorrect":true,"QuestionId":0,"Question":{"QuestionId":0,"Text":"q","QuizId":0,"Quiz":{"QuizId":null,"Name":null,"Description":null,"Category":null,"Difficulty":null,"TimeLimit":null,"Questions":null,"IsPublic":null,"OwnerId":null,"Owner":null,"$type":"Quiz"},"Options":[null,null,null,null],"AllowMultiple":false,"SelectedOption":null,"$type":"Question"},"$type":"Option"},{"OptionId":0,"Text":"q","IsCorrect":false,"QuestionId":0,"Question":{"QuestionId":0,"Text":"q","QuizId":0,"Quiz":{"QuizId":null,"Name":null,"Description":null,"Category":null,"Difficulty":null,"TimeLimit":null,"Questions":null,"IsPublic":null,"OwnerId":null,"Owner":null,"$type":"Quiz"},"Options":[null,null,null,null],"AllowMultiple":false,"SelectedOption":null,"$type":"Question"},"$type":"Option"},{"OptionId":0,"Text":"q","IsCorrect":false,"QuestionId":0,"Question":{"QuestionId":0,"Text":"q","QuizId":0,"Quiz":{"QuizId":null,"Name":null,"Description":null,"Category":null,"Difficulty":null,"TimeLimit":null,"Questions":null,"IsPublic":null,"OwnerId":null,"Owner":null,"$type":"Quiz"},"Options":[null,null,null,null],"AllowMultiple":false,"SelectedOption":null,"$type":"Question"},"$type":"Option"},{"OptionId":0,"Text":"q","IsCorrect":false,"QuestionId":0,"Question":{"QuestionId":0,"Text":"q","QuizId":0,"Quiz":{"QuizId":null,"Name":null,"Description":null,"Category":null,"Difficulty":null,"TimeLimit":null,"Questions":null,"IsPublic":null,"OwnerId":null,"Owner":null,"$type":"Quiz"},"Options":[null,null,null,null],"AllowMultiple":false,"SelectedOption":null,"$type":"Question"},"$type":"Option"}],"AllowMultiple":false,"SelectedOption":null,"$type":"Question"}],"IsPublic":false,"OwnerId":"cec8b59c-1770-4377-b2f0-f553351eddcb","Owner":null,"$type":"Quiz"},"Options":[{"OptionId":0,"Text":"qq","IsCorrect":true,"QuestionId":0,"Question":{"QuestionId":0,"Text":"q","QuizId":0,"Quiz":{"QuizId":0,"Name":"quiz","Description":"a","Category":"History","Difficulty":"Easy","TimeLimit":2,"Questions":[{"QuestionId":0,"Text":"q","QuizId":0,"Quiz":{"QuizId":null,"Name":null,"Description":null,"Category":null,"Difficulty":null,"TimeLimit":null,"Questions":null,"IsPublic":null,"OwnerId":null,"Owner":null,"$type":"Quiz"},"Options":[null,null,null,null],"AllowMultiple":false,"SelectedOption":null,"$type":"Question"}],"IsPublic":false,"OwnerId":"cec8b59c-1770-4377-b2f0-f553351eddcb","Owner":null,"$type":"Quiz"},"Options":[{"OptionId":0,"Text":"qq","IsCorrect":true,"QuestionId":0,"Question":{"QuestionId":0,"Text":"q","QuizId":0,"Quiz":{"QuizId":null,"Name":null,"Description":null,"Category":null,"Difficulty":null,"TimeLimit":null,"Questions":null,"IsPublic":null,"OwnerId":null,"Owner":null,"$type":"Quiz"},"Options":[null,null,null,null],"AllowMultiple":false,"SelectedOption":null,"$type":"Question"},"$type":"Option"},{"OptionId":0,"Text":"q","IsCorrect":false,"QuestionId":0,"Question":{"QuestionId":0,"Text":"q","QuizId":0,"Quiz":{"QuizId":null,"Name":null,"Description":null,"Category":null,"Difficulty":null,"TimeLimit":null,"Questions":null,"IsPublic":null,"OwnerId":null,"Owner":null,"$type":"Quiz"},"Options":[null,null,null,null],"AllowMultiple":false,"SelectedOption":null,"$type":"Question"},"$type":"Option"},{"OptionId":0,"Text":"q","IsCorrect":false,"QuestionId":0,"Question":{"QuestionId":0,"Text":"q","QuizId":0,"Quiz":{"QuizId":null,"Name":null,"Description":null,"Category":null,"Difficulty":null,"TimeLimit":null,"Questions":null,"IsPublic":null,"OwnerId":null,"Owner":null,"$type":"Quiz"},"Options":[null,null,null,null],"AllowMultiple":false,"SelectedOption":null,"$type":"Question"},"$type":"Option"},{"OptionId":0,"Text":"q","IsCorrect":false,"QuestionId":0,"Question":{"QuestionId":0,"Text":"q","QuizId":0,"Quiz":{"QuizId":null,"Name":null,"Description":null,"Category":null,"Difficulty":null,"TimeLimit":null,"Questions":null,"IsPublic":null,"OwnerId":null,"Owner":null,"$type":"Quiz"},"Options":[null,null,null,null],"AllowMultiple":false,"SelectedOption":null,"$type":"Question"},"$type":"Option"}],"AllowMultiple":false,"SelectedOption":null,"$type":"Question"},"$type":"Option"},{"OptionId":0,"Text":"q","IsCorrect":false,"QuestionId":0,"Question":{"QuestionId":0,"Text":"q","QuizId":0,"Quiz":{"QuizId":0,"Name":"quiz","Description":"a","Category":"History","Difficulty":"Easy","TimeLimit":2,"Questions":[{"QuestionId":0,"Text":"q","QuizId":0,"Quiz":{"QuizId":null,"Name":null,"Description":null,"Category":null,"Difficulty":null,"TimeLimit":null,"Questions":null,"IsPublic":null,"OwnerId":null,"Owner":null,"$type":"Quiz"},"Options":[null,null,null,null],"AllowMultiple":false,"SelectedOption":null,"$type":"Question"}],"IsPublic":false,"OwnerId":"cec8b59c-1770-4377-b2f0-f553351eddcb","Owner":null,"$type":"Quiz"},"Options":[{"OptionId":0,"Text":"qq","IsCorrect":true,"QuestionId":0,"Question":{"QuestionId":0,"Text":"q","QuizId":0,"Quiz":{"QuizId":null,"Name":null,"Description":null,"Category":null,"Difficulty":null,"TimeLimit":null,"Questions":null,"IsPublic":null,"OwnerId":null,"Owner":null,"$type":"Quiz"},"Options":[null,null,null,null],"AllowMultiple":false,"SelectedOption":null,"$type":"Question"},"$type":"Option"},{"OptionId":0,"Text":"q","IsCorrect":false,"QuestionId":0,"Question":{"QuestionId":0,"Text":"q","QuizId":0,"Quiz":{"QuizId":null,"Name":null,"Description":null,"Category":null,"Difficulty":null,"TimeLimit":null,"Questions":null,"IsPublic":null,"OwnerId":null,"Owner":null,"$type":"Quiz"},"Options":[null,null,null,null],"AllowMultiple":false,"SelectedOption":null,"$type":"Question"},"$type":"Option"},{"OptionId":0,"Text":"q","IsCorrect":false,"QuestionId":0,"Question":{"QuestionId":0,"Text":"q","QuizId":0,"Quiz":{"QuizId":null,"Name":null,"Description":null,"Category":null,"Difficulty":null,"TimeLimit":null,"Questions":null,"IsPublic":null,"OwnerId":null,"Owner":null,"$type":"Quiz"},"Options":[null,null,null,null],"AllowMultiple":false,"SelectedOption":null,"$type":"Question"},"$type":"Option"},{"OptionId":0,"Text":"q","IsCorrect":false,"QuestionId":0,"Question":{"QuestionId":0,"Text":"q","QuizId":0,"Quiz":{"QuizId":null,"Name":null,"Description":null,"Category":null,"Difficulty":null,"TimeLimit":null,"Questions":null,"IsPublic":null,"OwnerId":null,"Owner":null,"$type":"Quiz"},"Options":[null,null,null,null],"AllowMultiple":false,"SelectedOption":null,"$type":"Question"},"$type":"Option"}],"AllowMultiple":false,"SelectedOption":null,"$type":"Question"},"$type":"Option"},{"OptionId":0,"Text":"q","IsCorrect":false,"QuestionId":0,"Question":{"QuestionId":0,"Text":"q","QuizId":0,"Quiz":{"QuizId":0,"Name":"quiz","Description":"a","Category":"History","Difficulty":"Easy","TimeLimit":2,"Questions":[{"QuestionId":0,"Text":"q","QuizId":0,"Quiz":{"QuizId":null,"Name":null,"Description":null,"Category":null,"Difficulty":null,"TimeLimit":null,"Questions":null,"IsPublic":null,"OwnerId":null,"Owner":null,"$type":"Quiz"},"Options":[null,null,null,null],"AllowMultiple":false,"SelectedOption":null,"$type":"Question"}],"IsPublic":false,"OwnerId":"cec8b59c-1770-4377-b2f0-f553351eddcb","Owner":null,"$type":"Quiz"},"Options":[{"OptionId":0,"Text":"qq","IsCorrect":true,"QuestionId":0,"Question":{"QuestionId":0,"Text":"q","QuizId":0,"Quiz":{"QuizId":null,"Name":null,"Description":null,"Category":null,"Difficulty":null,"TimeLimit":null,"Questions":null,"IsPublic":null,"OwnerId":null,"Owner":null,"$type":"Quiz"},"Options":[null,null,null,null],"AllowMultiple":false,"SelectedOption":null,"$type":"Question"},"$type":"Option"},{"OptionId":0,"Text":"q","IsCorrect":false,"QuestionId":0,"Question":{"QuestionId":0,"Text":"q","QuizId":0,"Quiz":{"QuizId":null,"Name":null,"Description":null,"Category":null,"Difficulty":null,"TimeLimit":null,"Questions":null,"IsPublic":null,"OwnerId":null,"Owner":null,"$type":"Quiz"},"Options":[null,null,null,null],"AllowMultiple":false,"SelectedOption":null,"$type":"Question"},"$type":"Option"},{"OptionId":0,"Text":"q","IsCorrect":false,"QuestionId":0,"Question":{"QuestionId":0,"Text":"q","QuizId":0,"Quiz":{"QuizId":null,"Name":null,"Description":null,"Category":null,"Difficulty":null,"TimeLimit":null,"Questions":null,"IsPublic":null,"OwnerId":null,"Owner":null,"$type":"Quiz"},"Options":[null,null,null,null],"AllowMultiple":false,"SelectedOption":null,"$type":"Question"},"$type":"Option"},{"OptionId":0,"Text":"q","IsCorrect":false,"QuestionId":0,"Question":{"QuestionId":0,"Text":"q","QuizId":0,"Quiz":{"QuizId":null,"Name":null,"Description":null,"Category":null,"Difficulty":null,"TimeLimit":null,"Questions":null,"IsPublic":null,"OwnerId":null,"Owner":null,"$type":"Quiz"},"Options":[null,null,null,null],"AllowMultiple":false,"SelectedOption":null,"$type":"Question"},"$type":"Option"}],"AllowMultiple":false,"SelectedOption":null,"$type":"Question"},"$type":"Option"},{"OptionId":0,"Text":"q","IsCorrect":false,"QuestionId":0,"Question":{"QuestionId":0,"Text":"q","QuizId":0,"Quiz":{"QuizId":0,"Name":"quiz","Description":"a","Category":"History","Difficulty":"Easy","TimeLimit":2,"Questions":[{"QuestionId":0,"Text":"q","QuizId":0,"Quiz":{"QuizId":null,"Name":null,"Description":null,"Category":null,"Difficulty":null,"TimeLimit":null,"Questions":null,"IsPublic":null,"OwnerId":null,"Owner":null,"$type":"Quiz"},"Options":[null,null,null,null],"AllowMultiple":false,"SelectedOption":null,"$type":"Question"}],"IsPublic":false,"OwnerId":"cec8b59c-1770-4377-b2f0-f553351eddcb","Owner":null,"$type":"Quiz"},"Options":[{"OptionId":0,"Text":"qq","IsCorrect":true,"QuestionId":0,"Question":{"QuestionId":0,"Text":"q","QuizId":0,"Quiz":{"QuizId":null,"Name":null,"Description":null,"Category":null,"Difficulty":null,"TimeLimit":null,"Questions":null,"IsPublic":null,"OwnerId":null,"Owner":null,"$type":"Quiz"},"Options":[null,null,null,null],"AllowMultiple":false,"SelectedOption":null,"$type":"Question"},"$type":"Option"},{"OptionId":0,"Text":"q","IsCorrect":false,"QuestionId":0,"Question":{"QuestionId":0,"Text":"q","QuizId":0,"Quiz":{"QuizId":null,"Name":null,"Description":null,"Category":null,"Difficulty":null,"TimeLimit":null,"Questions":null,"IsPublic":null,"OwnerId":null,"Owner":null,"$type":"Quiz"},"Options":[null,null,null,null],"AllowMultiple":false,"SelectedOption":null,"$type":"Question"},"$type":"Option"},{"OptionId":0,"Text":"q","IsCorrect":false,"QuestionId":0,"Question":{"QuestionId":0,"Text":"q","QuizId":0,"Quiz":{"QuizId":null,"Name":null,"Description":null,"Category":null,"Difficulty":null,"TimeLimit":null,"Questions":null,"IsPublic":null,"OwnerId":null,"Owner":null,"$type":"Quiz"},"Options":[null,null,null,null],"AllowMultiple":false,"SelectedOption":null,"$type":"Question"},"$type":"Option"},{"OptionId":0,"Text":"q","IsCorrect":false,"QuestionId":0,"Question":{"QuestionId":0,"Text":"q","QuizId":0,"Quiz":{"QuizId":null,"Name":null,"Description":null,"Category":null,"Difficulty":null,"TimeLimit":null,"Questions":null,"IsPublic":null,"OwnerId":null,"Owner":null,"$type":"Quiz"},"Options":[null,null,null,null],"AllowMultiple":false,"SelectedOption":null,"$type":"Question"},"$type":"Option"}],"AllowMultiple":false,"SelectedOption":null,"$type":"Question"},"$type":"Option"}],"AllowMultiple":false,"SelectedOption":null,"$type":"Question"}],"IsPublic":false,"OwnerId":"cec8b59c-1770-4377-b2f0-f553351eddcb","Owner":null,"$type":"Quiz"}
2025-11-03 12:12:01.556 +01:00 [INF] Executing ObjectResult, writing value of type 'System.String'.
2025-11-03 12:12:01.558 +01:00 [INF] Executed action Que.Controllers.QuizAPIController.Create (api) in 1053.1835ms
2025-11-03 12:12:01.558 +01:00 [INF] Executed endpoint 'Que.Controllers.QuizAPIController.Create (api)'
2025-11-03 12:12:01.559 +01:00 [INF] Request finished HTTP/1.1 POST http://localhost:5043/api/quizapi/create - 500 null text/plain; charset=utf-8 1085.8093ms
2025-11-03 12:12:32.055 +01:00 [INF] Request starting HTTP/1.1 GET http://localhost:5043/api/quizapi/create - null null
2025-11-03 12:12:32.058 +01:00 [INF] Authorization failed. These requirements were not met:
DenyAnonymousAuthorizationRequirement: Requires an authenticated user.
2025-11-03 12:12:32.063 +01:00 [INF] AuthenticationScheme: Bearer was challenged.
2025-11-03 12:12:32.063 +01:00 [INF] Request finished HTTP/1.1 GET http://localhost:5043/api/quizapi/create - 401 0 null 7.8326ms
2025-11-03 12:22:36.115 +01:00 [INF] Application is shutting down...
