2025-11-02 17:53:27.224 +01:00 [INF] User profile is available. Using '/Users/arthurflotvik/.aspnet/DataProtection-Keys' as key repository; keys will not be encrypted at rest.
2025-11-02 17:53:27.249 +01:00 [INF] Now listening on: http://localhost:5043
2025-11-02 17:53:27.251 +01:00 [INF] Application started. Press Ctrl+C to shut down.
2025-11-02 17:53:27.251 +01:00 [INF] Hosting environment: Development
2025-11-02 17:53:27.251 +01:00 [INF] Content root path: /Users/arthurflotvik/Documents/QueREACT/api
2025-11-02 17:53:37.072 +01:00 [INF] Request starting HTTP/1.1 OPTIONS http://localhost:5043/api/Auth/login - null null
2025-11-02 17:53:37.093 +01:00 [INF] CORS policy execution successful.
2025-11-02 17:53:37.095 +01:00 [INF] Request finished HTTP/1.1 OPTIONS http://localhost:5043/api/Auth/login - 204 null null 24.8391ms
2025-11-02 17:53:37.101 +01:00 [INF] Request starting HTTP/1.1 POST http://localhost:5043/api/Auth/login - application/json 40
2025-11-02 17:53:37.103 +01:00 [INF] CORS policy execution successful.
2025-11-02 17:53:37.108 +01:00 [INF] Executing endpoint 'Que.Controllers.AuthController.Login (api)'
2025-11-02 17:53:37.117 +01:00 [INF] Route matched with {action = "Login", controller = "Auth"}. Executing controller action with signature System.Threading.Tasks.Task`1[Microsoft.AspNetCore.Mvc.IActionResult] Login(Que.DTOs.LoginDto) on controller Que.Controllers.AuthController (api).
2025-11-02 17:53:37.307 +01:00 [INF] [AuthAPIController] user authorized for A
2025-11-02 17:53:37.312 +01:00 [INF] [AuthAPIController] JWT token created for A
2025-11-02 17:53:37.322 +01:00 [INF] Executing OkObjectResult, writing value of type '<>f__AnonymousType1`1[[System.String, System.Private.CoreLib, Version=8.0.0.0, Culture=neutral, PublicKeyToken=7cec85d7bea7798e]]'.
2025-11-02 17:53:37.336 +01:00 [INF] Executed action Que.Controllers.AuthController.Login (api) in 216.7821ms
2025-11-02 17:53:37.336 +01:00 [INF] Executed endpoint 'Que.Controllers.AuthController.Login (api)'
2025-11-02 17:53:37.338 +01:00 [INF] Request finished HTTP/1.1 POST http://localhost:5043/api/Auth/login - 200 569 application/json; charset=utf-8 237.201ms
2025-11-02 17:53:37.357 +01:00 [INF] Request starting HTTP/1.1 OPTIONS http://localhost:5043/api/quizapi/quizlist - null null
2025-11-02 17:53:37.358 +01:00 [INF] Request starting HTTP/1.1 OPTIONS http://localhost:5043/api/quizapi/quizlist - null null
2025-11-02 17:53:37.358 +01:00 [INF] CORS policy execution successful.
2025-11-02 17:53:37.358 +01:00 [INF] CORS policy execution successful.
2025-11-02 17:53:37.358 +01:00 [INF] Request finished HTTP/1.1 OPTIONS http://localhost:5043/api/quizapi/quizlist - 204 null null 0.9492ms
2025-11-02 17:53:37.358 +01:00 [INF] Request finished HTTP/1.1 OPTIONS http://localhost:5043/api/quizapi/quizlist - 204 null null 0.7296ms
2025-11-02 17:53:37.359 +01:00 [INF] Request starting HTTP/1.1 GET http://localhost:5043/api/quizapi/quizlist - application/json null
2025-11-02 17:53:37.362 +01:00 [INF] CORS policy execution successful.
2025-11-02 17:53:37.388 +01:00 [INF] Executing endpoint 'Que.Controllers.QuizAPIController.GetAllQuizes (api)'
2025-11-02 17:53:37.390 +01:00 [INF] Route matched with {action = "GetAllQuizes", controller = "QuizAPI"}. Executing controller action with signature System.Threading.Tasks.Task`1[Microsoft.AspNetCore.Mvc.IActionResult] GetAllQuizes() on controller Que.Controllers.QuizAPIController (api).
2025-11-02 17:53:37.393 +01:00 [INF] [QuizAPIController] Fetching quiz list for user: A
2025-11-02 17:53:37.430 +01:00 [INF] [QuizAPIController] Returning 0 visible quizzes for user: A
2025-11-02 17:53:37.430 +01:00 [INF] Executing OkObjectResult, writing value of type 'System.Collections.Generic.List`1[[Que.DTOs.QuizDto, api, Version=1.0.0.0, Culture=neutral, PublicKeyToken=null]]'.
2025-11-02 17:53:37.433 +01:00 [INF] Executed action Que.Controllers.QuizAPIController.GetAllQuizes (api) in 42.9637ms
2025-11-02 17:53:37.433 +01:00 [INF] Executed endpoint 'Que.Controllers.QuizAPIController.GetAllQuizes (api)'
2025-11-02 17:53:37.434 +01:00 [INF] Request starting HTTP/1.1 GET http://localhost:5043/api/quizapi/quizlist - application/json null
2025-11-02 17:53:37.435 +01:00 [INF] CORS policy execution successful.
2025-11-02 17:53:37.436 +01:00 [INF] Executing endpoint 'Que.Controllers.QuizAPIController.GetAllQuizes (api)'
2025-11-02 17:53:37.436 +01:00 [INF] Route matched with {action = "GetAllQuizes", controller = "QuizAPI"}. Executing controller action with signature System.Threading.Tasks.Task`1[Microsoft.AspNetCore.Mvc.IActionResult] GetAllQuizes() on controller Que.Controllers.QuizAPIController (api).
2025-11-02 17:53:37.436 +01:00 [INF] Request finished HTTP/1.1 GET http://localhost:5043/api/quizapi/quizlist - 200 2 application/json; charset=utf-8 77.1026ms
2025-11-02 17:53:37.439 +01:00 [INF] [QuizAPIController] Fetching quiz list for user: A
2025-11-02 17:53:37.462 +01:00 [INF] [QuizAPIController] Returning 0 visible quizzes for user: A
2025-11-02 17:53:37.462 +01:00 [INF] Executing OkObjectResult, writing value of type 'System.Collections.Generic.List`1[[Que.DTOs.QuizDto, api, Version=1.0.0.0, Culture=neutral, PublicKeyToken=null]]'.
2025-11-02 17:53:37.462 +01:00 [INF] Executed action Que.Controllers.QuizAPIController.GetAllQuizes (api) in 25.6849ms
2025-11-02 17:53:37.462 +01:00 [INF] Executed endpoint 'Que.Controllers.QuizAPIController.GetAllQuizes (api)'
2025-11-02 17:53:37.462 +01:00 [INF] Request finished HTTP/1.1 GET http://localhost:5043/api/quizapi/quizlist - 200 2 application/json; charset=utf-8 27.9658ms
2025-11-02 17:53:56.829 +01:00 [INF] Request starting HTTP/1.1 OPTIONS http://localhost:5043/api/quizapi/create - null null
2025-11-02 17:53:56.830 +01:00 [INF] CORS policy execution successful.
2025-11-02 17:53:56.831 +01:00 [INF] Request finished HTTP/1.1 OPTIONS http://localhost:5043/api/quizapi/create - 204 null null 2.0121ms
2025-11-02 17:53:56.832 +01:00 [INF] Request starting HTTP/1.1 POST http://localhost:5043/api/quizapi/create - application/json 294
2025-11-02 17:53:56.832 +01:00 [INF] CORS policy execution successful.
2025-11-02 17:53:56.836 +01:00 [INF] Executing endpoint 'Que.Controllers.QuizAPIController.Create (api)'
2025-11-02 17:53:56.839 +01:00 [INF] Route matched with {action = "Create", controller = "QuizAPI"}. Executing controller action with signature System.Threading.Tasks.Task`1[Microsoft.AspNetCore.Mvc.IActionResult] Create(Que.DTOs.QuizDto) on controller Que.Controllers.QuizAPIController (api).
2025-11-02 17:53:56.894 +01:00 [ERR] Exception when creating quiz for UserId=A
System.NullReferenceException: Object reference not set to an instance of an object.
   at Que.Controllers.QuizAPIController.Create(QuizDto quizDto) in /Users/arthurflotvik/Documents/QueREACT/api/Controllers/QuizController.cs:line 89
2025-11-02 17:53:56.894 +01:00 [INF] Executing ObjectResult, writing value of type 'System.String'.
2025-11-02 17:53:56.894 +01:00 [INF] Executed action Que.Controllers.QuizAPIController.Create (api) in 55.4675ms
2025-11-02 17:53:56.894 +01:00 [INF] Executed endpoint 'Que.Controllers.QuizAPIController.Create (api)'
2025-11-02 17:53:56.894 +01:00 [INF] Request finished HTTP/1.1 POST http://localhost:5043/api/quizapi/create - 500 null text/plain; charset=utf-8 62.5298ms
2025-11-02 17:57:40.632 +01:00 [INF] Application is shutting down...
