2025-11-02 18:13:15.840 +01:00 [INF] User profile is available. Using '/Users/arthurflotvik/.aspnet/DataProtection-Keys' as key repository; keys will not be encrypted at rest.
2025-11-02 18:13:15.871 +01:00 [INF] Now listening on: http://localhost:5043
2025-11-02 18:13:15.873 +01:00 [INF] Application started. Press Ctrl+C to shut down.
2025-11-02 18:13:15.873 +01:00 [INF] Hosting environment: Development
2025-11-02 18:13:15.873 +01:00 [INF] Content root path: /Users/arthurflotvik/Documents/QueREACT/api
2025-11-02 18:13:21.427 +01:00 [INF] Request starting HTTP/1.1 OPTIONS http://localhost:5043/api/Auth/login - null null
2025-11-02 18:13:21.447 +01:00 [INF] CORS policy execution successful.
2025-11-02 18:13:21.449 +01:00 [INF] Request finished HTTP/1.1 OPTIONS http://localhost:5043/api/Auth/login - 204 null null 23.6703ms
2025-11-02 18:13:21.452 +01:00 [INF] Request starting HTTP/1.1 POST http://localhost:5043/api/Auth/login - application/json 40
2025-11-02 18:13:21.454 +01:00 [INF] CORS policy execution successful.
2025-11-02 18:13:21.459 +01:00 [INF] Executing endpoint 'Que.Controllers.AuthController.Login (api)'
2025-11-02 18:13:21.467 +01:00 [INF] Route matched with {action = "Login", controller = "Auth"}. Executing controller action with signature System.Threading.Tasks.Task`1[Microsoft.AspNetCore.Mvc.IActionResult] Login(Que.DTOs.LoginDto) on controller Que.Controllers.AuthController (api).
2025-11-02 18:13:21.652 +01:00 [INF] [AuthAPIController] user authorized for A
2025-11-02 18:13:21.657 +01:00 [INF] JWT token generated for UserId=6aea6f1d-411f-4ed4-b1c6-e104d1318540
2025-11-02 18:13:21.667 +01:00 [INF] Executing OkObjectResult, writing value of type '<>f__AnonymousType1`1[[System.String, System.Private.CoreLib, Version=8.0.0.0, Culture=neutral, PublicKeyToken=7cec85d7bea7798e]]'.
2025-11-02 18:13:21.680 +01:00 [INF] Executed action Que.Controllers.AuthController.Login (api) in 211.6302ms
2025-11-02 18:13:21.680 +01:00 [INF] Executed endpoint 'Que.Controllers.AuthController.Login (api)'
2025-11-02 18:13:21.682 +01:00 [INF] Request finished HTTP/1.1 POST http://localhost:5043/api/Auth/login - 200 569 application/json; charset=utf-8 229.3725ms
2025-11-02 18:13:21.700 +01:00 [INF] Request starting HTTP/1.1 OPTIONS http://localhost:5043/api/quizapi/quizlist - null null
2025-11-02 18:13:21.700 +01:00 [INF] Request starting HTTP/1.1 OPTIONS http://localhost:5043/api/quizapi/quizlist - null null
2025-11-02 18:13:21.700 +01:00 [INF] CORS policy execution successful.
2025-11-02 18:13:21.700 +01:00 [INF] CORS policy execution successful.
2025-11-02 18:13:21.700 +01:00 [INF] Request finished HTTP/1.1 OPTIONS http://localhost:5043/api/quizapi/quizlist - 204 null null 0.8248ms
2025-11-02 18:13:21.700 +01:00 [INF] Request finished HTTP/1.1 OPTIONS http://localhost:5043/api/quizapi/quizlist - 204 null null 0.5249ms
2025-11-02 18:13:21.701 +01:00 [INF] Request starting HTTP/1.1 GET http://localhost:5043/api/quizapi/quizlist - application/json null
2025-11-02 18:13:21.704 +01:00 [INF] CORS policy execution successful.
2025-11-02 18:13:21.730 +01:00 [INF] Executing endpoint 'Que.Controllers.QuizAPIController.GetAllQuizes (api)'
2025-11-02 18:13:21.732 +01:00 [INF] Route matched with {action = "GetAllQuizes", controller = "QuizAPI"}. Executing controller action with signature System.Threading.Tasks.Task`1[Microsoft.AspNetCore.Mvc.IActionResult] GetAllQuizes() on controller Que.Controllers.QuizAPIController (api).
2025-11-02 18:13:21.733 +01:00 [INF] [QuizAPIController] Fetching quiz list for user: 6aea6f1d-411f-4ed4-b1c6-e104d1318540
2025-11-02 18:13:21.771 +01:00 [INF] [QuizAPIController] Returning 0 visible quizzes for user: 6aea6f1d-411f-4ed4-b1c6-e104d1318540
2025-11-02 18:13:21.771 +01:00 [INF] Executing OkObjectResult, writing value of type 'System.Collections.Generic.List`1[[Que.DTOs.QuizDto, api, Version=1.0.0.0, Culture=neutral, PublicKeyToken=null]]'.
2025-11-02 18:13:21.774 +01:00 [INF] Executed action Que.Controllers.QuizAPIController.GetAllQuizes (api) in 42.0818ms
2025-11-02 18:13:21.774 +01:00 [INF] Executed endpoint 'Que.Controllers.QuizAPIController.GetAllQuizes (api)'
2025-11-02 18:13:21.774 +01:00 [INF] Request starting HTTP/1.1 GET http://localhost:5043/api/quizapi/quizlist - application/json null
2025-11-02 18:13:21.775 +01:00 [INF] CORS policy execution successful.
2025-11-02 18:13:21.776 +01:00 [INF] Executing endpoint 'Que.Controllers.QuizAPIController.GetAllQuizes (api)'
2025-11-02 18:13:21.776 +01:00 [INF] Route matched with {action = "GetAllQuizes", controller = "QuizAPI"}. Executing controller action with signature System.Threading.Tasks.Task`1[Microsoft.AspNetCore.Mvc.IActionResult] GetAllQuizes() on controller Que.Controllers.QuizAPIController (api).
2025-11-02 18:13:21.777 +01:00 [INF] Request finished HTTP/1.1 GET http://localhost:5043/api/quizapi/quizlist - 200 2 application/json; charset=utf-8 75.4874ms
2025-11-02 18:13:21.779 +01:00 [INF] [QuizAPIController] Fetching quiz list for user: 6aea6f1d-411f-4ed4-b1c6-e104d1318540
2025-11-02 18:13:21.801 +01:00 [INF] [QuizAPIController] Returning 0 visible quizzes for user: 6aea6f1d-411f-4ed4-b1c6-e104d1318540
2025-11-02 18:13:21.801 +01:00 [INF] Executing OkObjectResult, writing value of type 'System.Collections.Generic.List`1[[Que.DTOs.QuizDto, api, Version=1.0.0.0, Culture=neutral, PublicKeyToken=null]]'.
2025-11-02 18:13:21.801 +01:00 [INF] Executed action Que.Controllers.QuizAPIController.GetAllQuizes (api) in 24.7477ms
2025-11-02 18:13:21.801 +01:00 [INF] Executed endpoint 'Que.Controllers.QuizAPIController.GetAllQuizes (api)'
2025-11-02 18:13:21.801 +01:00 [INF] Request finished HTTP/1.1 GET http://localhost:5043/api/quizapi/quizlist - 200 2 application/json; charset=utf-8 26.8988ms
2025-11-02 18:13:48.210 +01:00 [INF] Request starting HTTP/1.1 OPTIONS http://localhost:5043/api/quizapi/create - null null
2025-11-02 18:13:48.211 +01:00 [INF] CORS policy execution successful.
2025-11-02 18:13:48.212 +01:00 [INF] Request finished HTTP/1.1 OPTIONS http://localhost:5043/api/quizapi/create - 204 null null 1.7427ms
2025-11-02 18:13:48.213 +01:00 [INF] Request starting HTTP/1.1 POST http://localhost:5043/api/quizapi/create - application/json 301
2025-11-02 18:13:48.214 +01:00 [INF] CORS policy execution successful.
2025-11-02 18:13:48.218 +01:00 [INF] Executing endpoint 'Que.Controllers.QuizAPIController.Create (api)'
2025-11-02 18:13:48.221 +01:00 [INF] Route matched with {action = "Create", controller = "QuizAPI"}. Executing controller action with signature System.Threading.Tasks.Task`1[Microsoft.AspNetCore.Mvc.IActionResult] Create(Que.DTOs.QuizDto) on controller Que.Controllers.QuizAPIController (api).
2025-11-02 18:13:48.274 +01:00 [INF] Claims for current user:
2025-11-02 18:13:48.274 +01:00 [INF] http://schemas.xmlsoap.org/ws/2005/05/identity/claims/nameidentifier = 6aea6f1d-411f-4ed4-b1c6-e104d1318540
2025-11-02 18:13:48.274 +01:00 [INF] http://schemas.xmlsoap.org/ws/2005/05/identity/claims/name = a@epost.no
2025-11-02 18:13:48.274 +01:00 [INF] http://schemas.xmlsoap.org/ws/2005/05/identity/claims/nameidentifier = A
2025-11-02 18:13:48.275 +01:00 [INF] http://schemas.xmlsoap.org/ws/2005/05/identity/claims/emailaddress = a@epost.no
2025-11-02 18:13:48.275 +01:00 [INF] jti = cfe08228-7af6-410f-9b4d-c429dc8ca783
2025-11-02 18:13:48.275 +01:00 [INF] iat = 1762103601
2025-11-02 18:13:48.275 +01:00 [INF] exp = 1762110801
2025-11-02 18:13:48.275 +01:00 [INF] iss = http://localhost:5043
2025-11-02 18:13:48.275 +01:00 [INF] aud = http://localhost:5043
2025-11-02 18:13:48.344 +01:00 [ERR] Failed executing DbCommand (2ms) [Parameters=[@p0='?' (Size = 6), @p1='?' (Size = 18), @p2='?' (Size = 4), @p3='?' (DbType = Boolean), @p4='?' (Size = 12), @p5='?' (Size = 36), @p6='?' (DbType = Int32)], CommandType='"Text"', CommandTimeout='30']
INSERT INTO "Quizes" ("Category", "Description", "Difficulty", "IsPublic", "Name", "OwnerId", "TimeLimit")
VALUES (@p0, @p1, @p2, @p3, @p4, @p5, @p6)
RETURNING "QuizId";
2025-11-02 18:13:48.355 +01:00 [ERR] An exception occurred in the database while saving changes for context type 'Que.DAL.QuizDbContext'.
Microsoft.EntityFrameworkCore.DbUpdateException: An error occurred while saving the entity changes. See the inner exception for details.
 ---> Microsoft.Data.Sqlite.SqliteException (0x80004005): SQLite Error 19: 'FOREIGN KEY constraint failed'.
   at Microsoft.Data.Sqlite.SqliteException.ThrowExceptionForRC(Int32 rc, sqlite3 db)
   at Microsoft.Data.Sqlite.SqliteDataReader.NextResult()
   at Microsoft.Data.Sqlite.SqliteCommand.ExecuteReader(CommandBehavior behavior)
   at Microsoft.Data.Sqlite.SqliteCommand.ExecuteReaderAsync(CommandBehavior behavior, CancellationToken cancellationToken)
   at Microsoft.Data.Sqlite.SqliteCommand.ExecuteDbDataReaderAsync(CommandBehavior behavior, CancellationToken cancellationToken)
   at Microsoft.EntityFrameworkCore.Storage.RelationalCommand.ExecuteReaderAsync(RelationalCommandParameterObject parameterObject, CancellationToken cancellationToken)
   at Microsoft.EntityFrameworkCore.Storage.RelationalCommand.ExecuteReaderAsync(RelationalCommandParameterObject parameterObject, CancellationToken cancellationToken)
   at Microsoft.EntityFrameworkCore.Update.ReaderModificationCommandBatch.ExecuteAsync(IRelationalConnection connection, CancellationToken cancellationToken)
   --- End of inner exception stack trace ---
   at Microsoft.EntityFrameworkCore.Update.ReaderModificationCommandBatch.ExecuteAsync(IRelationalConnection connection, CancellationToken cancellationToken)
   at Microsoft.EntityFrameworkCore.Update.Internal.BatchExecutor.ExecuteAsync(IEnumerable`1 commandBatches, IRelationalConnection connection, CancellationToken cancellationToken)
   at Microsoft.EntityFrameworkCore.Update.Internal.BatchExecutor.ExecuteAsync(IEnumerable`1 commandBatches, IRelationalConnection connection, CancellationToken cancellationToken)
   at Microsoft.EntityFrameworkCore.Update.Internal.BatchExecutor.ExecuteAsync(IEnumerable`1 commandBatches, IRelationalConnection connection, CancellationToken cancellationToken)
   at Microsoft.EntityFrameworkCore.ChangeTracking.Internal.StateManager.SaveChangesAsync(IList`1 entriesToSave, CancellationToken cancellationToken)
   at Microsoft.EntityFrameworkCore.ChangeTracking.Internal.StateManager.SaveChangesAsync(StateManager stateManager, Boolean acceptAllChangesOnSuccess, CancellationToken cancellationToken)
   at Microsoft.EntityFrameworkCore.DbContext.SaveChangesAsync(Boolean acceptAllChangesOnSuccess, CancellationToken cancellationToken)
Microsoft.EntityFrameworkCore.DbUpdateException: An error occurred while saving the entity changes. See the inner exception for details.
 ---> Microsoft.Data.Sqlite.SqliteException (0x80004005): SQLite Error 19: 'FOREIGN KEY constraint failed'.
   at Microsoft.Data.Sqlite.SqliteException.ThrowExceptionForRC(Int32 rc, sqlite3 db)
   at Microsoft.Data.Sqlite.SqliteDataReader.NextResult()
   at Microsoft.Data.Sqlite.SqliteCommand.ExecuteReader(CommandBehavior behavior)
   at Microsoft.Data.Sqlite.SqliteCommand.ExecuteReaderAsync(CommandBehavior behavior, CancellationToken cancellationToken)
   at Microsoft.Data.Sqlite.SqliteCommand.ExecuteDbDataReaderAsync(CommandBehavior behavior, CancellationToken cancellationToken)
   at Microsoft.EntityFrameworkCore.Storage.RelationalCommand.ExecuteReaderAsync(RelationalCommandParameterObject parameterObject, CancellationToken cancellationToken)
   at Microsoft.EntityFrameworkCore.Storage.RelationalCommand.ExecuteReaderAsync(RelationalCommandParameterObject parameterObject, CancellationToken cancellationToken)
   at Microsoft.EntityFrameworkCore.Update.ReaderModificationCommandBatch.ExecuteAsync(IRelationalConnection connection, CancellationToken cancellationToken)
   --- End of inner exception stack trace ---
   at Microsoft.EntityFrameworkCore.Update.ReaderModificationCommandBatch.ExecuteAsync(IRelationalConnection connection, CancellationToken cancellationToken)
   at Microsoft.EntityFrameworkCore.Update.Internal.BatchExecutor.ExecuteAsync(IEnumerable`1 commandBatches, IRelationalConnection connection, CancellationToken cancellationToken)
   at Microsoft.EntityFrameworkCore.Update.Internal.BatchExecutor.ExecuteAsync(IEnumerable`1 commandBatches, IRelationalConnection connection, CancellationToken cancellationToken)
   at Microsoft.EntityFrameworkCore.Update.Internal.BatchExecutor.ExecuteAsync(IEnumerable`1 commandBatches, IRelationalConnection connection, CancellationToken cancellationToken)
   at Microsoft.EntityFrameworkCore.ChangeTracking.Internal.StateManager.SaveChangesAsync(IList`1 entriesToSave, CancellationToken cancellationToken)
   at Microsoft.EntityFrameworkCore.ChangeTracking.Internal.StateManager.SaveChangesAsync(StateManager stateManager, Boolean acceptAllChangesOnSuccess, CancellationToken cancellationToken)
   at Microsoft.EntityFrameworkCore.DbContext.SaveChangesAsync(Boolean acceptAllChangesOnSuccess, CancellationToken cancellationToken)
2025-11-02 18:13:48.357 +01:00 [ERR] Unexpected error while creating quiz 'PublicPublic'
Microsoft.EntityFrameworkCore.DbUpdateException: An error occurred while saving the entity changes. See the inner exception for details.
 ---> Microsoft.Data.Sqlite.SqliteException (0x80004005): SQLite Error 19: 'FOREIGN KEY constraint failed'.
   at Microsoft.Data.Sqlite.SqliteException.ThrowExceptionForRC(Int32 rc, sqlite3 db)
   at Microsoft.Data.Sqlite.SqliteDataReader.NextResult()
   at Microsoft.Data.Sqlite.SqliteCommand.ExecuteReader(CommandBehavior behavior)
   at Microsoft.Data.Sqlite.SqliteCommand.ExecuteReaderAsync(CommandBehavior behavior, CancellationToken cancellationToken)
   at Microsoft.Data.Sqlite.SqliteCommand.ExecuteDbDataReaderAsync(CommandBehavior behavior, CancellationToken cancellationToken)
   at Microsoft.EntityFrameworkCore.Storage.RelationalCommand.ExecuteReaderAsync(RelationalCommandParameterObject parameterObject, CancellationToken cancellationToken)
   at Microsoft.EntityFrameworkCore.Storage.RelationalCommand.ExecuteReaderAsync(RelationalCommandParameterObject parameterObject, CancellationToken cancellationToken)
   at Microsoft.EntityFrameworkCore.Update.ReaderModificationCommandBatch.ExecuteAsync(IRelationalConnection connection, CancellationToken cancellationToken)
   --- End of inner exception stack trace ---
   at Microsoft.EntityFrameworkCore.Update.ReaderModificationCommandBatch.ExecuteAsync(IRelationalConnection connection, CancellationToken cancellationToken)
   at Microsoft.EntityFrameworkCore.Update.Internal.BatchExecutor.ExecuteAsync(IEnumerable`1 commandBatches, IRelationalConnection connection, CancellationToken cancellationToken)
   at Microsoft.EntityFrameworkCore.Update.Internal.BatchExecutor.ExecuteAsync(IEnumerable`1 commandBatches, IRelationalConnection connection, CancellationToken cancellationToken)
   at Microsoft.EntityFrameworkCore.Update.Internal.BatchExecutor.ExecuteAsync(IEnumerable`1 commandBatches, IRelationalConnection connection, CancellationToken cancellationToken)
   at Microsoft.EntityFrameworkCore.ChangeTracking.Internal.StateManager.SaveChangesAsync(IList`1 entriesToSave, CancellationToken cancellationToken)
   at Microsoft.EntityFrameworkCore.ChangeTracking.Internal.StateManager.SaveChangesAsync(StateManager stateManager, Boolean acceptAllChangesOnSuccess, CancellationToken cancellationToken)
   at Microsoft.EntityFrameworkCore.DbContext.SaveChangesAsync(Boolean acceptAllChangesOnSuccess, CancellationToken cancellationToken)
   at Microsoft.EntityFrameworkCore.DbContext.SaveChangesAsync(Boolean acceptAllChangesOnSuccess, CancellationToken cancellationToken)
   at Que.DAL.QuizRepository.CreateQuiz(Quiz quiz) in /Users/arthurflotvik/Documents/QueREACT/api/DAL/QuizRepository.cs:line 35
2025-11-02 18:13:48.360 +01:00 [ERR] Failed to save quiz {"QuizId":0,"Name":"PublicPublic","Description":"PublicPublicPublic","Category":"Sports","Difficulty":"Hard","TimeLimit":13,"Questions":[{"QuestionId":0,"Text":"Public","QuizId":0,"Quiz":{"QuizId":0,"Name":"PublicPublic","Description":"PublicPublicPublic","Category":"Sports","Difficulty":"Hard","TimeLimit":13,"Questions":[{"QuestionId":0,"Text":"Public","QuizId":0,"Quiz":{"QuizId":0,"Name":"PublicPublic","Description":"PublicPublicPublic","Category":"Sports","Difficulty":"Hard","TimeLimit":13,"Questions":[{"QuestionId":0,"Text":"Public","QuizId":0,"Quiz":{"QuizId":null,"Name":null,"Description":null,"Category":null,"Difficulty":null,"TimeLimit":null,"Questions":null,"IsPublic":null,"OwnerId":null,"Owner":null,"$type":"Quiz"},"Options":[null,null,null,null],"AllowMultiple":false,"SelectedOption":null,"$type":"Question"}],"IsPublic":true,"OwnerId":"6aea6f1d-411f-4ed4-b1c6-e104d1318540","Owner":null,"$type":"Quiz"},"Options":[{"OptionId":0,"Text":"q","IsCorrect":false,"QuestionId":0,"Question":{"QuestionId":0,"Text":"Public","QuizId":0,"Quiz":{"QuizId":null,"Name":null,"Description":null,"Category":null,"Difficulty":null,"TimeLimit":null,"Questions":null,"IsPublic":null,"OwnerId":null,"Owner":null,"$type":"Quiz"},"Options":[null,null,null,null],"AllowMultiple":false,"SelectedOption":null,"$type":"Question"},"$type":"Option"},{"OptionId":0,"Text":"Public","IsCorrect":true,"QuestionId":0,"Question":{"QuestionId":0,"Text":"Public","QuizId":0,"Quiz":{"QuizId":null,"Name":null,"Description":null,"Category":null,"Difficulty":null,"TimeLimit":null,"Questions":null,"IsPublic":null,"OwnerId":null,"Owner":null,"$type":"Quiz"},"Options":[null,null,null,null],"AllowMultiple":false,"SelectedOption":null,"$type":"Question"},"$type":"Option"},{"OptionId":0,"Text":"w","IsCorrect":false,"QuestionId":0,"Question":{"QuestionId":0,"Text":"Public","QuizId":0,"Quiz":{"QuizId":null,"Name":null,"Description":null,"Category":null,"Difficulty":null,"TimeLimit":null,"Questions":null,"IsPublic":null,"OwnerId":null,"Owner":null,"$type":"Quiz"},"Options":[null,null,null,null],"AllowMultiple":false,"SelectedOption":null,"$type":"Question"},"$type":"Option"},{"OptionId":0,"Text":"e","IsCorrect":false,"QuestionId":0,"Question":{"QuestionId":0,"Text":"Public","QuizId":0,"Quiz":{"QuizId":null,"Name":null,"Description":null,"Category":null,"Difficulty":null,"TimeLimit":null,"Questions":null,"IsPublic":null,"OwnerId":null,"Owner":null,"$type":"Quiz"},"Options":[null,null,null,null],"AllowMultiple":false,"SelectedOption":null,"$type":"Question"},"$type":"Option"}],"AllowMultiple":false,"SelectedOption":null,"$type":"Question"}],"IsPublic":true,"OwnerId":"6aea6f1d-411f-4ed4-b1c6-e104d1318540","Owner":null,"$type":"Quiz"},"Options":[{"OptionId":0,"Text":"q","IsCorrect":false,"QuestionId":0,"Question":{"QuestionId":0,"Text":"Public","QuizId":0,"Quiz":{"QuizId":0,"Name":"PublicPublic","Description":"PublicPublicPublic","Category":"Sports","Difficulty":"Hard","TimeLimit":13,"Questions":[{"QuestionId":0,"Text":"Public","QuizId":0,"Quiz":{"QuizId":null,"Name":null,"Description":null,"Category":null,"Difficulty":null,"TimeLimit":null,"Questions":null,"IsPublic":null,"OwnerId":null,"Owner":null,"$type":"Quiz"},"Options":[null,null,null,null],"AllowMultiple":false,"SelectedOption":null,"$type":"Question"}],"IsPublic":true,"OwnerId":"6aea6f1d-411f-4ed4-b1c6-e104d1318540","Owner":null,"$type":"Quiz"},"Options":[{"OptionId":0,"Text":"q","IsCorrect":false,"QuestionId":0,"Question":{"QuestionId":0,"Text":"Public","QuizId":0,"Quiz":{"QuizId":null,"Name":null,"Description":null,"Category":null,"Difficulty":null,"TimeLimit":null,"Questions":null,"IsPublic":null,"OwnerId":null,"Owner":null,"$type":"Quiz"},"Options":[null,null,null,null],"AllowMultiple":false,"SelectedOption":null,"$type":"Question"},"$type":"Option"},{"OptionId":0,"Text":"Public","IsCorrect":true,"QuestionId":0,"Question":{"QuestionId":0,"Text":"Public","QuizId":0,"Quiz":{"QuizId":null,"Name":null,"Description":null,"Category":null,"Difficulty":null,"TimeLimit":null,"Questions":null,"IsPublic":null,"OwnerId":null,"Owner":null,"$type":"Quiz"},"Options":[null,null,null,null],"AllowMultiple":false,"SelectedOption":null,"$type":"Question"},"$type":"Option"},{"OptionId":0,"Text":"w","IsCorrect":false,"QuestionId":0,"Question":{"QuestionId":0,"Text":"Public","QuizId":0,"Quiz":{"QuizId":null,"Name":null,"Description":null,"Category":null,"Difficulty":null,"TimeLimit":null,"Questions":null,"IsPublic":null,"OwnerId":null,"Owner":null,"$type":"Quiz"},"Options":[null,null,null,null],"AllowMultiple":false,"SelectedOption":null,"$type":"Question"},"$type":"Option"},{"OptionId":0,"Text":"e","IsCorrect":false,"QuestionId":0,"Question":{"QuestionId":0,"Text":"Public","QuizId":0,"Quiz":{"QuizId":null,"Name":null,"Description":null,"Category":null,"Difficulty":null,"TimeLimit":null,"Questions":null,"IsPublic":null,"OwnerId":null,"Owner":null,"$type":"Quiz"},"Options":[null,null,null,null],"AllowMultiple":false,"SelectedOption":null,"$type":"Question"},"$type":"Option"}],"AllowMultiple":false,"SelectedOption":null,"$type":"Question"},"$type":"Option"},{"OptionId":0,"Text":"Public","IsCorrect":true,"QuestionId":0,"Question":{"QuestionId":0,"Text":"Public","QuizId":0,"Quiz":{"QuizId":0,"Name":"PublicPublic","Description":"PublicPublicPublic","Category":"Sports","Difficulty":"Hard","TimeLimit":13,"Questions":[{"QuestionId":0,"Text":"Public","QuizId":0,"Quiz":{"QuizId":null,"Name":null,"Description":null,"Category":null,"Difficulty":null,"TimeLimit":null,"Questions":null,"IsPublic":null,"OwnerId":null,"Owner":null,"$type":"Quiz"},"Options":[null,null,null,null],"AllowMultiple":false,"SelectedOption":null,"$type":"Question"}],"IsPublic":true,"OwnerId":"6aea6f1d-411f-4ed4-b1c6-e104d1318540","Owner":null,"$type":"Quiz"},"Options":[{"OptionId":0,"Text":"q","IsCorrect":false,"QuestionId":0,"Question":{"QuestionId":0,"Text":"Public","QuizId":0,"Quiz":{"QuizId":null,"Name":null,"Description":null,"Category":null,"Difficulty":null,"TimeLimit":null,"Questions":null,"IsPublic":null,"OwnerId":null,"Owner":null,"$type":"Quiz"},"Options":[null,null,null,null],"AllowMultiple":false,"SelectedOption":null,"$type":"Question"},"$type":"Option"},{"OptionId":0,"Text":"Public","IsCorrect":true,"QuestionId":0,"Question":{"QuestionId":0,"Text":"Public","QuizId":0,"Quiz":{"QuizId":null,"Name":null,"Description":null,"Category":null,"Difficulty":null,"TimeLimit":null,"Questions":null,"IsPublic":null,"OwnerId":null,"Owner":null,"$type":"Quiz"},"Options":[null,null,null,null],"AllowMultiple":false,"SelectedOption":null,"$type":"Question"},"$type":"Option"},{"OptionId":0,"Text":"w","IsCorrect":false,"QuestionId":0,"Question":{"QuestionId":0,"Text":"Public","QuizId":0,"Quiz":{"QuizId":null,"Name":null,"Description":null,"Category":null,"Difficulty":null,"TimeLimit":null,"Questions":null,"IsPublic":null,"OwnerId":null,"Owner":null,"$type":"Quiz"},"Options":[null,null,null,null],"AllowMultiple":false,"SelectedOption":null,"$type":"Question"},"$type":"Option"},{"OptionId":0,"Text":"e","IsCorrect":false,"QuestionId":0,"Question":{"QuestionId":0,"Text":"Public","QuizId":0,"Quiz":{"QuizId":null,"Name":null,"Description":null,"Category":null,"Difficulty":null,"TimeLimit":null,"Questions":null,"IsPublic":null,"OwnerId":null,"Owner":null,"$type":"Quiz"},"Options":[null,null,null,null],"AllowMultiple":false,"SelectedOption":null,"$type":"Question"},"$type":"Option"}],"AllowMultiple":false,"SelectedOption":null,"$type":"Question"},"$type":"Option"},{"OptionId":0,"Text":"w","IsCorrect":false,"QuestionId":0,"Question":{"QuestionId":0,"Text":"Public","QuizId":0,"Quiz":{"QuizId":0,"Name":"PublicPublic","Description":"PublicPublicPublic","Category":"Sports","Difficulty":"Hard","TimeLimit":13,"Questions":[{"QuestionId":0,"Text":"Public","QuizId":0,"Quiz":{"QuizId":null,"Name":null,"Description":null,"Category":null,"Difficulty":null,"TimeLimit":null,"Questions":null,"IsPublic":null,"OwnerId":null,"Owner":null,"$type":"Quiz"},"Options":[null,null,null,null],"AllowMultiple":false,"SelectedOption":null,"$type":"Question"}],"IsPublic":true,"OwnerId":"6aea6f1d-411f-4ed4-b1c6-e104d1318540","Owner":null,"$type":"Quiz"},"Options":[{"OptionId":0,"Text":"q","IsCorrect":false,"QuestionId":0,"Question":{"QuestionId":0,"Text":"Public","QuizId":0,"Quiz":{"QuizId":null,"Name":null,"Description":null,"Category":null,"Difficulty":null,"TimeLimit":null,"Questions":null,"IsPublic":null,"OwnerId":null,"Owner":null,"$type":"Quiz"},"Options":[null,null,null,null],"AllowMultiple":false,"SelectedOption":null,"$type":"Question"},"$type":"Option"},{"OptionId":0,"Text":"Public","IsCorrect":true,"QuestionId":0,"Question":{"QuestionId":0,"Text":"Public","QuizId":0,"Quiz":{"QuizId":null,"Name":null,"Description":null,"Category":null,"Difficulty":null,"TimeLimit":null,"Questions":null,"IsPublic":null,"OwnerId":null,"Owner":null,"$type":"Quiz"},"Options":[null,null,null,null],"AllowMultiple":false,"SelectedOption":null,"$type":"Question"},"$type":"Option"},{"OptionId":0,"Text":"w","IsCorrect":false,"QuestionId":0,"Question":{"QuestionId":0,"Text":"Public","QuizId":0,"Quiz":{"QuizId":null,"Name":null,"Description":null,"Category":null,"Difficulty":null,"TimeLimit":null,"Questions":null,"IsPublic":null,"OwnerId":null,"Owner":null,"$type":"Quiz"},"Options":[null,null,null,null],"AllowMultiple":false,"SelectedOption":null,"$type":"Question"},"$type":"Option"},{"OptionId":0,"Text":"e","IsCorrect":false,"QuestionId":0,"Question":{"QuestionId":0,"Text":"Public","QuizId":0,"Quiz":{"QuizId":null,"Name":null,"Description":null,"Category":null,"Difficulty":null,"TimeLimit":null,"Questions":null,"IsPublic":null,"OwnerId":null,"Owner":null,"$type":"Quiz"},"Options":[null,null,null,null],"AllowMultiple":false,"SelectedOption":null,"$type":"Question"},"$type":"Option"}],"AllowMultiple":false,"SelectedOption":null,"$type":"Question"},"$type":"Option"},{"OptionId":0,"Text":"e","IsCorrect":false,"QuestionId":0,"Question":{"QuestionId":0,"Text":"Public","QuizId":0,"Quiz":{"QuizId":0,"Name":"PublicPublic","Description":"PublicPublicPublic","Category":"Sports","Difficulty":"Hard","TimeLimit":13,"Questions":[{"QuestionId":0,"Text":"Public","QuizId":0,"Quiz":{"QuizId":null,"Name":null,"Description":null,"Category":null,"Difficulty":null,"TimeLimit":null,"Questions":null,"IsPublic":null,"OwnerId":null,"Owner":null,"$type":"Quiz"},"Options":[null,null,null,null],"AllowMultiple":false,"SelectedOption":null,"$type":"Question"}],"IsPublic":true,"OwnerId":"6aea6f1d-411f-4ed4-b1c6-e104d1318540","Owner":null,"$type":"Quiz"},"Options":[{"OptionId":0,"Text":"q","IsCorrect":false,"QuestionId":0,"Question":{"QuestionId":0,"Text":"Public","QuizId":0,"Quiz":{"QuizId":null,"Name":null,"Description":null,"Category":null,"Difficulty":null,"TimeLimit":null,"Questions":null,"IsPublic":null,"OwnerId":null,"Owner":null,"$type":"Quiz"},"Options":[null,null,null,null],"AllowMultiple":false,"SelectedOption":null,"$type":"Question"},"$type":"Option"},{"OptionId":0,"Text":"Public","IsCorrect":true,"QuestionId":0,"Question":{"QuestionId":0,"Text":"Public","QuizId":0,"Quiz":{"QuizId":null,"Name":null,"Description":null,"Category":null,"Difficulty":null,"TimeLimit":null,"Questions":null,"IsPublic":null,"OwnerId":null,"Owner":null,"$type":"Quiz"},"Options":[null,null,null,null],"AllowMultiple":false,"SelectedOption":null,"$type":"Question"},"$type":"Option"},{"OptionId":0,"Text":"w","IsCorrect":false,"QuestionId":0,"Question":{"QuestionId":0,"Text":"Public","QuizId":0,"Quiz":{"QuizId":null,"Name":null,"Description":null,"Category":null,"Difficulty":null,"TimeLimit":null,"Questions":null,"IsPublic":null,"OwnerId":null,"Owner":null,"$type":"Quiz"},"Options":[null,null,null,null],"AllowMultiple":false,"SelectedOption":null,"$type":"Question"},"$type":"Option"},{"OptionId":0,"Text":"e","IsCorrect":false,"QuestionId":0,"Question":{"QuestionId":0,"Text":"Public","QuizId":0,"Quiz":{"QuizId":null,"Name":null,"Description":null,"Category":null,"Difficulty":null,"TimeLimit":null,"Questions":null,"IsPublic":null,"OwnerId":null,"Owner":null,"$type":"Quiz"},"Options":[null,null,null,null],"AllowMultiple":false,"SelectedOption":null,"$type":"Question"},"$type":"Option"}],"AllowMultiple":false,"SelectedOption":null,"$type":"Question"},"$type":"Option"}],"AllowMultiple":false,"SelectedOption":null,"$type":"Question"}],"IsPublic":true,"OwnerId":"6aea6f1d-411f-4ed4-b1c6-e104d1318540","Owner":null,"$type":"Quiz"}
2025-11-02 18:13:48.360 +01:00 [INF] Executing ObjectResult, writing value of type 'System.String'.
2025-11-02 18:13:48.361 +01:00 [INF] Executed action Que.Controllers.QuizAPIController.Create (api) in 139.2372ms
2025-11-02 18:13:48.361 +01:00 [INF] Executed endpoint 'Que.Controllers.QuizAPIController.Create (api)'
2025-11-02 18:13:48.361 +01:00 [INF] Request finished HTTP/1.1 POST http://localhost:5043/api/quizapi/create - 500 null text/plain; charset=utf-8 147.6127ms
2025-11-02 18:21:16.026 +01:00 [INF] Application is shutting down...
