2025-11-02 16:35:36.214 +01:00 [INF] User profile is available. Using '/Users/arthurflotvik/.aspnet/DataProtection-Keys' as key repository; keys will not be encrypted at rest.
2025-11-02 16:35:36.239 +01:00 [INF] Now listening on: http://localhost:5043
2025-11-02 16:35:36.241 +01:00 [INF] Application started. Press Ctrl+C to shut down.
2025-11-02 16:35:36.241 +01:00 [INF] Hosting environment: Development
2025-11-02 16:35:36.241 +01:00 [INF] Content root path: /Users/arthurflotvik/Documents/QueREACT/api
2025-11-02 16:35:43.138 +01:00 [INF] Request starting HTTP/1.1 OPTIONS http://localhost:5043/api/Auth/login - null null
2025-11-02 16:35:43.159 +01:00 [INF] CORS policy execution successful.
2025-11-02 16:35:43.161 +01:00 [INF] Request finished HTTP/1.1 OPTIONS http://localhost:5043/api/Auth/login - 204 null null 24.1655ms
2025-11-02 16:35:43.164 +01:00 [INF] Request starting HTTP/1.1 POST http://localhost:5043/api/Auth/login - application/json 40
2025-11-02 16:35:43.166 +01:00 [INF] CORS policy execution successful.
2025-11-02 16:35:43.171 +01:00 [INF] Executing endpoint 'Que.Controllers.AuthController.Login (api)'
2025-11-02 16:35:43.179 +01:00 [INF] Route matched with {action = "Login", controller = "Auth"}. Executing controller action with signature System.Threading.Tasks.Task`1[Microsoft.AspNetCore.Mvc.IActionResult] Login(Que.DTOs.LoginDto) on controller Que.Controllers.AuthController (api).
2025-11-02 16:35:43.360 +01:00 [INF] [AuthAPIController] user authorized for A
2025-11-02 16:35:43.364 +01:00 [INF] [AuthAPIController] JWT token created for A
2025-11-02 16:35:43.373 +01:00 [INF] Executing OkObjectResult, writing value of type '<>f__AnonymousType1`1[[System.String, System.Private.CoreLib, Version=8.0.0.0, Culture=neutral, PublicKeyToken=7cec85d7bea7798e]]'.
2025-11-02 16:35:43.387 +01:00 [INF] Executed action Que.Controllers.AuthController.Login (api) in 206.0448ms
2025-11-02 16:35:43.387 +01:00 [INF] Executed endpoint 'Que.Controllers.AuthController.Login (api)'
2025-11-02 16:35:43.388 +01:00 [INF] Request finished HTTP/1.1 POST http://localhost:5043/api/Auth/login - 200 569 application/json; charset=utf-8 224.6182ms
2025-11-02 16:35:43.409 +01:00 [INF] Request starting HTTP/1.1 OPTIONS http://localhost:5043/api/quizapi/quizlist - null null
2025-11-02 16:35:43.409 +01:00 [INF] Request starting HTTP/1.1 OPTIONS http://localhost:5043/api/quizapi/quizlist - null null
2025-11-02 16:35:43.410 +01:00 [INF] CORS policy execution successful.
2025-11-02 16:35:43.410 +01:00 [INF] CORS policy execution successful.
2025-11-02 16:35:43.410 +01:00 [INF] Request finished HTTP/1.1 OPTIONS http://localhost:5043/api/quizapi/quizlist - 204 null null 0.7183ms
2025-11-02 16:35:43.410 +01:00 [INF] Request finished HTTP/1.1 OPTIONS http://localhost:5043/api/quizapi/quizlist - 204 null null 0.9605ms
2025-11-02 16:35:43.411 +01:00 [INF] Request starting HTTP/1.1 GET http://localhost:5043/api/quizapi/quizlist - application/json null
2025-11-02 16:35:43.415 +01:00 [INF] CORS policy execution successful.
2025-11-02 16:35:43.440 +01:00 [INF] Executing endpoint 'Que.Controllers.QuizAPIController.GetAllQuizes (api)'
2025-11-02 16:35:43.442 +01:00 [INF] Route matched with {action = "GetAllQuizes", controller = "QuizAPI"}. Executing controller action with signature System.Threading.Tasks.Task`1[Microsoft.AspNetCore.Mvc.IActionResult] GetAllQuizes() on controller Que.Controllers.QuizAPIController (api).
2025-11-02 16:35:43.444 +01:00 [INF] [QuizAPIController] Fetching quiz list for user: A
2025-11-02 16:35:43.481 +01:00 [INF] [QuizAPIController] Returning 1 visible quizzes for user: A
2025-11-02 16:35:43.481 +01:00 [INF] Executing OkObjectResult, writing value of type 'System.Collections.Generic.List`1[[Que.DTOs.QuizDto, api, Version=1.0.0.0, Culture=neutral, PublicKeyToken=null]]'.
2025-11-02 16:35:43.486 +01:00 [INF] Executed action Que.Controllers.QuizAPIController.GetAllQuizes (api) in 44.5237ms
2025-11-02 16:35:43.486 +01:00 [INF] Executed endpoint 'Que.Controllers.QuizAPIController.GetAllQuizes (api)'
2025-11-02 16:35:43.487 +01:00 [INF] Request starting HTTP/1.1 GET http://localhost:5043/api/quizapi/quizlist - application/json null
2025-11-02 16:35:43.487 +01:00 [INF] CORS policy execution successful.
2025-11-02 16:35:43.489 +01:00 [INF] Executing endpoint 'Que.Controllers.QuizAPIController.GetAllQuizes (api)'
2025-11-02 16:35:43.489 +01:00 [INF] Route matched with {action = "GetAllQuizes", controller = "QuizAPI"}. Executing controller action with signature System.Threading.Tasks.Task`1[Microsoft.AspNetCore.Mvc.IActionResult] GetAllQuizes() on controller Que.Controllers.QuizAPIController (api).
2025-11-02 16:35:43.489 +01:00 [INF] Request finished HTTP/1.1 GET http://localhost:5043/api/quizapi/quizlist - 200 143 application/json; charset=utf-8 77.9752ms
2025-11-02 16:35:43.492 +01:00 [INF] [QuizAPIController] Fetching quiz list for user: A
2025-11-02 16:35:43.523 +01:00 [INF] [QuizAPIController] Returning 1 visible quizzes for user: A
2025-11-02 16:35:43.523 +01:00 [INF] Executing OkObjectResult, writing value of type 'System.Collections.Generic.List`1[[Que.DTOs.QuizDto, api, Version=1.0.0.0, Culture=neutral, PublicKeyToken=null]]'.
2025-11-02 16:35:43.523 +01:00 [INF] Executed action Que.Controllers.QuizAPIController.GetAllQuizes (api) in 33.5977ms
2025-11-02 16:35:43.523 +01:00 [INF] Executed endpoint 'Que.Controllers.QuizAPIController.GetAllQuizes (api)'
2025-11-02 16:35:43.523 +01:00 [INF] Request finished HTTP/1.1 GET http://localhost:5043/api/quizapi/quizlist - 200 143 application/json; charset=utf-8 36.4293ms
2025-11-02 16:36:04.230 +01:00 [INF] Request starting HTTP/1.1 OPTIONS http://localhost:5043/api/quizapi/create - null null
2025-11-02 16:36:04.230 +01:00 [INF] CORS policy execution successful.
2025-11-02 16:36:04.231 +01:00 [INF] Request finished HTTP/1.1 OPTIONS http://localhost:5043/api/quizapi/create - 204 null null 0.9758ms
2025-11-02 16:36:04.232 +01:00 [INF] Request starting HTTP/1.1 POST http://localhost:5043/api/quizapi/create - application/json 302
2025-11-02 16:36:04.232 +01:00 [INF] CORS policy execution successful.
2025-11-02 16:36:04.236 +01:00 [INF] Executing endpoint 'Que.Controllers.QuizAPIController.Create (api)'
2025-11-02 16:36:04.239 +01:00 [INF] Route matched with {action = "Create", controller = "QuizAPI"}. Executing controller action with signature System.Threading.Tasks.Task`1[Microsoft.AspNetCore.Mvc.IActionResult] Create(Que.DTOs.QuizDto) on controller Que.Controllers.QuizAPIController (api).
2025-11-02 16:36:04.258 +01:00 [INF] Create quiz called by UserId=A
2025-11-02 16:36:04.292 +01:00 [ERR] User not found in database for UserId=A
2025-11-02 16:36:04.292 +01:00 [INF] Executing UnauthorizedObjectResult, writing value of type 'System.String'.
2025-11-02 16:36:04.293 +01:00 [INF] Executed action Que.Controllers.QuizAPIController.Create (api) in 53.4242ms
2025-11-02 16:36:04.293 +01:00 [INF] Executed endpoint 'Que.Controllers.QuizAPIController.Create (api)'
2025-11-02 16:36:04.293 +01:00 [INF] Request finished HTTP/1.1 POST http://localhost:5043/api/quizapi/create - 401 null text/plain; charset=utf-8 61.138ms
2025-11-02 16:41:18.335 +01:00 [INF] Request starting HTTP/1.1 GET http://localhost:5043/swagger/index.html - null null
2025-11-02 16:41:18.372 +01:00 [INF] Request finished HTTP/1.1 GET http://localhost:5043/swagger/index.html - 200 null text/html;charset=utf-8 37.4288ms
2025-11-02 16:41:18.388 +01:00 [INF] Request starting HTTP/1.1 GET http://localhost:5043/swagger/swagger-ui-standalone-preset.js - null null
2025-11-02 16:41:18.389 +01:00 [INF] Request starting HTTP/1.1 GET http://localhost:5043/swagger/swagger-ui-bundle.js - null null
2025-11-02 16:41:18.397 +01:00 [INF] Sending file. Request path: '/swagger-ui-standalone-preset.js'. Physical path: 'N/A'
2025-11-02 16:41:18.398 +01:00 [INF] Request finished HTTP/1.1 GET http://localhost:5043/swagger/swagger-ui-standalone-preset.js - 200 339486 text/javascript 9.7692ms
2025-11-02 16:41:18.402 +01:00 [INF] Sending file. Request path: '/swagger-ui-bundle.js'. Physical path: 'N/A'
2025-11-02 16:41:18.402 +01:00 [INF] Request finished HTTP/1.1 GET http://localhost:5043/swagger/swagger-ui-bundle.js - 200 1096145 text/javascript 13.7259ms
2025-11-02 16:41:18.495 +01:00 [INF] Request starting HTTP/1.1 GET http://localhost:5043/swagger/v1/swagger.json - null null
2025-11-02 16:41:18.528 +01:00 [INF] Request finished HTTP/1.1 GET http://localhost:5043/swagger/v1/swagger.json - 200 null application/json;charset=utf-8 33.345ms
2025-11-02 16:49:18.982 +01:00 [INF] Request starting HTTP/1.1 OPTIONS http://localhost:5043/api/quizapi/create - null null
2025-11-02 16:49:18.982 +01:00 [INF] CORS policy execution successful.
2025-11-02 16:49:18.983 +01:00 [INF] Request finished HTTP/1.1 OPTIONS http://localhost:5043/api/quizapi/create - 204 null null 0.8928ms
2025-11-02 16:49:18.984 +01:00 [INF] Request starting HTTP/1.1 POST http://localhost:5043/api/quizapi/create - application/json 302
2025-11-02 16:49:18.984 +01:00 [INF] CORS policy execution successful.
2025-11-02 16:49:18.985 +01:00 [INF] Executing endpoint 'Que.Controllers.QuizAPIController.Create (api)'
2025-11-02 16:49:18.986 +01:00 [INF] Route matched with {action = "Create", controller = "QuizAPI"}. Executing controller action with signature System.Threading.Tasks.Task`1[Microsoft.AspNetCore.Mvc.IActionResult] Create(Que.DTOs.QuizDto) on controller Que.Controllers.QuizAPIController (api).
2025-11-02 16:49:18.987 +01:00 [INF] Create quiz called by UserId=A
2025-11-02 16:49:19.002 +01:00 [ERR] User not found in database for UserId=A
2025-11-02 16:49:19.002 +01:00 [INF] Executing UnauthorizedObjectResult, writing value of type 'System.String'.
2025-11-02 16:49:19.002 +01:00 [INF] Executed action Que.Controllers.QuizAPIController.Create (api) in 16.536ms
2025-11-02 16:49:19.002 +01:00 [INF] Executed endpoint 'Que.Controllers.QuizAPIController.Create (api)'
2025-11-02 16:49:19.002 +01:00 [INF] Request finished HTTP/1.1 POST http://localhost:5043/api/quizapi/create - 401 null text/plain; charset=utf-8 18.2452ms
2025-11-02 16:58:50.828 +01:00 [INF] Application is shutting down...
