2025-10-24 15:11:15.940 +02:00 [INF] Now listening on: https://localhost:7022
2025-10-24 15:11:15.944 +02:00 [INF] Now listening on: http://localhost:5102
2025-10-24 15:11:15.947 +02:00 [INF] Application started. Press Ctrl+C to shut down.
2025-10-24 15:11:15.948 +02:00 [INF] Hosting environment: Development
2025-10-24 15:11:15.948 +02:00 [INF] Content root path: /Users/arthurflotvik/Documents/QueREACT/api
2025-10-24 15:11:16.057 +02:00 [INF] Request starting HTTP/1.1 GET http://localhost:5102/swagger/index.html - null null
2025-10-24 15:11:16.113 +02:00 [INF] Request finished HTTP/1.1 GET http://localhost:5102/swagger/index.html - 200 null text/html;charset=utf-8 59.0551ms
2025-10-24 15:11:16.195 +02:00 [INF] Request starting HTTP/1.1 GET http://localhost:5102/swagger/v1/swagger.json - null null
2025-10-24 15:11:16.226 +02:00 [INF] Request finished HTTP/1.1 GET http://localhost:5102/swagger/v1/swagger.json - 200 null application/json;charset=utf-8 30.91ms
2025-10-24 15:11:27.030 +02:00 [INF] Request starting HTTP/1.1 GET http://localhost:5102/api/QuizAPI/quizlist - null null
2025-10-24 15:11:27.043 +02:00 [INF] Executing endpoint 'Que.Controllers.QuizAPIController.QuizList (api)'
2025-10-24 15:11:27.053 +02:00 [INF] Route matched with {action = "QuizList", controller = "QuizAPI"}. Executing controller action with signature System.Threading.Tasks.Task`1[Microsoft.AspNetCore.Mvc.IActionResult] QuizList() on controller Que.Controllers.QuizAPIController (api).
2025-10-24 15:11:27.179 +02:00 [WRN] Compiling a query which loads related collections for more than one collection navigation, either via 'Include' or through projection, but no 'QuerySplittingBehavior' has been configured. By default, Entity Framework will use 'QuerySplittingBehavior.SingleQuery', which can potentially result in slow query performance. See https://go.microsoft.com/fwlink/?linkid=2134277 for more information. To identify the query that's triggering this warning call 'ConfigureWarnings(w => w.Throw(RelationalEventId.MultipleCollectionIncludeWarning))'.
2025-10-24 15:11:27.232 +02:00 [INF] Executing OkObjectResult, writing value of type 'System.Linq.Enumerable+SelectListIterator`2[[Que.Models.Quiz, api, Version=1.0.0.0, Culture=neutral, PublicKeyToken=null],[Que.DTOs.QuizDto, api, Version=1.0.0.0, Culture=neutral, PublicKeyToken=null]]'.
2025-10-24 15:11:27.283 +02:00 [INF] Executed action Que.Controllers.QuizAPIController.QuizList (api) in 228.3006ms
2025-10-24 15:11:27.283 +02:00 [INF] Executed endpoint 'Que.Controllers.QuizAPIController.QuizList (api)'
2025-10-24 15:11:27.285 +02:00 [INF] Request finished HTTP/1.1 GET http://localhost:5102/api/QuizAPI/quizlist - 200 149 application/json; charset=utf-8 255.2041ms
2025-10-24 15:12:08.643 +02:00 [INF] Request starting HTTP/1.1 GET http://localhost:5102/api/quizapi/quizlist - null null
2025-10-24 15:12:08.644 +02:00 [INF] Executing endpoint 'Que.Controllers.QuizAPIController.QuizList (api)'
2025-10-24 15:12:08.644 +02:00 [INF] Route matched with {action = "QuizList", controller = "QuizAPI"}. Executing controller action with signature System.Threading.Tasks.Task`1[Microsoft.AspNetCore.Mvc.IActionResult] QuizList() on controller Que.Controllers.QuizAPIController (api).
2025-10-24 15:12:08.669 +02:00 [INF] Executing OkObjectResult, writing value of type 'System.Linq.Enumerable+SelectListIterator`2[[Que.Models.Quiz, api, Version=1.0.0.0, Culture=neutral, PublicKeyToken=null],[Que.DTOs.QuizDto, api, Version=1.0.0.0, Culture=neutral, PublicKeyToken=null]]'.
2025-10-24 15:12:08.669 +02:00 [INF] Executed action Que.Controllers.QuizAPIController.QuizList (api) in 25.0472ms
2025-10-24 15:12:08.669 +02:00 [INF] Executed endpoint 'Que.Controllers.QuizAPIController.QuizList (api)'
2025-10-24 15:12:08.670 +02:00 [INF] Request finished HTTP/1.1 GET http://localhost:5102/api/quizapi/quizlist - 200 149 application/json; charset=utf-8 28.8063ms
