2025-10-30 21:19:14.661 +01:00 [INF] User profile is available. Using '/Users/arthurflotvik/.aspnet/DataProtection-Keys' as key repository; keys will not be encrypted at rest.
2025-10-30 21:19:14.686 +01:00 [INF] Now listening on: http://localhost:5043
2025-10-30 21:19:14.687 +01:00 [INF] Application started. Press Ctrl+C to shut down.
2025-10-30 21:19:14.687 +01:00 [INF] Hosting environment: Development
2025-10-30 21:19:14.687 +01:00 [INF] Content root path: /Users/arthurflotvik/Documents/QueREACT/api
2025-10-30 21:19:15.615 +01:00 [INF] Request starting HTTP/1.1 OPTIONS http://localhost:5043/api/quizapi/quizlist - null null
2025-10-30 21:19:15.615 +01:00 [INF] Request starting HTTP/1.1 OPTIONS http://localhost:5043/api/quizapi/quizlist - null null
2025-10-30 21:19:15.631 +01:00 [INF] CORS policy execution successful.
2025-10-30 21:19:15.631 +01:00 [INF] CORS policy execution successful.
2025-10-30 21:19:15.633 +01:00 [INF] Request finished HTTP/1.1 OPTIONS http://localhost:5043/api/quizapi/quizlist - 204 null null 19.1774ms
2025-10-30 21:19:15.634 +01:00 [INF] Request finished HTTP/1.1 OPTIONS http://localhost:5043/api/quizapi/quizlist - 204 null null 19.1952ms
2025-10-30 21:19:15.635 +01:00 [INF] Request starting HTTP/1.1 GET http://localhost:5043/api/quizapi/quizlist - application/json null
2025-10-30 21:19:15.640 +01:00 [INF] CORS policy execution successful.
2025-10-30 21:19:15.682 +01:00 [INF] Executing endpoint 'Que.Controllers.QuizAPIController.QuizList (api)'
2025-10-30 21:19:15.689 +01:00 [INF] Route matched with {action = "QuizList", controller = "QuizAPI"}. Executing controller action with signature System.Threading.Tasks.Task`1[Microsoft.AspNetCore.Mvc.IActionResult] QuizList() on controller Que.Controllers.QuizAPIController (api).
2025-10-30 21:19:15.779 +01:00 [WRN] Compiling a query which loads related collections for more than one collection navigation, either via 'Include' or through projection, but no 'QuerySplittingBehavior' has been configured. By default, Entity Framework will use 'QuerySplittingBehavior.SingleQuery', which can potentially result in slow query performance. See https://go.microsoft.com/fwlink/?linkid=2134277 for more information. To identify the query that's triggering this warning call 'ConfigureWarnings(w => w.Throw(RelationalEventId.MultipleCollectionIncludeWarning))'.
2025-10-30 21:19:15.827 +01:00 [INF] Executing OkObjectResult, writing value of type 'System.Linq.Enumerable+SelectListIterator`2[[Que.Models.Quiz, api, Version=1.0.0.0, Culture=neutral, PublicKeyToken=null],[Que.DTOs.QuizDto, api, Version=1.0.0.0, Culture=neutral, PublicKeyToken=null]]'.
2025-10-30 21:19:15.862 +01:00 [INF] Request starting HTTP/1.1 GET http://localhost:5043/api/quizapi/quizlist - application/json null
2025-10-30 21:19:15.862 +01:00 [INF] CORS policy execution successful.
2025-10-30 21:19:15.863 +01:00 [INF] Executed action Que.Controllers.QuizAPIController.QuizList (api) in 172.1325ms
2025-10-30 21:19:15.863 +01:00 [INF] Executed endpoint 'Que.Controllers.QuizAPIController.QuizList (api)'
2025-10-30 21:19:15.865 +01:00 [INF] Request finished HTTP/1.1 GET http://localhost:5043/api/quizapi/quizlist - 200 603 application/json; charset=utf-8 229.7255ms
2025-10-30 21:19:15.865 +01:00 [INF] Executing endpoint 'Que.Controllers.QuizAPIController.QuizList (api)'
2025-10-30 21:19:15.865 +01:00 [INF] Route matched with {action = "QuizList", controller = "QuizAPI"}. Executing controller action with signature System.Threading.Tasks.Task`1[Microsoft.AspNetCore.Mvc.IActionResult] QuizList() on controller Que.Controllers.QuizAPIController (api).
2025-10-30 21:19:15.889 +01:00 [INF] Executing OkObjectResult, writing value of type 'System.Linq.Enumerable+SelectListIterator`2[[Que.Models.Quiz, api, Version=1.0.0.0, Culture=neutral, PublicKeyToken=null],[Que.DTOs.QuizDto, api, Version=1.0.0.0, Culture=neutral, PublicKeyToken=null]]'.
2025-10-30 21:19:15.890 +01:00 [INF] Executed action Que.Controllers.QuizAPIController.QuizList (api) in 24.5129ms
2025-10-30 21:19:15.890 +01:00 [INF] Executed endpoint 'Que.Controllers.QuizAPIController.QuizList (api)'
2025-10-30 21:19:15.890 +01:00 [INF] Request finished HTTP/1.1 GET http://localhost:5043/api/quizapi/quizlist - 200 603 application/json; charset=utf-8 28.1347ms
2025-10-30 21:19:19.538 +01:00 [INF] Request starting HTTP/1.1 GET http://localhost:5043/api/quizapi/quizlist - application/json null
2025-10-30 21:19:19.538 +01:00 [INF] CORS policy execution successful.
2025-10-30 21:19:19.542 +01:00 [INF] Executing endpoint 'Que.Controllers.QuizAPIController.QuizList (api)'
2025-10-30 21:19:19.542 +01:00 [INF] Route matched with {action = "QuizList", controller = "QuizAPI"}. Executing controller action with signature System.Threading.Tasks.Task`1[Microsoft.AspNetCore.Mvc.IActionResult] QuizList() on controller Que.Controllers.QuizAPIController (api).
2025-10-30 21:19:19.549 +01:00 [INF] Executing OkObjectResult, writing value of type 'System.Linq.Enumerable+SelectListIterator`2[[Que.Models.Quiz, api, Version=1.0.0.0, Culture=neutral, PublicKeyToken=null],[Que.DTOs.QuizDto, api, Version=1.0.0.0, Culture=neutral, PublicKeyToken=null]]'.
2025-10-30 21:19:19.549 +01:00 [INF] Executed action Que.Controllers.QuizAPIController.QuizList (api) in 7.1344ms
2025-10-30 21:19:19.549 +01:00 [INF] Executed endpoint 'Que.Controllers.QuizAPIController.QuizList (api)'
2025-10-30 21:19:19.549 +01:00 [INF] Request finished HTTP/1.1 GET http://localhost:5043/api/quizapi/quizlist - 200 603 application/json; charset=utf-8 11.9705ms
2025-10-30 21:19:20.139 +01:00 [INF] Request starting HTTP/1.1 GET http://localhost:5043/api/quizapi/quizlist - application/json null
2025-10-30 21:19:20.139 +01:00 [INF] CORS policy execution successful.
2025-10-30 21:19:20.140 +01:00 [INF] Executing endpoint 'Que.Controllers.QuizAPIController.QuizList (api)'
2025-10-30 21:19:20.140 +01:00 [INF] Route matched with {action = "QuizList", controller = "QuizAPI"}. Executing controller action with signature System.Threading.Tasks.Task`1[Microsoft.AspNetCore.Mvc.IActionResult] QuizList() on controller Que.Controllers.QuizAPIController (api).
2025-10-30 21:19:20.146 +01:00 [INF] Executing OkObjectResult, writing value of type 'System.Linq.Enumerable+SelectListIterator`2[[Que.Models.Quiz, api, Version=1.0.0.0, Culture=neutral, PublicKeyToken=null],[Que.DTOs.QuizDto, api, Version=1.0.0.0, Culture=neutral, PublicKeyToken=null]]'.
2025-10-30 21:19:20.146 +01:00 [INF] Executed action Que.Controllers.QuizAPIController.QuizList (api) in 5.7681ms
2025-10-30 21:19:20.146 +01:00 [INF] Executed endpoint 'Que.Controllers.QuizAPIController.QuizList (api)'
2025-10-30 21:19:20.146 +01:00 [INF] Request finished HTTP/1.1 GET http://localhost:5043/api/quizapi/quizlist - 200 603 application/json; charset=utf-8 7.3442ms
2025-10-30 21:20:25.630 +01:00 [INF] Request starting HTTP/1.1 OPTIONS http://localhost:5043/api/quizapi/quizlist - null null
2025-10-30 21:20:25.630 +01:00 [INF] CORS policy execution successful.
2025-10-30 21:20:25.631 +01:00 [INF] Request finished HTTP/1.1 OPTIONS http://localhost:5043/api/quizapi/quizlist - 204 null null 0.9309ms
2025-10-30 21:20:25.633 +01:00 [INF] Request starting HTTP/1.1 GET http://localhost:5043/api/quizapi/quizlist - application/json null
2025-10-30 21:20:25.633 +01:00 [INF] CORS policy execution successful.
2025-10-30 21:20:25.633 +01:00 [INF] Executing endpoint 'Que.Controllers.QuizAPIController.QuizList (api)'
2025-10-30 21:20:25.634 +01:00 [INF] Route matched with {action = "QuizList", controller = "QuizAPI"}. Executing controller action with signature System.Threading.Tasks.Task`1[Microsoft.AspNetCore.Mvc.IActionResult] QuizList() on controller Que.Controllers.QuizAPIController (api).
2025-10-30 21:20:25.635 +01:00 [INF] Executing OkObjectResult, writing value of type 'System.Linq.Enumerable+SelectListIterator`2[[Que.Models.Quiz, api, Version=1.0.0.0, Culture=neutral, PublicKeyToken=null],[Que.DTOs.QuizDto, api, Version=1.0.0.0, Culture=neutral, PublicKeyToken=null]]'.
2025-10-30 21:20:25.636 +01:00 [INF] Executed action Que.Controllers.QuizAPIController.QuizList (api) in 2.1251ms
2025-10-30 21:20:25.636 +01:00 [INF] Executed endpoint 'Que.Controllers.QuizAPIController.QuizList (api)'
2025-10-30 21:20:25.636 +01:00 [INF] Request finished HTTP/1.1 GET http://localhost:5043/api/quizapi/quizlist - 200 603 application/json; charset=utf-8 3.5517ms
2025-10-30 21:20:34.899 +01:00 [INF] Request starting HTTP/1.1 OPTIONS http://localhost:5043/api/quizapi/quizlist - null null
2025-10-30 21:20:34.899 +01:00 [INF] Request starting HTTP/1.1 OPTIONS http://localhost:5043/api/quizapi/quizlist - null null
2025-10-30 21:20:34.900 +01:00 [INF] CORS policy execution successful.
2025-10-30 21:20:34.900 +01:00 [INF] Request finished HTTP/1.1 OPTIONS http://localhost:5043/api/quizapi/quizlist - 204 null null 0.6814ms
2025-10-30 21:20:34.900 +01:00 [INF] CORS policy execution successful.
2025-10-30 21:20:34.900 +01:00 [INF] Request finished HTTP/1.1 OPTIONS http://localhost:5043/api/quizapi/quizlist - 204 null null 1.252ms
2025-10-30 21:20:34.902 +01:00 [INF] Request starting HTTP/1.1 GET http://localhost:5043/api/quizapi/quizlist - application/json null
2025-10-30 21:20:34.902 +01:00 [INF] CORS policy execution successful.
2025-10-30 21:20:34.903 +01:00 [INF] Executing endpoint 'Que.Controllers.QuizAPIController.QuizList (api)'
2025-10-30 21:20:34.903 +01:00 [INF] Route matched with {action = "QuizList", controller = "QuizAPI"}. Executing controller action with signature System.Threading.Tasks.Task`1[Microsoft.AspNetCore.Mvc.IActionResult] QuizList() on controller Que.Controllers.QuizAPIController (api).
2025-10-30 21:20:34.905 +01:00 [INF] Executing OkObjectResult, writing value of type 'System.Linq.Enumerable+SelectListIterator`2[[Que.Models.Quiz, api, Version=1.0.0.0, Culture=neutral, PublicKeyToken=null],[Que.DTOs.QuizDto, api, Version=1.0.0.0, Culture=neutral, PublicKeyToken=null]]'.
2025-10-30 21:20:34.905 +01:00 [INF] Executed action Que.Controllers.QuizAPIController.QuizList (api) in 2.3702ms
2025-10-30 21:20:34.905 +01:00 [INF] Executed endpoint 'Que.Controllers.QuizAPIController.QuizList (api)'
2025-10-30 21:20:34.905 +01:00 [INF] Request finished HTTP/1.1 GET http://localhost:5043/api/quizapi/quizlist - 200 603 application/json; charset=utf-8 3.5892ms
2025-10-30 21:20:34.906 +01:00 [INF] Request starting HTTP/1.1 GET http://localhost:5043/api/quizapi/quizlist - application/json null
2025-10-30 21:20:34.906 +01:00 [INF] CORS policy execution successful.
2025-10-30 21:20:34.906 +01:00 [INF] Executing endpoint 'Que.Controllers.QuizAPIController.QuizList (api)'
2025-10-30 21:20:34.906 +01:00 [INF] Route matched with {action = "QuizList", controller = "QuizAPI"}. Executing controller action with signature System.Threading.Tasks.Task`1[Microsoft.AspNetCore.Mvc.IActionResult] QuizList() on controller Que.Controllers.QuizAPIController (api).
2025-10-30 21:20:34.907 +01:00 [INF] Executing OkObjectResult, writing value of type 'System.Linq.Enumerable+SelectListIterator`2[[Que.Models.Quiz, api, Version=1.0.0.0, Culture=neutral, PublicKeyToken=null],[Que.DTOs.QuizDto, api, Version=1.0.0.0, Culture=neutral, PublicKeyToken=null]]'.
2025-10-30 21:20:34.907 +01:00 [INF] Executed action Que.Controllers.QuizAPIController.QuizList (api) in 1.1345ms
2025-10-30 21:20:34.907 +01:00 [INF] Executed endpoint 'Que.Controllers.QuizAPIController.QuizList (api)'
2025-10-30 21:20:34.907 +01:00 [INF] Request finished HTTP/1.1 GET http://localhost:5043/api/quizapi/quizlist - 200 603 application/json; charset=utf-8 1.6705ms
2025-10-30 21:20:47.576 +01:00 [INF] Request starting HTTP/1.1 OPTIONS http://localhost:5043/api/quizapi/quizlist - null null
2025-10-30 21:20:47.577 +01:00 [INF] CORS policy execution successful.
2025-10-30 21:20:47.577 +01:00 [INF] Request finished HTTP/1.1 OPTIONS http://localhost:5043/api/quizapi/quizlist - 204 null null 1.1246ms
2025-10-30 21:20:47.577 +01:00 [INF] Request starting HTTP/1.1 OPTIONS http://localhost:5043/api/quizapi/quizlist - null null
2025-10-30 21:20:47.578 +01:00 [INF] CORS policy execution successful.
2025-10-30 21:20:47.578 +01:00 [INF] Request finished HTTP/1.1 OPTIONS http://localhost:5043/api/quizapi/quizlist - 204 null null 0.3756ms
2025-10-30 21:20:47.579 +01:00 [INF] Request starting HTTP/1.1 GET http://localhost:5043/api/quizapi/quizlist - application/json null
2025-10-30 21:20:47.579 +01:00 [INF] CORS policy execution successful.
2025-10-30 21:20:47.580 +01:00 [INF] Executing endpoint 'Que.Controllers.QuizAPIController.QuizList (api)'
2025-10-30 21:20:47.580 +01:00 [INF] Route matched with {action = "QuizList", controller = "QuizAPI"}. Executing controller action with signature System.Threading.Tasks.Task`1[Microsoft.AspNetCore.Mvc.IActionResult] QuizList() on controller Que.Controllers.QuizAPIController (api).
2025-10-30 21:20:47.582 +01:00 [INF] Executing OkObjectResult, writing value of type 'System.Linq.Enumerable+SelectListIterator`2[[Que.Models.Quiz, api, Version=1.0.0.0, Culture=neutral, PublicKeyToken=null],[Que.DTOs.QuizDto, api, Version=1.0.0.0, Culture=neutral, PublicKeyToken=null]]'.
2025-10-30 21:20:47.582 +01:00 [INF] Executed action Que.Controllers.QuizAPIController.QuizList (api) in 1.4722ms
2025-10-30 21:20:47.582 +01:00 [INF] Executed endpoint 'Que.Controllers.QuizAPIController.QuizList (api)'
2025-10-30 21:20:47.582 +01:00 [INF] Request finished HTTP/1.1 GET http://localhost:5043/api/quizapi/quizlist - 200 603 application/json; charset=utf-8 2.9942ms
2025-10-30 21:20:47.582 +01:00 [INF] Request starting HTTP/1.1 GET http://localhost:5043/api/quizapi/quizlist - application/json null
2025-10-30 21:20:47.583 +01:00 [INF] CORS policy execution successful.
2025-10-30 21:20:47.583 +01:00 [INF] Executing endpoint 'Que.Controllers.QuizAPIController.QuizList (api)'
2025-10-30 21:20:47.583 +01:00 [INF] Route matched with {action = "QuizList", controller = "QuizAPI"}. Executing controller action with signature System.Threading.Tasks.Task`1[Microsoft.AspNetCore.Mvc.IActionResult] QuizList() on controller Que.Controllers.QuizAPIController (api).
2025-10-30 21:20:47.584 +01:00 [INF] Executing OkObjectResult, writing value of type 'System.Linq.Enumerable+SelectListIterator`2[[Que.Models.Quiz, api, Version=1.0.0.0, Culture=neutral, PublicKeyToken=null],[Que.DTOs.QuizDto, api, Version=1.0.0.0, Culture=neutral, PublicKeyToken=null]]'.
2025-10-30 21:20:47.584 +01:00 [INF] Executed action Que.Controllers.QuizAPIController.QuizList (api) in 0.9601ms
2025-10-30 21:20:47.584 +01:00 [INF] Executed endpoint 'Que.Controllers.QuizAPIController.QuizList (api)'
2025-10-30 21:20:47.584 +01:00 [INF] Request finished HTTP/1.1 GET http://localhost:5043/api/quizapi/quizlist - 200 603 application/json; charset=utf-8 1.6474ms
2025-10-30 21:22:58.564 +01:00 [INF] Request starting HTTP/1.1 OPTIONS http://localhost:5043/api/quizapi/quizlist - null null
2025-10-30 21:22:58.565 +01:00 [INF] CORS policy execution successful.
2025-10-30 21:22:58.566 +01:00 [INF] Request finished HTTP/1.1 OPTIONS http://localhost:5043/api/quizapi/quizlist - 204 null null 1.5662ms
2025-10-30 21:22:58.567 +01:00 [INF] Request starting HTTP/1.1 GET http://localhost:5043/api/quizapi/quizlist - application/json null
2025-10-30 21:22:58.568 +01:00 [INF] CORS policy execution successful.
2025-10-30 21:22:58.568 +01:00 [INF] Executing endpoint 'Que.Controllers.QuizAPIController.QuizList (api)'
2025-10-30 21:22:58.568 +01:00 [INF] Route matched with {action = "QuizList", controller = "QuizAPI"}. Executing controller action with signature System.Threading.Tasks.Task`1[Microsoft.AspNetCore.Mvc.IActionResult] QuizList() on controller Que.Controllers.QuizAPIController (api).
2025-10-30 21:22:58.571 +01:00 [INF] Executing OkObjectResult, writing value of type 'System.Linq.Enumerable+SelectListIterator`2[[Que.Models.Quiz, api, Version=1.0.0.0, Culture=neutral, PublicKeyToken=null],[Que.DTOs.QuizDto, api, Version=1.0.0.0, Culture=neutral, PublicKeyToken=null]]'.
2025-10-30 21:22:58.571 +01:00 [INF] Executed action Que.Controllers.QuizAPIController.QuizList (api) in 2.4994ms
2025-10-30 21:22:58.571 +01:00 [INF] Executed endpoint 'Que.Controllers.QuizAPIController.QuizList (api)'
2025-10-30 21:22:58.571 +01:00 [INF] Request finished HTTP/1.1 GET http://localhost:5043/api/quizapi/quizlist - 200 603 application/json; charset=utf-8 3.7224ms
2025-10-30 21:22:58.949 +01:00 [INF] Request starting HTTP/1.1 GET http://localhost:5043/api/quizapi/quizlist - application/json null
2025-10-30 21:22:58.950 +01:00 [INF] CORS policy execution successful.
2025-10-30 21:22:58.951 +01:00 [INF] Executing endpoint 'Que.Controllers.QuizAPIController.QuizList (api)'
2025-10-30 21:22:58.951 +01:00 [INF] Route matched with {action = "QuizList", controller = "QuizAPI"}. Executing controller action with signature System.Threading.Tasks.Task`1[Microsoft.AspNetCore.Mvc.IActionResult] QuizList() on controller Que.Controllers.QuizAPIController (api).
2025-10-30 21:22:58.954 +01:00 [INF] Executing OkObjectResult, writing value of type 'System.Linq.Enumerable+SelectListIterator`2[[Que.Models.Quiz, api, Version=1.0.0.0, Culture=neutral, PublicKeyToken=null],[Que.DTOs.QuizDto, api, Version=1.0.0.0, Culture=neutral, PublicKeyToken=null]]'.
2025-10-30 21:22:58.955 +01:00 [INF] Executed action Que.Controllers.QuizAPIController.QuizList (api) in 3.5522ms
2025-10-30 21:22:58.955 +01:00 [INF] Executed endpoint 'Que.Controllers.QuizAPIController.QuizList (api)'
2025-10-30 21:22:58.955 +01:00 [INF] Request finished HTTP/1.1 GET http://localhost:5043/api/quizapi/quizlist - 200 603 application/json; charset=utf-8 5.8877ms
2025-10-30 21:25:06.390 +01:00 [INF] Request starting HTTP/1.1 OPTIONS http://localhost:5043/api/quizapi/1 - null null
2025-10-30 21:25:06.390 +01:00 [INF] CORS policy execution successful.
2025-10-30 21:25:06.391 +01:00 [INF] Request finished HTTP/1.1 OPTIONS http://localhost:5043/api/quizapi/1 - 204 null null 1.0576ms
2025-10-30 21:25:06.392 +01:00 [INF] Request starting HTTP/1.1 OPTIONS http://localhost:5043/api/quizapi/1 - null null
2025-10-30 21:25:06.392 +01:00 [INF] CORS policy execution successful.
2025-10-30 21:25:06.392 +01:00 [INF] Request finished HTTP/1.1 OPTIONS http://localhost:5043/api/quizapi/1 - 204 null null 0.4561ms
2025-10-30 21:25:06.395 +01:00 [INF] Request starting HTTP/1.1 GET http://localhost:5043/api/quizapi/1 - application/json null
2025-10-30 21:25:06.396 +01:00 [INF] CORS policy execution successful.
2025-10-30 21:25:06.396 +01:00 [INF] Executing endpoint 'Que.Controllers.QuizAPIController.GetQuiz (api)'
2025-10-30 21:25:06.403 +01:00 [INF] Route matched with {action = "GetQuiz", controller = "QuizAPI"}. Executing controller action with signature System.Threading.Tasks.Task`1[Microsoft.AspNetCore.Mvc.IActionResult] GetQuiz(Int32) on controller Que.Controllers.QuizAPIController (api).
2025-10-30 21:25:06.425 +01:00 [INF] Executing OkObjectResult, writing value of type 'Castle.Proxies.QuizProxy'.
2025-10-30 21:25:06.485 +01:00 [INF] Executed action Que.Controllers.QuizAPIController.GetQuiz (api) in 81.9037ms
2025-10-30 21:25:06.485 +01:00 [INF] Executed endpoint 'Que.Controllers.QuizAPIController.GetQuiz (api)'
2025-10-30 21:25:06.485 +01:00 [INF] Request finished HTTP/1.1 GET http://localhost:5043/api/quizapi/1 - 200 1304 application/json; charset=utf-8 89.5455ms
2025-10-30 21:25:06.485 +01:00 [INF] Request starting HTTP/1.1 GET http://localhost:5043/api/quizapi/1 - application/json null
2025-10-30 21:25:06.485 +01:00 [INF] CORS policy execution successful.
2025-10-30 21:25:06.486 +01:00 [INF] Executing endpoint 'Que.Controllers.QuizAPIController.GetQuiz (api)'
2025-10-30 21:25:06.486 +01:00 [INF] Route matched with {action = "GetQuiz", controller = "QuizAPI"}. Executing controller action with signature System.Threading.Tasks.Task`1[Microsoft.AspNetCore.Mvc.IActionResult] GetQuiz(Int32) on controller Que.Controllers.QuizAPIController (api).
2025-10-30 21:25:06.487 +01:00 [INF] Executing OkObjectResult, writing value of type 'Castle.Proxies.QuizProxy'.
2025-10-30 21:25:06.489 +01:00 [INF] Executed action Que.Controllers.QuizAPIController.GetQuiz (api) in 3.2464ms
2025-10-30 21:25:06.489 +01:00 [INF] Executed endpoint 'Que.Controllers.QuizAPIController.GetQuiz (api)'
2025-10-30 21:25:06.489 +01:00 [INF] Request finished HTTP/1.1 GET http://localhost:5043/api/quizapi/1 - 200 1304 application/json; charset=utf-8 3.7326ms
2025-10-30 21:25:07.011 +01:00 [INF] Request starting HTTP/1.1 OPTIONS http://localhost:5043/api/quizapi/quizlist - null null
2025-10-30 21:25:07.012 +01:00 [INF] CORS policy execution successful.
2025-10-30 21:25:07.012 +01:00 [INF] Request finished HTTP/1.1 OPTIONS http://localhost:5043/api/quizapi/quizlist - 204 null null 0.5478ms
2025-10-30 21:25:07.011 +01:00 [INF] Request starting HTTP/1.1 OPTIONS http://localhost:5043/api/quizapi/quizlist - null null
2025-10-30 21:25:07.012 +01:00 [INF] CORS policy execution successful.
2025-10-30 21:25:07.012 +01:00 [INF] Request finished HTTP/1.1 OPTIONS http://localhost:5043/api/quizapi/quizlist - 204 null null 0.9107ms
2025-10-30 21:25:07.013 +01:00 [INF] Request starting HTTP/1.1 GET http://localhost:5043/api/quizapi/quizlist - application/json null
2025-10-30 21:25:07.013 +01:00 [INF] CORS policy execution successful.
2025-10-30 21:25:07.014 +01:00 [INF] Executing endpoint 'Que.Controllers.QuizAPIController.QuizList (api)'
2025-10-30 21:25:07.014 +01:00 [INF] Route matched with {action = "QuizList", controller = "QuizAPI"}. Executing controller action with signature System.Threading.Tasks.Task`1[Microsoft.AspNetCore.Mvc.IActionResult] QuizList() on controller Que.Controllers.QuizAPIController (api).
2025-10-30 21:25:07.015 +01:00 [INF] Executing OkObjectResult, writing value of type 'System.Linq.Enumerable+SelectListIterator`2[[Que.Models.Quiz, api, Version=1.0.0.0, Culture=neutral, PublicKeyToken=null],[Que.DTOs.QuizDto, api, Version=1.0.0.0, Culture=neutral, PublicKeyToken=null]]'.
2025-10-30 21:25:07.016 +01:00 [INF] Executed action Que.Controllers.QuizAPIController.QuizList (api) in 1.7961ms
2025-10-30 21:25:07.016 +01:00 [INF] Executed endpoint 'Que.Controllers.QuizAPIController.QuizList (api)'
2025-10-30 21:25:07.016 +01:00 [INF] Request finished HTTP/1.1 GET http://localhost:5043/api/quizapi/quizlist - 200 603 application/json; charset=utf-8 2.4591ms
2025-10-30 21:25:07.016 +01:00 [INF] Request starting HTTP/1.1 GET http://localhost:5043/api/quizapi/quizlist - application/json null
2025-10-30 21:25:07.016 +01:00 [INF] CORS policy execution successful.
2025-10-30 21:25:07.017 +01:00 [INF] Executing endpoint 'Que.Controllers.QuizAPIController.QuizList (api)'
2025-10-30 21:25:07.017 +01:00 [INF] Route matched with {action = "QuizList", controller = "QuizAPI"}. Executing controller action with signature System.Threading.Tasks.Task`1[Microsoft.AspNetCore.Mvc.IActionResult] QuizList() on controller Que.Controllers.QuizAPIController (api).
2025-10-30 21:25:07.018 +01:00 [INF] Executing OkObjectResult, writing value of type 'System.Linq.Enumerable+SelectListIterator`2[[Que.Models.Quiz, api, Version=1.0.0.0, Culture=neutral, PublicKeyToken=null],[Que.DTOs.QuizDto, api, Version=1.0.0.0, Culture=neutral, PublicKeyToken=null]]'.
2025-10-30 21:25:07.018 +01:00 [INF] Executed action Que.Controllers.QuizAPIController.QuizList (api) in 1.1911ms
2025-10-30 21:25:07.018 +01:00 [INF] Executed endpoint 'Que.Controllers.QuizAPIController.QuizList (api)'
2025-10-30 21:25:07.018 +01:00 [INF] Request finished HTTP/1.1 GET http://localhost:5043/api/quizapi/quizlist - 200 603 application/json; charset=utf-8 1.9708ms
2025-10-30 21:25:13.037 +01:00 [INF] Request starting HTTP/1.1 OPTIONS http://localhost:5043/api/quizapi/delete/4 - null null
2025-10-30 21:25:13.037 +01:00 [INF] CORS policy execution successful.
2025-10-30 21:25:13.038 +01:00 [INF] Request finished HTTP/1.1 OPTIONS http://localhost:5043/api/quizapi/delete/4 - 204 null null 0.6973ms
2025-10-30 21:25:13.039 +01:00 [INF] Request starting HTTP/1.1 DELETE http://localhost:5043/api/quizapi/delete/4 - application/json null
2025-10-30 21:25:13.039 +01:00 [INF] CORS policy execution successful.
2025-10-30 21:25:13.040 +01:00 [INF] Executing endpoint 'Que.Controllers.QuizAPIController.DeleteConfirmed (api)'
2025-10-30 21:25:13.044 +01:00 [INF] Route matched with {action = "DeleteConfirmed", controller = "QuizAPI"}. Executing controller action with signature System.Threading.Tasks.Task`1[Microsoft.AspNetCore.Mvc.IActionResult] DeleteConfirmed(Int32) on controller Que.Controllers.QuizAPIController (api).
2025-10-30 21:25:13.098 +01:00 [INF] Executing StatusCodeResult, setting HTTP status code 204
2025-10-30 21:25:13.099 +01:00 [INF] Executed action Que.Controllers.QuizAPIController.DeleteConfirmed (api) in 54.9003ms
2025-10-30 21:25:13.099 +01:00 [INF] Executed endpoint 'Que.Controllers.QuizAPIController.DeleteConfirmed (api)'
2025-10-30 21:25:13.099 +01:00 [INF] Request finished HTTP/1.1 DELETE http://localhost:5043/api/quizapi/delete/4 - 204 null null 59.5642ms
2025-10-30 21:25:15.979 +01:00 [INF] Request starting HTTP/1.1 OPTIONS http://localhost:5043/api/quizapi/quizlist - null null
2025-10-30 21:25:15.979 +01:00 [INF] CORS policy execution successful.
2025-10-30 21:25:15.979 +01:00 [INF] Request finished HTTP/1.1 OPTIONS http://localhost:5043/api/quizapi/quizlist - 204 null null 0.4237ms
2025-10-30 21:25:15.980 +01:00 [INF] Request starting HTTP/1.1 GET http://localhost:5043/api/quizapi/quizlist - application/json null
2025-10-30 21:25:15.980 +01:00 [INF] CORS policy execution successful.
2025-10-30 21:25:15.981 +01:00 [INF] Executing endpoint 'Que.Controllers.QuizAPIController.QuizList (api)'
2025-10-30 21:25:15.981 +01:00 [INF] Route matched with {action = "QuizList", controller = "QuizAPI"}. Executing controller action with signature System.Threading.Tasks.Task`1[Microsoft.AspNetCore.Mvc.IActionResult] QuizList() on controller Que.Controllers.QuizAPIController (api).
2025-10-30 21:25:15.983 +01:00 [INF] Executing OkObjectResult, writing value of type 'System.Linq.Enumerable+SelectListIterator`2[[Que.Models.Quiz, api, Version=1.0.0.0, Culture=neutral, PublicKeyToken=null],[Que.DTOs.QuizDto, api, Version=1.0.0.0, Culture=neutral, PublicKeyToken=null]]'.
2025-10-30 21:25:15.983 +01:00 [INF] Executed action Que.Controllers.QuizAPIController.QuizList (api) in 2.438ms
2025-10-30 21:25:15.983 +01:00 [INF] Executed endpoint 'Que.Controllers.QuizAPIController.QuizList (api)'
2025-10-30 21:25:15.983 +01:00 [INF] Request finished HTTP/1.1 GET http://localhost:5043/api/quizapi/quizlist - 200 444 application/json; charset=utf-8 3.3617ms
2025-10-30 21:35:33.631 +01:00 [INF] Request starting HTTP/1.1 OPTIONS http://localhost:5043/api/quizapi/quizlist - null null
2025-10-30 21:35:33.637 +01:00 [INF] CORS policy execution successful.
2025-10-30 21:35:33.637 +01:00 [INF] Request finished HTTP/1.1 OPTIONS http://localhost:5043/api/quizapi/quizlist - 204 null null 5.2074ms
2025-10-30 21:35:33.637 +01:00 [INF] Request starting HTTP/1.1 OPTIONS http://localhost:5043/api/quizapi/quizlist - null null
2025-10-30 21:35:33.637 +01:00 [INF] CORS policy execution successful.
2025-10-30 21:35:33.637 +01:00 [INF] Request finished HTTP/1.1 OPTIONS http://localhost:5043/api/quizapi/quizlist - 204 null null 0.4028ms
2025-10-30 21:35:33.638 +01:00 [INF] Request starting HTTP/1.1 GET http://localhost:5043/api/quizapi/quizlist - application/json null
2025-10-30 21:35:33.639 +01:00 [INF] CORS policy execution successful.
2025-10-30 21:35:33.639 +01:00 [INF] Executing endpoint 'Que.Controllers.QuizAPIController.QuizList (api)'
2025-10-30 21:35:33.639 +01:00 [INF] Route matched with {action = "QuizList", controller = "QuizAPI"}. Executing controller action with signature System.Threading.Tasks.Task`1[Microsoft.AspNetCore.Mvc.IActionResult] QuizList() on controller Que.Controllers.QuizAPIController (api).
2025-10-30 21:35:33.643 +01:00 [INF] Executing OkObjectResult, writing value of type 'System.Linq.Enumerable+SelectListIterator`2[[Que.Models.Quiz, api, Version=1.0.0.0, Culture=neutral, PublicKeyToken=null],[Que.DTOs.QuizDto, api, Version=1.0.0.0, Culture=neutral, PublicKeyToken=null]]'.
2025-10-30 21:35:33.643 +01:00 [INF] Executed action Que.Controllers.QuizAPIController.QuizList (api) in 3.6927ms
2025-10-30 21:35:33.643 +01:00 [INF] Executed endpoint 'Que.Controllers.QuizAPIController.QuizList (api)'
2025-10-30 21:35:33.643 +01:00 [INF] Request finished HTTP/1.1 GET http://localhost:5043/api/quizapi/quizlist - 200 444 application/json; charset=utf-8 4.6183ms
2025-10-30 21:35:33.643 +01:00 [INF] Request starting HTTP/1.1 GET http://localhost:5043/api/quizapi/quizlist - application/json null
2025-10-30 21:35:33.643 +01:00 [INF] CORS policy execution successful.
2025-10-30 21:35:33.644 +01:00 [INF] Executing endpoint 'Que.Controllers.QuizAPIController.QuizList (api)'
2025-10-30 21:35:33.644 +01:00 [INF] Route matched with {action = "QuizList", controller = "QuizAPI"}. Executing controller action with signature System.Threading.Tasks.Task`1[Microsoft.AspNetCore.Mvc.IActionResult] QuizList() on controller Que.Controllers.QuizAPIController (api).
2025-10-30 21:35:33.645 +01:00 [INF] Executing OkObjectResult, writing value of type 'System.Linq.Enumerable+SelectListIterator`2[[Que.Models.Quiz, api, Version=1.0.0.0, Culture=neutral, PublicKeyToken=null],[Que.DTOs.QuizDto, api, Version=1.0.0.0, Culture=neutral, PublicKeyToken=null]]'.
2025-10-30 21:35:33.645 +01:00 [INF] Executed action Que.Controllers.QuizAPIController.QuizList (api) in 1.332ms
2025-10-30 21:35:33.645 +01:00 [INF] Executed endpoint 'Que.Controllers.QuizAPIController.QuizList (api)'
2025-10-30 21:35:33.645 +01:00 [INF] Request finished HTTP/1.1 GET http://localhost:5043/api/quizapi/quizlist - 200 444 application/json; charset=utf-8 1.8413ms
2025-10-30 21:39:27.861 +01:00 [INF] Request starting HTTP/1.1 OPTIONS http://localhost:5043/api/quizapi/quizlist - null null
2025-10-30 21:39:27.861 +01:00 [INF] Request starting HTTP/1.1 OPTIONS http://localhost:5043/api/quizapi/quizlist - null null
2025-10-30 21:39:27.862 +01:00 [INF] CORS policy execution successful.
2025-10-30 21:39:27.862 +01:00 [INF] CORS policy execution successful.
2025-10-30 21:39:27.862 +01:00 [INF] Request finished HTTP/1.1 OPTIONS http://localhost:5043/api/quizapi/quizlist - 204 null null 0.6632ms
2025-10-30 21:39:27.862 +01:00 [INF] Request finished HTTP/1.1 OPTIONS http://localhost:5043/api/quizapi/quizlist - 204 null null 0.6226ms
2025-10-30 21:39:27.863 +01:00 [INF] Request starting HTTP/1.1 GET http://localhost:5043/api/quizapi/quizlist - application/json null
2025-10-30 21:39:27.864 +01:00 [INF] CORS policy execution successful.
2025-10-30 21:39:27.864 +01:00 [INF] Executing endpoint 'Que.Controllers.QuizAPIController.QuizList (api)'
2025-10-30 21:39:27.864 +01:00 [INF] Route matched with {action = "QuizList", controller = "QuizAPI"}. Executing controller action with signature System.Threading.Tasks.Task`1[Microsoft.AspNetCore.Mvc.IActionResult] QuizList() on controller Que.Controllers.QuizAPIController (api).
2025-10-30 21:39:27.866 +01:00 [INF] Executing OkObjectResult, writing value of type 'System.Linq.Enumerable+SelectListIterator`2[[Que.Models.Quiz, api, Version=1.0.0.0, Culture=neutral, PublicKeyToken=null],[Que.DTOs.QuizDto, api, Version=1.0.0.0, Culture=neutral, PublicKeyToken=null]]'.
2025-10-30 21:39:27.866 +01:00 [INF] Executed action Que.Controllers.QuizAPIController.QuizList (api) in 1.8581ms
2025-10-30 21:39:27.866 +01:00 [INF] Executed endpoint 'Que.Controllers.QuizAPIController.QuizList (api)'
2025-10-30 21:39:27.866 +01:00 [INF] Request finished HTTP/1.1 GET http://localhost:5043/api/quizapi/quizlist - 200 444 application/json; charset=utf-8 2.5368ms
2025-10-30 21:39:27.867 +01:00 [INF] Request starting HTTP/1.1 GET http://localhost:5043/api/quizapi/quizlist - application/json null
2025-10-30 21:39:27.867 +01:00 [INF] CORS policy execution successful.
2025-10-30 21:39:27.868 +01:00 [INF] Executing endpoint 'Que.Controllers.QuizAPIController.QuizList (api)'
2025-10-30 21:39:27.868 +01:00 [INF] Route matched with {action = "QuizList", controller = "QuizAPI"}. Executing controller action with signature System.Threading.Tasks.Task`1[Microsoft.AspNetCore.Mvc.IActionResult] QuizList() on controller Que.Controllers.QuizAPIController (api).
2025-10-30 21:39:27.870 +01:00 [INF] Executing OkObjectResult, writing value of type 'System.Linq.Enumerable+SelectListIterator`2[[Que.Models.Quiz, api, Version=1.0.0.0, Culture=neutral, PublicKeyToken=null],[Que.DTOs.QuizDto, api, Version=1.0.0.0, Culture=neutral, PublicKeyToken=null]]'.
2025-10-30 21:39:27.872 +01:00 [INF] Executed action Que.Controllers.QuizAPIController.QuizList (api) in 4.1783ms
2025-10-30 21:39:27.872 +01:00 [INF] Executed endpoint 'Que.Controllers.QuizAPIController.QuizList (api)'
2025-10-30 21:39:27.874 +01:00 [INF] Request finished HTTP/1.1 GET http://localhost:5043/api/quizapi/quizlist - 200 444 application/json; charset=utf-8 6.6242ms
2025-11-01 15:02:15.093 +01:00 [INF] Application is shutting down...
