2025-11-02 18:10:21.606 +01:00 [INF] User profile is available. Using '/Users/arthurflotvik/.aspnet/DataProtection-Keys' as key repository; keys will not be encrypted at rest.
2025-11-02 18:10:21.636 +01:00 [INF] Now listening on: http://localhost:5043
2025-11-02 18:10:21.637 +01:00 [INF] Application started. Press Ctrl+C to shut down.
2025-11-02 18:10:21.637 +01:00 [INF] Hosting environment: Development
2025-11-02 18:10:21.637 +01:00 [INF] Content root path: /Users/arthurflotvik/Documents/QueREACT/api
2025-11-02 18:10:24.204 +01:00 [INF] Request starting HTTP/1.1 OPTIONS http://localhost:5043/api/quizapi/quizlist - null null
2025-11-02 18:10:24.204 +01:00 [INF] Request starting HTTP/1.1 OPTIONS http://localhost:5043/api/quizapi/quizlist - null null
2025-11-02 18:10:24.219 +01:00 [INF] CORS policy execution successful.
2025-11-02 18:10:24.219 +01:00 [INF] CORS policy execution successful.
2025-11-02 18:10:24.221 +01:00 [INF] Request finished HTTP/1.1 OPTIONS http://localhost:5043/api/quizapi/quizlist - 204 null null 18.6594ms
2025-11-02 18:10:24.221 +01:00 [INF] Request finished HTTP/1.1 OPTIONS http://localhost:5043/api/quizapi/quizlist - 204 null null 18.6801ms
2025-11-02 18:10:24.223 +01:00 [INF] Request starting HTTP/1.1 GET http://localhost:5043/api/quizapi/quizlist - application/json null
2025-11-02 18:10:24.226 +01:00 [INF] CORS policy execution successful.
2025-11-02 18:10:24.274 +01:00 [INF] Executing endpoint 'Que.Controllers.QuizAPIController.GetAllQuizes (api)'
2025-11-02 18:10:24.278 +01:00 [INF] Route matched with {action = "GetAllQuizes", controller = "QuizAPI"}. Executing controller action with signature System.Threading.Tasks.Task`1[Microsoft.AspNetCore.Mvc.IActionResult] GetAllQuizes() on controller Que.Controllers.QuizAPIController (api).
2025-11-02 18:10:24.285 +01:00 [INF] [QuizAPIController] Fetching quiz list for user: 6aea6f1d-411f-4ed4-b1c6-e104d1318540
2025-11-02 18:10:24.359 +01:00 [INF] [QuizAPIController] Returning 0 visible quizzes for user: 6aea6f1d-411f-4ed4-b1c6-e104d1318540
2025-11-02 18:10:24.361 +01:00 [INF] Executing OkObjectResult, writing value of type 'System.Collections.Generic.List`1[[Que.DTOs.QuizDto, api, Version=1.0.0.0, Culture=neutral, PublicKeyToken=null]]'.
2025-11-02 18:10:24.391 +01:00 [INF] Request starting HTTP/1.1 GET http://localhost:5043/api/quizapi/quizlist - application/json null
2025-11-02 18:10:24.391 +01:00 [INF] CORS policy execution successful.
2025-11-02 18:10:24.392 +01:00 [INF] Executed action Que.Controllers.QuizAPIController.GetAllQuizes (api) in 112.1673ms
2025-11-02 18:10:24.392 +01:00 [INF] Executed endpoint 'Que.Controllers.QuizAPIController.GetAllQuizes (api)'
2025-11-02 18:10:24.393 +01:00 [INF] Executing endpoint 'Que.Controllers.QuizAPIController.GetAllQuizes (api)'
2025-11-02 18:10:24.393 +01:00 [INF] Route matched with {action = "GetAllQuizes", controller = "QuizAPI"}. Executing controller action with signature System.Threading.Tasks.Task`1[Microsoft.AspNetCore.Mvc.IActionResult] GetAllQuizes() on controller Que.Controllers.QuizAPIController (api).
2025-11-02 18:10:24.394 +01:00 [INF] [QuizAPIController] Fetching quiz list for user: 6aea6f1d-411f-4ed4-b1c6-e104d1318540
2025-11-02 18:10:24.396 +01:00 [INF] Request finished HTTP/1.1 GET http://localhost:5043/api/quizapi/quizlist - 200 2 application/json; charset=utf-8 172.9243ms
2025-11-02 18:10:24.416 +01:00 [INF] [QuizAPIController] Returning 0 visible quizzes for user: 6aea6f1d-411f-4ed4-b1c6-e104d1318540
2025-11-02 18:10:24.416 +01:00 [INF] Executing OkObjectResult, writing value of type 'System.Collections.Generic.List`1[[Que.DTOs.QuizDto, api, Version=1.0.0.0, Culture=neutral, PublicKeyToken=null]]'.
2025-11-02 18:10:24.416 +01:00 [INF] Executed action Que.Controllers.QuizAPIController.GetAllQuizes (api) in 23.0979ms
2025-11-02 18:10:24.416 +01:00 [INF] Executed endpoint 'Que.Controllers.QuizAPIController.GetAllQuizes (api)'
2025-11-02 18:10:24.417 +01:00 [INF] Request finished HTTP/1.1 GET http://localhost:5043/api/quizapi/quizlist - 200 2 application/json; charset=utf-8 25.4251ms
2025-11-02 18:10:44.186 +01:00 [INF] Request starting HTTP/1.1 OPTIONS http://localhost:5043/api/quizapi/create - null null
2025-11-02 18:10:44.188 +01:00 [INF] CORS policy execution successful.
2025-11-02 18:10:44.189 +01:00 [INF] Request finished HTTP/1.1 OPTIONS http://localhost:5043/api/quizapi/create - 204 null null 2.3255ms
2025-11-02 18:10:44.190 +01:00 [INF] Request starting HTTP/1.1 POST http://localhost:5043/api/quizapi/create - application/json 291
2025-11-02 18:10:44.190 +01:00 [INF] CORS policy execution successful.
2025-11-02 18:10:44.194 +01:00 [INF] Executing endpoint 'Que.Controllers.QuizAPIController.Create (api)'
2025-11-02 18:10:44.201 +01:00 [INF] Route matched with {action = "Create", controller = "QuizAPI"}. Executing controller action with signature System.Threading.Tasks.Task`1[Microsoft.AspNetCore.Mvc.IActionResult] Create(Que.DTOs.QuizDto) on controller Que.Controllers.QuizAPIController (api).
2025-11-02 18:10:44.310 +01:00 [ERR] User not found in database for claimSub=6aea6f1d-411f-4ed4-b1c6-e104d1318540
2025-11-02 18:10:44.310 +01:00 [INF] Executing UnauthorizedObjectResult, writing value of type 'System.String'.
2025-11-02 18:10:44.310 +01:00 [INF] Executed action Que.Controllers.QuizAPIController.Create (api) in 108.7089ms
2025-11-02 18:10:44.310 +01:00 [INF] Executed endpoint 'Que.Controllers.QuizAPIController.Create (api)'
2025-11-02 18:10:44.311 +01:00 [INF] Request finished HTTP/1.1 POST http://localhost:5043/api/quizapi/create - 401 null text/plain; charset=utf-8 120.4749ms
2025-11-02 18:13:10.590 +01:00 [INF] Application is shutting down...
